<?xml version="1.0" encoding="UTF-8"?>
<robot generator="Robot 4.1.3 (Python 3.10.2 on win32)" generated="20220422 14:07:12.043" rpa="false" schemaversion="2">
<suite id="s1" name="testCases" source="C:\Users\User\PycharmProjects\RobotFramework\tests\testCases">
<suite id="s1-s1" name="SurveyCommunicationRule" source="C:\Users\User\PycharmProjects\RobotFramework\tests\testCases\SurveyCommunicationRule.robot">
<test id="s1-s1-t1" name="Define Independent Rules in Survey Communication Rules">
<kw name="open the browser with ALternaWebPage" library="keywords_LoginPage" type="SETUP">
<kw name="Create Webdriver" library="SeleniumLibrary">
<arg>Chrome</arg>
<arg>executable_path=tests/drivers/chromedriver.exe</arg>
<doc>Creates an instance of Selenium WebDriver.</doc>
<msg timestamp="20220422 14:07:12.539" level="INFO">Creating an instance of the Chrome WebDriver.</msg>
<status status="PASS" starttime="20220422 14:07:12.539" endtime="20220422 14:07:15.591"/>
</kw>
<kw name="Go To" library="SeleniumLibrary">
<arg>https://staging.alternacx.com/</arg>
<doc>Navigates the current browser window to the provided ``url``.</doc>
<msg timestamp="20220422 14:07:15.592" level="INFO">Opening url 'https://staging.alternacx.com/'</msg>
<status status="PASS" starttime="20220422 14:07:15.591" endtime="20220422 14:07:23.210"/>
</kw>
<kw name="Maximize Browser Window" library="SeleniumLibrary">
<doc>Maximizes current browser window.</doc>
<status status="PASS" starttime="20220422 14:07:23.210" endtime="20220422 14:07:23.439"/>
</kw>
<status status="PASS" starttime="20220422 14:07:12.538" endtime="20220422 14:07:23.440"/>
</kw>
<kw name="Set Selenium Timeout" library="SeleniumLibrary">
<arg>20</arg>
<doc>Sets the timeout that is used by various keywords.</doc>
<status status="PASS" starttime="20220422 14:07:23.442" endtime="20220422 14:07:23.444"/>
</kw>
<kw name="Set Selenium Speed" library="SeleniumLibrary">
<arg>2</arg>
<doc>Sets the delay that is waited after each Selenium command.</doc>
<status status="PASS" starttime="20220422 14:07:23.445" endtime="20220422 14:07:23.447"/>
</kw>
<kw name="When fill the login form" library="keywords_LoginPage">
<arg>umut</arg>
<arg>Hacettepe2019</arg>
<kw name="Wait Until Element Is Visible" library="SeleniumLibrary">
<arg>${username_l}</arg>
<arg>timeout=20</arg>
<doc>Waits until the element ``locator`` is visible.</doc>
<status status="PASS" starttime="20220422 14:07:23.452" endtime="20220422 14:07:29.830"/>
</kw>
<kw name="Input Text" library="SeleniumLibrary">
<arg>${username_l}</arg>
<arg>${username}</arg>
<doc>Types the given ``text`` into the text field identified by ``locator``.</doc>
<msg timestamp="20220422 14:07:29.832" level="INFO">Typing text 'umut' into text field 'xpath://input[@type='text']'.</msg>
<status status="PASS" starttime="20220422 14:07:29.831" endtime="20220422 14:07:36.267"/>
</kw>
<kw name="Input Password" library="SeleniumLibrary">
<arg>${password_l}</arg>
<arg>${password}</arg>
<doc>Types the given password into the text field identified by ``locator``.</doc>
<msg timestamp="20220422 14:07:36.268" level="INFO">Typing password into text field 'xpath://input[@type='password']'.</msg>
<msg timestamp="20220422 14:07:40.338" level="INFO">Temporally setting log level to: NONE</msg>
<msg timestamp="20220422 14:07:42.546" level="INFO">Log level changed from NONE to INFO.</msg>
<status status="PASS" starttime="20220422 14:07:36.267" endtime="20220422 14:07:42.546"/>
</kw>
<status status="PASS" starttime="20220422 14:07:23.448" endtime="20220422 14:07:42.547"/>
</kw>
<kw name="And click login buton" library="keywords_LoginPage">
<kw name="Click Element" library="SeleniumLibrary">
<arg>${login_button_l}</arg>
<doc>Click the element identified by ``locator``.</doc>
<msg timestamp="20220422 14:07:42.550" level="INFO">Clicking element 'xpath://span[contains(text(),'Login')]'.</msg>
<status status="PASS" starttime="20220422 14:07:42.548" endtime="20220422 14:07:46.805"/>
</kw>
<status status="PASS" starttime="20220422 14:07:42.547" endtime="20220422 14:07:46.805"/>
</kw>
<kw name="And click survey management" library="keywords_mainPage">
<kw name="Wait Until Element Is Visible" library="SeleniumLibrary">
<arg>${survey_management_l}</arg>
<doc>Waits until the element ``locator`` is visible.</doc>
<status status="PASS" starttime="20220422 14:07:46.807" endtime="20220422 14:07:50.903"/>
</kw>
<kw name="Click Element" library="SeleniumLibrary">
<arg>${survey_management_l}</arg>
<doc>Click the element identified by ``locator``.</doc>
<msg timestamp="20220422 14:07:50.904" level="INFO">Clicking element 'xpath://div[normalize-space()='Survey Management']'.</msg>
<status status="PASS" starttime="20220422 14:07:50.903" endtime="20220422 14:07:55.231"/>
</kw>
<status status="PASS" starttime="20220422 14:07:46.806" endtime="20220422 14:07:55.231"/>
</kw>
<kw name="And click Surveys" library="keywords_mainPage">
<kw name="Wait Until Element Is Visible" library="SeleniumLibrary">
<arg>${surveys_l}</arg>
<doc>Waits until the element ``locator`` is visible.</doc>
<status status="PASS" starttime="20220422 14:07:55.232" endtime="20220422 14:07:59.281"/>
</kw>
<kw name="Click Element" library="SeleniumLibrary">
<arg>${surveys_l}</arg>
<doc>Click the element identified by ``locator``.</doc>
<msg timestamp="20220422 14:07:59.282" level="INFO">Clicking element 'xpath://div[normalize-space()='Surveys']'.</msg>
<status status="PASS" starttime="20220422 14:07:59.281" endtime="20220422 14:08:03.577"/>
</kw>
<status status="PASS" starttime="20220422 14:07:55.232" endtime="20220422 14:08:03.578"/>
</kw>
<kw name="And click Searchbar And Search Temp Survey and click it" library="keywords_surveyListPage">
<kw name="Wait Until Element Is Visible" library="SeleniumLibrary">
<arg>${search_bar_l}</arg>
<doc>Waits until the element ``locator`` is visible.</doc>
<status status="PASS" starttime="20220422 14:08:03.579" endtime="20220422 14:08:07.642"/>
</kw>
<kw name="Input Text" library="SeleniumLibrary">
<arg>${search_bar_l}</arg>
<arg>Hic est temptare</arg>
<doc>Types the given ``text`` into the text field identified by ``locator``.</doc>
<msg timestamp="20220422 14:08:07.643" level="INFO">Typing text 'Hic est temptare' into text field 'xpath://input[@placeholder='Search']'.</msg>
<status status="PASS" starttime="20220422 14:08:07.642" endtime="20220422 14:08:13.841"/>
</kw>
<kw name="Wait Until Element Is Visible" library="SeleniumLibrary">
<arg>${temp_survey_l}</arg>
<doc>Waits until the element ``locator`` is visible.</doc>
<status status="PASS" starttime="20220422 14:08:13.841" endtime="20220422 14:08:17.902"/>
</kw>
<kw name="Click Element" library="SeleniumLibrary">
<arg>${temp_survey_l}</arg>
<doc>Click the element identified by ``locator``.</doc>
<msg timestamp="20220422 14:08:17.903" level="INFO">Clicking element 'xpath://a[contains(text(),'Hic est temptare Quaestionario')]'.</msg>
<status status="PASS" starttime="20220422 14:08:17.903" endtime="20220422 14:08:21.994"/>
</kw>
<status status="PASS" starttime="20220422 14:08:03.579" endtime="20220422 14:08:21.996"/>
</kw>
<kw name="And click invitation" library="keywords_surveyEditPage">
<kw name="Wait Until Element Is Visible" library="SeleniumLibrary">
<arg>${invitation_l}</arg>
<doc>Waits until the element ``locator`` is visible.</doc>
<status status="PASS" starttime="20220422 14:08:21.998" endtime="20220422 14:08:26.038"/>
</kw>
<kw name="Click Element" library="SeleniumLibrary">
<arg>${invitation_l}</arg>
<doc>Click the element identified by ``locator``.</doc>
<msg timestamp="20220422 14:08:26.039" level="INFO">Clicking element 'xpath://div[@class='q-stepper__title'][normalize-space()='Invitation']'.</msg>
<status status="PASS" starttime="20220422 14:08:26.038" endtime="20220422 14:08:30.281"/>
</kw>
<status status="PASS" starttime="20220422 14:08:21.996" endtime="20220422 14:08:30.281"/>
</kw>
<kw name="And click Other Preferences" library="keywords_surveyEditPage">
<kw name="Execute Javascript" library="SeleniumLibrary">
<arg>window.scrollTo(0, document.body.scrollHeight)</arg>
<doc>Executes the given JavaScript code with possible arguments.</doc>
<msg timestamp="20220422 14:08:30.282" level="INFO">Executing JavaScript:
window.scrollTo(0, document.body.scrollHeight)
Without any arguments.</msg>
<status status="PASS" starttime="20220422 14:08:30.282" endtime="20220422 14:08:32.299"/>
</kw>
<kw name="Wait Until Element Is Visible" library="SeleniumLibrary">
<arg>${other_pref_l}</arg>
<doc>Waits until the element ``locator`` is visible.</doc>
<status status="PASS" starttime="20220422 14:08:32.300" endtime="20220422 14:08:36.363"/>
</kw>
<kw name="Click Element" library="SeleniumLibrary">
<arg>${other_pref_l}</arg>
<doc>Click the element identified by ``locator``.</doc>
<msg timestamp="20220422 14:08:36.363" level="INFO">Clicking element 'xpath:(//div[contains(text(),'Other Preferences')])[1]'.</msg>
<status status="PASS" starttime="20220422 14:08:36.363" endtime="20220422 14:08:40.456"/>
</kw>
<status status="PASS" starttime="20220422 14:08:30.281" endtime="20220422 14:08:40.457"/>
</kw>
<kw name="And switch toggle of if invitee does not respond the invitation, send another invitation" library="keywords_surveyEditPage">
<kw name="Execute Javascript" library="SeleniumLibrary">
<arg>window.scrollTo(0, document.body.scrollHeight)</arg>
<doc>Executes the given JavaScript code with possible arguments.</doc>
<msg timestamp="20220422 14:08:40.458" level="INFO">Executing JavaScript:
window.scrollTo(0, document.body.scrollHeight)
Without any arguments.</msg>
<status status="PASS" starttime="20220422 14:08:40.458" endtime="20220422 14:08:42.469"/>
</kw>
<kw name="Wait Until Element Is Visible" library="SeleniumLibrary">
<arg>${resend_toggle_l}</arg>
<doc>Waits until the element ``locator`` is visible.</doc>
<status status="PASS" starttime="20220422 14:08:42.471" endtime="20220422 14:08:46.564"/>
</kw>
<kw name="Click Element" library="SeleniumLibrary">
<arg>${resend_toggle_l}</arg>
<doc>Click the element identified by ``locator``.</doc>
<msg timestamp="20220422 14:08:46.565" level="INFO">Clicking element 'xpath:(//div[@class='q-toggle__track'])[3]'.</msg>
<status status="PASS" starttime="20220422 14:08:46.565" endtime="20220422 14:08:50.815"/>
</kw>
<status status="PASS" starttime="20220422 14:08:40.457" endtime="20220422 14:08:50.815"/>
</kw>
<kw name="And switch toggle of if invitee does not finish the survey, send a reminder" library="keywords_surveyEditPage">
<kw name="Execute Javascript" library="SeleniumLibrary">
<arg>window.scrollTo(0, document.body.scrollHeight)</arg>
<doc>Executes the given JavaScript code with possible arguments.</doc>
<msg timestamp="20220422 14:08:50.816" level="INFO">Executing JavaScript:
window.scrollTo(0, document.body.scrollHeight)
Without any arguments.</msg>
<status status="PASS" starttime="20220422 14:08:50.816" endtime="20220422 14:08:52.833"/>
</kw>
<kw name="Wait Until Element Is Visible" library="SeleniumLibrary">
<arg>${reminder_toggle_l}</arg>
<doc>Waits until the element ``locator`` is visible.</doc>
<status status="PASS" starttime="20220422 14:08:52.834" endtime="20220422 14:08:56.885"/>
</kw>
<kw name="Click Element" library="SeleniumLibrary">
<arg>${reminder_toggle_l}</arg>
<doc>Click the element identified by ``locator``.</doc>
<msg timestamp="20220422 14:08:56.886" level="INFO">Clicking element 'xpath:(//div[@class='q-toggle__track'])[4]'.</msg>
<status status="PASS" starttime="20220422 14:08:56.886" endtime="20220422 14:09:01.222"/>
</kw>
<status status="PASS" starttime="20220422 14:08:50.815" endtime="20220422 14:09:01.222"/>
</kw>
<kw name="And switch toggle of use alternative invitation channels" library="keywords_surveyEditPage">
<kw name="Execute Javascript" library="SeleniumLibrary">
<arg>window.scrollTo(0, document.body.scrollHeight)</arg>
<doc>Executes the given JavaScript code with possible arguments.</doc>
<msg timestamp="20220422 14:09:01.226" level="INFO">Executing JavaScript:
window.scrollTo(0, document.body.scrollHeight)
Without any arguments.</msg>
<status status="PASS" starttime="20220422 14:09:01.224" endtime="20220422 14:09:03.259"/>
</kw>
<kw name="Wait Until Element Is Visible" library="SeleniumLibrary">
<arg>${alternative_ch_l}</arg>
<doc>Waits until the element ``locator`` is visible.</doc>
<status status="PASS" starttime="20220422 14:09:03.259" endtime="20220422 14:09:07.297"/>
</kw>
<kw name="Click Element" library="SeleniumLibrary">
<arg>${alternative_ch_l}</arg>
<doc>Click the element identified by ``locator``.</doc>
<msg timestamp="20220422 14:09:07.301" level="INFO">Clicking element 'xpath:(//div[@class='q-toggle__track'])[5]'.</msg>
<status status="PASS" starttime="20220422 14:09:07.298" endtime="20220422 14:09:11.401"/>
</kw>
<status status="PASS" starttime="20220422 14:09:01.223" endtime="20220422 14:09:11.401"/>
</kw>
<kw name="And click Save" library="keywords_surveyEditPage">
<kw name="Execute Javascript" library="SeleniumLibrary">
<arg>window.scrollTo(0, document.body.scrollHeight)</arg>
<doc>Executes the given JavaScript code with possible arguments.</doc>
<msg timestamp="20220422 14:09:11.402" level="INFO">Executing JavaScript:
window.scrollTo(0, document.body.scrollHeight)
Without any arguments.</msg>
<status status="PASS" starttime="20220422 14:09:11.402" endtime="20220422 14:09:13.407"/>
</kw>
<kw name="Scroll Element Into View" library="SeleniumLibrary">
<arg>${save_l}</arg>
<doc>Scrolls the element identified by ``locator`` into view.</doc>
<status status="PASS" starttime="20220422 14:09:13.407" endtime="20220422 14:09:17.699"/>
</kw>
<kw name="Wait Until Element Is Visible" library="SeleniumLibrary">
<arg>${save_l}</arg>
<doc>Waits until the element ``locator`` is visible.</doc>
<status status="PASS" starttime="20220422 14:09:17.699" endtime="20220422 14:09:21.740"/>
</kw>
<kw name="Click Element" library="SeleniumLibrary">
<arg>${save_l}</arg>
<doc>Click the element identified by ``locator``.</doc>
<msg timestamp="20220422 14:09:21.740" level="INFO">Clicking element 'xpath://span[contains(text(),'Save')]'.</msg>
<status status="PASS" starttime="20220422 14:09:21.740" endtime="20220422 14:09:25.820"/>
</kw>
<kw name="Set Selenium Speed" library="SeleniumLibrary">
<arg>3</arg>
<doc>Sets the delay that is waited after each Selenium command.</doc>
<status status="PASS" starttime="20220422 14:09:25.822" endtime="20220422 14:09:25.824"/>
</kw>
<kw name="Wait Until Element Is Visible" library="SeleniumLibrary">
<arg>//div[@class='q-img__content absolute-full']</arg>
<doc>Waits until the element ``locator`` is visible.</doc>
<status status="PASS" starttime="20220422 14:09:25.825" endtime="20220422 14:09:31.875"/>
</kw>
<status status="PASS" starttime="20220422 14:09:11.402" endtime="20220422 14:09:31.875"/>
</kw>
<kw name="close browser session" library="keywords_LoginPage" type="TEARDOWN">
<kw name="Close Browser" library="SeleniumLibrary">
<doc>Closes the current browser.</doc>
<status status="PASS" starttime="20220422 14:09:31.877" endtime="20220422 14:09:36.983"/>
</kw>
<status status="PASS" starttime="20220422 14:09:31.876" endtime="20220422 14:09:36.984"/>
</kw>
<status status="PASS" starttime="20220422 14:07:12.537" endtime="20220422 14:09:36.985"/>
</test>
<doc>Survey Communication Rule</doc>
<status status="PASS" starttime="20220422 14:07:12.095" endtime="20220422 14:09:36.988"/>
</suite>
<status status="PASS" starttime="20220422 14:07:12.056" endtime="20220422 14:09:36.991"/>
</suite>
<statistics>
<total>
<stat pass="1" fail="0" skip="0">All Tests</stat>
</total>
<tag>
</tag>
<suite>
<stat pass="1" fail="0" skip="0" id="s1" name="testCases">testCases</stat>
<stat pass="1" fail="0" skip="0" id="s1-s1" name="SurveyCommunicationRule">testCases.SurveyCommunicationRule</stat>
</suite>
</statistics>
<errors>
</errors>
</robot>
