<?xml version="1.0" encoding="UTF-8"?>
<robot generator="Robot 4.1.3 (Python 3.10.2 on win32)" generated="20220422 14:07:51.375" rpa="false" schemaversion="2">
<suite id="s1" name="testCases" source="C:\Users\User\PycharmProjects\RobotFramework\tests\testCases">
<suite id="s1-s1" name="TopicModelList" source="C:\Users\User\PycharmProjects\RobotFramework\tests\testCases\TopicModelList.robot">
<test id="s1-s1-t1" name="Topic Model List Existence Check">
<kw name="open the browser with ALternaWebPage" library="keywords_LoginPage" type="SETUP">
<kw name="Create Webdriver" library="SeleniumLibrary">
<arg>Chrome</arg>
<arg>executable_path=tests/drivers/chromedriver.exe</arg>
<doc>Creates an instance of Selenium WebDriver.</doc>
<msg timestamp="20220422 14:07:51.900" level="INFO">Creating an instance of the Chrome WebDriver.</msg>
<status status="PASS" starttime="20220422 14:07:51.899" endtime="20220422 14:07:53.120"/>
</kw>
<kw name="Go To" library="SeleniumLibrary">
<arg>https://staging.alternacx.com/</arg>
<doc>Navigates the current browser window to the provided ``url``.</doc>
<msg timestamp="20220422 14:07:53.122" level="INFO">Opening url 'https://staging.alternacx.com/'</msg>
<status status="PASS" starttime="20220422 14:07:53.121" endtime="20220422 14:07:55.783"/>
</kw>
<kw name="Maximize Browser Window" library="SeleniumLibrary">
<doc>Maximizes current browser window.</doc>
<status status="PASS" starttime="20220422 14:07:55.784" endtime="20220422 14:07:55.927"/>
</kw>
<status status="PASS" starttime="20220422 14:07:51.899" endtime="20220422 14:07:55.929"/>
</kw>
<kw name="Set Selenium Timeout" library="SeleniumLibrary">
<arg>20</arg>
<doc>Sets the timeout that is used by various keywords.</doc>
<status status="PASS" starttime="20220422 14:07:55.930" endtime="20220422 14:07:55.944"/>
</kw>
<kw name="Set Selenium Speed" library="SeleniumLibrary">
<arg>0.5</arg>
<doc>Sets the delay that is waited after each Selenium command.</doc>
<status status="PASS" starttime="20220422 14:07:55.946" endtime="20220422 14:07:55.947"/>
</kw>
<kw name="When fill the login form" library="keywords_LoginPage">
<arg>umut</arg>
<arg>Hacettepe2019</arg>
<kw name="Wait Until Element Is Visible" library="SeleniumLibrary">
<arg>${username_l}</arg>
<arg>timeout=20</arg>
<doc>Waits until the element ``locator`` is visible.</doc>
<status status="PASS" starttime="20220422 14:07:55.951" endtime="20220422 14:07:57.856"/>
</kw>
<kw name="Input Text" library="SeleniumLibrary">
<arg>${username_l}</arg>
<arg>${username}</arg>
<doc>Types the given ``text`` into the text field identified by ``locator``.</doc>
<msg timestamp="20220422 14:07:57.857" level="INFO">Typing text 'umut' into text field 'xpath://input[@type='text']'.</msg>
<status status="PASS" starttime="20220422 14:07:57.856" endtime="20220422 14:07:59.500"/>
</kw>
<kw name="Input Password" library="SeleniumLibrary">
<arg>${password_l}</arg>
<arg>${password}</arg>
<doc>Types the given password into the text field identified by ``locator``.</doc>
<msg timestamp="20220422 14:07:59.503" level="INFO">Typing password into text field 'xpath://input[@type='password']'.</msg>
<msg timestamp="20220422 14:08:00.575" level="INFO">Temporally setting log level to: NONE</msg>
<msg timestamp="20220422 14:08:01.181" level="INFO">Log level changed from NONE to INFO.</msg>
<status status="PASS" starttime="20220422 14:07:59.501" endtime="20220422 14:08:01.181"/>
</kw>
<status status="PASS" starttime="20220422 14:07:55.949" endtime="20220422 14:08:01.181"/>
</kw>
<kw name="And click login buton" library="keywords_LoginPage">
<kw name="Click Element" library="SeleniumLibrary">
<arg>${login_button_l}</arg>
<doc>Click the element identified by ``locator``.</doc>
<msg timestamp="20220422 14:08:01.183" level="INFO">Clicking element 'xpath://span[contains(text(),'Login')]'.</msg>
<status status="PASS" starttime="20220422 14:08:01.183" endtime="20220422 14:08:02.648"/>
</kw>
<status status="PASS" starttime="20220422 14:08:01.182" endtime="20220422 14:08:02.648"/>
</kw>
<kw name="And click text analytics" library="keywords_mainPage">
<kw name="Wait Until Element Is Visible" library="SeleniumLibrary">
<arg>${text_analytics_l}</arg>
<doc>Waits until the element ``locator`` is visible.</doc>
<status status="PASS" starttime="20220422 14:08:02.649" endtime="20220422 14:08:04.742"/>
</kw>
<kw name="Click Element" library="SeleniumLibrary">
<arg>${text_analytics_l}</arg>
<doc>Click the element identified by ``locator``.</doc>
<msg timestamp="20220422 14:08:04.744" level="INFO">Clicking element 'xpath://div[normalize-space()='Text Analytics']'.</msg>
<status status="PASS" starttime="20220422 14:08:04.742" endtime="20220422 14:08:05.821"/>
</kw>
<status status="PASS" starttime="20220422 14:08:02.648" endtime="20220422 14:08:05.822"/>
</kw>
<kw name="And click topic models" library="keywords_mainPage">
<kw name="Wait Until Element Is Visible" library="SeleniumLibrary">
<arg>${topic_models_l}</arg>
<doc>Waits until the element ``locator`` is visible.</doc>
<status status="PASS" starttime="20220422 14:08:05.824" endtime="20220422 14:08:06.877"/>
</kw>
<kw name="Click Element" library="SeleniumLibrary">
<arg>${topic_models_l}</arg>
<doc>Click the element identified by ``locator``.</doc>
<msg timestamp="20220422 14:08:06.880" level="INFO">Clicking element 'xpath://div[normalize-space()='Topic Models']'.</msg>
<status status="PASS" starttime="20220422 14:08:06.879" endtime="20220422 14:08:08.070"/>
</kw>
<status status="PASS" starttime="20220422 14:08:05.823" endtime="20220422 14:08:08.072"/>
</kw>
<kw name="Then should see topic models" library="keywords_TopicModelListPage">
<kw name="Wait Until Element Is Visible" library="SeleniumLibrary">
<arg>${first_topic_model_l}</arg>
<doc>Waits until the element ``locator`` is visible.</doc>
<status status="PASS" starttime="20220422 14:08:08.074" endtime="20220422 14:08:12.038"/>
</kw>
<kw name="Element Should Be Visible" library="SeleniumLibrary">
<arg>${first_topic_model_l}</arg>
<doc>Verifies that the element identified by ``locator`` is visible.</doc>
<msg timestamp="20220422 14:08:13.099" level="INFO">Element 'xpath://tbody/tr[1]/td[2]' is displayed.</msg>
<status status="PASS" starttime="20220422 14:08:12.041" endtime="20220422 14:08:13.099"/>
</kw>
<kw name="Get Text" library="SeleniumLibrary">
<var>${first_topic_model}</var>
<arg>${first_topic_model_l}</arg>
<doc>Returns the text value of the element identified by ``locator``.</doc>
<msg timestamp="20220422 14:08:14.147" level="INFO">${first_topic_model} = Mediamarkt Retail Model TR v3.0</msg>
<status status="PASS" starttime="20220422 14:08:13.099" endtime="20220422 14:08:14.148"/>
</kw>
<kw name="Log To Console" library="BuiltIn">
<arg>${first_topic_model}</arg>
<doc>Logs the given message to the console.</doc>
<status status="PASS" starttime="20220422 14:08:14.148" endtime="20220422 14:08:14.149"/>
</kw>
<status status="PASS" starttime="20220422 14:08:08.072" endtime="20220422 14:08:14.150"/>
</kw>
<kw name="close browser session" library="keywords_LoginPage" type="TEARDOWN">
<kw name="Close Browser" library="SeleniumLibrary">
<doc>Closes the current browser.</doc>
<status status="PASS" starttime="20220422 14:08:14.151" endtime="20220422 14:08:16.741"/>
</kw>
<status status="PASS" starttime="20220422 14:08:14.150" endtime="20220422 14:08:16.742"/>
</kw>
<status status="PASS" starttime="20220422 14:07:51.898" endtime="20220422 14:08:16.742"/>
</test>
<doc>Survey Activation, Invitation , Preview On Survey Activation Page</doc>
<status status="PASS" starttime="20220422 14:07:51.470" endtime="20220422 14:08:16.748"/>
</suite>
<status status="PASS" starttime="20220422 14:07:51.404" endtime="20220422 14:08:16.748"/>
</suite>
<statistics>
<total>
<stat pass="1" fail="0" skip="0">All Tests</stat>
</total>
<tag>
</tag>
<suite>
<stat pass="1" fail="0" skip="0" id="s1" name="testCases">testCases</stat>
<stat pass="1" fail="0" skip="0" id="s1-s1" name="TopicModelList">testCases.TopicModelList</stat>
</suite>
</statistics>
<errors>
</errors>
</robot>
