<?xml version="1.0" encoding="UTF-8"?>
<robot generator="Robot 4.1.3 (Python 3.10.2 on win32)" generated="20220414 17:07:39.084" rpa="false" schemaversion="2">
<suite id="s1" name="testCases" source="C:\Users\User\PycharmProjects\RobotFramework\tests\testCases">
<suite id="s1-s1" name="TopicModelList" source="C:\Users\User\PycharmProjects\RobotFramework\tests\testCases\TopicModelList.robot">
<test id="s1-s1-t1" name="Topic Model List Existence Check">
<kw name="open the browser with ALternaWebPage" library="keywords_LoginPage" type="SETUP">
<kw name="Create Webdriver" library="SeleniumLibrary">
<arg>Chrome</arg>
<arg>executable_path=tests/drivers/chromedriver.exe</arg>
<doc>Creates an instance of Selenium WebDriver.</doc>
<msg timestamp="20220414 17:07:39.335" level="INFO">Creating an instance of the Chrome WebDriver.</msg>
<status status="PASS" starttime="20220414 17:07:39.335" endtime="20220414 17:07:40.556"/>
</kw>
<kw name="Go To" library="SeleniumLibrary">
<arg>https://staging.alternacx.com/</arg>
<doc>Navigates the current browser window to the provided ``url``.</doc>
<msg timestamp="20220414 17:07:40.557" level="INFO">Opening url 'https://staging.alternacx.com/'</msg>
<status status="PASS" starttime="20220414 17:07:40.556" endtime="20220414 17:07:43.744"/>
</kw>
<kw name="Maximize Browser Window" library="SeleniumLibrary">
<doc>Maximizes current browser window.</doc>
<status status="PASS" starttime="20220414 17:07:43.745" endtime="20220414 17:07:43.882"/>
</kw>
<status status="PASS" starttime="20220414 17:07:39.335" endtime="20220414 17:07:43.882"/>
</kw>
<kw name="Set Selenium Timeout" library="SeleniumLibrary">
<arg>20</arg>
<doc>Sets the timeout that is used by various keywords.</doc>
<status status="PASS" starttime="20220414 17:07:43.883" endtime="20220414 17:07:43.891"/>
</kw>
<kw name="Set Selenium Speed" library="SeleniumLibrary">
<arg>0.5</arg>
<doc>Sets the delay that is waited after each Selenium command.</doc>
<status status="PASS" starttime="20220414 17:07:43.892" endtime="20220414 17:07:43.894"/>
</kw>
<kw name="When fill the login form" library="keywords_LoginPage">
<arg>umut</arg>
<arg>Hacettepe2019</arg>
<kw name="Wait Until Element Is Visible" library="SeleniumLibrary">
<arg>${username_l}</arg>
<arg>timeout=20</arg>
<doc>Waits until the element ``locator`` is visible.</doc>
<status status="PASS" starttime="20220414 17:07:43.898" endtime="20220414 17:07:45.673"/>
</kw>
<kw name="Input Text" library="SeleniumLibrary">
<arg>${username_l}</arg>
<arg>${username}</arg>
<doc>Types the given ``text`` into the text field identified by ``locator``.</doc>
<msg timestamp="20220414 17:07:45.674" level="INFO">Typing text 'umut' into text field 'xpath://input[@type='text']'.</msg>
<status status="PASS" starttime="20220414 17:07:45.674" endtime="20220414 17:07:47.285"/>
</kw>
<kw name="Input Password" library="SeleniumLibrary">
<arg>${password_l}</arg>
<arg>${password}</arg>
<doc>Types the given password into the text field identified by ``locator``.</doc>
<msg timestamp="20220414 17:07:47.287" level="INFO">Typing password into text field 'xpath://input[@type='password']'.</msg>
<msg timestamp="20220414 17:07:48.342" level="INFO">Temporally setting log level to: NONE</msg>
<msg timestamp="20220414 17:07:48.948" level="INFO">Log level changed from NONE to INFO.</msg>
<status status="PASS" starttime="20220414 17:07:47.286" endtime="20220414 17:07:48.948"/>
</kw>
<status status="PASS" starttime="20220414 17:07:43.896" endtime="20220414 17:07:48.948"/>
</kw>
<kw name="And click login buton" library="keywords_LoginPage">
<kw name="Click Element" library="SeleniumLibrary">
<arg>${login_button_l}</arg>
<doc>Click the element identified by ``locator``.</doc>
<msg timestamp="20220414 17:07:48.950" level="INFO">Clicking element 'xpath://span[contains(text(),'Login')]'.</msg>
<status status="PASS" starttime="20220414 17:07:48.949" endtime="20220414 17:07:50.070"/>
</kw>
<status status="PASS" starttime="20220414 17:07:48.949" endtime="20220414 17:07:50.072"/>
</kw>
<kw name="And click text analytics" library="keywords_mainPage">
<kw name="Wait Until Element Is Visible" library="SeleniumLibrary">
<arg>${text_analytics_l}</arg>
<doc>Waits until the element ``locator`` is visible.</doc>
<status status="PASS" starttime="20220414 17:07:50.074" endtime="20220414 17:07:52.773"/>
</kw>
<kw name="Click Element" library="SeleniumLibrary">
<arg>${text_analytics_l}</arg>
<doc>Click the element identified by ``locator``.</doc>
<msg timestamp="20220414 17:07:52.775" level="INFO">Clicking element 'xpath://div[normalize-space()='Text Analytics']'.</msg>
<status status="PASS" starttime="20220414 17:07:52.774" endtime="20220414 17:07:53.881"/>
</kw>
<status status="PASS" starttime="20220414 17:07:50.072" endtime="20220414 17:07:53.881"/>
</kw>
<kw name="And click topic models" library="keywords_mainPage">
<kw name="Wait Until Element Is Visible" library="SeleniumLibrary">
<arg>${topic_models_l}</arg>
<doc>Waits until the element ``locator`` is visible.</doc>
<status status="PASS" starttime="20220414 17:07:53.883" endtime="20220414 17:07:54.918"/>
</kw>
<kw name="Click Element" library="SeleniumLibrary">
<arg>${topic_models_l}</arg>
<doc>Click the element identified by ``locator``.</doc>
<msg timestamp="20220414 17:07:54.920" level="INFO">Clicking element 'xpath://div[normalize-space()='Topic Models']'.</msg>
<status status="PASS" starttime="20220414 17:07:54.918" endtime="20220414 17:07:56.062"/>
</kw>
<status status="PASS" starttime="20220414 17:07:53.882" endtime="20220414 17:07:56.065"/>
</kw>
<kw name="Then should see topic models" library="keywords_TopicModelListPage">
<kw name="Wait Until Element Is Visible" library="SeleniumLibrary">
<arg>${first_topic_model_l}</arg>
<doc>Waits until the element ``locator`` is visible.</doc>
<status status="PASS" starttime="20220414 17:07:56.067" endtime="20220414 17:07:59.279"/>
</kw>
<kw name="Element Should Be Visible" library="SeleniumLibrary">
<arg>${first_topic_model_l}</arg>
<doc>Verifies that the element identified by ``locator`` is visible.</doc>
<msg timestamp="20220414 17:08:00.321" level="INFO">Element 'xpath://tbody/tr[1]/td[2]' is displayed.</msg>
<status status="PASS" starttime="20220414 17:07:59.280" endtime="20220414 17:08:00.321"/>
</kw>
<kw name="Get Text" library="SeleniumLibrary">
<var>${first_topic_model}</var>
<arg>${first_topic_model_l}</arg>
<doc>Returns the text value of the element identified by ``locator``.</doc>
<msg timestamp="20220414 17:08:01.377" level="INFO">${first_topic_model} = Banking Intent Model TR v2.0</msg>
<status status="PASS" starttime="20220414 17:08:00.322" endtime="20220414 17:08:01.377"/>
</kw>
<kw name="Log To Console" library="BuiltIn">
<arg>${first_topic_model}</arg>
<doc>Logs the given message to the console.</doc>
<status status="PASS" starttime="20220414 17:08:01.377" endtime="20220414 17:08:01.378"/>
</kw>
<status status="PASS" starttime="20220414 17:07:56.065" endtime="20220414 17:08:01.378"/>
</kw>
<kw name="close browser session" library="keywords_LoginPage" type="TEARDOWN">
<kw name="Close Browser" library="SeleniumLibrary">
<doc>Closes the current browser.</doc>
<status status="PASS" starttime="20220414 17:08:01.379" endtime="20220414 17:08:03.955"/>
</kw>
<status status="PASS" starttime="20220414 17:08:01.378" endtime="20220414 17:08:03.956"/>
</kw>
<status status="PASS" starttime="20220414 17:07:39.334" endtime="20220414 17:08:03.956"/>
</test>
<doc>Survey Activation, Invitation , Preview On Survey Activation Page</doc>
<status status="PASS" starttime="20220414 17:07:39.117" endtime="20220414 17:08:03.958"/>
</suite>
<status status="PASS" starttime="20220414 17:07:39.094" endtime="20220414 17:08:03.961"/>
</suite>
<statistics>
<total>
<stat pass="1" fail="0" skip="0">All Tests</stat>
</total>
<tag>
</tag>
<suite>
<stat pass="1" fail="0" skip="0" id="s1" name="testCases">testCases</stat>
<stat pass="1" fail="0" skip="0" id="s1-s1" name="TopicModelList">testCases.TopicModelList</stat>
</suite>
</statistics>
<errors>
</errors>
</robot>
