<?xml version="1.0" encoding="UTF-8"?>
<robot generator="Robot 4.1.3 (Python 3.10.2 on win32)" generated="20220315 14:11:10.800" rpa="false" schemaversion="2">
<suite id="s1" name="testCases" source="C:\Users\User\PycharmProjects\RobotFramework\tests\testCases">
<suite id="s1-s1" name="Login" source="C:\Users\User\PycharmProjects\RobotFramework\tests\testCases\Login.robot">
<test id="s1-s1-t1" name="Invalid Username">
<kw name="open the browser with ALternaWebPage" library="keywords_LoginPage" type="SETUP">
<kw name="Create Webdriver" library="SeleniumLibrary">
<arg>Chrome</arg>
<arg>executable_path=tests/drivers/chromedriver.exe</arg>
<doc>Creates an instance of Selenium WebDriver.</doc>
<msg timestamp="20220315 14:11:11.658" level="INFO">Creating an instance of the Chrome WebDriver.</msg>
<status status="PASS" starttime="20220315 14:11:11.658" endtime="20220315 14:11:14.040"/>
</kw>
<kw name="Go To" library="SeleniumLibrary">
<arg>https://staging.alternacx.com/</arg>
<doc>Navigates the current browser window to the provided ``url``.</doc>
<msg timestamp="20220315 14:11:14.041" level="INFO">Opening url 'https://staging.alternacx.com/'</msg>
<status status="PASS" starttime="20220315 14:11:14.040" endtime="20220315 14:11:16.999"/>
</kw>
<kw name="Maximize Browser Window" library="SeleniumLibrary">
<doc>Maximizes current browser window.</doc>
<status status="PASS" starttime="20220315 14:11:17.000" endtime="20220315 14:11:17.115"/>
</kw>
<status status="PASS" starttime="20220315 14:11:11.657" endtime="20220315 14:11:17.115"/>
</kw>
<kw name="When fill the login form" library="keywords_LoginPage">
<arg>umut1</arg>
<arg>Hacettepe2019</arg>
<kw name="Wait Until Element Is Visible" library="SeleniumLibrary">
<arg>${username_l}</arg>
<arg>timeout=20</arg>
<doc>Waits until the element ``locator`` is visible.</doc>
<status status="PASS" starttime="20220315 14:11:17.118" endtime="20220315 14:11:17.857"/>
</kw>
<kw name="Input Text" library="SeleniumLibrary">
<arg>${username_l}</arg>
<arg>${username}</arg>
<doc>Types the given ``text`` into the text field identified by ``locator``.</doc>
<msg timestamp="20220315 14:11:17.858" level="INFO">Typing text 'umut1' into text field 'xpath://input[@type='text']'.</msg>
<status status="PASS" starttime="20220315 14:11:17.857" endtime="20220315 14:11:18.083"/>
</kw>
<kw name="Input Password" library="SeleniumLibrary">
<arg>${password_l}</arg>
<arg>${password}</arg>
<doc>Types the given password into the text field identified by ``locator``.</doc>
<msg timestamp="20220315 14:11:18.086" level="INFO">Typing password into text field 'xpath://input[@type='password']'.</msg>
<msg timestamp="20220315 14:11:18.255" level="INFO">Temporally setting log level to: NONE</msg>
<msg timestamp="20220315 14:11:18.558" level="INFO">Log level changed from NONE to INFO.</msg>
<status status="PASS" starttime="20220315 14:11:18.083" endtime="20220315 14:11:18.558"/>
</kw>
<status status="PASS" starttime="20220315 14:11:17.116" endtime="20220315 14:11:18.559"/>
</kw>
<kw name="And click login buton" library="keywords_LoginPage">
<kw name="Click Element" library="SeleniumLibrary">
<arg>${login_button_l}</arg>
<doc>Click the element identified by ``locator``.</doc>
<msg timestamp="20220315 14:11:18.561" level="INFO">Clicking element 'xpath://span[contains(text(),'Login')]'.</msg>
<status status="PASS" starttime="20220315 14:11:18.560" endtime="20220315 14:11:18.738"/>
</kw>
<status status="PASS" starttime="20220315 14:11:18.559" endtime="20220315 14:11:18.739"/>
</kw>
<kw name="Wait Until Element Is Visible" library="SeleniumLibrary">
<arg>${notification_message_l}</arg>
<doc>Waits until the element ``locator`` is visible.</doc>
<status status="PASS" starttime="20220315 14:11:18.739" endtime="20220315 14:11:19.114"/>
</kw>
<kw name="Get Text" library="SeleniumLibrary">
<var>${notification_message}</var>
<arg>${notification_message_l}</arg>
<doc>Returns the text value of the element identified by ``locator``.</doc>
<msg timestamp="20220315 14:11:19.162" level="INFO">${notification_message} = The user name or password is incorrect.</msg>
<status status="PASS" starttime="20220315 14:11:19.115" endtime="20220315 14:11:19.162"/>
</kw>
<kw name="close browser session" library="keywords_LoginPage" type="TEARDOWN">
<kw name="Close Browser" library="SeleniumLibrary">
<doc>Closes the current browser.</doc>
<status status="PASS" starttime="20220315 14:11:19.163" endtime="20220315 14:11:21.314"/>
</kw>
<status status="PASS" starttime="20220315 14:11:19.163" endtime="20220315 14:11:21.315"/>
</kw>
<status status="PASS" starttime="20220315 14:11:11.656" endtime="20220315 14:11:21.315"/>
</test>
<test id="s1-s1-t2" name="Invalid Password">
<kw name="open the browser with ALternaWebPage" library="keywords_LoginPage" type="SETUP">
<kw name="Create Webdriver" library="SeleniumLibrary">
<arg>Chrome</arg>
<arg>executable_path=tests/drivers/chromedriver.exe</arg>
<doc>Creates an instance of Selenium WebDriver.</doc>
<msg timestamp="20220315 14:11:21.317" level="INFO">Creating an instance of the Chrome WebDriver.</msg>
<status status="PASS" starttime="20220315 14:11:21.317" endtime="20220315 14:11:22.793"/>
</kw>
<kw name="Go To" library="SeleniumLibrary">
<arg>https://staging.alternacx.com/</arg>
<doc>Navigates the current browser window to the provided ``url``.</doc>
<msg timestamp="20220315 14:11:22.794" level="INFO">Opening url 'https://staging.alternacx.com/'</msg>
<status status="PASS" starttime="20220315 14:11:22.794" endtime="20220315 14:11:24.892"/>
</kw>
<kw name="Maximize Browser Window" library="SeleniumLibrary">
<doc>Maximizes current browser window.</doc>
<status status="PASS" starttime="20220315 14:11:24.893" endtime="20220315 14:11:25.017"/>
</kw>
<status status="PASS" starttime="20220315 14:11:21.317" endtime="20220315 14:11:25.018"/>
</kw>
<kw name="Set Selenium Timeout" library="SeleniumLibrary">
<arg>20</arg>
<doc>Sets the timeout that is used by various keywords.</doc>
<status status="PASS" starttime="20220315 14:11:25.018" endtime="20220315 14:11:25.018"/>
</kw>
<kw name="When fill the login form" library="keywords_LoginPage">
<arg>umut</arg>
<arg>Hacettepe2029</arg>
<kw name="Wait Until Element Is Visible" library="SeleniumLibrary">
<arg>${username_l}</arg>
<arg>timeout=20</arg>
<doc>Waits until the element ``locator`` is visible.</doc>
<status status="PASS" starttime="20220315 14:11:25.018" endtime="20220315 14:11:25.869"/>
</kw>
<kw name="Input Text" library="SeleniumLibrary">
<arg>${username_l}</arg>
<arg>${username}</arg>
<doc>Types the given ``text`` into the text field identified by ``locator``.</doc>
<msg timestamp="20220315 14:11:25.869" level="INFO">Typing text 'umut' into text field 'xpath://input[@type='text']'.</msg>
<status status="PASS" starttime="20220315 14:11:25.869" endtime="20220315 14:11:26.173"/>
</kw>
<kw name="Input Password" library="SeleniumLibrary">
<arg>${password_l}</arg>
<arg>${password}</arg>
<doc>Types the given password into the text field identified by ``locator``.</doc>
<msg timestamp="20220315 14:11:26.175" level="INFO">Typing password into text field 'xpath://input[@type='password']'.</msg>
<msg timestamp="20220315 14:11:26.344" level="INFO">Temporally setting log level to: NONE</msg>
<msg timestamp="20220315 14:11:26.626" level="INFO">Log level changed from NONE to INFO.</msg>
<status status="PASS" starttime="20220315 14:11:26.174" endtime="20220315 14:11:26.626"/>
</kw>
<status status="PASS" starttime="20220315 14:11:25.018" endtime="20220315 14:11:26.627"/>
</kw>
<kw name="And click login buton" library="keywords_LoginPage">
<kw name="Click Element" library="SeleniumLibrary">
<arg>${login_button_l}</arg>
<doc>Click the element identified by ``locator``.</doc>
<msg timestamp="20220315 14:11:26.631" level="INFO">Clicking element 'xpath://span[contains(text(),'Login')]'.</msg>
<status status="PASS" starttime="20220315 14:11:26.629" endtime="20220315 14:11:26.790"/>
</kw>
<status status="PASS" starttime="20220315 14:11:26.628" endtime="20220315 14:11:26.790"/>
</kw>
<kw name="Wait Until Element Is Visible" library="SeleniumLibrary">
<arg>${notification_message_l}</arg>
<doc>Waits until the element ``locator`` is visible.</doc>
<msg timestamp="20220315 14:11:47.055" level="INFO" html="true">&lt;/td&gt;&lt;/tr&gt;&lt;tr&gt;&lt;td colspan="3"&gt;&lt;a href="selenium-screenshot-1.png"&gt;&lt;img src="selenium-screenshot-1.png" width="800px"&gt;&lt;/a&gt;</msg>
<msg timestamp="20220315 14:11:47.108" level="FAIL">Element '//div[@class='q-notification__message col']' not visible after 20 seconds.</msg>
<status status="FAIL" starttime="20220315 14:11:26.790" endtime="20220315 14:11:47.108"/>
</kw>
<kw name="Get Text" library="SeleniumLibrary">
<var>${notification_message}</var>
<arg>${notification_message_l}</arg>
<doc>Returns the text value of the element identified by ``locator``.</doc>
<status status="NOT RUN" starttime="20220315 14:11:47.108" endtime="20220315 14:11:47.108"/>
</kw>
<kw name="close browser session" library="keywords_LoginPage" type="TEARDOWN">
<kw name="Close Browser" library="SeleniumLibrary">
<doc>Closes the current browser.</doc>
<status status="PASS" starttime="20220315 14:11:47.108" endtime="20220315 14:11:49.269"/>
</kw>
<status status="PASS" starttime="20220315 14:11:47.108" endtime="20220315 14:11:49.270"/>
</kw>
<status status="FAIL" starttime="20220315 14:11:21.316" endtime="20220315 14:11:49.271">Element '//div[@class='q-notification__message col']' not visible after 20 seconds.</status>
</test>
<doc>Login AlternaWebPage</doc>
<status status="FAIL" starttime="20220315 14:11:10.855" endtime="20220315 14:11:49.275"/>
</suite>
<status status="FAIL" starttime="20220315 14:11:10.816" endtime="20220315 14:11:49.282"/>
</suite>
<statistics>
<total>
<stat pass="1" fail="1" skip="0">All Tests</stat>
</total>
<tag>
</tag>
<suite>
<stat pass="1" fail="1" skip="0" id="s1" name="testCases">testCases</stat>
<stat pass="1" fail="1" skip="0" id="s1-s1" name="Login">testCases.Login</stat>
</suite>
</statistics>
<errors>
</errors>
</robot>
