<?xml version="1.0" encoding="UTF-8"?>
<robot generator="Robot 4.1.3 (Python 3.10.2 on win32)" generated="20220405 16:13:44.433" rpa="false" schemaversion="2">
<suite id="s1" name="testCases" source="C:\Users\User\PycharmProjects\RobotFramework\tests\testCases">
<suite id="s1-s1" name="Login" source="C:\Users\User\PycharmProjects\RobotFramework\tests\testCases\Login.robot">
<test id="s1-s1-t1" name="Invalid Username">
<kw name="open the browser with ALternaWebPage" library="keywords_LoginPage" type="SETUP">
<kw name="Create Webdriver" library="SeleniumLibrary">
<arg>Chrome</arg>
<arg>executable_path=tests/drivers/chromedriver.exe</arg>
<doc>Creates an instance of Selenium WebDriver.</doc>
<msg timestamp="20220405 16:13:44.756" level="INFO">Creating an instance of the Chrome WebDriver.</msg>
<status status="PASS" starttime="20220405 16:13:44.755" endtime="20220405 16:13:46.824"/>
</kw>
<kw name="Go To" library="SeleniumLibrary">
<arg>https://staging.alternacx.com/</arg>
<doc>Navigates the current browser window to the provided ``url``.</doc>
<msg timestamp="20220405 16:13:46.827" level="INFO">Opening url 'https://staging.alternacx.com/'</msg>
<status status="PASS" starttime="20220405 16:13:46.825" endtime="20220405 16:13:50.759"/>
</kw>
<kw name="Maximize Browser Window" library="SeleniumLibrary">
<doc>Maximizes current browser window.</doc>
<status status="PASS" starttime="20220405 16:13:50.759" endtime="20220405 16:13:50.914"/>
</kw>
<status status="PASS" starttime="20220405 16:13:44.754" endtime="20220405 16:13:50.914"/>
</kw>
<kw name="When fill the login form" library="keywords_LoginPage">
<arg>umut1</arg>
<arg>Hacettepe2019</arg>
<kw name="Wait Until Element Is Visible" library="SeleniumLibrary">
<arg>${username_l}</arg>
<arg>timeout=20</arg>
<doc>Waits until the element ``locator`` is visible.</doc>
<status status="PASS" starttime="20220405 16:13:50.916" endtime="20220405 16:13:51.308"/>
</kw>
<kw name="Input Text" library="SeleniumLibrary">
<arg>${username_l}</arg>
<arg>${username}</arg>
<doc>Types the given ``text`` into the text field identified by ``locator``.</doc>
<msg timestamp="20220405 16:13:51.309" level="INFO">Typing text 'umut1' into text field 'xpath://input[@type='text']'.</msg>
<status status="PASS" starttime="20220405 16:13:51.308" endtime="20220405 16:13:51.465"/>
</kw>
<kw name="Input Password" library="SeleniumLibrary">
<arg>${password_l}</arg>
<arg>${password}</arg>
<doc>Types the given password into the text field identified by ``locator``.</doc>
<msg timestamp="20220405 16:13:51.466" level="INFO">Typing password into text field 'xpath://input[@type='password']'.</msg>
<msg timestamp="20220405 16:13:51.530" level="INFO">Temporally setting log level to: NONE</msg>
<msg timestamp="20220405 16:13:51.646" level="INFO">Log level changed from NONE to INFO.</msg>
<status status="PASS" starttime="20220405 16:13:51.465" endtime="20220405 16:13:51.646"/>
</kw>
<status status="PASS" starttime="20220405 16:13:50.915" endtime="20220405 16:13:51.646"/>
</kw>
<kw name="And click login buton" library="keywords_LoginPage">
<kw name="Click Element" library="SeleniumLibrary">
<arg>${login_button_l}</arg>
<doc>Click the element identified by ``locator``.</doc>
<msg timestamp="20220405 16:13:51.647" level="INFO">Clicking element 'xpath://span[contains(text(),'Login')]'.</msg>
<status status="PASS" starttime="20220405 16:13:51.647" endtime="20220405 16:13:51.765"/>
</kw>
<status status="PASS" starttime="20220405 16:13:51.646" endtime="20220405 16:13:51.765"/>
</kw>
<kw name="Wait Until Element Is Visible" library="SeleniumLibrary">
<arg>${notification_message_l}</arg>
<doc>Waits until the element ``locator`` is visible.</doc>
<status status="PASS" starttime="20220405 16:13:51.766" endtime="20220405 16:13:51.999"/>
</kw>
<kw name="Get Text" library="SeleniumLibrary">
<var>${notification_message}</var>
<arg>${notification_message_l}</arg>
<doc>Returns the text value of the element identified by ``locator``.</doc>
<msg timestamp="20220405 16:13:52.016" level="INFO">${notification_message} = The Username/Email or Password is incorrect.</msg>
<status status="PASS" starttime="20220405 16:13:51.999" endtime="20220405 16:13:52.016"/>
</kw>
<kw name="close browser session" library="keywords_LoginPage" type="TEARDOWN">
<kw name="Close Browser" library="SeleniumLibrary">
<doc>Closes the current browser.</doc>
<status status="PASS" starttime="20220405 16:13:52.017" endtime="20220405 16:13:54.116"/>
</kw>
<status status="PASS" starttime="20220405 16:13:52.016" endtime="20220405 16:13:54.116"/>
</kw>
<status status="PASS" starttime="20220405 16:13:44.754" endtime="20220405 16:13:54.117"/>
</test>
<test id="s1-s1-t2" name="Invalid Password">
<kw name="open the browser with ALternaWebPage" library="keywords_LoginPage" type="SETUP">
<kw name="Create Webdriver" library="SeleniumLibrary">
<arg>Chrome</arg>
<arg>executable_path=tests/drivers/chromedriver.exe</arg>
<doc>Creates an instance of Selenium WebDriver.</doc>
<msg timestamp="20220405 16:13:54.123" level="INFO">Creating an instance of the Chrome WebDriver.</msg>
<status status="PASS" starttime="20220405 16:13:54.122" endtime="20220405 16:13:55.378"/>
</kw>
<kw name="Go To" library="SeleniumLibrary">
<arg>https://staging.alternacx.com/</arg>
<doc>Navigates the current browser window to the provided ``url``.</doc>
<msg timestamp="20220405 16:13:55.379" level="INFO">Opening url 'https://staging.alternacx.com/'</msg>
<status status="PASS" starttime="20220405 16:13:55.378" endtime="20220405 16:13:57.437"/>
</kw>
<kw name="Maximize Browser Window" library="SeleniumLibrary">
<doc>Maximizes current browser window.</doc>
<status status="PASS" starttime="20220405 16:13:57.438" endtime="20220405 16:13:57.552"/>
</kw>
<status status="PASS" starttime="20220405 16:13:54.122" endtime="20220405 16:13:57.553"/>
</kw>
<kw name="Set Selenium Timeout" library="SeleniumLibrary">
<arg>20</arg>
<doc>Sets the timeout that is used by various keywords.</doc>
<status status="PASS" starttime="20220405 16:13:57.554" endtime="20220405 16:13:57.557"/>
</kw>
<kw name="When fill the login form" library="keywords_LoginPage">
<arg>umut</arg>
<arg>Hacettepe2029</arg>
<kw name="Wait Until Element Is Visible" library="SeleniumLibrary">
<arg>${username_l}</arg>
<arg>timeout=20</arg>
<doc>Waits until the element ``locator`` is visible.</doc>
<status status="PASS" starttime="20220405 16:13:57.558" endtime="20220405 16:13:57.894"/>
</kw>
<kw name="Input Text" library="SeleniumLibrary">
<arg>${username_l}</arg>
<arg>${username}</arg>
<doc>Types the given ``text`` into the text field identified by ``locator``.</doc>
<msg timestamp="20220405 16:13:57.896" level="INFO">Typing text 'umut' into text field 'xpath://input[@type='text']'.</msg>
<status status="PASS" starttime="20220405 16:13:57.894" endtime="20220405 16:13:58.019"/>
</kw>
<kw name="Input Password" library="SeleniumLibrary">
<arg>${password_l}</arg>
<arg>${password}</arg>
<doc>Types the given password into the text field identified by ``locator``.</doc>
<msg timestamp="20220405 16:13:58.020" level="INFO">Typing password into text field 'xpath://input[@type='password']'.</msg>
<msg timestamp="20220405 16:13:58.073" level="INFO">Temporally setting log level to: NONE</msg>
<msg timestamp="20220405 16:13:58.226" level="INFO">Log level changed from NONE to INFO.</msg>
<status status="PASS" starttime="20220405 16:13:58.020" endtime="20220405 16:13:58.226"/>
</kw>
<status status="PASS" starttime="20220405 16:13:57.557" endtime="20220405 16:13:58.226"/>
</kw>
<kw name="And click login buton" library="keywords_LoginPage">
<kw name="Click Element" library="SeleniumLibrary">
<arg>${login_button_l}</arg>
<doc>Click the element identified by ``locator``.</doc>
<msg timestamp="20220405 16:13:58.227" level="INFO">Clicking element 'xpath://span[contains(text(),'Login')]'.</msg>
<status status="PASS" starttime="20220405 16:13:58.227" endtime="20220405 16:13:58.322"/>
</kw>
<status status="PASS" starttime="20220405 16:13:58.227" endtime="20220405 16:13:58.323"/>
</kw>
<kw name="Wait Until Element Is Visible" library="SeleniumLibrary">
<arg>${notification_message_l}</arg>
<doc>Waits until the element ``locator`` is visible.</doc>
<status status="PASS" starttime="20220405 16:13:58.323" endtime="20220405 16:13:58.610"/>
</kw>
<kw name="Get Text" library="SeleniumLibrary">
<var>${notification_message}</var>
<arg>${notification_message_l}</arg>
<doc>Returns the text value of the element identified by ``locator``.</doc>
<msg timestamp="20220405 16:13:58.633" level="INFO">${notification_message} = The Username/Email or Password is incorrect.</msg>
<status status="PASS" starttime="20220405 16:13:58.611" endtime="20220405 16:13:58.634"/>
</kw>
<kw name="close browser session" library="keywords_LoginPage" type="TEARDOWN">
<kw name="Close Browser" library="SeleniumLibrary">
<doc>Closes the current browser.</doc>
<status status="PASS" starttime="20220405 16:13:58.635" endtime="20220405 16:14:00.864"/>
</kw>
<status status="PASS" starttime="20220405 16:13:58.634" endtime="20220405 16:14:00.864"/>
</kw>
<status status="PASS" starttime="20220405 16:13:54.118" endtime="20220405 16:14:00.865"/>
</test>
<doc>Login AlternaWebPage</doc>
<status status="PASS" starttime="20220405 16:13:44.480" endtime="20220405 16:14:00.865"/>
</suite>
<status status="PASS" starttime="20220405 16:13:44.444" endtime="20220405 16:14:00.865"/>
</suite>
<statistics>
<total>
<stat pass="2" fail="0" skip="0">All Tests</stat>
</total>
<tag>
</tag>
<suite>
<stat pass="2" fail="0" skip="0" id="s1" name="testCases">testCases</stat>
<stat pass="2" fail="0" skip="0" id="s1-s1" name="Login">testCases.Login</stat>
</suite>
</statistics>
<errors>
</errors>
</robot>
