<?xml version="1.0" encoding="UTF-8"?>
<robot generator="Robot 4.1.3 (Python 3.10.2 on win32)" generated="20220323 16:30:08.487" rpa="false" schemaversion="2">
<suite id="s1" name="testCases" source="C:\Users\User\PycharmProjects\RobotFramework\tests\testCases">
<suite id="s1-s1" name="Login" source="C:\Users\User\PycharmProjects\RobotFramework\tests\testCases\Login.robot">
<test id="s1-s1-t1" name="Invalid Username">
<kw name="open the browser with ALternaWebPage" library="keywords_LoginPage" type="SETUP">
<kw name="Create Webdriver" library="SeleniumLibrary">
<arg>Chrome</arg>
<arg>executable_path=tests/drivers/chromedriver.exe</arg>
<doc>Creates an instance of Selenium WebDriver.</doc>
<msg timestamp="20220323 16:30:09.156" level="INFO">Creating an instance of the Chrome WebDriver.</msg>
<status status="PASS" starttime="20220323 16:30:09.156" endtime="20220323 16:30:12.444"/>
</kw>
<kw name="Go To" library="SeleniumLibrary">
<arg>https://staging.alternacx.com/</arg>
<doc>Navigates the current browser window to the provided ``url``.</doc>
<msg timestamp="20220323 16:30:12.445" level="INFO">Opening url 'https://staging.alternacx.com/'</msg>
<status status="PASS" starttime="20220323 16:30:12.445" endtime="20220323 16:30:16.801"/>
</kw>
<kw name="Maximize Browser Window" library="SeleniumLibrary">
<doc>Maximizes current browser window.</doc>
<status status="PASS" starttime="20220323 16:30:16.802" endtime="20220323 16:30:16.931"/>
</kw>
<status status="PASS" starttime="20220323 16:30:09.155" endtime="20220323 16:30:16.931"/>
</kw>
<kw name="When fill the login form" library="keywords_LoginPage">
<arg>umut1</arg>
<arg>Hacettepe2019</arg>
<kw name="Wait Until Element Is Visible" library="SeleniumLibrary">
<arg>${username_l}</arg>
<arg>timeout=20</arg>
<doc>Waits until the element ``locator`` is visible.</doc>
<status status="PASS" starttime="20220323 16:30:16.934" endtime="20220323 16:30:17.721"/>
</kw>
<kw name="Input Text" library="SeleniumLibrary">
<arg>${username_l}</arg>
<arg>${username}</arg>
<doc>Types the given ``text`` into the text field identified by ``locator``.</doc>
<msg timestamp="20220323 16:30:17.722" level="INFO">Typing text 'umut1' into text field 'xpath://input[@type='text']'.</msg>
<status status="PASS" starttime="20220323 16:30:17.722" endtime="20220323 16:30:17.983"/>
</kw>
<kw name="Input Password" library="SeleniumLibrary">
<arg>${password_l}</arg>
<arg>${password}</arg>
<doc>Types the given password into the text field identified by ``locator``.</doc>
<msg timestamp="20220323 16:30:17.985" level="INFO">Typing password into text field 'xpath://input[@type='password']'.</msg>
<msg timestamp="20220323 16:30:18.069" level="INFO">Temporally setting log level to: NONE</msg>
<msg timestamp="20220323 16:30:18.374" level="INFO">Log level changed from NONE to INFO.</msg>
<status status="PASS" starttime="20220323 16:30:17.983" endtime="20220323 16:30:18.374"/>
</kw>
<status status="PASS" starttime="20220323 16:30:16.933" endtime="20220323 16:30:18.374"/>
</kw>
<kw name="And click login buton" library="keywords_LoginPage">
<kw name="Click Element" library="SeleniumLibrary">
<arg>${login_button_l}</arg>
<doc>Click the element identified by ``locator``.</doc>
<msg timestamp="20220323 16:30:18.376" level="INFO">Clicking element 'xpath://span[contains(text(),'Login')]'.</msg>
<status status="PASS" starttime="20220323 16:30:18.375" endtime="20220323 16:30:18.522"/>
</kw>
<status status="PASS" starttime="20220323 16:30:18.375" endtime="20220323 16:30:18.522"/>
</kw>
<kw name="Wait Until Element Is Visible" library="SeleniumLibrary">
<arg>${notification_message_l}</arg>
<doc>Waits until the element ``locator`` is visible.</doc>
<status status="PASS" starttime="20220323 16:30:18.522" endtime="20220323 16:30:18.841"/>
</kw>
<kw name="Get Text" library="SeleniumLibrary">
<var>${notification_message}</var>
<arg>${notification_message_l}</arg>
<doc>Returns the text value of the element identified by ``locator``.</doc>
<msg timestamp="20220323 16:30:18.906" level="INFO">${notification_message} = The user name or password is incorrect.</msg>
<status status="PASS" starttime="20220323 16:30:18.842" endtime="20220323 16:30:18.906"/>
</kw>
<kw name="close browser session" library="keywords_LoginPage" type="TEARDOWN">
<kw name="Close Browser" library="SeleniumLibrary">
<doc>Closes the current browser.</doc>
<status status="PASS" starttime="20220323 16:30:18.908" endtime="20220323 16:30:21.111"/>
</kw>
<status status="PASS" starttime="20220323 16:30:18.907" endtime="20220323 16:30:21.112"/>
</kw>
<status status="PASS" starttime="20220323 16:30:09.153" endtime="20220323 16:30:21.113"/>
</test>
<test id="s1-s1-t2" name="Invalid Password">
<kw name="open the browser with ALternaWebPage" library="keywords_LoginPage" type="SETUP">
<kw name="Create Webdriver" library="SeleniumLibrary">
<arg>Chrome</arg>
<arg>executable_path=tests/drivers/chromedriver.exe</arg>
<doc>Creates an instance of Selenium WebDriver.</doc>
<msg timestamp="20220323 16:30:21.121" level="INFO">Creating an instance of the Chrome WebDriver.</msg>
<status status="PASS" starttime="20220323 16:30:21.117" endtime="20220323 16:30:24.142"/>
</kw>
<kw name="Go To" library="SeleniumLibrary">
<arg>https://staging.alternacx.com/</arg>
<doc>Navigates the current browser window to the provided ``url``.</doc>
<msg timestamp="20220323 16:30:24.142" level="INFO">Opening url 'https://staging.alternacx.com/'</msg>
<status status="PASS" starttime="20220323 16:30:24.142" endtime="20220323 16:30:26.534"/>
</kw>
<kw name="Maximize Browser Window" library="SeleniumLibrary">
<doc>Maximizes current browser window.</doc>
<status status="PASS" starttime="20220323 16:30:26.535" endtime="20220323 16:30:26.650"/>
</kw>
<status status="PASS" starttime="20220323 16:30:21.116" endtime="20220323 16:30:26.650"/>
</kw>
<kw name="Set Selenium Timeout" library="SeleniumLibrary">
<arg>20</arg>
<doc>Sets the timeout that is used by various keywords.</doc>
<status status="PASS" starttime="20220323 16:30:26.651" endtime="20220323 16:30:26.653"/>
</kw>
<kw name="When fill the login form" library="keywords_LoginPage">
<arg>umut</arg>
<arg>Hacettepe2029</arg>
<kw name="Wait Until Element Is Visible" library="SeleniumLibrary">
<arg>${username_l}</arg>
<arg>timeout=20</arg>
<doc>Waits until the element ``locator`` is visible.</doc>
<status status="PASS" starttime="20220323 16:30:26.654" endtime="20220323 16:30:27.178"/>
</kw>
<kw name="Input Text" library="SeleniumLibrary">
<arg>${username_l}</arg>
<arg>${username}</arg>
<doc>Types the given ``text`` into the text field identified by ``locator``.</doc>
<msg timestamp="20220323 16:30:27.180" level="INFO">Typing text 'umut' into text field 'xpath://input[@type='text']'.</msg>
<status status="PASS" starttime="20220323 16:30:27.179" endtime="20220323 16:30:27.369"/>
</kw>
<kw name="Input Password" library="SeleniumLibrary">
<arg>${password_l}</arg>
<arg>${password}</arg>
<doc>Types the given password into the text field identified by ``locator``.</doc>
<msg timestamp="20220323 16:30:27.370" level="INFO">Typing password into text field 'xpath://input[@type='password']'.</msg>
<msg timestamp="20220323 16:30:27.444" level="INFO">Temporally setting log level to: NONE</msg>
<msg timestamp="20220323 16:30:27.701" level="INFO">Log level changed from NONE to INFO.</msg>
<status status="PASS" starttime="20220323 16:30:27.369" endtime="20220323 16:30:27.701"/>
</kw>
<status status="PASS" starttime="20220323 16:30:26.653" endtime="20220323 16:30:27.702"/>
</kw>
<kw name="And click login buton" library="keywords_LoginPage">
<kw name="Click Element" library="SeleniumLibrary">
<arg>${login_button_l}</arg>
<doc>Click the element identified by ``locator``.</doc>
<msg timestamp="20220323 16:30:27.704" level="INFO">Clicking element 'xpath://span[contains(text(),'Login')]'.</msg>
<status status="PASS" starttime="20220323 16:30:27.703" endtime="20220323 16:30:27.863"/>
</kw>
<status status="PASS" starttime="20220323 16:30:27.702" endtime="20220323 16:30:27.863"/>
</kw>
<kw name="Wait Until Element Is Visible" library="SeleniumLibrary">
<arg>${notification_message_l}</arg>
<doc>Waits until the element ``locator`` is visible.</doc>
<msg timestamp="20220323 16:30:48.201" level="INFO" html="true">&lt;/td&gt;&lt;/tr&gt;&lt;tr&gt;&lt;td colspan="3"&gt;&lt;a href="selenium-screenshot-1.png"&gt;&lt;img src="selenium-screenshot-1.png" width="800px"&gt;&lt;/a&gt;</msg>
<msg timestamp="20220323 16:30:48.234" level="FAIL">Element '//div[@class='q-notification__message col']' not visible after 20 seconds.</msg>
<status status="FAIL" starttime="20220323 16:30:27.864" endtime="20220323 16:30:48.234"/>
</kw>
<kw name="Get Text" library="SeleniumLibrary">
<var>${notification_message}</var>
<arg>${notification_message_l}</arg>
<doc>Returns the text value of the element identified by ``locator``.</doc>
<status status="NOT RUN" starttime="20220323 16:30:48.234" endtime="20220323 16:30:48.234"/>
</kw>
<kw name="close browser session" library="keywords_LoginPage" type="TEARDOWN">
<kw name="Close Browser" library="SeleniumLibrary">
<doc>Closes the current browser.</doc>
<status status="PASS" starttime="20220323 16:30:48.234" endtime="20220323 16:30:50.373"/>
</kw>
<status status="PASS" starttime="20220323 16:30:48.234" endtime="20220323 16:30:50.375"/>
</kw>
<status status="FAIL" starttime="20220323 16:30:21.113" endtime="20220323 16:30:50.375">Element '//div[@class='q-notification__message col']' not visible after 20 seconds.</status>
</test>
<doc>Login AlternaWebPage</doc>
<status status="FAIL" starttime="20220323 16:30:08.563" endtime="20220323 16:30:50.377"/>
</suite>
<status status="FAIL" starttime="20220323 16:30:08.508" endtime="20220323 16:30:50.384"/>
</suite>
<statistics>
<total>
<stat pass="1" fail="1" skip="0">All Tests</stat>
</total>
<tag>
</tag>
<suite>
<stat pass="1" fail="1" skip="0" id="s1" name="testCases">testCases</stat>
<stat pass="1" fail="1" skip="0" id="s1-s1" name="Login">testCases.Login</stat>
</suite>
</statistics>
<errors>
</errors>
</robot>
