<?xml version="1.0" encoding="UTF-8"?>
<robot generator="Robot 4.1.3 (Python 3.10.2 on win32)" generated="20220316 15:44:40.531" rpa="false" schemaversion="2">
<suite id="s1" name="testCases" source="C:\Users\User\PycharmProjects\RobotFramework\tests\testCases">
<suite id="s1-s1" name="Login" source="C:\Users\User\PycharmProjects\RobotFramework\tests\testCases\Login.robot">
<test id="s1-s1-t1" name="Invalid Username">
<kw name="open the browser with ALternaWebPage" library="keywords_LoginPage" type="SETUP">
<kw name="Create Webdriver" library="SeleniumLibrary">
<arg>Chrome</arg>
<arg>executable_path=tests/drivers/chromedriver.exe</arg>
<doc>Creates an instance of Selenium WebDriver.</doc>
<msg timestamp="20220316 15:44:40.747" level="INFO">Creating an instance of the Chrome WebDriver.</msg>
<status status="PASS" starttime="20220316 15:44:40.746" endtime="20220316 15:44:42.073"/>
</kw>
<kw name="Go To" library="SeleniumLibrary">
<arg>https://staging.alternacx.com/</arg>
<doc>Navigates the current browser window to the provided ``url``.</doc>
<msg timestamp="20220316 15:44:42.074" level="INFO">Opening url 'https://staging.alternacx.com/'</msg>
<status status="PASS" starttime="20220316 15:44:42.073" endtime="20220316 15:44:44.848"/>
</kw>
<kw name="Maximize Browser Window" library="SeleniumLibrary">
<doc>Maximizes current browser window.</doc>
<status status="PASS" starttime="20220316 15:44:44.848" endtime="20220316 15:44:44.970"/>
</kw>
<status status="PASS" starttime="20220316 15:44:40.746" endtime="20220316 15:44:44.972"/>
</kw>
<kw name="When fill the login form" library="keywords_LoginPage">
<arg>umut1</arg>
<arg>Hacettepe2019</arg>
<kw name="Wait Until Element Is Visible" library="SeleniumLibrary">
<arg>${username_l}</arg>
<arg>timeout=20</arg>
<doc>Waits until the element ``locator`` is visible.</doc>
<status status="PASS" starttime="20220316 15:44:44.974" endtime="20220316 15:44:45.439"/>
</kw>
<kw name="Input Text" library="SeleniumLibrary">
<arg>${username_l}</arg>
<arg>${username}</arg>
<doc>Types the given ``text`` into the text field identified by ``locator``.</doc>
<msg timestamp="20220316 15:44:45.440" level="INFO">Typing text 'umut1' into text field 'xpath://input[@type='text']'.</msg>
<status status="PASS" starttime="20220316 15:44:45.440" endtime="20220316 15:44:45.544"/>
</kw>
<kw name="Input Password" library="SeleniumLibrary">
<arg>${password_l}</arg>
<arg>${password}</arg>
<doc>Types the given password into the text field identified by ``locator``.</doc>
<msg timestamp="20220316 15:44:45.545" level="INFO">Typing password into text field 'xpath://input[@type='password']'.</msg>
<msg timestamp="20220316 15:44:45.586" level="INFO">Temporally setting log level to: NONE</msg>
<msg timestamp="20220316 15:44:45.673" level="INFO">Log level changed from NONE to INFO.</msg>
<status status="PASS" starttime="20220316 15:44:45.544" endtime="20220316 15:44:45.673"/>
</kw>
<status status="PASS" starttime="20220316 15:44:44.972" endtime="20220316 15:44:45.673"/>
</kw>
<kw name="And click login buton" library="keywords_LoginPage">
<kw name="Click Element" library="SeleniumLibrary">
<arg>${login_button_l}</arg>
<doc>Click the element identified by ``locator``.</doc>
<msg timestamp="20220316 15:44:45.674" level="INFO">Clicking element 'xpath://span[contains(text(),'Login')]'.</msg>
<status status="PASS" starttime="20220316 15:44:45.674" endtime="20220316 15:44:45.771"/>
</kw>
<status status="PASS" starttime="20220316 15:44:45.674" endtime="20220316 15:44:45.771"/>
</kw>
<kw name="Wait Until Element Is Visible" library="SeleniumLibrary">
<arg>${notification_message_l}</arg>
<doc>Waits until the element ``locator`` is visible.</doc>
<status status="PASS" starttime="20220316 15:44:45.772" endtime="20220316 15:44:46.040"/>
</kw>
<kw name="Get Text" library="SeleniumLibrary">
<var>${notification_message}</var>
<arg>${notification_message_l}</arg>
<doc>Returns the text value of the element identified by ``locator``.</doc>
<msg timestamp="20220316 15:44:46.062" level="INFO">${notification_message} = The user name or password is incorrect.</msg>
<status status="PASS" starttime="20220316 15:44:46.040" endtime="20220316 15:44:46.062"/>
</kw>
<kw name="close browser session" library="keywords_LoginPage" type="TEARDOWN">
<kw name="Close Browser" library="SeleniumLibrary">
<doc>Closes the current browser.</doc>
<status status="PASS" starttime="20220316 15:44:46.063" endtime="20220316 15:44:48.148"/>
</kw>
<status status="PASS" starttime="20220316 15:44:46.062" endtime="20220316 15:44:48.148"/>
</kw>
<status status="PASS" starttime="20220316 15:44:40.745" endtime="20220316 15:44:48.148"/>
</test>
<test id="s1-s1-t2" name="Invalid Password">
<kw name="open the browser with ALternaWebPage" library="keywords_LoginPage" type="SETUP">
<kw name="Create Webdriver" library="SeleniumLibrary">
<arg>Chrome</arg>
<arg>executable_path=tests/drivers/chromedriver.exe</arg>
<doc>Creates an instance of Selenium WebDriver.</doc>
<msg timestamp="20220316 15:44:48.150" level="INFO">Creating an instance of the Chrome WebDriver.</msg>
<status status="PASS" starttime="20220316 15:44:48.150" endtime="20220316 15:44:49.341"/>
</kw>
<kw name="Go To" library="SeleniumLibrary">
<arg>https://staging.alternacx.com/</arg>
<doc>Navigates the current browser window to the provided ``url``.</doc>
<msg timestamp="20220316 15:44:49.341" level="INFO">Opening url 'https://staging.alternacx.com/'</msg>
<status status="PASS" starttime="20220316 15:44:49.341" endtime="20220316 15:44:50.813"/>
</kw>
<kw name="Maximize Browser Window" library="SeleniumLibrary">
<doc>Maximizes current browser window.</doc>
<status status="PASS" starttime="20220316 15:44:50.813" endtime="20220316 15:44:50.930"/>
</kw>
<status status="PASS" starttime="20220316 15:44:48.150" endtime="20220316 15:44:50.931"/>
</kw>
<kw name="Set Selenium Timeout" library="SeleniumLibrary">
<arg>20</arg>
<doc>Sets the timeout that is used by various keywords.</doc>
<status status="PASS" starttime="20220316 15:44:50.931" endtime="20220316 15:44:50.932"/>
</kw>
<kw name="When fill the login form" library="keywords_LoginPage">
<arg>umut</arg>
<arg>Hacettepe2029</arg>
<kw name="Wait Until Element Is Visible" library="SeleniumLibrary">
<arg>${username_l}</arg>
<arg>timeout=20</arg>
<doc>Waits until the element ``locator`` is visible.</doc>
<status status="PASS" starttime="20220316 15:44:50.934" endtime="20220316 15:44:51.382"/>
</kw>
<kw name="Input Text" library="SeleniumLibrary">
<arg>${username_l}</arg>
<arg>${username}</arg>
<doc>Types the given ``text`` into the text field identified by ``locator``.</doc>
<msg timestamp="20220316 15:44:51.383" level="INFO">Typing text 'umut' into text field 'xpath://input[@type='text']'.</msg>
<status status="PASS" starttime="20220316 15:44:51.382" endtime="20220316 15:44:51.449"/>
</kw>
<kw name="Input Password" library="SeleniumLibrary">
<arg>${password_l}</arg>
<arg>${password}</arg>
<doc>Types the given password into the text field identified by ``locator``.</doc>
<msg timestamp="20220316 15:44:51.449" level="INFO">Typing password into text field 'xpath://input[@type='password']'.</msg>
<msg timestamp="20220316 15:44:51.479" level="INFO">Temporally setting log level to: NONE</msg>
<msg timestamp="20220316 15:44:51.565" level="INFO">Log level changed from NONE to INFO.</msg>
<status status="PASS" starttime="20220316 15:44:51.449" endtime="20220316 15:44:51.566"/>
</kw>
<status status="PASS" starttime="20220316 15:44:50.933" endtime="20220316 15:44:51.566"/>
</kw>
<kw name="And click login buton" library="keywords_LoginPage">
<kw name="Click Element" library="SeleniumLibrary">
<arg>${login_button_l}</arg>
<doc>Click the element identified by ``locator``.</doc>
<msg timestamp="20220316 15:44:51.567" level="INFO">Clicking element 'xpath://span[contains(text(),'Login')]'.</msg>
<status status="PASS" starttime="20220316 15:44:51.567" endtime="20220316 15:44:51.662"/>
</kw>
<status status="PASS" starttime="20220316 15:44:51.566" endtime="20220316 15:44:51.663"/>
</kw>
<kw name="Wait Until Element Is Visible" library="SeleniumLibrary">
<arg>${notification_message_l}</arg>
<doc>Waits until the element ``locator`` is visible.</doc>
<msg timestamp="20220316 15:45:11.791" level="INFO" html="true">&lt;/td&gt;&lt;/tr&gt;&lt;tr&gt;&lt;td colspan="3"&gt;&lt;a href="selenium-screenshot-1.png"&gt;&lt;img src="selenium-screenshot-1.png" width="800px"&gt;&lt;/a&gt;</msg>
<msg timestamp="20220316 15:45:11.813" level="FAIL">Element '//div[@class='q-notification__message col']' not visible after 20 seconds.</msg>
<status status="FAIL" starttime="20220316 15:44:51.663" endtime="20220316 15:45:11.813"/>
</kw>
<kw name="Get Text" library="SeleniumLibrary">
<var>${notification_message}</var>
<arg>${notification_message_l}</arg>
<doc>Returns the text value of the element identified by ``locator``.</doc>
<status status="NOT RUN" starttime="20220316 15:45:11.813" endtime="20220316 15:45:11.813"/>
</kw>
<kw name="close browser session" library="keywords_LoginPage" type="TEARDOWN">
<kw name="Close Browser" library="SeleniumLibrary">
<doc>Closes the current browser.</doc>
<status status="PASS" starttime="20220316 15:45:11.813" endtime="20220316 15:45:13.899"/>
</kw>
<status status="PASS" starttime="20220316 15:45:11.813" endtime="20220316 15:45:13.900"/>
</kw>
<status status="FAIL" starttime="20220316 15:44:48.149" endtime="20220316 15:45:13.900">Element '//div[@class='q-notification__message col']' not visible after 20 seconds.</status>
</test>
<doc>Login AlternaWebPage</doc>
<status status="FAIL" starttime="20220316 15:44:40.564" endtime="20220316 15:45:13.904"/>
</suite>
<status status="FAIL" starttime="20220316 15:44:40.542" endtime="20220316 15:45:13.911"/>
</suite>
<statistics>
<total>
<stat pass="1" fail="1" skip="0">All Tests</stat>
</total>
<tag>
</tag>
<suite>
<stat pass="1" fail="1" skip="0" id="s1" name="testCases">testCases</stat>
<stat pass="1" fail="1" skip="0" id="s1-s1" name="Login">testCases.Login</stat>
</suite>
</statistics>
<errors>
</errors>
</robot>
