<?xml version="1.0" encoding="UTF-8"?>
<robot generator="Robot 4.1.3 (Python 3.10.2 on win32)" generated="20220414 17:05:47.737" rpa="false" schemaversion="2">
<suite id="s1" name="testCases" source="C:\Users\User\PycharmProjects\RobotFramework\tests\testCases">
<suite id="s1-s1" name="Login" source="C:\Users\User\PycharmProjects\RobotFramework\tests\testCases\Login.robot">
<test id="s1-s1-t1" name="Invalid Username">
<kw name="open the browser with ALternaWebPage" library="keywords_LoginPage" type="SETUP">
<kw name="Create Webdriver" library="SeleniumLibrary">
<arg>Chrome</arg>
<arg>executable_path=tests/drivers/chromedriver.exe</arg>
<doc>Creates an instance of Selenium WebDriver.</doc>
<msg timestamp="20220414 17:05:48.126" level="INFO">Creating an instance of the Chrome WebDriver.</msg>
<status status="PASS" starttime="20220414 17:05:48.125" endtime="20220414 17:05:50.661"/>
</kw>
<kw name="Go To" library="SeleniumLibrary">
<arg>https://staging.alternacx.com/</arg>
<doc>Navigates the current browser window to the provided ``url``.</doc>
<msg timestamp="20220414 17:05:50.663" level="INFO">Opening url 'https://staging.alternacx.com/'</msg>
<status status="PASS" starttime="20220414 17:05:50.661" endtime="20220414 17:06:34.462"/>
</kw>
<kw name="Maximize Browser Window" library="SeleniumLibrary">
<doc>Maximizes current browser window.</doc>
<status status="PASS" starttime="20220414 17:06:34.463" endtime="20220414 17:06:35.100"/>
</kw>
<status status="PASS" starttime="20220414 17:05:48.125" endtime="20220414 17:06:35.102"/>
</kw>
<kw name="When fill the login form" library="keywords_LoginPage">
<arg>umut1</arg>
<arg>Hacettepe2019</arg>
<kw name="Wait Until Element Is Visible" library="SeleniumLibrary">
<arg>${username_l}</arg>
<arg>timeout=20</arg>
<doc>Waits until the element ``locator`` is visible.</doc>
<status status="PASS" starttime="20220414 17:06:35.103" endtime="20220414 17:06:35.741"/>
</kw>
<kw name="Input Text" library="SeleniumLibrary">
<arg>${username_l}</arg>
<arg>${username}</arg>
<doc>Types the given ``text`` into the text field identified by ``locator``.</doc>
<msg timestamp="20220414 17:06:35.742" level="INFO">Typing text 'umut1' into text field 'xpath://input[@type='text']'.</msg>
<status status="PASS" starttime="20220414 17:06:35.741" endtime="20220414 17:06:35.908"/>
</kw>
<kw name="Input Password" library="SeleniumLibrary">
<arg>${password_l}</arg>
<arg>${password}</arg>
<doc>Types the given password into the text field identified by ``locator``.</doc>
<msg timestamp="20220414 17:06:35.909" level="INFO">Typing password into text field 'xpath://input[@type='password']'.</msg>
<msg timestamp="20220414 17:06:36.035" level="INFO">Temporally setting log level to: NONE</msg>
<msg timestamp="20220414 17:06:36.246" level="INFO">Log level changed from NONE to INFO.</msg>
<status status="PASS" starttime="20220414 17:06:35.908" endtime="20220414 17:06:36.246"/>
</kw>
<status status="PASS" starttime="20220414 17:06:35.102" endtime="20220414 17:06:36.246"/>
</kw>
<kw name="And click login buton" library="keywords_LoginPage">
<kw name="Click Element" library="SeleniumLibrary">
<arg>${login_button_l}</arg>
<doc>Click the element identified by ``locator``.</doc>
<msg timestamp="20220414 17:06:36.248" level="INFO">Clicking element 'xpath://span[contains(text(),'Login')]'.</msg>
<status status="PASS" starttime="20220414 17:06:36.247" endtime="20220414 17:06:36.349"/>
</kw>
<status status="PASS" starttime="20220414 17:06:36.246" endtime="20220414 17:06:36.349"/>
</kw>
<kw name="Wait Until Element Is Visible" library="SeleniumLibrary">
<arg>${notification_message_l}</arg>
<doc>Waits until the element ``locator`` is visible.</doc>
<status status="PASS" starttime="20220414 17:06:36.350" endtime="20220414 17:06:36.638"/>
</kw>
<kw name="Get Text" library="SeleniumLibrary">
<var>${notification_message}</var>
<arg>${notification_message_l}</arg>
<doc>Returns the text value of the element identified by ``locator``.</doc>
<msg timestamp="20220414 17:06:36.704" level="INFO">${notification_message} = The Username/Email or Password is incorrect.</msg>
<status status="PASS" starttime="20220414 17:06:36.638" endtime="20220414 17:06:36.704"/>
</kw>
<kw name="close browser session" library="keywords_LoginPage" type="TEARDOWN">
<kw name="Close Browser" library="SeleniumLibrary">
<doc>Closes the current browser.</doc>
<status status="PASS" starttime="20220414 17:06:36.705" endtime="20220414 17:06:39.040"/>
</kw>
<status status="PASS" starttime="20220414 17:06:36.705" endtime="20220414 17:06:39.041"/>
</kw>
<status status="PASS" starttime="20220414 17:05:48.124" endtime="20220414 17:06:39.041"/>
</test>
<test id="s1-s1-t2" name="Invalid Password">
<kw name="open the browser with ALternaWebPage" library="keywords_LoginPage" type="SETUP">
<kw name="Create Webdriver" library="SeleniumLibrary">
<arg>Chrome</arg>
<arg>executable_path=tests/drivers/chromedriver.exe</arg>
<doc>Creates an instance of Selenium WebDriver.</doc>
<msg timestamp="20220414 17:06:39.046" level="INFO">Creating an instance of the Chrome WebDriver.</msg>
<status status="PASS" starttime="20220414 17:06:39.045" endtime="20220414 17:06:40.506"/>
</kw>
<kw name="Go To" library="SeleniumLibrary">
<arg>https://staging.alternacx.com/</arg>
<doc>Navigates the current browser window to the provided ``url``.</doc>
<msg timestamp="20220414 17:06:40.507" level="INFO">Opening url 'https://staging.alternacx.com/'</msg>
<status status="PASS" starttime="20220414 17:06:40.507" endtime="20220414 17:06:47.557"/>
</kw>
<kw name="Maximize Browser Window" library="SeleniumLibrary">
<doc>Maximizes current browser window.</doc>
<status status="PASS" starttime="20220414 17:06:47.558" endtime="20220414 17:06:47.684"/>
</kw>
<status status="PASS" starttime="20220414 17:06:39.044" endtime="20220414 17:06:47.684"/>
</kw>
<kw name="Set Selenium Timeout" library="SeleniumLibrary">
<arg>20</arg>
<doc>Sets the timeout that is used by various keywords.</doc>
<status status="PASS" starttime="20220414 17:06:47.685" endtime="20220414 17:06:47.686"/>
</kw>
<kw name="When fill the login form" library="keywords_LoginPage">
<arg>umut</arg>
<arg>Hacettepe2029</arg>
<kw name="Wait Until Element Is Visible" library="SeleniumLibrary">
<arg>${username_l}</arg>
<arg>timeout=20</arg>
<doc>Waits until the element ``locator`` is visible.</doc>
<status status="PASS" starttime="20220414 17:06:47.687" endtime="20220414 17:06:48.138"/>
</kw>
<kw name="Input Text" library="SeleniumLibrary">
<arg>${username_l}</arg>
<arg>${username}</arg>
<doc>Types the given ``text`` into the text field identified by ``locator``.</doc>
<msg timestamp="20220414 17:06:48.139" level="INFO">Typing text 'umut' into text field 'xpath://input[@type='text']'.</msg>
<status status="PASS" starttime="20220414 17:06:48.138" endtime="20220414 17:06:48.242"/>
</kw>
<kw name="Input Password" library="SeleniumLibrary">
<arg>${password_l}</arg>
<arg>${password}</arg>
<doc>Types the given password into the text field identified by ``locator``.</doc>
<msg timestamp="20220414 17:06:48.243" level="INFO">Typing password into text field 'xpath://input[@type='password']'.</msg>
<msg timestamp="20220414 17:06:48.283" level="INFO">Temporally setting log level to: NONE</msg>
<msg timestamp="20220414 17:06:48.389" level="INFO">Log level changed from NONE to INFO.</msg>
<status status="PASS" starttime="20220414 17:06:48.242" endtime="20220414 17:06:48.389"/>
</kw>
<status status="PASS" starttime="20220414 17:06:47.686" endtime="20220414 17:06:48.389"/>
</kw>
<kw name="And click login buton" library="keywords_LoginPage">
<kw name="Click Element" library="SeleniumLibrary">
<arg>${login_button_l}</arg>
<doc>Click the element identified by ``locator``.</doc>
<msg timestamp="20220414 17:06:48.391" level="INFO">Clicking element 'xpath://span[contains(text(),'Login')]'.</msg>
<status status="PASS" starttime="20220414 17:06:48.390" endtime="20220414 17:06:48.447"/>
</kw>
<status status="PASS" starttime="20220414 17:06:48.390" endtime="20220414 17:06:48.448"/>
</kw>
<kw name="Wait Until Element Is Visible" library="SeleniumLibrary">
<arg>${notification_message_l}</arg>
<doc>Waits until the element ``locator`` is visible.</doc>
<status status="PASS" starttime="20220414 17:06:48.448" endtime="20220414 17:06:48.725"/>
</kw>
<kw name="Get Text" library="SeleniumLibrary">
<var>${notification_message}</var>
<arg>${notification_message_l}</arg>
<doc>Returns the text value of the element identified by ``locator``.</doc>
<msg timestamp="20220414 17:06:48.749" level="INFO">${notification_message} = The Username/Email or Password is incorrect.</msg>
<status status="PASS" starttime="20220414 17:06:48.726" endtime="20220414 17:06:48.749"/>
</kw>
<kw name="close browser session" library="keywords_LoginPage" type="TEARDOWN">
<kw name="Close Browser" library="SeleniumLibrary">
<doc>Closes the current browser.</doc>
<status status="PASS" starttime="20220414 17:06:48.750" endtime="20220414 17:06:50.909"/>
</kw>
<status status="PASS" starttime="20220414 17:06:48.749" endtime="20220414 17:06:50.909"/>
</kw>
<status status="PASS" starttime="20220414 17:06:39.042" endtime="20220414 17:06:50.909"/>
</test>
<doc>Login AlternaWebPage</doc>
<status status="PASS" starttime="20220414 17:05:47.787" endtime="20220414 17:06:50.910"/>
</suite>
<status status="PASS" starttime="20220414 17:05:47.751" endtime="20220414 17:06:50.912"/>
</suite>
<statistics>
<total>
<stat pass="2" fail="0" skip="0">All Tests</stat>
</total>
<tag>
</tag>
<suite>
<stat pass="2" fail="0" skip="0" id="s1" name="testCases">testCases</stat>
<stat pass="2" fail="0" skip="0" id="s1-s1" name="Login">testCases.Login</stat>
</suite>
</statistics>
<errors>
</errors>
</robot>
