<?xml version="1.0" encoding="UTF-8"?>
<robot generator="Robot 4.1.3 (Python 3.10.2 on win32)" generated="20220721 13:50:42.761" rpa="false" schemaversion="2">
<suite id="s1" name="testCases" source="C:\Users\User\PycharmProjects\RobotFramework\tests\testCases">
<suite id="s1-s1" name="SurveyActivate" source="C:\Users\User\PycharmProjects\RobotFramework\tests\testCases\SurveyActivate.robot">
<test id="s1-s1-t1" name="Survey Preview">
<kw name="open the browser with ALternaWebPage" library="keywords_LoginPage" type="SETUP">
<kw name="Create Webdriver" library="SeleniumLibrary">
<arg>Chrome</arg>
<arg>executable_path=tests/drivers/chromedriver.exe</arg>
<doc>Creates an instance of Selenium WebDriver.</doc>
<msg timestamp="20220721 13:50:43.019" level="INFO">Creating an instance of the Chrome WebDriver.</msg>
<status status="PASS" starttime="20220721 13:50:43.018" endtime="20220721 13:50:44.820"/>
</kw>
<kw name="Go To" library="SeleniumLibrary">
<arg>https://qastaging.alternacx.com/</arg>
<doc>Navigates the current browser window to the provided ``url``.</doc>
<msg timestamp="20220721 13:50:44.822" level="INFO">Opening url 'https://qastaging.alternacx.com/'</msg>
<status status="PASS" starttime="20220721 13:50:44.821" endtime="20220721 13:50:47.351"/>
</kw>
<kw name="Maximize Browser Window" library="SeleniumLibrary">
<doc>Maximizes current browser window.</doc>
<status status="PASS" starttime="20220721 13:50:47.351" endtime="20220721 13:50:47.482"/>
</kw>
<status status="PASS" starttime="20220721 13:50:43.017" endtime="20220721 13:50:47.483"/>
</kw>
<kw name="Set Selenium Timeout" library="SeleniumLibrary">
<arg>20</arg>
<doc>Sets the timeout that is used by various keywords.</doc>
<status status="PASS" starttime="20220721 13:50:47.483" endtime="20220721 13:50:47.485"/>
</kw>
<kw name="Set Selenium Speed" library="SeleniumLibrary">
<arg>1</arg>
<doc>Sets the delay that is waited after each Selenium command.</doc>
<status status="PASS" starttime="20220721 13:50:47.485" endtime="20220721 13:50:47.487"/>
</kw>
<kw name="When fill the login form" library="keywords_LoginPage">
<arg>system</arg>
<arg>Aa3456</arg>
<kw name="Wait Until Element Is Visible" library="SeleniumLibrary">
<arg>${username_l}</arg>
<arg>timeout=20</arg>
<doc>Waits until the element ``locator`` is visible.</doc>
<status status="PASS" starttime="20220721 13:50:47.491" endtime="20220721 13:50:50.788"/>
</kw>
<kw name="Input Text" library="SeleniumLibrary">
<arg>${username_l}</arg>
<arg>${username}</arg>
<doc>Types the given ``text`` into the text field identified by ``locator``.</doc>
<msg timestamp="20220721 13:50:50.791" level="INFO">Typing text 'system' into text field 'xpath://input[@type='text']'.</msg>
<status status="PASS" starttime="20220721 13:50:50.789" endtime="20220721 13:50:54.062"/>
</kw>
<kw name="Input Password" library="SeleniumLibrary">
<arg>${password_l}</arg>
<arg>${password}</arg>
<doc>Types the given password into the text field identified by ``locator``.</doc>
<msg timestamp="20220721 13:50:54.063" level="INFO">Typing password into text field 'xpath://input[@type='password']'.</msg>
<msg timestamp="20220721 13:50:56.163" level="INFO">Temporally setting log level to: NONE</msg>
<msg timestamp="20220721 13:50:57.269" level="INFO">Log level changed from NONE to INFO.</msg>
<status status="PASS" starttime="20220721 13:50:54.062" endtime="20220721 13:50:57.269"/>
</kw>
<status status="PASS" starttime="20220721 13:50:47.488" endtime="20220721 13:50:57.270"/>
</kw>
<kw name="And click login buton" library="keywords_LoginPage">
<kw name="Click Element" library="SeleniumLibrary">
<arg>${login_button_l}</arg>
<doc>Click the element identified by ``locator``.</doc>
<msg timestamp="20220721 13:50:57.270" level="INFO">Clicking element 'xpath://span[contains(text(),'Login')]'.</msg>
<status status="PASS" starttime="20220721 13:50:57.270" endtime="20220721 13:50:59.379"/>
</kw>
<status status="PASS" starttime="20220721 13:50:57.270" endtime="20220721 13:50:59.379"/>
</kw>
<kw name="And click survey management" library="keywords_mainPage">
<kw name="Wait Until Element Is Visible" library="SeleniumLibrary">
<arg>${survey_management_l}</arg>
<doc>Waits until the element ``locator`` is visible.</doc>
<msg timestamp="20220721 13:51:01.062" level="INFO">Suppressing StaleElementReferenceException from Selenium.</msg>
<msg timestamp="20220721 13:51:20.878" level="INFO" html="true">&lt;/td&gt;&lt;/tr&gt;&lt;tr&gt;&lt;td colspan="3"&gt;&lt;a href="selenium-screenshot-1.png"&gt;&lt;img src="selenium-screenshot-1.png" width="800px"&gt;&lt;/a&gt;</msg>
<msg timestamp="20220721 13:51:20.880" level="FAIL">Element 'xpath://div[normalize-space()='Survey Management']' not visible after 20 seconds.</msg>
<status status="FAIL" starttime="20220721 13:50:59.381" endtime="20220721 13:51:20.880"/>
</kw>
<kw name="Click Element" library="SeleniumLibrary">
<arg>${survey_management_l}</arg>
<doc>Click the element identified by ``locator``.</doc>
<status status="NOT RUN" starttime="20220721 13:51:20.880" endtime="20220721 13:51:20.881"/>
</kw>
<status status="FAIL" starttime="20220721 13:50:59.380" endtime="20220721 13:51:20.881"/>
</kw>
<kw name="And click Surveys" library="keywords_mainPage">
<status status="NOT RUN" starttime="20220721 13:51:20.881" endtime="20220721 13:51:20.882"/>
</kw>
<kw name="And click Searchbar And Search Survey and click it" library="keywords_surveyListPage">
<arg>Hic Est Temptare</arg>
<status status="NOT RUN" starttime="20220721 13:51:20.882" endtime="20220721 13:51:20.882"/>
</kw>
<kw name="And click activate" library="keywords_surveyEditPage">
<status status="NOT RUN" starttime="20220721 13:51:20.882" endtime="20220721 13:51:20.882"/>
</kw>
<kw name="And click preview start button" library="keywords_surveyEditPage">
<status status="NOT RUN" starttime="20220721 13:51:20.882" endtime="20220721 13:51:20.883"/>
</kw>
<kw name="Then assert survey title" library="keywords_surveyEditPage">
<status status="NOT RUN" starttime="20220721 13:51:20.883" endtime="20220721 13:51:20.883"/>
</kw>
<kw name="And close survey preview" library="keywords_surveyEditPage">
<status status="NOT RUN" starttime="20220721 13:51:20.883" endtime="20220721 13:51:20.883"/>
</kw>
<kw name="And click activate survey toggle" library="keywords_surveyEditPage">
<status status="NOT RUN" starttime="20220721 13:51:20.883" endtime="20220721 13:51:20.883"/>
</kw>
<kw name="And click yes" library="keywords_surveyEditPage">
<status status="NOT RUN" starttime="20220721 13:51:20.884" endtime="20220721 13:51:20.884"/>
</kw>
<kw name="And click activate survey toggle" library="keywords_surveyEditPage">
<status status="NOT RUN" starttime="20220721 13:51:20.884" endtime="20220721 13:51:20.884"/>
</kw>
<kw name="And click yes" library="keywords_surveyEditPage">
<status status="NOT RUN" starttime="20220721 13:51:20.884" endtime="20220721 13:51:20.885"/>
</kw>
<kw name="And choose users to send invitation" library="keywords_surveyEditPage">
<status status="NOT RUN" starttime="20220721 13:51:20.885" endtime="20220721 13:51:20.885"/>
</kw>
<kw name="And send to test users" library="keywords_surveyEditPage">
<status status="NOT RUN" starttime="20220721 13:51:20.885" endtime="20220721 13:51:20.886"/>
</kw>
<kw name="close browser session" library="keywords_LoginPage" type="TEARDOWN">
<kw name="Close Browser" library="SeleniumLibrary">
<doc>Closes the current browser.</doc>
<status status="PASS" starttime="20220721 13:51:20.890" endtime="20220721 13:51:24.003"/>
</kw>
<status status="PASS" starttime="20220721 13:51:20.886" endtime="20220721 13:51:24.003"/>
</kw>
<status status="FAIL" starttime="20220721 13:50:43.016" endtime="20220721 13:51:24.003">Element 'xpath://div[normalize-space()='Survey Management']' not visible after 20 seconds.</status>
</test>
<doc>Survey Activation, Preview On Survey Activation Page</doc>
<status status="FAIL" starttime="20220721 13:50:42.794" endtime="20220721 13:51:24.008"/>
</suite>
<status status="FAIL" starttime="20220721 13:50:42.769" endtime="20220721 13:51:24.008"/>
</suite>
<statistics>
<total>
<stat pass="0" fail="1" skip="0">All Tests</stat>
</total>
<tag>
</tag>
<suite>
<stat pass="0" fail="1" skip="0" id="s1" name="testCases">testCases</stat>
<stat pass="0" fail="1" skip="0" id="s1-s1" name="SurveyActivate">testCases.SurveyActivate</stat>
</suite>
</statistics>
<errors>
</errors>
</robot>
