<?xml version="1.0" encoding="UTF-8"?>
<robot generator="Robot 4.1.3 (Python 3.10.2 on win32)" generated="20220405 16:13:44.426" rpa="false" schemaversion="2">
<suite id="s1" name="testCases" source="C:\Users\User\PycharmProjects\RobotFramework\tests\testCases">
<suite id="s1-s1" name="QuotaScheduleLimit" source="C:\Users\User\PycharmProjects\RobotFramework\tests\testCases\QuotaScheduleLimit.robot">
<test id="s1-s1-t1" name="Quota Scheduole Limit Check">
<kw name="open the browser with ALternaWebPage" library="keywords_LoginPage" type="SETUP">
<kw name="Create Webdriver" library="SeleniumLibrary">
<arg>Chrome</arg>
<arg>executable_path=tests/drivers/chromedriver.exe</arg>
<doc>Creates an instance of Selenium WebDriver.</doc>
<msg timestamp="20220405 16:13:44.787" level="INFO">Creating an instance of the Chrome WebDriver.</msg>
<status status="PASS" starttime="20220405 16:13:44.787" endtime="20220405 16:13:46.848"/>
</kw>
<kw name="Go To" library="SeleniumLibrary">
<arg>https://staging.alternacx.com/</arg>
<doc>Navigates the current browser window to the provided ``url``.</doc>
<msg timestamp="20220405 16:13:46.849" level="INFO">Opening url 'https://staging.alternacx.com/'</msg>
<status status="PASS" starttime="20220405 16:13:46.848" endtime="20220405 16:13:49.614"/>
</kw>
<kw name="Maximize Browser Window" library="SeleniumLibrary">
<doc>Maximizes current browser window.</doc>
<status status="PASS" starttime="20220405 16:13:49.615" endtime="20220405 16:13:49.760"/>
</kw>
<status status="PASS" starttime="20220405 16:13:44.786" endtime="20220405 16:13:49.761"/>
</kw>
<kw name="Set Selenium Timeout" library="SeleniumLibrary">
<arg>20</arg>
<doc>Sets the timeout that is used by various keywords.</doc>
<status status="PASS" starttime="20220405 16:13:49.761" endtime="20220405 16:13:49.765"/>
</kw>
<kw name="Set Selenium Speed" library="SeleniumLibrary">
<arg>2</arg>
<doc>Sets the delay that is waited after each Selenium command.</doc>
<status status="PASS" starttime="20220405 16:13:49.765" endtime="20220405 16:13:49.767"/>
</kw>
<kw name="When fill the login form" library="keywords_LoginPage">
<arg>umut</arg>
<arg>Hacettepe2019</arg>
<kw name="Wait Until Element Is Visible" library="SeleniumLibrary">
<arg>${username_l}</arg>
<arg>timeout=20</arg>
<doc>Waits until the element ``locator`` is visible.</doc>
<status status="PASS" starttime="20220405 16:13:49.768" endtime="20220405 16:13:56.072"/>
</kw>
<kw name="Input Text" library="SeleniumLibrary">
<arg>${username_l}</arg>
<arg>${username}</arg>
<doc>Types the given ``text`` into the text field identified by ``locator``.</doc>
<msg timestamp="20220405 16:13:56.072" level="INFO">Typing text 'umut' into text field 'xpath://input[@type='text']'.</msg>
<status status="PASS" starttime="20220405 16:13:56.072" endtime="20220405 16:14:02.257"/>
</kw>
<kw name="Input Password" library="SeleniumLibrary">
<arg>${password_l}</arg>
<arg>${password}</arg>
<doc>Types the given password into the text field identified by ``locator``.</doc>
<msg timestamp="20220405 16:14:02.258" level="INFO">Typing password into text field 'xpath://input[@type='password']'.</msg>
<msg timestamp="20220405 16:14:06.322" level="INFO">Temporally setting log level to: NONE</msg>
<msg timestamp="20220405 16:14:08.509" level="INFO">Log level changed from NONE to INFO.</msg>
<status status="PASS" starttime="20220405 16:14:02.257" endtime="20220405 16:14:08.510"/>
</kw>
<status status="PASS" starttime="20220405 16:13:49.767" endtime="20220405 16:14:08.510"/>
</kw>
<kw name="And click login buton" library="keywords_LoginPage">
<kw name="Click Element" library="SeleniumLibrary">
<arg>${login_button_l}</arg>
<doc>Click the element identified by ``locator``.</doc>
<msg timestamp="20220405 16:14:08.513" level="INFO">Clicking element 'xpath://span[contains(text(),'Login')]'.</msg>
<status status="PASS" starttime="20220405 16:14:08.512" endtime="20220405 16:14:12.664"/>
</kw>
<status status="PASS" starttime="20220405 16:14:08.511" endtime="20220405 16:14:12.665"/>
</kw>
<kw name="When click Survey Management" library="keywords_mainPage">
<kw name="Wait Until Element Is Visible" library="SeleniumLibrary">
<arg>${survey_management_l}</arg>
<doc>Waits until the element ``locator`` is visible.</doc>
<status status="PASS" starttime="20220405 16:14:12.666" endtime="20220405 16:14:17.281"/>
</kw>
<kw name="Click Element" library="SeleniumLibrary">
<arg>${survey_management_l}</arg>
<doc>Click the element identified by ``locator``.</doc>
<msg timestamp="20220405 16:14:17.282" level="INFO">Clicking element 'xpath://div[normalize-space()='Survey Management']'.</msg>
<status status="PASS" starttime="20220405 16:14:17.281" endtime="20220405 16:14:21.410"/>
</kw>
<status status="PASS" starttime="20220405 16:14:12.665" endtime="20220405 16:14:21.410"/>
</kw>
<kw name="And click Surveys" library="keywords_mainPage">
<kw name="Wait Until Element Is Visible" library="SeleniumLibrary">
<arg>${surveys_l}</arg>
<doc>Waits until the element ``locator`` is visible.</doc>
<status status="PASS" starttime="20220405 16:14:21.412" endtime="20220405 16:14:25.459"/>
</kw>
<kw name="Click Element" library="SeleniumLibrary">
<arg>${surveys_l}</arg>
<doc>Click the element identified by ``locator``.</doc>
<msg timestamp="20220405 16:14:25.460" level="INFO">Clicking element 'xpath://div[normalize-space()='Surveys']'.</msg>
<status status="PASS" starttime="20220405 16:14:25.459" endtime="20220405 16:14:29.641"/>
</kw>
<status status="PASS" starttime="20220405 16:14:21.411" endtime="20220405 16:14:29.641"/>
</kw>
<kw name="And click Searchbar And Search Temp Survey and click it" library="keywords_surveyListPage">
<kw name="Wait Until Element Is Visible" library="SeleniumLibrary">
<arg>${search_bar_l}</arg>
<doc>Waits until the element ``locator`` is visible.</doc>
<status status="PASS" starttime="20220405 16:14:29.641" endtime="20220405 16:14:33.701"/>
</kw>
<kw name="Input Text" library="SeleniumLibrary">
<arg>${search_bar_l}</arg>
<arg>Hic est temptare</arg>
<doc>Types the given ``text`` into the text field identified by ``locator``.</doc>
<msg timestamp="20220405 16:14:33.702" level="INFO">Typing text 'Hic est temptare' into text field 'xpath://input[@placeholder='Search']'.</msg>
<status status="PASS" starttime="20220405 16:14:33.702" endtime="20220405 16:14:39.859"/>
</kw>
<kw name="Wait Until Element Is Visible" library="SeleniumLibrary">
<arg>${temp_survey_l}</arg>
<doc>Waits until the element ``locator`` is visible.</doc>
<status status="PASS" starttime="20220405 16:14:39.861" endtime="20220405 16:14:43.959"/>
</kw>
<kw name="Click Element" library="SeleniumLibrary">
<arg>${temp_survey_l}</arg>
<doc>Click the element identified by ``locator``.</doc>
<msg timestamp="20220405 16:14:43.960" level="INFO">Clicking element 'xpath://a[contains(text(),'Hic est temptare Quaestionario')]'.</msg>
<status status="PASS" starttime="20220405 16:14:43.959" endtime="20220405 16:14:48.061"/>
</kw>
<status status="PASS" starttime="20220405 16:14:29.641" endtime="20220405 16:14:48.062"/>
</kw>
<kw name="And click Quota Management" library="keywords_surveyEditPage">
<kw name="Wait Until Element Is Visible" library="SeleniumLibrary">
<arg>${quota_management_l}</arg>
<doc>Waits until the element ``locator`` is visible.</doc>
<status status="PASS" starttime="20220405 16:14:48.063" endtime="20220405 16:14:52.142"/>
</kw>
<kw name="Click Element" library="SeleniumLibrary">
<arg>${quota_management_l}</arg>
<doc>Click the element identified by ``locator``.</doc>
<msg timestamp="20220405 16:14:52.143" level="INFO">Clicking element 'xpath://div[@class='q-stepper__header row items-stretch justify-between q-stepper__header--alternative-labels q-stepper__header--border']//div[5]'.</msg>
<status status="PASS" starttime="20220405 16:14:52.142" endtime="20220405 16:14:56.399"/>
</kw>
<status status="PASS" starttime="20220405 16:14:48.062" endtime="20220405 16:14:56.401"/>
</kw>
<kw name="And click new quota" library="keywords_surveyEditPage">
<kw name="Wait Until Element Is Visible" library="SeleniumLibrary">
<arg>${new_quota_l}</arg>
<doc>Waits until the element ``locator`` is visible.</doc>
<status status="PASS" starttime="20220405 16:14:56.406" endtime="20220405 16:15:00.482"/>
</kw>
<kw name="Click Element" library="SeleniumLibrary">
<arg>${new_quota_l}</arg>
<doc>Click the element identified by ``locator``.</doc>
<msg timestamp="20220405 16:15:00.486" level="INFO">Clicking element 'xpath://span[contains(text(),'New Quota')]'.</msg>
<status status="PASS" starttime="20220405 16:15:00.484" endtime="20220405 16:15:04.728"/>
</kw>
<status status="PASS" starttime="20220405 16:14:56.403" endtime="20220405 16:15:04.729"/>
</kw>
<kw name="And click Actions" library="keywords_surveyEditPage">
<kw name="Wait Until Element Is Visible" library="SeleniumLibrary">
<arg>${actions_l}</arg>
<doc>Waits until the element ``locator`` is visible.</doc>
<status status="PASS" starttime="20220405 16:15:04.731" endtime="20220405 16:15:08.772"/>
</kw>
<kw name="Click Element" library="SeleniumLibrary">
<arg>${actions_l}</arg>
<doc>Click the element identified by ``locator``.</doc>
<msg timestamp="20220405 16:15:08.774" level="INFO">Clicking element 'xpath://div[contains(text(),'Actions')]'.</msg>
<status status="PASS" starttime="20220405 16:15:08.773" endtime="20220405 16:15:12.904"/>
</kw>
<status status="PASS" starttime="20220405 16:15:04.730" endtime="20220405 16:15:12.906"/>
</kw>
<kw name="And set active the Refresh quota periodically" library="keywords_surveyEditPage">
<kw name="Wait Until Element Is Visible" library="SeleniumLibrary">
<arg>${refresh_quota_period_toggle_l}</arg>
<doc>Waits until the element ``locator`` is visible.</doc>
<status status="PASS" starttime="20220405 16:15:12.908" endtime="20220405 16:15:16.955"/>
</kw>
<kw name="Click Element" library="SeleniumLibrary">
<arg>${refresh_quota_period_toggle_l}</arg>
<doc>Click the element identified by ``locator``.</doc>
<msg timestamp="20220405 16:15:16.956" level="INFO">Clicking element 'xpath://div[contains(text(),'Refresh quota periodically')]'.</msg>
<status status="PASS" starttime="20220405 16:15:16.956" endtime="20220405 16:15:21.202"/>
</kw>
<status status="PASS" starttime="20220405 16:15:12.906" endtime="20220405 16:15:21.202"/>
</kw>
<kw name="close browser session" library="keywords_LoginPage" type="TEARDOWN">
<kw name="Close Browser" library="SeleniumLibrary">
<doc>Closes the current browser.</doc>
<status status="PASS" starttime="20220405 16:15:21.203" endtime="20220405 16:15:25.293"/>
</kw>
<status status="PASS" starttime="20220405 16:15:21.202" endtime="20220405 16:15:25.294"/>
</kw>
<status status="PASS" starttime="20220405 16:13:44.785" endtime="20220405 16:15:25.294"/>
</test>
<doc>Quota Schedule Limit Check</doc>
<status status="PASS" starttime="20220405 16:13:44.476" endtime="20220405 16:15:25.295"/>
</suite>
<status status="PASS" starttime="20220405 16:13:44.443" endtime="20220405 16:15:25.298"/>
</suite>
<statistics>
<total>
<stat pass="1" fail="0" skip="0">All Tests</stat>
</total>
<tag>
</tag>
<suite>
<stat pass="1" fail="0" skip="0" id="s1" name="testCases">testCases</stat>
<stat pass="1" fail="0" skip="0" id="s1-s1" name="QuotaScheduleLimit">testCases.QuotaScheduleLimit</stat>
</suite>
</statistics>
<errors>
</errors>
</robot>
