<?xml version="1.0" encoding="UTF-8"?>
<robot generator="Robot 4.1.3 (Python 3.10.2 on win32)" generated="20220414 17:06:51.485" rpa="false" schemaversion="2">
<suite id="s1" name="testCases" source="C:\Users\User\PycharmProjects\RobotFramework\tests\testCases">
<suite id="s1-s1" name="SurveyList" source="C:\Users\User\PycharmProjects\RobotFramework\tests\testCases\SurveyList.robot">
<test id="s1-s1-t1" name="SurveyList Ordering, Status Activate-Deactivate,">
<kw name="open the browser with ALternaWebPage" library="keywords_LoginPage" type="SETUP">
<kw name="Create Webdriver" library="SeleniumLibrary">
<arg>Chrome</arg>
<arg>executable_path=tests/drivers/chromedriver.exe</arg>
<doc>Creates an instance of Selenium WebDriver.</doc>
<msg timestamp="20220414 17:06:51.804" level="INFO">Creating an instance of the Chrome WebDriver.</msg>
<status status="PASS" starttime="20220414 17:06:51.803" endtime="20220414 17:06:53.731"/>
</kw>
<kw name="Go To" library="SeleniumLibrary">
<arg>https://staging.alternacx.com/</arg>
<doc>Navigates the current browser window to the provided ``url``.</doc>
<msg timestamp="20220414 17:06:53.732" level="INFO">Opening url 'https://staging.alternacx.com/'</msg>
<status status="PASS" starttime="20220414 17:06:53.731" endtime="20220414 17:07:04.673"/>
</kw>
<kw name="Maximize Browser Window" library="SeleniumLibrary">
<doc>Maximizes current browser window.</doc>
<status status="PASS" starttime="20220414 17:07:04.674" endtime="20220414 17:07:04.804"/>
</kw>
<status status="PASS" starttime="20220414 17:06:51.802" endtime="20220414 17:07:04.804"/>
</kw>
<kw name="Set Selenium Timeout" library="SeleniumLibrary">
<arg>20</arg>
<doc>Sets the timeout that is used by various keywords.</doc>
<status status="PASS" starttime="20220414 17:07:04.805" endtime="20220414 17:07:04.806"/>
</kw>
<kw name="Set Selenium Speed" library="SeleniumLibrary">
<arg>0.5</arg>
<doc>Sets the delay that is waited after each Selenium command.</doc>
<status status="PASS" starttime="20220414 17:07:04.806" endtime="20220414 17:07:04.807"/>
</kw>
<kw name="When fill the login form" library="keywords_LoginPage">
<arg>umut</arg>
<arg>Hacettepe2019</arg>
<kw name="Wait Until Element Is Visible" library="SeleniumLibrary">
<arg>${username_l}</arg>
<arg>timeout=20</arg>
<doc>Waits until the element ``locator`` is visible.</doc>
<status status="PASS" starttime="20220414 17:07:04.807" endtime="20220414 17:07:06.711"/>
</kw>
<kw name="Input Text" library="SeleniumLibrary">
<arg>${username_l}</arg>
<arg>${username}</arg>
<doc>Types the given ``text`` into the text field identified by ``locator``.</doc>
<msg timestamp="20220414 17:07:06.712" level="INFO">Typing text 'umut' into text field 'xpath://input[@type='text']'.</msg>
<status status="PASS" starttime="20220414 17:07:06.711" endtime="20220414 17:07:08.322"/>
</kw>
<kw name="Input Password" library="SeleniumLibrary">
<arg>${password_l}</arg>
<arg>${password}</arg>
<doc>Types the given password into the text field identified by ``locator``.</doc>
<msg timestamp="20220414 17:07:08.323" level="INFO">Typing password into text field 'xpath://input[@type='password']'.</msg>
<msg timestamp="20220414 17:07:09.438" level="INFO">Temporally setting log level to: NONE</msg>
<msg timestamp="20220414 17:07:10.504" level="INFO">Log level changed from NONE to INFO.</msg>
<status status="PASS" starttime="20220414 17:07:08.322" endtime="20220414 17:07:10.504"/>
</kw>
<status status="PASS" starttime="20220414 17:07:04.807" endtime="20220414 17:07:10.505"/>
</kw>
<kw name="And click login buton" library="keywords_LoginPage">
<kw name="Click Element" library="SeleniumLibrary">
<arg>${login_button_l}</arg>
<doc>Click the element identified by ``locator``.</doc>
<msg timestamp="20220414 17:07:10.510" level="INFO">Clicking element 'xpath://span[contains(text(),'Login')]'.</msg>
<status status="PASS" starttime="20220414 17:07:10.507" endtime="20220414 17:07:11.619"/>
</kw>
<status status="PASS" starttime="20220414 17:07:10.505" endtime="20220414 17:07:11.619"/>
</kw>
<kw name="And click survey management" library="keywords_mainPage">
<kw name="Wait Until Element Is Visible" library="SeleniumLibrary">
<arg>${survey_management_l}</arg>
<doc>Waits until the element ``locator`` is visible.</doc>
<status status="PASS" starttime="20220414 17:07:11.620" endtime="20220414 17:07:14.449"/>
</kw>
<kw name="Click Element" library="SeleniumLibrary">
<arg>${survey_management_l}</arg>
<doc>Click the element identified by ``locator``.</doc>
<msg timestamp="20220414 17:07:14.450" level="INFO">Clicking element 'xpath://div[normalize-space()='Survey Management']'.</msg>
<status status="PASS" starttime="20220414 17:07:14.449" endtime="20220414 17:07:15.532"/>
</kw>
<status status="PASS" starttime="20220414 17:07:11.619" endtime="20220414 17:07:15.532"/>
</kw>
<kw name="And click Surveys" library="keywords_mainPage">
<kw name="Wait Until Element Is Visible" library="SeleniumLibrary">
<arg>${surveys_l}</arg>
<doc>Waits until the element ``locator`` is visible.</doc>
<status status="PASS" starttime="20220414 17:07:15.533" endtime="20220414 17:07:16.569"/>
</kw>
<kw name="Click Element" library="SeleniumLibrary">
<arg>${surveys_l}</arg>
<doc>Click the element identified by ``locator``.</doc>
<msg timestamp="20220414 17:07:16.569" level="INFO">Clicking element 'xpath://div[normalize-space()='Surveys']'.</msg>
<status status="PASS" starttime="20220414 17:07:16.569" endtime="20220414 17:07:17.767"/>
</kw>
<status status="PASS" starttime="20220414 17:07:15.533" endtime="20220414 17:07:17.768"/>
</kw>
<kw name="And click title on table" library="keywords_surveyListPage">
<kw name="Wait Until Element Is Visible" library="SeleniumLibrary">
<arg>${title_l}</arg>
<doc>Waits until the element ``locator`` is visible.</doc>
<status status="PASS" starttime="20220414 17:07:17.772" endtime="20220414 17:07:18.888"/>
</kw>
<kw name="Click Element" library="SeleniumLibrary">
<arg>${title_l}</arg>
<doc>Click the element identified by ``locator``.</doc>
<msg timestamp="20220414 17:07:18.889" level="INFO">Clicking element 'xpath://span[normalize-space()='Title']'.</msg>
<status status="PASS" starttime="20220414 17:07:18.888" endtime="20220414 17:07:19.970"/>
</kw>
<status status="PASS" starttime="20220414 17:07:17.769" endtime="20220414 17:07:19.972"/>
</kw>
<kw name="And click Searchbar And Search Temp Survey" library="keywords_surveyListPage">
<kw name="Wait Until Element Is Visible" library="SeleniumLibrary">
<arg>${search_bar_l}</arg>
<doc>Waits until the element ``locator`` is visible.</doc>
<status status="PASS" starttime="20220414 17:07:19.976" endtime="20220414 17:07:21.073"/>
</kw>
<kw name="Input Text" library="SeleniumLibrary">
<arg>${search_bar_l}</arg>
<arg>Hic est temptare</arg>
<doc>Types the given ``text`` into the text field identified by ``locator``.</doc>
<msg timestamp="20220414 17:07:21.074" level="INFO">Typing text 'Hic est temptare' into text field 'xpath://input[@placeholder='Search']'.</msg>
<status status="PASS" starttime="20220414 17:07:21.073" endtime="20220414 17:07:22.714"/>
</kw>
<kw name="Wait Until Element Is Visible" library="SeleniumLibrary">
<arg>${temp_survey_l}</arg>
<doc>Waits until the element ``locator`` is visible.</doc>
<status status="PASS" starttime="20220414 17:07:22.715" endtime="20220414 17:07:25.246"/>
</kw>
<status status="PASS" starttime="20220414 17:07:19.973" endtime="20220414 17:07:25.246"/>
</kw>
<kw name="And click survey activate toggle" library="keywords_surveyListPage">
<kw name="Get Element Attribute" library="SeleniumLibrary">
<var>${status1}</var>
<arg>${activate_toggle_l}</arg>
<arg>aria-checked</arg>
<doc>Returns the value of ``attribute`` from the element ``locator``.</doc>
<msg timestamp="20220414 17:07:26.293" level="INFO">${status1} = true</msg>
<status status="PASS" starttime="20220414 17:07:25.248" endtime="20220414 17:07:26.293"/>
</kw>
<kw name="Log To Console" library="BuiltIn">
<arg>${status1}</arg>
<doc>Logs the given message to the console.</doc>
<status status="PASS" starttime="20220414 17:07:26.294" endtime="20220414 17:07:26.296"/>
</kw>
<kw name="Wait Until Element Is Visible" library="SeleniumLibrary">
<arg>${activate_toggle_l}</arg>
<doc>Waits until the element ``locator`` is visible.</doc>
<status status="PASS" starttime="20220414 17:07:26.296" endtime="20220414 17:07:27.336"/>
</kw>
<kw name="Click Element" library="SeleniumLibrary">
<arg>${activate_toggle_l}</arg>
<doc>Click the element identified by ``locator``.</doc>
<msg timestamp="20220414 17:07:27.336" level="INFO">Clicking element 'xpath://div[@role='checkbox']'.</msg>
<status status="PASS" starttime="20220414 17:07:27.336" endtime="20220414 17:07:28.419"/>
</kw>
<kw name="Wait Until Element Is Visible" library="SeleniumLibrary">
<arg>${activate_toggle_l}</arg>
<doc>Waits until the element ``locator`` is visible.</doc>
<status status="PASS" starttime="20220414 17:07:28.420" endtime="20220414 17:07:29.486"/>
</kw>
<kw name="Get Element Attribute" library="SeleniumLibrary">
<var>${status2}</var>
<arg>${activate_toggle_l}</arg>
<arg>aria-checked</arg>
<doc>Returns the value of ``attribute`` from the element ``locator``.</doc>
<msg timestamp="20220414 17:07:30.561" level="INFO">${status2} = false</msg>
<status status="PASS" starttime="20220414 17:07:29.487" endtime="20220414 17:07:30.561"/>
</kw>
<if>
<branch type="IF" condition="'${status1}' == '${status2}'">
<kw name="Log To Console" library="BuiltIn">
<arg>failure!!!</arg>
<doc>Logs the given message to the console.</doc>
<status status="NOT RUN" starttime="20220414 17:07:30.564" endtime="20220414 17:07:30.564"/>
</kw>
<kw name="Fail" library="BuiltIn">
<arg>failure!!!!!!1111</arg>
<doc>Fails the test with the given message and optionally alters its tags.</doc>
<status status="NOT RUN" starttime="20220414 17:07:30.565" endtime="20220414 17:07:30.565"/>
</kw>
<status status="NOT RUN" starttime="20220414 17:07:30.563" endtime="20220414 17:07:30.566"/>
</branch>
<branch type="ELSE">
<kw name="Log To Console" library="BuiltIn">
<arg>success!!!</arg>
<doc>Logs the given message to the console.</doc>
<status status="PASS" starttime="20220414 17:07:30.567" endtime="20220414 17:07:30.569"/>
</kw>
<status status="PASS" starttime="20220414 17:07:30.566" endtime="20220414 17:07:30.569"/>
</branch>
<status status="PASS" starttime="20220414 17:07:30.562" endtime="20220414 17:07:30.569"/>
</if>
<status status="PASS" starttime="20220414 17:07:25.247" endtime="20220414 17:07:30.569"/>
</kw>
<kw name="And click survey activate toggle" library="keywords_surveyListPage">
<kw name="Get Element Attribute" library="SeleniumLibrary">
<var>${status1}</var>
<arg>${activate_toggle_l}</arg>
<arg>aria-checked</arg>
<doc>Returns the value of ``attribute`` from the element ``locator``.</doc>
<msg timestamp="20220414 17:07:31.615" level="INFO">${status1} = false</msg>
<status status="PASS" starttime="20220414 17:07:30.569" endtime="20220414 17:07:31.616"/>
</kw>
<kw name="Log To Console" library="BuiltIn">
<arg>${status1}</arg>
<doc>Logs the given message to the console.</doc>
<status status="PASS" starttime="20220414 17:07:31.619" endtime="20220414 17:07:31.620"/>
</kw>
<kw name="Wait Until Element Is Visible" library="SeleniumLibrary">
<arg>${activate_toggle_l}</arg>
<doc>Waits until the element ``locator`` is visible.</doc>
<status status="PASS" starttime="20220414 17:07:31.621" endtime="20220414 17:07:32.719"/>
</kw>
<kw name="Click Element" library="SeleniumLibrary">
<arg>${activate_toggle_l}</arg>
<doc>Click the element identified by ``locator``.</doc>
<msg timestamp="20220414 17:07:32.719" level="INFO">Clicking element 'xpath://div[@role='checkbox']'.</msg>
<status status="PASS" starttime="20220414 17:07:32.719" endtime="20220414 17:07:33.790"/>
</kw>
<kw name="Wait Until Element Is Visible" library="SeleniumLibrary">
<arg>${activate_toggle_l}</arg>
<doc>Waits until the element ``locator`` is visible.</doc>
<status status="PASS" starttime="20220414 17:07:33.791" endtime="20220414 17:07:34.831"/>
</kw>
<kw name="Get Element Attribute" library="SeleniumLibrary">
<var>${status2}</var>
<arg>${activate_toggle_l}</arg>
<arg>aria-checked</arg>
<doc>Returns the value of ``attribute`` from the element ``locator``.</doc>
<msg timestamp="20220414 17:07:35.875" level="INFO">${status2} = true</msg>
<status status="PASS" starttime="20220414 17:07:34.832" endtime="20220414 17:07:35.875"/>
</kw>
<if>
<branch type="IF" condition="'${status1}' == '${status2}'">
<kw name="Log To Console" library="BuiltIn">
<arg>failure!!!</arg>
<doc>Logs the given message to the console.</doc>
<status status="NOT RUN" starttime="20220414 17:07:35.878" endtime="20220414 17:07:35.879"/>
</kw>
<kw name="Fail" library="BuiltIn">
<arg>failure!!!!!!1111</arg>
<doc>Fails the test with the given message and optionally alters its tags.</doc>
<status status="NOT RUN" starttime="20220414 17:07:35.880" endtime="20220414 17:07:35.880"/>
</kw>
<status status="NOT RUN" starttime="20220414 17:07:35.877" endtime="20220414 17:07:35.881"/>
</branch>
<branch type="ELSE">
<kw name="Log To Console" library="BuiltIn">
<arg>success!!!</arg>
<doc>Logs the given message to the console.</doc>
<status status="PASS" starttime="20220414 17:07:35.882" endtime="20220414 17:07:35.883"/>
</kw>
<status status="PASS" starttime="20220414 17:07:35.881" endtime="20220414 17:07:35.884"/>
</branch>
<status status="PASS" starttime="20220414 17:07:35.876" endtime="20220414 17:07:35.884"/>
</if>
<status status="PASS" starttime="20220414 17:07:30.569" endtime="20220414 17:07:35.885"/>
</kw>
<kw name="close browser session" library="keywords_LoginPage" type="TEARDOWN">
<kw name="Close Browser" library="SeleniumLibrary">
<doc>Closes the current browser.</doc>
<status status="PASS" starttime="20220414 17:07:35.887" endtime="20220414 17:07:38.510"/>
</kw>
<status status="PASS" starttime="20220414 17:07:35.886" endtime="20220414 17:07:38.510"/>
</kw>
<status status="PASS" starttime="20220414 17:06:51.800" endtime="20220414 17:07:38.511"/>
</test>
<doc>Survey Activation, Invitation , Preview On Survey Activation Page</doc>
<status status="PASS" starttime="20220414 17:06:51.529" endtime="20220414 17:07:38.511"/>
</suite>
<status status="PASS" starttime="20220414 17:06:51.495" endtime="20220414 17:07:38.511"/>
</suite>
<statistics>
<total>
<stat pass="1" fail="0" skip="0">All Tests</stat>
</total>
<tag>
</tag>
<suite>
<stat pass="1" fail="0" skip="0" id="s1" name="testCases">testCases</stat>
<stat pass="1" fail="0" skip="0" id="s1-s1" name="SurveyList">testCases.SurveyList</stat>
</suite>
</statistics>
<errors>
</errors>
</robot>
