<?xml version="1.0" encoding="UTF-8"?>
<robot generator="Robot 4.1.3 (Python 3.10.2 on win32)" generated="20220316 15:45:23.229" rpa="false" schemaversion="2">
<suite id="s1" name="testCases" source="C:\Users\User\PycharmProjects\RobotFramework\tests\testCases">
<suite id="s1-s1" name="SurveyActivate" source="C:\Users\User\PycharmProjects\RobotFramework\tests\testCases\SurveyActivate.robot">
<test id="s1-s1-t1" name="Survey Preview">
<kw name="open the browser with ALternaWebPage" library="keywords_LoginPage" type="SETUP">
<kw name="Create Webdriver" library="SeleniumLibrary">
<arg>Chrome</arg>
<arg>executable_path=tests/drivers/chromedriver.exe</arg>
<doc>Creates an instance of Selenium WebDriver.</doc>
<msg timestamp="20220316 15:45:23.447" level="INFO">Creating an instance of the Chrome WebDriver.</msg>
<status status="PASS" starttime="20220316 15:45:23.446" endtime="20220316 15:45:24.668"/>
</kw>
<kw name="Go To" library="SeleniumLibrary">
<arg>https://staging.alternacx.com/</arg>
<doc>Navigates the current browser window to the provided ``url``.</doc>
<msg timestamp="20220316 15:45:24.669" level="INFO">Opening url 'https://staging.alternacx.com/'</msg>
<status status="PASS" starttime="20220316 15:45:24.669" endtime="20220316 15:45:26.097"/>
</kw>
<kw name="Maximize Browser Window" library="SeleniumLibrary">
<doc>Maximizes current browser window.</doc>
<status status="PASS" starttime="20220316 15:45:26.097" endtime="20220316 15:45:26.210"/>
</kw>
<status status="PASS" starttime="20220316 15:45:23.445" endtime="20220316 15:45:26.211"/>
</kw>
<kw name="Set Selenium Timeout" library="SeleniumLibrary">
<arg>20</arg>
<doc>Sets the timeout that is used by various keywords.</doc>
<status status="PASS" starttime="20220316 15:45:26.212" endtime="20220316 15:45:26.213"/>
</kw>
<kw name="Set Selenium Speed" library="SeleniumLibrary">
<arg>2</arg>
<doc>Sets the delay that is waited after each Selenium command.</doc>
<status status="PASS" starttime="20220316 15:45:26.213" endtime="20220316 15:45:26.214"/>
</kw>
<kw name="When fill the login form" library="keywords_LoginPage">
<arg>umut</arg>
<arg>Hacettepe2019</arg>
<kw name="Wait Until Element Is Visible" library="SeleniumLibrary">
<arg>${username_l}</arg>
<arg>timeout=20</arg>
<doc>Waits until the element ``locator`` is visible.</doc>
<status status="PASS" starttime="20220316 15:45:26.215" endtime="20220316 15:45:32.475"/>
</kw>
<kw name="Input Text" library="SeleniumLibrary">
<arg>${username_l}</arg>
<arg>${username}</arg>
<doc>Types the given ``text`` into the text field identified by ``locator``.</doc>
<msg timestamp="20220316 15:45:32.477" level="INFO">Typing text 'umut' into text field 'xpath://input[@type='text']'.</msg>
<status status="PASS" starttime="20220316 15:45:32.476" endtime="20220316 15:45:38.711"/>
</kw>
<kw name="Input Password" library="SeleniumLibrary">
<arg>${password_l}</arg>
<arg>${password}</arg>
<doc>Types the given password into the text field identified by ``locator``.</doc>
<msg timestamp="20220316 15:45:38.715" level="INFO">Typing password into text field 'xpath://input[@type='password']'.</msg>
<msg timestamp="20220316 15:45:42.818" level="INFO">Temporally setting log level to: NONE</msg>
<msg timestamp="20220316 15:45:45.034" level="INFO">Log level changed from NONE to INFO.</msg>
<status status="PASS" starttime="20220316 15:45:38.711" endtime="20220316 15:45:45.035"/>
</kw>
<status status="PASS" starttime="20220316 15:45:26.214" endtime="20220316 15:45:45.036"/>
</kw>
<kw name="And click login buton" library="keywords_LoginPage">
<kw name="Click Element" library="SeleniumLibrary">
<arg>${login_button_l}</arg>
<doc>Click the element identified by ``locator``.</doc>
<msg timestamp="20220316 15:45:45.040" level="INFO">Clicking element 'xpath://span[contains(text(),'Login')]'.</msg>
<status status="PASS" starttime="20220316 15:45:45.038" endtime="20220316 15:45:49.214"/>
</kw>
<status status="PASS" starttime="20220316 15:45:45.037" endtime="20220316 15:45:49.215"/>
</kw>
<kw name="And click survey management" library="keywords_mainPage">
<kw name="Wait Until Element Is Visible" library="SeleniumLibrary">
<arg>${survey_management_l}</arg>
<doc>Waits until the element ``locator`` is visible.</doc>
<status status="PASS" starttime="20220316 15:45:49.218" endtime="20220316 15:45:53.309"/>
</kw>
<kw name="Click Element" library="SeleniumLibrary">
<arg>${survey_management_l}</arg>
<doc>Click the element identified by ``locator``.</doc>
<msg timestamp="20220316 15:45:53.312" level="INFO">Clicking element 'xpath://div[normalize-space()='Survey Management']'.</msg>
<status status="PASS" starttime="20220316 15:45:53.310" endtime="20220316 15:45:57.460"/>
</kw>
<status status="PASS" starttime="20220316 15:45:49.216" endtime="20220316 15:45:57.461"/>
</kw>
<kw name="And click Surveys" library="keywords_mainPage">
<kw name="Wait Until Element Is Visible" library="SeleniumLibrary">
<arg>${surveys_l}</arg>
<doc>Waits until the element ``locator`` is visible.</doc>
<status status="PASS" starttime="20220316 15:45:57.464" endtime="20220316 15:46:01.541"/>
</kw>
<kw name="Click Element" library="SeleniumLibrary">
<arg>${surveys_l}</arg>
<doc>Click the element identified by ``locator``.</doc>
<msg timestamp="20220316 15:46:01.543" level="INFO">Clicking element 'xpath://div[normalize-space()='Surveys']'.</msg>
<status status="PASS" starttime="20220316 15:46:01.542" endtime="20220316 15:46:05.821"/>
</kw>
<status status="PASS" starttime="20220316 15:45:57.462" endtime="20220316 15:46:05.822"/>
</kw>
<kw name="And click Searchbar And Search Temp Survey and click it" library="keywords_surveyListPage">
<kw name="Wait Until Element Is Visible" library="SeleniumLibrary">
<arg>${search_bar_l}</arg>
<doc>Waits until the element ``locator`` is visible.</doc>
<status status="PASS" starttime="20220316 15:46:05.824" endtime="20220316 15:46:09.900"/>
</kw>
<kw name="Input Text" library="SeleniumLibrary">
<arg>${search_bar_l}</arg>
<arg>Hic est temptare</arg>
<doc>Types the given ``text`` into the text field identified by ``locator``.</doc>
<msg timestamp="20220316 15:46:09.903" level="INFO">Typing text 'Hic est temptare' into text field 'xpath://input[@placeholder='Search']'.</msg>
<status status="PASS" starttime="20220316 15:46:09.901" endtime="20220316 15:46:16.109"/>
</kw>
<kw name="Wait Until Element Is Visible" library="SeleniumLibrary">
<arg>${temp_survey_l}</arg>
<doc>Waits until the element ``locator`` is visible.</doc>
<status status="PASS" starttime="20220316 15:46:16.109" endtime="20220316 15:46:20.168"/>
</kw>
<kw name="Click Element" library="SeleniumLibrary">
<arg>${temp_survey_l}</arg>
<doc>Click the element identified by ``locator``.</doc>
<msg timestamp="20220316 15:46:20.169" level="INFO">Clicking element 'xpath://a[normalize-space()='Hic est temptare Quaestionario']'.</msg>
<status status="PASS" starttime="20220316 15:46:20.168" endtime="20220316 15:46:24.260"/>
</kw>
<status status="PASS" starttime="20220316 15:46:05.823" endtime="20220316 15:46:24.261"/>
</kw>
<kw name="And click activate" library="keywords_surveyEditPage">
<kw name="Wait Until Element Is Visible" library="SeleniumLibrary">
<arg>${activate_l}</arg>
<doc>Waits until the element ``locator`` is visible.</doc>
<status status="PASS" starttime="20220316 15:46:24.264" endtime="20220316 15:46:28.324"/>
</kw>
<kw name="Click Element" library="SeleniumLibrary">
<arg>${activate_l}</arg>
<doc>Click the element identified by ``locator``.</doc>
<msg timestamp="20220316 15:46:28.327" level="INFO">Clicking element 'xpath://div[@class='q-stepper__title'][normalize-space()='Activate']'.</msg>
<status status="PASS" starttime="20220316 15:46:28.325" endtime="20220316 15:46:32.538"/>
</kw>
<status status="PASS" starttime="20220316 15:46:24.262" endtime="20220316 15:46:32.540"/>
</kw>
<kw name="And click preview start button" library="keywords_surveyEditPage">
<kw name="Wait Until Element Is Visible" library="SeleniumLibrary">
<arg>${preview_start_but_l}</arg>
<doc>Waits until the element ``locator`` is visible.</doc>
<status status="PASS" starttime="20220316 15:46:32.543" endtime="20220316 15:46:36.633"/>
</kw>
<kw name="Click Element" library="SeleniumLibrary">
<arg>${preview_start_but_l}</arg>
<doc>Click the element identified by ``locator``.</doc>
<msg timestamp="20220316 15:46:36.634" level="INFO">Clicking element 'xpath://span[normalize-space()='Start']'.</msg>
<status status="PASS" starttime="20220316 15:46:36.634" endtime="20220316 15:46:40.821"/>
</kw>
<status status="PASS" starttime="20220316 15:46:32.541" endtime="20220316 15:46:40.822"/>
</kw>
<kw name="Then assert survey title" library="keywords_surveyEditPage">
<kw name="Wait Until Element Is Visible" library="SeleniumLibrary">
<arg>${card_title_l}</arg>
<doc>Waits until the element ``locator`` is visible.</doc>
<status status="PASS" starttime="20220316 15:46:40.824" endtime="20220316 15:46:49.375"/>
</kw>
<kw name="Element Text Should Be" library="SeleniumLibrary">
<arg>${card_title_l}</arg>
<arg>Hic est temptare Quaestionario</arg>
<doc>Verifies that element ``locator`` contains exact the text ``expected``.</doc>
<msg timestamp="20220316 15:46:49.377" level="INFO">Verifying element 'xpath://div[@class='alterna-cx-card-title']' contains exact text 'Hic est temptare Quaestionario'.</msg>
<status status="PASS" starttime="20220316 15:46:49.377" endtime="20220316 15:46:53.456"/>
</kw>
<status status="PASS" starttime="20220316 15:46:40.823" endtime="20220316 15:46:53.457"/>
</kw>
<kw name="And close survey preview" library="keywords_surveyEditPage">
<kw name="Wait Until Element Is Visible" library="SeleniumLibrary">
<arg>${preview_close_l}</arg>
<doc>Waits until the element ``locator`` is visible.</doc>
<status status="PASS" starttime="20220316 15:46:53.457" endtime="20220316 15:46:57.506"/>
</kw>
<kw name="Click Element" library="SeleniumLibrary">
<arg>${preview_close_l}</arg>
<doc>Click the element identified by ``locator``.</doc>
<msg timestamp="20220316 15:46:57.507" level="INFO">Clicking element 'xpath://span[@class='alterna-cx-card-close alterna-cx-trigger-close']'.</msg>
<status status="PASS" starttime="20220316 15:46:57.506" endtime="20220316 15:47:01.574"/>
</kw>
<status status="PASS" starttime="20220316 15:46:53.457" endtime="20220316 15:47:01.574"/>
</kw>
<kw name="And click activate survey toggle" library="keywords_surveyEditPage">
<kw name="Wait Until Element Is Visible" library="SeleniumLibrary">
<arg>${activate_toggle_l}</arg>
<doc>Waits until the element ``locator`` is visible.</doc>
<status status="PASS" starttime="20220316 15:47:01.575" endtime="20220316 15:47:05.611"/>
</kw>
<kw name="Click Element" library="SeleniumLibrary">
<arg>${activate_toggle_l}</arg>
<doc>Click the element identified by ``locator``.</doc>
<msg timestamp="20220316 15:47:05.613" level="INFO">Clicking element 'xpath://div[@role='checkbox']'.</msg>
<status status="PASS" starttime="20220316 15:47:05.612" endtime="20220316 15:47:09.740"/>
</kw>
<status status="PASS" starttime="20220316 15:47:01.575" endtime="20220316 15:47:09.740"/>
</kw>
<kw name="And click yes" library="keywords_surveyEditPage">
<kw name="Wait Until Element Is Visible" library="SeleniumLibrary">
<arg>${yes_but_l}</arg>
<doc>Waits until the element ``locator`` is visible.</doc>
<status status="PASS" starttime="20220316 15:47:09.741" endtime="20220316 15:47:13.775"/>
</kw>
<kw name="Click Element" library="SeleniumLibrary">
<arg>${yes_but_l}</arg>
<doc>Click the element identified by ``locator``.</doc>
<msg timestamp="20220316 15:47:13.776" level="INFO">Clicking element 'xpath://span[contains(text(),'Yes')]'.</msg>
<status status="PASS" starttime="20220316 15:47:13.775" endtime="20220316 15:47:17.943"/>
</kw>
<status status="PASS" starttime="20220316 15:47:09.741" endtime="20220316 15:47:17.944"/>
</kw>
<kw name="And click activate survey toggle" library="keywords_surveyEditPage">
<kw name="Wait Until Element Is Visible" library="SeleniumLibrary">
<arg>${activate_toggle_l}</arg>
<doc>Waits until the element ``locator`` is visible.</doc>
<status status="PASS" starttime="20220316 15:47:17.946" endtime="20220316 15:47:21.990"/>
</kw>
<kw name="Click Element" library="SeleniumLibrary">
<arg>${activate_toggle_l}</arg>
<doc>Click the element identified by ``locator``.</doc>
<msg timestamp="20220316 15:47:21.990" level="INFO">Clicking element 'xpath://div[@role='checkbox']'.</msg>
<status status="PASS" starttime="20220316 15:47:21.990" endtime="20220316 15:47:26.067"/>
</kw>
<status status="PASS" starttime="20220316 15:47:17.945" endtime="20220316 15:47:26.070"/>
</kw>
<kw name="And click yes" library="keywords_surveyEditPage">
<kw name="Wait Until Element Is Visible" library="SeleniumLibrary">
<arg>${yes_but_l}</arg>
<doc>Waits until the element ``locator`` is visible.</doc>
<status status="PASS" starttime="20220316 15:47:26.078" endtime="20220316 15:47:30.219"/>
</kw>
<kw name="Click Element" library="SeleniumLibrary">
<arg>${yes_but_l}</arg>
<doc>Click the element identified by ``locator``.</doc>
<msg timestamp="20220316 15:47:30.220" level="INFO">Clicking element 'xpath://span[contains(text(),'Yes')]'.</msg>
<status status="PASS" starttime="20220316 15:47:30.219" endtime="20220316 15:47:34.353"/>
</kw>
<status status="PASS" starttime="20220316 15:47:26.074" endtime="20220316 15:47:34.353"/>
</kw>
<kw name="And choose users to send invitation" library="keywords_surveyEditPage">
<kw name="Wait Until Element Is Visible" library="SeleniumLibrary">
<arg>${user_inv_l}</arg>
<doc>Waits until the element ``locator`` is visible.</doc>
<status status="PASS" starttime="20220316 15:47:34.354" endtime="20220316 15:47:38.426"/>
</kw>
<kw name="Execute Javascript" library="SeleniumLibrary">
<arg>window.scrollTo(0, document.body.scrollHeight)</arg>
<doc>Executes the given JavaScript code with possible arguments.</doc>
<msg timestamp="20220316 15:47:38.426" level="INFO">Executing JavaScript:
window.scrollTo(0, document.body.scrollHeight)
Without any arguments.</msg>
<status status="PASS" starttime="20220316 15:47:38.426" endtime="20220316 15:47:40.528"/>
</kw>
<kw name="Click Element" library="SeleniumLibrary">
<arg>${user_inv_l}</arg>
<doc>Click the element identified by ``locator``.</doc>
<msg timestamp="20220316 15:47:40.530" level="INFO">Clicking element 'xpath://div[@class='vue-treeselect__multi-value']'.</msg>
<status status="PASS" starttime="20220316 15:47:40.529" endtime="20220316 15:47:45.089"/>
</kw>
<kw name="Press Keys" library="SeleniumLibrary">
<arg>None</arg>
<arg>UMUT</arg>
<doc>Simulates the user pressing key(s) to an element or on the active browser.</doc>
<msg timestamp="20220316 15:47:45.091" level="INFO">Sending key(s) ('UMUT',) to page.</msg>
<msg timestamp="20220316 15:47:45.091" level="INFO">Sending keys UMUT</msg>
<status status="PASS" starttime="20220316 15:47:45.090" endtime="20220316 15:47:47.337"/>
</kw>
<kw name="Press Keys" library="SeleniumLibrary">
<arg>None</arg>
<arg>RETURN</arg>
<doc>Simulates the user pressing key(s) to an element or on the active browser.</doc>
<msg timestamp="20220316 15:47:47.339" level="INFO">Sending key(s) ('RETURN',) to page.</msg>
<msg timestamp="20220316 15:47:47.340" level="INFO">Pressing special key RETURN to browser.</msg>
<msg timestamp="20220316 15:47:47.340" level="INFO">Releasing special key RETURN.</msg>
<status status="PASS" starttime="20220316 15:47:47.338" endtime="20220316 15:47:49.619"/>
</kw>
<kw name="Press Keys" library="SeleniumLibrary">
<arg>None</arg>
<arg>ESC</arg>
<doc>Simulates the user pressing key(s) to an element or on the active browser.</doc>
<msg timestamp="20220316 15:47:49.619" level="INFO">Sending key(s) ('ESC',) to page.</msg>
<msg timestamp="20220316 15:47:49.619" level="INFO">Pressing special key ESCAPE to browser.</msg>
<msg timestamp="20220316 15:47:49.619" level="INFO">Releasing special key ESCAPE.</msg>
<status status="PASS" starttime="20220316 15:47:49.619" endtime="20220316 15:47:51.706"/>
</kw>
<status status="PASS" starttime="20220316 15:47:34.354" endtime="20220316 15:47:51.707"/>
</kw>
<kw name="And send to test users" library="keywords_surveyEditPage">
<kw name="Wait Until Element Is Visible" library="SeleniumLibrary">
<arg>${send_users_but_l}</arg>
<doc>Waits until the element ``locator`` is visible.</doc>
<status status="PASS" starttime="20220316 15:47:51.709" endtime="20220316 15:47:55.765"/>
</kw>
<kw name="Click Element" library="SeleniumLibrary">
<arg>${send_users_but_l}</arg>
<doc>Click the element identified by ``locator``.</doc>
<msg timestamp="20220316 15:47:55.765" level="INFO">Clicking element 'xpath://span[contains(text(),'Send to Test Users')]'.</msg>
<status status="PASS" starttime="20220316 15:47:55.765" endtime="20220316 15:47:59.929"/>
</kw>
<kw name="Set Selenium Speed" library="SeleniumLibrary">
<arg>3</arg>
<doc>Sets the delay that is waited after each Selenium command.</doc>
<status status="PASS" starttime="20220316 15:47:59.929" endtime="20220316 15:47:59.929"/>
</kw>
<kw name="Wait Until Element Is Visible" library="SeleniumLibrary">
<arg>//div[@class='q-img__content absolute-full']</arg>
<doc>Waits until the element ``locator`` is visible.</doc>
<status status="PASS" starttime="20220316 15:47:59.934" endtime="20220316 15:48:05.997"/>
</kw>
<status status="PASS" starttime="20220316 15:47:51.708" endtime="20220316 15:48:05.998"/>
</kw>
<kw name="close browser session" library="keywords_LoginPage" type="TEARDOWN">
<kw name="Close Browser" library="SeleniumLibrary">
<doc>Closes the current browser.</doc>
<status status="PASS" starttime="20220316 15:48:06.001" endtime="20220316 15:48:11.095"/>
</kw>
<status status="PASS" starttime="20220316 15:48:05.999" endtime="20220316 15:48:11.096"/>
</kw>
<status status="PASS" starttime="20220316 15:45:23.445" endtime="20220316 15:48:11.097"/>
</test>
<doc>Survey Activation, Invitation , Preview On Survey Activation Page</doc>
<status status="PASS" starttime="20220316 15:45:23.257" endtime="20220316 15:48:11.098"/>
</suite>
<status status="PASS" starttime="20220316 15:45:23.236" endtime="20220316 15:48:11.108"/>
</suite>
<statistics>
<total>
<stat pass="1" fail="0" skip="0">All Tests</stat>
</total>
<tag>
</tag>
<suite>
<stat pass="1" fail="0" skip="0" id="s1" name="testCases">testCases</stat>
<stat pass="1" fail="0" skip="0" id="s1-s1" name="SurveyActivate">testCases.SurveyActivate</stat>
</suite>
</statistics>
<errors>
</errors>
</robot>
