<?xml version="1.0" encoding="UTF-8"?>
<robot generator="Robot 4.1.3 (Python 3.10.2 on win32)" generated="20220405 16:13:44.441" rpa="false" schemaversion="2">
<suite id="s1" name="testCases" source="C:\Users\User\PycharmProjects\RobotFramework\tests\testCases">
<suite id="s1-s1" name="SurveyActivate" source="C:\Users\User\PycharmProjects\RobotFramework\tests\testCases\SurveyActivate.robot">
<test id="s1-s1-t1" name="Survey Preview">
<kw name="open the browser with ALternaWebPage" library="keywords_LoginPage" type="SETUP">
<kw name="Create Webdriver" library="SeleniumLibrary">
<arg>Chrome</arg>
<arg>executable_path=tests/drivers/chromedriver.exe</arg>
<doc>Creates an instance of Selenium WebDriver.</doc>
<msg timestamp="20220405 16:13:44.801" level="INFO">Creating an instance of the Chrome WebDriver.</msg>
<status status="PASS" starttime="20220405 16:13:44.801" endtime="20220405 16:13:46.661"/>
</kw>
<kw name="Go To" library="SeleniumLibrary">
<arg>https://staging.alternacx.com/</arg>
<doc>Navigates the current browser window to the provided ``url``.</doc>
<msg timestamp="20220405 16:13:46.663" level="INFO">Opening url 'https://staging.alternacx.com/'</msg>
<status status="PASS" starttime="20220405 16:13:46.663" endtime="20220405 16:13:49.519"/>
</kw>
<kw name="Maximize Browser Window" library="SeleniumLibrary">
<doc>Maximizes current browser window.</doc>
<status status="PASS" starttime="20220405 16:13:49.519" endtime="20220405 16:13:49.649"/>
</kw>
<status status="PASS" starttime="20220405 16:13:44.800" endtime="20220405 16:13:49.651"/>
</kw>
<kw name="Set Selenium Timeout" library="SeleniumLibrary">
<arg>20</arg>
<doc>Sets the timeout that is used by various keywords.</doc>
<status status="PASS" starttime="20220405 16:13:49.652" endtime="20220405 16:13:49.664"/>
</kw>
<kw name="Set Selenium Speed" library="SeleniumLibrary">
<arg>1</arg>
<doc>Sets the delay that is waited after each Selenium command.</doc>
<status status="PASS" starttime="20220405 16:13:49.664" endtime="20220405 16:13:49.665"/>
</kw>
<kw name="When fill the login form" library="keywords_LoginPage">
<arg>umut</arg>
<arg>Hacettepe2019</arg>
<kw name="Wait Until Element Is Visible" library="SeleniumLibrary">
<arg>${username_l}</arg>
<arg>timeout=20</arg>
<doc>Waits until the element ``locator`` is visible.</doc>
<status status="PASS" starttime="20220405 16:13:49.667" endtime="20220405 16:13:52.987"/>
</kw>
<kw name="Input Text" library="SeleniumLibrary">
<arg>${username_l}</arg>
<arg>${username}</arg>
<doc>Types the given ``text`` into the text field identified by ``locator``.</doc>
<msg timestamp="20220405 16:13:52.989" level="INFO">Typing text 'umut' into text field 'xpath://input[@type='text']'.</msg>
<status status="PASS" starttime="20220405 16:13:52.988" endtime="20220405 16:13:56.436"/>
</kw>
<kw name="Input Password" library="SeleniumLibrary">
<arg>${password_l}</arg>
<arg>${password}</arg>
<doc>Types the given password into the text field identified by ``locator``.</doc>
<msg timestamp="20220405 16:13:56.437" level="INFO">Typing password into text field 'xpath://input[@type='password']'.</msg>
<msg timestamp="20220405 16:13:58.524" level="INFO">Temporally setting log level to: NONE</msg>
<msg timestamp="20220405 16:13:59.815" level="INFO">Log level changed from NONE to INFO.</msg>
<status status="PASS" starttime="20220405 16:13:56.436" endtime="20220405 16:13:59.816"/>
</kw>
<status status="PASS" starttime="20220405 16:13:49.666" endtime="20220405 16:13:59.816"/>
</kw>
<kw name="And click login buton" library="keywords_LoginPage">
<kw name="Click Element" library="SeleniumLibrary">
<arg>${login_button_l}</arg>
<doc>Click the element identified by ``locator``.</doc>
<msg timestamp="20220405 16:13:59.819" level="INFO">Clicking element 'xpath://span[contains(text(),'Login')]'.</msg>
<status status="PASS" starttime="20220405 16:13:59.819" endtime="20220405 16:14:01.946"/>
</kw>
<status status="PASS" starttime="20220405 16:13:59.816" endtime="20220405 16:14:01.947"/>
</kw>
<kw name="And click survey management" library="keywords_mainPage">
<kw name="Wait Until Element Is Visible" library="SeleniumLibrary">
<arg>${survey_management_l}</arg>
<doc>Waits until the element ``locator`` is visible.</doc>
<status status="PASS" starttime="20220405 16:14:01.948" endtime="20220405 16:14:05.209"/>
</kw>
<kw name="Click Element" library="SeleniumLibrary">
<arg>${survey_management_l}</arg>
<doc>Click the element identified by ``locator``.</doc>
<msg timestamp="20220405 16:14:05.211" level="INFO">Clicking element 'xpath://div[normalize-space()='Survey Management']'.</msg>
<status status="PASS" starttime="20220405 16:14:05.210" endtime="20220405 16:14:07.356"/>
</kw>
<status status="PASS" starttime="20220405 16:14:01.947" endtime="20220405 16:14:07.357"/>
</kw>
<kw name="And click Surveys" library="keywords_mainPage">
<kw name="Wait Until Element Is Visible" library="SeleniumLibrary">
<arg>${surveys_l}</arg>
<doc>Waits until the element ``locator`` is visible.</doc>
<status status="PASS" starttime="20220405 16:14:07.358" endtime="20220405 16:14:09.397"/>
</kw>
<kw name="Click Element" library="SeleniumLibrary">
<arg>${surveys_l}</arg>
<doc>Click the element identified by ``locator``.</doc>
<msg timestamp="20220405 16:14:09.398" level="INFO">Clicking element 'xpath://div[normalize-space()='Surveys']'.</msg>
<status status="PASS" starttime="20220405 16:14:09.398" endtime="20220405 16:14:11.612"/>
</kw>
<status status="PASS" starttime="20220405 16:14:07.357" endtime="20220405 16:14:11.612"/>
</kw>
<kw name="And click Searchbar And Search Temp Survey and click it" library="keywords_surveyListPage">
<kw name="Wait Until Element Is Visible" library="SeleniumLibrary">
<arg>${search_bar_l}</arg>
<doc>Waits until the element ``locator`` is visible.</doc>
<status status="PASS" starttime="20220405 16:14:11.614" endtime="20220405 16:14:13.668"/>
</kw>
<kw name="Input Text" library="SeleniumLibrary">
<arg>${search_bar_l}</arg>
<arg>Hic est temptare</arg>
<doc>Types the given ``text`` into the text field identified by ``locator``.</doc>
<msg timestamp="20220405 16:14:13.669" level="INFO">Typing text 'Hic est temptare' into text field 'xpath://input[@placeholder='Search']'.</msg>
<status status="PASS" starttime="20220405 16:14:13.668" endtime="20220405 16:14:16.759"/>
</kw>
<kw name="Wait Until Element Is Visible" library="SeleniumLibrary">
<arg>${temp_survey_l}</arg>
<doc>Waits until the element ``locator`` is visible.</doc>
<status status="PASS" starttime="20220405 16:14:16.759" endtime="20220405 16:14:20.138"/>
</kw>
<kw name="Click Element" library="SeleniumLibrary">
<arg>${temp_survey_l}</arg>
<doc>Click the element identified by ``locator``.</doc>
<msg timestamp="20220405 16:14:20.138" level="INFO">Clicking element 'xpath://a[contains(text(),'Hic est temptare Quaestionario')]'.</msg>
<status status="PASS" starttime="20220405 16:14:20.138" endtime="20220405 16:14:22.208"/>
</kw>
<status status="PASS" starttime="20220405 16:14:11.613" endtime="20220405 16:14:22.208"/>
</kw>
<kw name="And click activate" library="keywords_surveyEditPage">
<kw name="Wait Until Element Is Visible" library="SeleniumLibrary">
<arg>${activate_l}</arg>
<doc>Waits until the element ``locator`` is visible.</doc>
<status status="PASS" starttime="20220405 16:14:22.209" endtime="20220405 16:14:24.241"/>
</kw>
<kw name="Click Element" library="SeleniumLibrary">
<arg>${activate_l}</arg>
<doc>Click the element identified by ``locator``.</doc>
<msg timestamp="20220405 16:14:24.243" level="INFO">Clicking element 'xpath://div[@class='q-stepper__title'][normalize-space()='Activate']'.</msg>
<status status="PASS" starttime="20220405 16:14:24.242" endtime="20220405 16:14:26.355"/>
</kw>
<status status="PASS" starttime="20220405 16:14:22.208" endtime="20220405 16:14:26.356"/>
</kw>
<kw name="And click preview start button" library="keywords_surveyEditPage">
<kw name="Wait Until Element Is Visible" library="SeleniumLibrary">
<arg>${preview_start_but_l}</arg>
<doc>Waits until the element ``locator`` is visible.</doc>
<status status="PASS" starttime="20220405 16:14:26.357" endtime="20220405 16:14:28.428"/>
</kw>
<kw name="Click Element" library="SeleniumLibrary">
<arg>${preview_start_but_l}</arg>
<doc>Click the element identified by ``locator``.</doc>
<msg timestamp="20220405 16:14:28.428" level="INFO">Clicking element 'xpath://span[normalize-space()='Start']'.</msg>
<status status="PASS" starttime="20220405 16:14:28.428" endtime="20220405 16:14:30.525"/>
</kw>
<status status="PASS" starttime="20220405 16:14:26.357" endtime="20220405 16:14:30.526"/>
</kw>
<kw name="Then assert survey title" library="keywords_surveyEditPage">
<kw name="Wait Until Element Is Visible" library="SeleniumLibrary">
<arg>${card_title_l}</arg>
<doc>Waits until the element ``locator`` is visible.</doc>
<status status="PASS" starttime="20220405 16:14:30.529" endtime="20220405 16:14:33.914"/>
</kw>
<kw name="Element Text Should Be" library="SeleniumLibrary">
<arg>${card_title_l}</arg>
<arg>Hic est temptare Quaestionario</arg>
<doc>Verifies that element ``locator`` contains exact the text ``expected``.</doc>
<msg timestamp="20220405 16:14:33.917" level="INFO">Verifying element 'xpath://div[@class='alterna-cx-card-title']' contains exact text 'Hic est temptare Quaestionario'.</msg>
<status status="PASS" starttime="20220405 16:14:33.915" endtime="20220405 16:14:35.957"/>
</kw>
<status status="PASS" starttime="20220405 16:14:30.527" endtime="20220405 16:14:35.957"/>
</kw>
<kw name="And close survey preview" library="keywords_surveyEditPage">
<kw name="Wait Until Element Is Visible" library="SeleniumLibrary">
<arg>${preview_close_l}</arg>
<doc>Waits until the element ``locator`` is visible.</doc>
<status status="PASS" starttime="20220405 16:14:35.957" endtime="20220405 16:14:37.997"/>
</kw>
<kw name="Click Element" library="SeleniumLibrary">
<arg>${preview_close_l}</arg>
<doc>Click the element identified by ``locator``.</doc>
<msg timestamp="20220405 16:14:37.998" level="INFO">Clicking element 'xpath://span[@class='alterna-cx-card-close alterna-cx-trigger-close']'.</msg>
<status status="PASS" starttime="20220405 16:14:37.997" endtime="20220405 16:14:40.077"/>
</kw>
<status status="PASS" starttime="20220405 16:14:35.957" endtime="20220405 16:14:40.078"/>
</kw>
<kw name="And click activate survey toggle" library="keywords_surveyEditPage">
<kw name="Wait Until Element Is Visible" library="SeleniumLibrary">
<arg>${activate_toggle_l}</arg>
<doc>Waits until the element ``locator`` is visible.</doc>
<status status="PASS" starttime="20220405 16:14:40.078" endtime="20220405 16:14:42.141"/>
</kw>
<kw name="Click Element" library="SeleniumLibrary">
<arg>${activate_toggle_l}</arg>
<doc>Click the element identified by ``locator``.</doc>
<msg timestamp="20220405 16:14:42.143" level="INFO">Clicking element 'xpath://div[@role='checkbox']'.</msg>
<status status="PASS" starttime="20220405 16:14:42.142" endtime="20220405 16:14:44.361"/>
</kw>
<status status="PASS" starttime="20220405 16:14:40.078" endtime="20220405 16:14:44.362"/>
</kw>
<kw name="And click yes" library="keywords_surveyEditPage">
<kw name="Wait Until Element Is Visible" library="SeleniumLibrary">
<arg>${yes_but_l}</arg>
<doc>Waits until the element ``locator`` is visible.</doc>
<status status="PASS" starttime="20220405 16:14:44.363" endtime="20220405 16:14:46.409"/>
</kw>
<kw name="Click Element" library="SeleniumLibrary">
<arg>${yes_but_l}</arg>
<doc>Click the element identified by ``locator``.</doc>
<msg timestamp="20220405 16:14:46.410" level="INFO">Clicking element 'xpath://span[contains(text(),'Yes')]'.</msg>
<status status="PASS" starttime="20220405 16:14:46.409" endtime="20220405 16:14:48.610"/>
</kw>
<status status="PASS" starttime="20220405 16:14:44.363" endtime="20220405 16:14:48.611"/>
</kw>
<kw name="And click activate survey toggle" library="keywords_surveyEditPage">
<kw name="Wait Until Element Is Visible" library="SeleniumLibrary">
<arg>${activate_toggle_l}</arg>
<doc>Waits until the element ``locator`` is visible.</doc>
<status status="PASS" starttime="20220405 16:14:48.614" endtime="20220405 16:14:50.678"/>
</kw>
<kw name="Click Element" library="SeleniumLibrary">
<arg>${activate_toggle_l}</arg>
<doc>Click the element identified by ``locator``.</doc>
<msg timestamp="20220405 16:14:50.679" level="INFO">Clicking element 'xpath://div[@role='checkbox']'.</msg>
<status status="PASS" starttime="20220405 16:14:50.678" endtime="20220405 16:14:52.802"/>
</kw>
<status status="PASS" starttime="20220405 16:14:48.612" endtime="20220405 16:14:52.803"/>
</kw>
<kw name="And click yes" library="keywords_surveyEditPage">
<kw name="Wait Until Element Is Visible" library="SeleniumLibrary">
<arg>${yes_but_l}</arg>
<doc>Waits until the element ``locator`` is visible.</doc>
<status status="PASS" starttime="20220405 16:14:52.804" endtime="20220405 16:14:54.844"/>
</kw>
<kw name="Click Element" library="SeleniumLibrary">
<arg>${yes_but_l}</arg>
<doc>Click the element identified by ``locator``.</doc>
<msg timestamp="20220405 16:14:54.845" level="INFO">Clicking element 'xpath://span[contains(text(),'Yes')]'.</msg>
<status status="PASS" starttime="20220405 16:14:54.844" endtime="20220405 16:14:57.013"/>
</kw>
<status status="PASS" starttime="20220405 16:14:52.804" endtime="20220405 16:14:57.015"/>
</kw>
<kw name="And choose users to send invitation" library="keywords_surveyEditPage">
<kw name="Wait Until Element Is Visible" library="SeleniumLibrary">
<arg>${user_inv_l}</arg>
<doc>Waits until the element ``locator`` is visible.</doc>
<status status="PASS" starttime="20220405 16:14:57.018" endtime="20220405 16:14:59.079"/>
</kw>
<kw name="Execute Javascript" library="SeleniumLibrary">
<arg>window.scrollTo(0, document.body.scrollHeight)</arg>
<doc>Executes the given JavaScript code with possible arguments.</doc>
<msg timestamp="20220405 16:14:59.080" level="INFO">Executing JavaScript:
window.scrollTo(0, document.body.scrollHeight)
Without any arguments.</msg>
<status status="PASS" starttime="20220405 16:14:59.079" endtime="20220405 16:15:00.150"/>
</kw>
<kw name="Click Element" library="SeleniumLibrary">
<arg>${user_inv_l}</arg>
<doc>Click the element identified by ``locator``.</doc>
<msg timestamp="20220405 16:15:00.152" level="INFO">Clicking element 'xpath://div[@class='vue-treeselect__multi-value']'.</msg>
<status status="PASS" starttime="20220405 16:15:00.151" endtime="20220405 16:15:02.492"/>
</kw>
<kw name="Press Keys" library="SeleniumLibrary">
<arg>None</arg>
<arg>UMUT</arg>
<doc>Simulates the user pressing key(s) to an element or on the active browser.</doc>
<msg timestamp="20220405 16:15:02.494" level="INFO">Sending key(s) ('UMUT',) to page.</msg>
<msg timestamp="20220405 16:15:02.495" level="INFO">Sending keys UMUT</msg>
<status status="PASS" starttime="20220405 16:15:02.493" endtime="20220405 16:15:03.707"/>
</kw>
<kw name="Press Keys" library="SeleniumLibrary">
<arg>None</arg>
<arg>RETURN</arg>
<doc>Simulates the user pressing key(s) to an element or on the active browser.</doc>
<msg timestamp="20220405 16:15:03.709" level="INFO">Sending key(s) ('RETURN',) to page.</msg>
<msg timestamp="20220405 16:15:03.709" level="INFO">Pressing special key RETURN to browser.</msg>
<msg timestamp="20220405 16:15:03.709" level="INFO">Releasing special key RETURN.</msg>
<status status="PASS" starttime="20220405 16:15:03.708" endtime="20220405 16:15:04.871"/>
</kw>
<kw name="Press Keys" library="SeleniumLibrary">
<arg>None</arg>
<arg>ESC</arg>
<doc>Simulates the user pressing key(s) to an element or on the active browser.</doc>
<msg timestamp="20220405 16:15:04.874" level="INFO">Sending key(s) ('ESC',) to page.</msg>
<msg timestamp="20220405 16:15:04.874" level="INFO">Pressing special key ESCAPE to browser.</msg>
<msg timestamp="20220405 16:15:04.875" level="INFO">Releasing special key ESCAPE.</msg>
<status status="PASS" starttime="20220405 16:15:04.871" endtime="20220405 16:15:05.975"/>
</kw>
<status status="PASS" starttime="20220405 16:14:57.016" endtime="20220405 16:15:05.976"/>
</kw>
<kw name="And send to test users" library="keywords_surveyEditPage">
<kw name="Wait Until Element Is Visible" library="SeleniumLibrary">
<arg>${send_users_but_l}</arg>
<doc>Waits until the element ``locator`` is visible.</doc>
<status status="PASS" starttime="20220405 16:15:05.978" endtime="20220405 16:15:08.039"/>
</kw>
<kw name="Click Element" library="SeleniumLibrary">
<arg>${send_users_but_l}</arg>
<doc>Click the element identified by ``locator``.</doc>
<msg timestamp="20220405 16:15:08.041" level="INFO">Clicking element 'xpath://span[contains(text(),'Send to Test Users')]'.</msg>
<status status="PASS" starttime="20220405 16:15:08.040" endtime="20220405 16:15:10.167"/>
</kw>
<kw name="Set Selenium Speed" library="SeleniumLibrary">
<arg>3</arg>
<doc>Sets the delay that is waited after each Selenium command.</doc>
<status status="PASS" starttime="20220405 16:15:10.167" endtime="20220405 16:15:10.168"/>
</kw>
<kw name="Wait Until Element Is Visible" library="SeleniumLibrary">
<arg>//div[@class='q-img__content absolute-full']</arg>
<doc>Waits until the element ``locator`` is visible.</doc>
<status status="PASS" starttime="20220405 16:15:10.168" endtime="20220405 16:15:16.222"/>
</kw>
<status status="PASS" starttime="20220405 16:15:05.977" endtime="20220405 16:15:16.223"/>
</kw>
<kw name="close browser session" library="keywords_LoginPage" type="TEARDOWN">
<kw name="Close Browser" library="SeleniumLibrary">
<doc>Closes the current browser.</doc>
<status status="PASS" starttime="20220405 16:15:16.226" endtime="20220405 16:15:21.327"/>
</kw>
<status status="PASS" starttime="20220405 16:15:16.224" endtime="20220405 16:15:21.327"/>
</kw>
<status status="PASS" starttime="20220405 16:13:44.799" endtime="20220405 16:15:21.328"/>
</test>
<doc>Survey Activation, Preview On Survey Activation Page</doc>
<status status="PASS" starttime="20220405 16:13:44.492" endtime="20220405 16:15:21.329"/>
</suite>
<status status="PASS" starttime="20220405 16:13:44.457" endtime="20220405 16:15:21.332"/>
</suite>
<statistics>
<total>
<stat pass="1" fail="0" skip="0">All Tests</stat>
</total>
<tag>
</tag>
<suite>
<stat pass="1" fail="0" skip="0" id="s1" name="testCases">testCases</stat>
<stat pass="1" fail="0" skip="0" id="s1-s1" name="SurveyActivate">testCases.SurveyActivate</stat>
</suite>
</statistics>
<errors>
</errors>
</robot>
