<?xml version="1.0" encoding="UTF-8"?>
<robot generator="Robot 4.1.3 (Python 3.10.2 on win32)" generated="20220315 14:17:00.459" rpa="false" schemaversion="2">
<suite id="s1" name="testCases" source="C:\Users\User\PycharmProjects\RobotFramework\tests\testCases">
<suite id="s1-s1" name="SurveyGeneral" source="C:\Users\User\PycharmProjects\RobotFramework\tests\testCases\SurveyGeneral.robot">
<test id="s1-s1-t1" name="Survey Edit Title , Execution Title , Language">
<kw name="open the browser with ALternaWebPage" library="keywords_LoginPage" type="SETUP">
<kw name="Create Webdriver" library="SeleniumLibrary">
<arg>Chrome</arg>
<arg>executable_path=tests/drivers/chromedriver.exe</arg>
<doc>Creates an instance of Selenium WebDriver.</doc>
<msg timestamp="20220315 14:17:00.908" level="INFO">Creating an instance of the Chrome WebDriver.</msg>
<status status="PASS" starttime="20220315 14:17:00.908" endtime="20220315 14:17:02.291"/>
</kw>
<kw name="Go To" library="SeleniumLibrary">
<arg>https://staging.alternacx.com/</arg>
<doc>Navigates the current browser window to the provided ``url``.</doc>
<msg timestamp="20220315 14:17:02.292" level="INFO">Opening url 'https://staging.alternacx.com/'</msg>
<status status="PASS" starttime="20220315 14:17:02.291" endtime="20220315 14:17:06.815"/>
</kw>
<kw name="Maximize Browser Window" library="SeleniumLibrary">
<doc>Maximizes current browser window.</doc>
<status status="PASS" starttime="20220315 14:17:06.815" endtime="20220315 14:17:06.933"/>
</kw>
<status status="PASS" starttime="20220315 14:17:00.908" endtime="20220315 14:17:06.933"/>
</kw>
<kw name="Set Selenium Timeout" library="SeleniumLibrary">
<arg>20</arg>
<doc>Sets the timeout that is used by various keywords.</doc>
<status status="PASS" starttime="20220315 14:17:06.933" endtime="20220315 14:17:06.937"/>
</kw>
<kw name="Set Selenium Speed" library="SeleniumLibrary">
<arg>0.5</arg>
<doc>Sets the delay that is waited after each Selenium command.</doc>
<status status="PASS" starttime="20220315 14:17:06.937" endtime="20220315 14:17:06.938"/>
</kw>
<kw name="When fill the login form" library="keywords_LoginPage">
<arg>umut</arg>
<arg>Hacettepe2019</arg>
<kw name="Wait Until Element Is Visible" library="SeleniumLibrary">
<arg>${username_l}</arg>
<arg>timeout=20</arg>
<doc>Waits until the element ``locator`` is visible.</doc>
<status status="PASS" starttime="20220315 14:17:06.938" endtime="20220315 14:17:08.756"/>
</kw>
<kw name="Input Text" library="SeleniumLibrary">
<arg>${username_l}</arg>
<arg>${username}</arg>
<doc>Types the given ``text`` into the text field identified by ``locator``.</doc>
<msg timestamp="20220315 14:17:08.757" level="INFO">Typing text 'umut' into text field 'xpath://input[@type='text']'.</msg>
<status status="PASS" starttime="20220315 14:17:08.757" endtime="20220315 14:17:10.544"/>
</kw>
<kw name="Input Password" library="SeleniumLibrary">
<arg>${password_l}</arg>
<arg>${password}</arg>
<doc>Types the given password into the text field identified by ``locator``.</doc>
<msg timestamp="20220315 14:17:10.546" level="INFO">Typing password into text field 'xpath://input[@type='password']'.</msg>
<msg timestamp="20220315 14:17:11.615" level="INFO">Temporally setting log level to: NONE</msg>
<msg timestamp="20220315 14:17:12.281" level="INFO">Log level changed from NONE to INFO.</msg>
<status status="PASS" starttime="20220315 14:17:10.545" endtime="20220315 14:17:12.281"/>
</kw>
<status status="PASS" starttime="20220315 14:17:06.938" endtime="20220315 14:17:12.282"/>
</kw>
<kw name="And click login buton" library="keywords_LoginPage">
<kw name="Click Element" library="SeleniumLibrary">
<arg>${login_button_l}</arg>
<doc>Click the element identified by ``locator``.</doc>
<msg timestamp="20220315 14:17:12.284" level="INFO">Clicking element 'xpath://span[contains(text(),'Login')]'.</msg>
<status status="PASS" starttime="20220315 14:17:12.283" endtime="20220315 14:17:13.426"/>
</kw>
<status status="PASS" starttime="20220315 14:17:12.282" endtime="20220315 14:17:13.427"/>
</kw>
<kw name="And click survey management" library="keywords_mainPage">
<kw name="Wait Until Element Is Visible" library="SeleniumLibrary">
<arg>${survey_management_l}</arg>
<doc>Waits until the element ``locator`` is visible.</doc>
<status status="PASS" starttime="20220315 14:17:13.429" endtime="20220315 14:17:15.757"/>
</kw>
<kw name="Click Element" library="SeleniumLibrary">
<arg>${survey_management_l}</arg>
<doc>Click the element identified by ``locator``.</doc>
<msg timestamp="20220315 14:17:15.757" level="INFO">Clicking element 'xpath://div[normalize-space()='Survey Management']'.</msg>
<status status="PASS" starttime="20220315 14:17:15.757" endtime="20220315 14:17:16.889"/>
</kw>
<status status="PASS" starttime="20220315 14:17:13.427" endtime="20220315 14:17:16.889"/>
</kw>
<kw name="And click Surveys" library="keywords_mainPage">
<kw name="Wait Until Element Is Visible" library="SeleniumLibrary">
<arg>${surveys_l}</arg>
<doc>Waits until the element ``locator`` is visible.</doc>
<status status="PASS" starttime="20220315 14:17:16.891" endtime="20220315 14:17:17.978"/>
</kw>
<kw name="Click Element" library="SeleniumLibrary">
<arg>${surveys_l}</arg>
<doc>Click the element identified by ``locator``.</doc>
<msg timestamp="20220315 14:17:17.981" level="INFO">Clicking element 'xpath://div[normalize-space()='Surveys']'.</msg>
<status status="PASS" starttime="20220315 14:17:17.979" endtime="20220315 14:17:19.208"/>
</kw>
<status status="PASS" starttime="20220315 14:17:16.890" endtime="20220315 14:17:19.208"/>
</kw>
<kw name="And click Searchbar And Search Temp Survey and click it" library="keywords_surveyListPage">
<kw name="Wait Until Element Is Visible" library="SeleniumLibrary">
<arg>${search_bar_l}</arg>
<doc>Waits until the element ``locator`` is visible.</doc>
<status status="PASS" starttime="20220315 14:17:19.209" endtime="20220315 14:17:20.268"/>
</kw>
<kw name="Input Text" library="SeleniumLibrary">
<arg>${search_bar_l}</arg>
<arg>Hic est temptare</arg>
<doc>Types the given ``text`` into the text field identified by ``locator``.</doc>
<msg timestamp="20220315 14:17:20.269" level="INFO">Typing text 'Hic est temptare' into text field 'xpath://input[@placeholder='Search']'.</msg>
<status status="PASS" starttime="20220315 14:17:20.268" endtime="20220315 14:17:21.976"/>
</kw>
<kw name="Wait Until Element Is Visible" library="SeleniumLibrary">
<arg>${temp_survey_l}</arg>
<doc>Waits until the element ``locator`` is visible.</doc>
<status status="PASS" starttime="20220315 14:17:21.978" endtime="20220315 14:17:24.505"/>
</kw>
<kw name="Click Element" library="SeleniumLibrary">
<arg>${temp_survey_l}</arg>
<doc>Click the element identified by ``locator``.</doc>
<msg timestamp="20220315 14:17:24.508" level="INFO">Clicking element 'xpath://a[normalize-space()='Hic est temptare Quaestionario']'.</msg>
<status status="PASS" starttime="20220315 14:17:24.506" endtime="20220315 14:17:25.637"/>
</kw>
<status status="PASS" starttime="20220315 14:17:19.209" endtime="20220315 14:17:25.638"/>
</kw>
<kw name="And click general" library="keywords_surveyEditPage_General">
<kw name="Execute Javascript" library="SeleniumLibrary">
<arg>window.scrollTo(0, document.body.scrollTop)</arg>
<doc>Executes the given JavaScript code with possible arguments.</doc>
<msg timestamp="20220315 14:17:25.642" level="INFO">Executing JavaScript:
window.scrollTo(0, document.body.scrollTop)
Without any arguments.</msg>
<status status="PASS" starttime="20220315 14:17:25.640" endtime="20220315 14:17:26.441"/>
</kw>
<kw name="Wait Until Element Is Visible" library="SeleniumLibrary">
<arg>${general_l}</arg>
<doc>Waits until the element ``locator`` is visible.</doc>
<status status="PASS" starttime="20220315 14:17:26.441" endtime="20220315 14:17:27.490"/>
</kw>
<kw name="Click Element" library="SeleniumLibrary">
<arg>${general_l}</arg>
<doc>Click the element identified by ``locator``.</doc>
<msg timestamp="20220315 14:17:27.493" level="INFO">Clicking element 'xpath://div[contains(text(),'General')]'.</msg>
<status status="PASS" starttime="20220315 14:17:27.491" endtime="20220315 14:17:28.636"/>
</kw>
<status status="PASS" starttime="20220315 14:17:25.639" endtime="20220315 14:17:28.638"/>
</kw>
<kw name="And change title to temp title" library="keywords_surveyEditPage_General">
<kw name="Wait Until Element Is Visible" library="SeleniumLibrary">
<arg>${title_text_l}</arg>
<doc>Waits until the element ``locator`` is visible.</doc>
<status status="PASS" starttime="20220315 14:17:28.640" endtime="20220315 14:17:29.704"/>
</kw>
<kw name="Input Text" library="SeleniumLibrary">
<arg>${title_text_l}</arg>
<arg>TEMPTEMP</arg>
<doc>Types the given ``text`` into the text field identified by ``locator``.</doc>
<msg timestamp="20220315 14:17:29.705" level="INFO">Typing text 'TEMPTEMP' into text field 'xpath:(//input[@type='text'])[1]'.</msg>
<status status="PASS" starttime="20220315 14:17:29.704" endtime="20220315 14:17:31.692"/>
</kw>
<status status="PASS" starttime="20220315 14:17:28.638" endtime="20220315 14:17:31.692"/>
</kw>
<kw name="And change survey language to english" library="keywords_surveyEditPage_General">
<kw name="Wait Until Element Is Visible" library="SeleniumLibrary">
<arg>${language_text_l}</arg>
<doc>Waits until the element ``locator`` is visible.</doc>
<status status="PASS" starttime="20220315 14:17:31.693" endtime="20220315 14:17:32.739"/>
</kw>
<kw name="Input Text" library="SeleniumLibrary">
<arg>${language_text_l}</arg>
<arg>english</arg>
<doc>Types the given ``text`` into the text field identified by ``locator``.</doc>
<msg timestamp="20220315 14:17:32.740" level="INFO">Typing text 'english' into text field 'xpath:(//input[@type='text'])[2]'.</msg>
<status status="PASS" starttime="20220315 14:17:32.739" endtime="20220315 14:17:34.580"/>
</kw>
<status status="PASS" starttime="20220315 14:17:31.693" endtime="20220315 14:17:34.581"/>
</kw>
<kw name="And click same execution title toggle" library="keywords_surveyEditPage_General">
<kw name="Wait Until Element Is Visible" library="SeleniumLibrary">
<arg>${same_exec_title_toggle_l}</arg>
<doc>Waits until the element ``locator`` is visible.</doc>
<status status="PASS" starttime="20220315 14:17:34.581" endtime="20220315 14:17:35.647"/>
</kw>
<kw name="Click Element" library="SeleniumLibrary">
<arg>${same_exec_title_toggle_l}</arg>
<doc>Click the element identified by ``locator``.</doc>
<msg timestamp="20220315 14:17:35.648" level="INFO">Clicking element 'xpath:(//div[@class='q-toggle__track'])[1]'.</msg>
<status status="PASS" starttime="20220315 14:17:35.647" endtime="20220315 14:17:36.751"/>
</kw>
<status status="PASS" starttime="20220315 14:17:34.581" endtime="20220315 14:17:36.751"/>
</kw>
<kw name="And write execution title" library="keywords_surveyEditPage_General">
<kw name="Wait Until Element Is Visible" library="SeleniumLibrary">
<arg>${exec_title_text_l}</arg>
<doc>Waits until the element ``locator`` is visible.</doc>
<status status="PASS" starttime="20220315 14:17:36.753" endtime="20220315 14:17:37.799"/>
</kw>
<kw name="Input Text" library="SeleniumLibrary">
<arg>${exec_title_text_l}</arg>
<arg>temporarium supplicium titulumç</arg>
<doc>Types the given ``text`` into the text field identified by ``locator``.</doc>
<msg timestamp="20220315 14:17:37.801" level="INFO">Typing text 'temporarium supplicium titulumç' into text field 'xpath:(//input[@type='text'])[3]'.</msg>
<status status="PASS" starttime="20220315 14:17:37.799" endtime="20220315 14:17:40.602"/>
</kw>
<status status="PASS" starttime="20220315 14:17:36.752" endtime="20220315 14:17:40.602"/>
</kw>
<kw name="And click opening message" library="keywords_surveyEditPage_General">
<kw name="Wait Until Element Is Visible" library="SeleniumLibrary">
<arg>${opening_message_l}</arg>
<doc>Waits until the element ``locator`` is visible.</doc>
<status status="PASS" starttime="20220315 14:17:40.605" endtime="20220315 14:17:41.657"/>
</kw>
<kw name="Click Element" library="SeleniumLibrary">
<arg>${opening_message_l}</arg>
<doc>Click the element identified by ``locator``.</doc>
<msg timestamp="20220315 14:17:41.657" level="INFO">Clicking element 'xpath://div[contains(text(),'Opening Message')]'.</msg>
<status status="PASS" starttime="20220315 14:17:41.657" endtime="20220315 14:17:42.859"/>
</kw>
<status status="PASS" starttime="20220315 14:17:40.603" endtime="20220315 14:17:42.859"/>
</kw>
<kw name="And change opening message to temp message" library="keywords_surveyEditPage_General">
<kw name="Wait Until Element Is Visible" library="SeleniumLibrary">
<arg>${opening_message_text_l}</arg>
<doc>Waits until the element ``locator`` is visible.</doc>
<status status="PASS" starttime="20220315 14:17:42.861" endtime="20220315 14:17:43.921"/>
</kw>
<kw name="Click Element" library="SeleniumLibrary">
<arg>${opening_message_text_l}</arg>
<doc>Click the element identified by ``locator``.</doc>
<msg timestamp="20220315 14:17:43.922" level="INFO">Clicking element 'xpath:(//div[@class='q-editor__content'])[1]'.</msg>
<status status="PASS" starttime="20220315 14:17:43.921" endtime="20220315 14:17:45.095"/>
</kw>
<kw name="Press Keys" library="SeleniumLibrary">
<arg>None</arg>
<arg>CTRL+A</arg>
<doc>Simulates the user pressing key(s) to an element or on the active browser.</doc>
<msg timestamp="20220315 14:17:45.097" level="INFO">Sending key(s) ('CTRL+A',) to page.</msg>
<msg timestamp="20220315 14:17:45.097" level="INFO">Pressing special key CONTROL down.</msg>
<msg timestamp="20220315 14:17:45.098" level="INFO">Sending key A</msg>
<msg timestamp="20220315 14:17:45.098" level="INFO">Releasing special key CONTROL.</msg>
<status status="PASS" starttime="20220315 14:17:45.096" endtime="20220315 14:17:45.623"/>
</kw>
<kw name="Press Keys" library="SeleniumLibrary">
<arg>None</arg>
<arg>Automation Test Opening TEMP Message</arg>
<doc>Simulates the user pressing key(s) to an element or on the active browser.</doc>
<msg timestamp="20220315 14:17:45.623" level="INFO">Sending key(s) ('Automation Test Opening TEMP Message',) to page.</msg>
<msg timestamp="20220315 14:17:45.623" level="INFO">Sending keys Automation Test Opening TEMP Message</msg>
<status status="PASS" starttime="20220315 14:17:45.623" endtime="20220315 14:17:47.689"/>
</kw>
<status status="PASS" starttime="20220315 14:17:42.860" endtime="20220315 14:17:47.690"/>
</kw>
<kw name="And click closing message" library="keywords_surveyEditPage_General">
<kw name="Execute Javascript" library="SeleniumLibrary">
<arg>window.scrollTo(0, document.body.scrollHeight)</arg>
<doc>Executes the given JavaScript code with possible arguments.</doc>
<msg timestamp="20220315 14:17:47.693" level="INFO">Executing JavaScript:
window.scrollTo(0, document.body.scrollHeight)
Without any arguments.</msg>
<status status="PASS" starttime="20220315 14:17:47.691" endtime="20220315 14:17:48.206"/>
</kw>
<kw name="Wait Until Element Is Visible" library="SeleniumLibrary">
<arg>${closing_message_l}</arg>
<doc>Waits until the element ``locator`` is visible.</doc>
<status status="PASS" starttime="20220315 14:17:48.207" endtime="20220315 14:17:49.268"/>
</kw>
<kw name="Click Element" library="SeleniumLibrary">
<arg>${closing_message_l}</arg>
<doc>Click the element identified by ``locator``.</doc>
<msg timestamp="20220315 14:17:49.270" level="INFO">Clicking element 'xpath://div[contains(text(),'Closing Message')]'.</msg>
<status status="PASS" starttime="20220315 14:17:49.269" endtime="20220315 14:17:50.375"/>
</kw>
<status status="PASS" starttime="20220315 14:17:47.691" endtime="20220315 14:17:50.376"/>
</kw>
<kw name="And change closing message to temp message" library="keywords_surveyEditPage_General">
<kw name="Wait Until Element Is Visible" library="SeleniumLibrary">
<arg>${closing_message_text_l}</arg>
<doc>Waits until the element ``locator`` is visible.</doc>
<status status="PASS" starttime="20220315 14:17:50.378" endtime="20220315 14:17:51.441"/>
</kw>
<kw name="Click Element" library="SeleniumLibrary">
<arg>${closing_message_text_l}</arg>
<doc>Click the element identified by ``locator``.</doc>
<msg timestamp="20220315 14:17:51.445" level="INFO">Clicking element 'xpath:(//div[@class='q-editor__content'])[2]'.</msg>
<status status="PASS" starttime="20220315 14:17:51.442" endtime="20220315 14:17:52.548"/>
</kw>
<kw name="Press Keys" library="SeleniumLibrary">
<arg>None</arg>
<arg>CTRL+A</arg>
<doc>Simulates the user pressing key(s) to an element or on the active browser.</doc>
<msg timestamp="20220315 14:17:52.548" level="INFO">Sending key(s) ('CTRL+A',) to page.</msg>
<msg timestamp="20220315 14:17:52.548" level="INFO">Pressing special key CONTROL down.</msg>
<msg timestamp="20220315 14:17:52.548" level="INFO">Sending key A</msg>
<msg timestamp="20220315 14:17:52.548" level="INFO">Releasing special key CONTROL.</msg>
<status status="PASS" starttime="20220315 14:17:52.548" endtime="20220315 14:17:53.069"/>
</kw>
<kw name="Press Keys" library="SeleniumLibrary">
<arg>None</arg>
<arg>Automation Test Closing TEMP Message</arg>
<doc>Simulates the user pressing key(s) to an element or on the active browser.</doc>
<msg timestamp="20220315 14:17:53.069" level="INFO">Sending key(s) ('Automation Test Closing TEMP Message',) to page.</msg>
<msg timestamp="20220315 14:17:53.069" level="INFO">Sending keys Automation Test Closing TEMP Message</msg>
<status status="PASS" starttime="20220315 14:17:53.069" endtime="20220315 14:17:54.935"/>
</kw>
<status status="PASS" starttime="20220315 14:17:50.377" endtime="20220315 14:17:54.935"/>
</kw>
<kw name="And click save and continue button" library="keywords_surveyEditPage">
<kw name="Set Selenium Speed" library="SeleniumLibrary">
<arg>1</arg>
<doc>Sets the delay that is waited after each Selenium command.</doc>
<status status="PASS" starttime="20220315 14:17:54.939" endtime="20220315 14:17:54.940"/>
</kw>
<kw name="Wait Until Element Is Visible" library="SeleniumLibrary">
<arg>${save_and_continue_but_l}</arg>
<doc>Waits until the element ``locator`` is visible.</doc>
<status status="PASS" starttime="20220315 14:17:54.941" endtime="20220315 14:17:57.021"/>
</kw>
<kw name="Execute Javascript" library="SeleniumLibrary">
<arg>window.scrollTo(0, document.body.scrollHeight)</arg>
<doc>Executes the given JavaScript code with possible arguments.</doc>
<msg timestamp="20220315 14:17:57.025" level="INFO">Executing JavaScript:
window.scrollTo(0, document.body.scrollHeight)
Without any arguments.</msg>
<status status="PASS" starttime="20220315 14:17:57.023" endtime="20220315 14:17:58.047"/>
</kw>
<kw name="Click Element" library="SeleniumLibrary">
<arg>${save_and_continue_but_l}</arg>
<doc>Click the element identified by ``locator``.</doc>
<msg timestamp="20220315 14:17:58.051" level="INFO">Clicking element 'xpath://button[@class='q-btn q-btn-item non-selectable no-outline q-ml-sm float-right btn-saveAndContinue q-btn--outline q-btn--rectangle text-primary q-btn--actionable q-focusable q-hoverable q-btn--wrap']//span[@class='q-btn__wrapper col row q-anchor--skip']'.</msg>
<status status="PASS" starttime="20220315 14:17:58.049" endtime="20220315 14:18:00.270"/>
</kw>
<kw name="Wait Until Element Is Visible" library="SeleniumLibrary">
<arg>${save_and_continue_but_l}</arg>
<doc>Waits until the element ``locator`` is visible.</doc>
<status status="PASS" starttime="20220315 14:18:00.271" endtime="20220315 14:18:02.698"/>
</kw>
<status status="PASS" starttime="20220315 14:17:54.938" endtime="20220315 14:18:02.698"/>
</kw>
<kw name="And click general" library="keywords_surveyEditPage_General">
<kw name="Execute Javascript" library="SeleniumLibrary">
<arg>window.scrollTo(0, document.body.scrollTop)</arg>
<doc>Executes the given JavaScript code with possible arguments.</doc>
<msg timestamp="20220315 14:18:02.703" level="INFO">Executing JavaScript:
window.scrollTo(0, document.body.scrollTop)
Without any arguments.</msg>
<status status="PASS" starttime="20220315 14:18:02.701" endtime="20220315 14:18:03.725"/>
</kw>
<kw name="Wait Until Element Is Visible" library="SeleniumLibrary">
<arg>${general_l}</arg>
<doc>Waits until the element ``locator`` is visible.</doc>
<status status="PASS" starttime="20220315 14:18:03.725" endtime="20220315 14:18:05.782"/>
</kw>
<kw name="Click Element" library="SeleniumLibrary">
<arg>${general_l}</arg>
<doc>Click the element identified by ``locator``.</doc>
<msg timestamp="20220315 14:18:05.784" level="INFO">Clicking element 'xpath://div[contains(text(),'General')]'.</msg>
<status status="PASS" starttime="20220315 14:18:05.783" endtime="20220315 14:18:08.007"/>
</kw>
<status status="PASS" starttime="20220315 14:18:02.698" endtime="20220315 14:18:08.008"/>
</kw>
<kw name="And change title to original title" library="keywords_surveyEditPage_General">
<kw name="Wait Until Element Is Visible" library="SeleniumLibrary">
<arg>${title_text_l}</arg>
<doc>Waits until the element ``locator`` is visible.</doc>
<status status="PASS" starttime="20220315 14:18:08.009" endtime="20220315 14:18:10.076"/>
</kw>
<kw name="Click Element" library="SeleniumLibrary">
<arg>${title_text_l}</arg>
<doc>Click the element identified by ``locator``.</doc>
<msg timestamp="20220315 14:18:10.078" level="INFO">Clicking element 'xpath:(//input[@type='text'])[1]'.</msg>
<status status="PASS" starttime="20220315 14:18:10.077" endtime="20220315 14:18:12.199"/>
</kw>
<kw name="Press Keys" library="SeleniumLibrary">
<arg>None</arg>
<arg>CTRL+A</arg>
<doc>Simulates the user pressing key(s) to an element or on the active browser.</doc>
<msg timestamp="20220315 14:18:12.203" level="INFO">Sending key(s) ('CTRL+A',) to page.</msg>
<msg timestamp="20220315 14:18:12.204" level="INFO">Pressing special key CONTROL down.</msg>
<msg timestamp="20220315 14:18:12.204" level="INFO">Sending key A</msg>
<msg timestamp="20220315 14:18:12.204" level="INFO">Releasing special key CONTROL.</msg>
<status status="PASS" starttime="20220315 14:18:12.200" endtime="20220315 14:18:13.231"/>
</kw>
<kw name="Press Keys" library="SeleniumLibrary">
<arg>None</arg>
<arg>Hic est temptare Quaestionario</arg>
<doc>Simulates the user pressing key(s) to an element or on the active browser.</doc>
<msg timestamp="20220315 14:18:13.236" level="INFO">Sending key(s) ('Hic est temptare Quaestionario',) to page.</msg>
<msg timestamp="20220315 14:18:13.236" level="INFO">Sending keys Hic est temptare Quaestionario</msg>
<status status="PASS" starttime="20220315 14:18:13.232" endtime="20220315 14:18:15.586"/>
</kw>
<status status="PASS" starttime="20220315 14:18:08.008" endtime="20220315 14:18:15.586"/>
</kw>
<kw name="And change survey language to turkish" library="keywords_surveyEditPage_General">
<kw name="Wait Until Element Is Visible" library="SeleniumLibrary">
<arg>${language_text_l}</arg>
<doc>Waits until the element ``locator`` is visible.</doc>
<status status="PASS" starttime="20220315 14:18:15.588" endtime="20220315 14:18:17.653"/>
</kw>
<kw name="Input Text" library="SeleniumLibrary">
<arg>${language_text_l}</arg>
<arg>turkish</arg>
<doc>Types the given ``text`` into the text field identified by ``locator``.</doc>
<msg timestamp="20220315 14:18:17.654" level="INFO">Typing text 'turkish' into text field 'xpath:(//input[@type='text'])[2]'.</msg>
<status status="PASS" starttime="20220315 14:18:17.654" endtime="20220315 14:18:20.882"/>
</kw>
<status status="PASS" starttime="20220315 14:18:15.587" endtime="20220315 14:18:20.882"/>
</kw>
<kw name="And click same execution title toggle" library="keywords_surveyEditPage_General">
<kw name="Wait Until Element Is Visible" library="SeleniumLibrary">
<arg>${same_exec_title_toggle_l}</arg>
<doc>Waits until the element ``locator`` is visible.</doc>
<status status="PASS" starttime="20220315 14:18:20.883" endtime="20220315 14:18:22.951"/>
</kw>
<kw name="Click Element" library="SeleniumLibrary">
<arg>${same_exec_title_toggle_l}</arg>
<doc>Click the element identified by ``locator``.</doc>
<msg timestamp="20220315 14:18:22.951" level="INFO">Clicking element 'xpath:(//div[@class='q-toggle__track'])[1]'.</msg>
<status status="PASS" starttime="20220315 14:18:22.951" endtime="20220315 14:18:25.206"/>
</kw>
<status status="PASS" starttime="20220315 14:18:20.883" endtime="20220315 14:18:25.207"/>
</kw>
<kw name="And click opening message" library="keywords_surveyEditPage_General">
<kw name="Wait Until Element Is Visible" library="SeleniumLibrary">
<arg>${opening_message_l}</arg>
<doc>Waits until the element ``locator`` is visible.</doc>
<status status="PASS" starttime="20220315 14:18:25.208" endtime="20220315 14:18:27.274"/>
</kw>
<kw name="Click Element" library="SeleniumLibrary">
<arg>${opening_message_l}</arg>
<doc>Click the element identified by ``locator``.</doc>
<msg timestamp="20220315 14:18:27.276" level="INFO">Clicking element 'xpath://div[contains(text(),'Opening Message')]'.</msg>
<status status="PASS" starttime="20220315 14:18:27.275" endtime="20220315 14:18:29.396"/>
</kw>
<status status="PASS" starttime="20220315 14:18:25.207" endtime="20220315 14:18:29.397"/>
</kw>
<kw name="And change opening message to original message" library="keywords_surveyEditPage_General">
<kw name="Wait Until Element Is Visible" library="SeleniumLibrary">
<arg>${opening_message_text_l}</arg>
<doc>Waits until the element ``locator`` is visible.</doc>
<status status="PASS" starttime="20220315 14:18:29.401" endtime="20220315 14:18:31.463"/>
</kw>
<kw name="Click Element" library="SeleniumLibrary">
<arg>${opening_message_text_l}</arg>
<doc>Click the element identified by ``locator``.</doc>
<msg timestamp="20220315 14:18:31.464" level="INFO">Clicking element 'xpath:(//div[@class='q-editor__content'])[1]'.</msg>
<status status="PASS" starttime="20220315 14:18:31.464" endtime="20220315 14:18:33.566"/>
</kw>
<kw name="Press Keys" library="SeleniumLibrary">
<arg>None</arg>
<arg>CTRL+A</arg>
<doc>Simulates the user pressing key(s) to an element or on the active browser.</doc>
<msg timestamp="20220315 14:18:33.570" level="INFO">Sending key(s) ('CTRL+A',) to page.</msg>
<msg timestamp="20220315 14:18:33.571" level="INFO">Pressing special key CONTROL down.</msg>
<msg timestamp="20220315 14:18:33.571" level="INFO">Sending key A</msg>
<msg timestamp="20220315 14:18:33.571" level="INFO">Releasing special key CONTROL.</msg>
<status status="PASS" starttime="20220315 14:18:33.568" endtime="20220315 14:18:34.598"/>
</kw>
<kw name="Press Keys" library="SeleniumLibrary">
<arg>None</arg>
<arg>Automation Test Opening Message</arg>
<doc>Simulates the user pressing key(s) to an element or on the active browser.</doc>
<msg timestamp="20220315 14:18:34.603" level="INFO">Sending key(s) ('Automation Test Opening Message',) to page.</msg>
<msg timestamp="20220315 14:18:34.603" level="INFO">Sending keys Automation Test Opening Message</msg>
<status status="PASS" starttime="20220315 14:18:34.599" endtime="20220315 14:18:36.858"/>
</kw>
<kw name="Click Element" library="SeleniumLibrary">
<arg>${variable_l}</arg>
<doc>Click the element identified by ``locator``.</doc>
<msg timestamp="20220315 14:18:36.860" level="INFO">Clicking element 'xpath:(//span[@class='block'][normalize-space()='Variable'])[1]'.</msg>
<status status="PASS" starttime="20220315 14:18:36.859" endtime="20220315 14:18:39.076"/>
</kw>
<kw name="Click Element" library="SeleniumLibrary">
<arg>${invitee_fullname_l}</arg>
<doc>Click the element identified by ``locator``.</doc>
<msg timestamp="20220315 14:18:39.079" level="INFO">Clicking element 'xpath://div[normalize-space()='Invitee Full Name']'.</msg>
<status status="PASS" starttime="20220315 14:18:39.077" endtime="20220315 14:18:41.248"/>
</kw>
<status status="PASS" starttime="20220315 14:18:29.399" endtime="20220315 14:18:41.250"/>
</kw>
<kw name="And click closing message" library="keywords_surveyEditPage_General">
<kw name="Execute Javascript" library="SeleniumLibrary">
<arg>window.scrollTo(0, document.body.scrollHeight)</arg>
<doc>Executes the given JavaScript code with possible arguments.</doc>
<msg timestamp="20220315 14:18:41.256" level="INFO">Executing JavaScript:
window.scrollTo(0, document.body.scrollHeight)
Without any arguments.</msg>
<status status="PASS" starttime="20220315 14:18:41.253" endtime="20220315 14:18:42.273"/>
</kw>
<kw name="Wait Until Element Is Visible" library="SeleniumLibrary">
<arg>${closing_message_l}</arg>
<doc>Waits until the element ``locator`` is visible.</doc>
<status status="PASS" starttime="20220315 14:18:42.273" endtime="20220315 14:18:44.319"/>
</kw>
<kw name="Click Element" library="SeleniumLibrary">
<arg>${closing_message_l}</arg>
<doc>Click the element identified by ``locator``.</doc>
<msg timestamp="20220315 14:18:44.319" level="INFO">Clicking element 'xpath://div[contains(text(),'Closing Message')]'.</msg>
<status status="PASS" starttime="20220315 14:18:44.319" endtime="20220315 14:18:46.452"/>
</kw>
<status status="PASS" starttime="20220315 14:18:41.252" endtime="20220315 14:18:46.452"/>
</kw>
<kw name="And change closing message to original message" library="keywords_surveyEditPage_General">
<kw name="Wait Until Element Is Visible" library="SeleniumLibrary">
<arg>${closing_message_text_l}</arg>
<doc>Waits until the element ``locator`` is visible.</doc>
<status status="PASS" starttime="20220315 14:18:46.453" endtime="20220315 14:18:48.506"/>
</kw>
<kw name="Click Element" library="SeleniumLibrary">
<arg>${closing_message_text_l}</arg>
<doc>Click the element identified by ``locator``.</doc>
<msg timestamp="20220315 14:18:48.507" level="INFO">Clicking element 'xpath:(//div[@class='q-editor__content'])[2]'.</msg>
<status status="PASS" starttime="20220315 14:18:48.507" endtime="20220315 14:18:50.590"/>
</kw>
<kw name="Press Keys" library="SeleniumLibrary">
<arg>None</arg>
<arg>CTRL+A</arg>
<doc>Simulates the user pressing key(s) to an element or on the active browser.</doc>
<msg timestamp="20220315 14:18:50.592" level="INFO">Sending key(s) ('CTRL+A',) to page.</msg>
<msg timestamp="20220315 14:18:50.593" level="INFO">Pressing special key CONTROL down.</msg>
<msg timestamp="20220315 14:18:50.593" level="INFO">Sending key A</msg>
<msg timestamp="20220315 14:18:50.593" level="INFO">Releasing special key CONTROL.</msg>
<status status="PASS" starttime="20220315 14:18:50.591" endtime="20220315 14:18:51.617"/>
</kw>
<kw name="Press Keys" library="SeleniumLibrary">
<arg>None</arg>
<arg>Automation Test Closing Message</arg>
<doc>Simulates the user pressing key(s) to an element or on the active browser.</doc>
<msg timestamp="20220315 14:18:51.619" level="INFO">Sending key(s) ('Automation Test Closing Message',) to page.</msg>
<msg timestamp="20220315 14:18:51.620" level="INFO">Sending keys Automation Test Closing Message</msg>
<status status="PASS" starttime="20220315 14:18:51.618" endtime="20220315 14:18:54.202"/>
</kw>
<kw name="Click Element" library="SeleniumLibrary">
<arg>${variable_c_l}</arg>
<doc>Click the element identified by ``locator``.</doc>
<msg timestamp="20220315 14:18:54.204" level="INFO">Clicking element 'xpath:(//span[@class='block'][normalize-space()='Variable'])[2]'.</msg>
<status status="PASS" starttime="20220315 14:18:54.202" endtime="20220315 14:18:56.404"/>
</kw>
<kw name="Click Element" library="SeleniumLibrary">
<arg>${invitee_fullname_l}</arg>
<doc>Click the element identified by ``locator``.</doc>
<msg timestamp="20220315 14:18:56.407" level="INFO">Clicking element 'xpath://div[normalize-space()='Invitee Full Name']'.</msg>
<status status="PASS" starttime="20220315 14:18:56.405" endtime="20220315 14:18:58.545"/>
</kw>
<status status="PASS" starttime="20220315 14:18:46.453" endtime="20220315 14:18:58.546"/>
</kw>
<kw name="And click save and continue button" library="keywords_surveyEditPage">
<kw name="Set Selenium Speed" library="SeleniumLibrary">
<arg>1</arg>
<doc>Sets the delay that is waited after each Selenium command.</doc>
<status status="PASS" starttime="20220315 14:18:58.549" endtime="20220315 14:18:58.551"/>
</kw>
<kw name="Wait Until Element Is Visible" library="SeleniumLibrary">
<arg>${save_and_continue_but_l}</arg>
<doc>Waits until the element ``locator`` is visible.</doc>
<status status="PASS" starttime="20220315 14:18:58.551" endtime="20220315 14:19:00.615"/>
</kw>
<kw name="Execute Javascript" library="SeleniumLibrary">
<arg>window.scrollTo(0, document.body.scrollHeight)</arg>
<doc>Executes the given JavaScript code with possible arguments.</doc>
<msg timestamp="20220315 14:19:00.618" level="INFO">Executing JavaScript:
window.scrollTo(0, document.body.scrollHeight)
Without any arguments.</msg>
<status status="PASS" starttime="20220315 14:19:00.616" endtime="20220315 14:19:01.632"/>
</kw>
<kw name="Click Element" library="SeleniumLibrary">
<arg>${save_and_continue_but_l}</arg>
<doc>Click the element identified by ``locator``.</doc>
<msg timestamp="20220315 14:19:01.635" level="INFO">Clicking element 'xpath://button[@class='q-btn q-btn-item non-selectable no-outline q-ml-sm float-right btn-saveAndContinue q-btn--outline q-btn--rectangle text-primary q-btn--actionable q-focusable q-hoverable q-btn--wrap']//span[@class='q-btn__wrapper col row q-anchor--skip']'.</msg>
<status status="PASS" starttime="20220315 14:19:01.633" endtime="20220315 14:19:03.842"/>
</kw>
<kw name="Wait Until Element Is Visible" library="SeleniumLibrary">
<arg>${save_and_continue_but_l}</arg>
<doc>Waits until the element ``locator`` is visible.</doc>
<status status="PASS" starttime="20220315 14:19:03.842" endtime="20220315 14:19:06.278"/>
</kw>
<status status="PASS" starttime="20220315 14:18:58.547" endtime="20220315 14:19:06.279"/>
</kw>
<kw name="close browser session" library="keywords_LoginPage" type="TEARDOWN">
<kw name="Close Browser" library="SeleniumLibrary">
<doc>Closes the current browser.</doc>
<status status="PASS" starttime="20220315 14:19:06.282" endtime="20220315 14:19:09.389"/>
</kw>
<status status="PASS" starttime="20220315 14:19:06.280" endtime="20220315 14:19:09.389"/>
</kw>
<status status="PASS" starttime="20220315 14:17:00.906" endtime="20220315 14:19:09.390"/>
</test>
<doc>Survey Activation, Invitation , Preview On Survey Activation Page</doc>
<status status="PASS" starttime="20220315 14:17:00.513" endtime="20220315 14:19:09.392"/>
</suite>
<status status="PASS" starttime="20220315 14:17:00.480" endtime="20220315 14:19:09.400"/>
</suite>
<statistics>
<total>
<stat pass="1" fail="0" skip="0">All Tests</stat>
</total>
<tag>
</tag>
<suite>
<stat pass="1" fail="0" skip="0" id="s1" name="testCases">testCases</stat>
<stat pass="1" fail="0" skip="0" id="s1-s1" name="SurveyGeneral">testCases.SurveyGeneral</stat>
</suite>
</statistics>
<errors>
</errors>
</robot>
