<?xml version="1.0" encoding="UTF-8"?>
<robot generator="Robot 4.1.3 (Python 3.10.2 on win32)" generated="20220601 12:07:57.738" rpa="false" schemaversion="2">
<suite id="s1" name="ExternalSurvey" source="C:\Users\User\PycharmProjects\RobotFramework\tests\testCases\ExternalSurvey.robot">
<test id="s1-t1" name="External Survey Create">
<kw name="open the browser with ALternaWebPage" library="keywords_LoginPage" type="SETUP">
<kw name="Create Webdriver" library="SeleniumLibrary">
<arg>Chrome</arg>
<arg>executable_path=tests/drivers/chromedriver.exe</arg>
<doc>Creates an instance of Selenium WebDriver.</doc>
<msg timestamp="20220601 12:07:57.948" level="INFO">Creating an instance of the Chrome WebDriver.</msg>
<status status="PASS" starttime="20220601 12:07:57.948" endtime="20220601 12:07:59.142"/>
</kw>
<kw name="Go To" library="SeleniumLibrary">
<arg>https://staging.alternacx.com/</arg>
<doc>Navigates the current browser window to the provided ``url``.</doc>
<msg timestamp="20220601 12:07:59.143" level="INFO">Opening url 'https://staging.alternacx.com/'</msg>
<status status="PASS" starttime="20220601 12:07:59.143" endtime="20220601 12:08:01.064"/>
</kw>
<kw name="Maximize Browser Window" library="SeleniumLibrary">
<doc>Maximizes current browser window.</doc>
<status status="PASS" starttime="20220601 12:08:01.064" endtime="20220601 12:08:01.175"/>
</kw>
<status status="PASS" starttime="20220601 12:07:57.948" endtime="20220601 12:08:01.175"/>
</kw>
<kw name="Evaluate" library="BuiltIn">
<var>${random_number}</var>
<arg>random.sample(range(1, 9999), 1)</arg>
<arg>random</arg>
<doc>Evaluates the given expression in Python and returns the result.</doc>
<msg timestamp="20220601 12:08:01.177" level="INFO">${random_number} = [1530]</msg>
<status status="PASS" starttime="20220601 12:08:01.176" endtime="20220601 12:08:01.177"/>
</kw>
<kw name="Set Selenium Timeout" library="SeleniumLibrary">
<arg>20</arg>
<doc>Sets the timeout that is used by various keywords.</doc>
<status status="PASS" starttime="20220601 12:08:01.178" endtime="20220601 12:08:01.180"/>
</kw>
<kw name="Set Selenium Speed" library="SeleniumLibrary">
<arg>0.5</arg>
<doc>Sets the delay that is waited after each Selenium command.</doc>
<status status="PASS" starttime="20220601 12:08:01.180" endtime="20220601 12:08:01.180"/>
</kw>
<kw name="When fill the login form" library="keywords_LoginPage">
<arg>umut</arg>
<arg>Hacettepe2019</arg>
<kw name="Wait Until Element Is Visible" library="SeleniumLibrary">
<arg>${username_l}</arg>
<arg>timeout=20</arg>
<doc>Waits until the element ``locator`` is visible.</doc>
<status status="PASS" starttime="20220601 12:08:01.181" endtime="20220601 12:08:03.003"/>
</kw>
<kw name="Input Text" library="SeleniumLibrary">
<arg>${username_l}</arg>
<arg>${username}</arg>
<doc>Types the given ``text`` into the text field identified by ``locator``.</doc>
<msg timestamp="20220601 12:08:03.004" level="INFO">Typing text 'umut' into text field 'xpath://input[@type='text']'.</msg>
<status status="PASS" starttime="20220601 12:08:03.004" endtime="20220601 12:08:04.636"/>
</kw>
<kw name="Input Password" library="SeleniumLibrary">
<arg>${password_l}</arg>
<arg>${password}</arg>
<doc>Types the given password into the text field identified by ``locator``.</doc>
<msg timestamp="20220601 12:08:04.637" level="INFO">Typing password into text field 'xpath://input[@type='password']'.</msg>
<msg timestamp="20220601 12:08:05.686" level="INFO">Temporally setting log level to: NONE</msg>
<msg timestamp="20220601 12:08:06.274" level="INFO">Log level changed from NONE to INFO.</msg>
<status status="PASS" starttime="20220601 12:08:04.636" endtime="20220601 12:08:06.274"/>
</kw>
<status status="PASS" starttime="20220601 12:08:01.180" endtime="20220601 12:08:06.274"/>
</kw>
<kw name="And click login buton" library="keywords_LoginPage">
<kw name="Click Element" library="SeleniumLibrary">
<arg>${login_button_l}</arg>
<doc>Click the element identified by ``locator``.</doc>
<msg timestamp="20220601 12:08:06.276" level="INFO">Clicking element 'xpath://span[contains(text(),'Login')]'.</msg>
<status status="PASS" starttime="20220601 12:08:06.276" endtime="20220601 12:08:07.371"/>
</kw>
<status status="PASS" starttime="20220601 12:08:06.275" endtime="20220601 12:08:07.371"/>
</kw>
<kw name="And click Survey Management" library="keywords_MainPage">
<kw name="Wait Until Element Is Visible" library="SeleniumLibrary">
<arg>${survey_management_l}</arg>
<doc>Waits until the element ``locator`` is visible.</doc>
<status status="PASS" starttime="20220601 12:08:07.372" endtime="20220601 12:08:09.192"/>
</kw>
<kw name="Click Element" library="SeleniumLibrary">
<arg>${survey_management_l}</arg>
<doc>Click the element identified by ``locator``.</doc>
<msg timestamp="20220601 12:08:09.193" level="INFO">Clicking element 'xpath://div[normalize-space()='Survey Management']'.</msg>
<status status="PASS" starttime="20220601 12:08:09.192" endtime="20220601 12:08:10.339"/>
</kw>
<status status="PASS" starttime="20220601 12:08:07.372" endtime="20220601 12:08:10.340"/>
</kw>
<kw name="And click Surveys" library="keywords_MainPage">
<kw name="Wait Until Element Is Visible" library="SeleniumLibrary">
<arg>${surveys_l}</arg>
<doc>Waits until the element ``locator`` is visible.</doc>
<status status="PASS" starttime="20220601 12:08:10.343" endtime="20220601 12:08:11.415"/>
</kw>
<kw name="Click Element" library="SeleniumLibrary">
<arg>${surveys_l}</arg>
<doc>Click the element identified by ``locator``.</doc>
<msg timestamp="20220601 12:08:11.415" level="INFO">Clicking element 'xpath://div[normalize-space()='Surveys']'.</msg>
<status status="PASS" starttime="20220601 12:08:11.415" endtime="20220601 12:08:12.549"/>
</kw>
<status status="PASS" starttime="20220601 12:08:10.341" endtime="20220601 12:08:12.549"/>
</kw>
<kw name="And click create survey" library="keywords_surveyListPage">
<kw name="Wait Until Element Is Visible" library="SeleniumLibrary">
<arg>${create_survey_l}</arg>
<doc>Waits until the element ``locator`` is visible.</doc>
<status status="PASS" starttime="20220601 12:08:12.553" endtime="20220601 12:08:13.656"/>
</kw>
<kw name="Click Element" library="SeleniumLibrary">
<arg>${create_survey_l}</arg>
<doc>Click the element identified by ``locator``.</doc>
<msg timestamp="20220601 12:08:13.656" level="INFO">Clicking element 'xpath://span[normalize-space()='Create Survey']'.</msg>
<status status="PASS" starttime="20220601 12:08:13.656" endtime="20220601 12:08:14.803"/>
</kw>
<status status="PASS" starttime="20220601 12:08:12.552" endtime="20220601 12:08:14.804"/>
</kw>
<kw name="And click external survey" library="keywords_surveyListPage">
<kw name="Wait Until Element Is Visible" library="SeleniumLibrary">
<arg>${external_survey_l}</arg>
<doc>Waits until the element ``locator`` is visible.</doc>
<status status="PASS" starttime="20220601 12:08:14.807" endtime="20220601 12:08:15.879"/>
</kw>
<kw name="Click Element" library="SeleniumLibrary">
<arg>${external_survey_l}</arg>
<doc>Click the element identified by ``locator``.</doc>
<msg timestamp="20220601 12:08:15.880" level="INFO">Clicking element 'xpath://div[contains(text(),'External Source Survey')]'.</msg>
<status status="PASS" starttime="20220601 12:08:15.879" endtime="20220601 12:08:16.970"/>
</kw>
<status status="PASS" starttime="20220601 12:08:14.806" endtime="20220601 12:08:16.970"/>
</kw>
<kw name="And write external survey title" library="keywords_ExternalSurveyCreatePage">
<arg>${random_number}</arg>
<kw name="Wait Until Element Is Visible" library="SeleniumLibrary">
<arg>${external_survey_title_l}</arg>
<doc>Waits until the element ``locator`` is visible.</doc>
<status status="PASS" starttime="20220601 12:08:16.971" endtime="20220601 12:08:18.056"/>
</kw>
<kw name="Input Text" library="SeleniumLibrary">
<arg>${external_survey_title_l}</arg>
<arg>Automation External Survey${random_number}</arg>
<doc>Types the given ``text`` into the text field identified by ``locator``.</doc>
<msg timestamp="20220601 12:08:18.058" level="INFO">Typing text 'Automation External Survey[1530]' into text field 'xpath:(//input[@class='q-field__native q-placeholder'])[1]'.</msg>
<status status="PASS" starttime="20220601 12:08:18.057" endtime="20220601 12:08:19.881"/>
</kw>
<status status="PASS" starttime="20220601 12:08:16.971" endtime="20220601 12:08:19.881"/>
</kw>
<kw name="and choose journey stage" library="keywords_ExternalSurveyCreatePage">
<kw name="Wait Until Element Is Visible" library="SeleniumLibrary">
<arg>${journey_stage_l}</arg>
<doc>Waits until the element ``locator`` is visible.</doc>
<status status="PASS" starttime="20220601 12:08:19.882" endtime="20220601 12:08:20.925"/>
</kw>
<kw name="Click Element" library="SeleniumLibrary">
<arg>${journey_stage_l}</arg>
<doc>Click the element identified by ``locator``.</doc>
<msg timestamp="20220601 12:08:20.926" level="INFO">Clicking element 'xpath:(//input[@type='text'])[3]'.</msg>
<status status="PASS" starttime="20220601 12:08:20.925" endtime="20220601 12:08:22.068"/>
</kw>
<kw name="Press Keys" library="SeleniumLibrary">
<arg>None</arg>
<arg>RETURN</arg>
<doc>Simulates the user pressing key(s) to an element or on the active browser.</doc>
<msg timestamp="20220601 12:08:22.068" level="INFO">Sending key(s) ('RETURN',) to page.</msg>
<msg timestamp="20220601 12:08:22.068" level="INFO">Pressing special key RETURN to browser.</msg>
<msg timestamp="20220601 12:08:22.068" level="INFO">Releasing special key RETURN.</msg>
<status status="PASS" starttime="20220601 12:08:22.068" endtime="20220601 12:08:22.620"/>
</kw>
<status status="PASS" starttime="20220601 12:08:19.882" endtime="20220601 12:08:22.621"/>
</kw>
<kw name="And click save and continue button" library="keywords_surveyEditPage">
<kw name="Set Selenium Speed" library="SeleniumLibrary">
<arg>1</arg>
<doc>Sets the delay that is waited after each Selenium command.</doc>
<status status="PASS" starttime="20220601 12:08:22.624" endtime="20220601 12:08:22.626"/>
</kw>
<kw name="Wait Until Element Is Visible" library="SeleniumLibrary">
<arg>${save_and_continue_but_l}</arg>
<doc>Waits until the element ``locator`` is visible.</doc>
<status status="PASS" starttime="20220601 12:08:22.626" endtime="20220601 12:08:24.692"/>
</kw>
<kw name="Execute Javascript" library="SeleniumLibrary">
<arg>window.scrollTo(0, document.body.scrollHeight)</arg>
<doc>Executes the given JavaScript code with possible arguments.</doc>
<msg timestamp="20220601 12:08:24.692" level="INFO">Executing JavaScript:
window.scrollTo(0, document.body.scrollHeight)
Without any arguments.</msg>
<status status="PASS" starttime="20220601 12:08:24.692" endtime="20220601 12:08:25.713"/>
</kw>
<kw name="Click Element" library="SeleniumLibrary">
<arg>${save_and_continue_but_l}</arg>
<doc>Click the element identified by ``locator``.</doc>
<msg timestamp="20220601 12:08:25.715" level="INFO">Clicking element 'xpath://button[@class='q-btn q-btn-item non-selectable no-outline q-ml-sm float-right btn-saveAndContinue q-btn--outline q-btn--rectangle text-primary q-btn--actionable q-focusable q-hoverable q-btn--wrap']//span[@class='q-btn__wrapper col row q-anchor--skip']'.</msg>
<status status="PASS" starttime="20220601 12:08:25.714" endtime="20220601 12:08:27.803"/>
</kw>
<kw name="Wait Until Element Is Visible" library="SeleniumLibrary">
<arg>${save_and_continue_but_l}</arg>
<doc>Waits until the element ``locator`` is visible.</doc>
<status status="PASS" starttime="20220601 12:08:27.804" endtime="20220601 12:08:29.887"/>
</kw>
<status status="PASS" starttime="20220601 12:08:22.623" endtime="20220601 12:08:29.887"/>
</kw>
<kw name="And choose question type" library="keywords_ExternalSurveyCreatePage">
<kw name="Wait Until Element Is Visible" library="SeleniumLibrary">
<arg>${question_type_l}</arg>
<doc>Waits until the element ``locator`` is visible.</doc>
<status status="PASS" starttime="20220601 12:08:29.887" endtime="20220601 12:08:31.958"/>
</kw>
<kw name="Click Element" library="SeleniumLibrary">
<arg>${question_type_l}</arg>
<doc>Click the element identified by ``locator``.</doc>
<msg timestamp="20220601 12:08:31.959" level="INFO">Clicking element 'xpath:(//input[@type='text'])[1]'.</msg>
<status status="PASS" starttime="20220601 12:08:31.958" endtime="20220601 12:08:34.085"/>
</kw>
<kw name="Press Keys" library="SeleniumLibrary">
<arg>None</arg>
<arg>RETURN</arg>
<doc>Simulates the user pressing key(s) to an element or on the active browser.</doc>
<msg timestamp="20220601 12:08:34.085" level="INFO">Sending key(s) ('RETURN',) to page.</msg>
<msg timestamp="20220601 12:08:34.085" level="INFO">Pressing special key RETURN to browser.</msg>
<msg timestamp="20220601 12:08:34.085" level="INFO">Releasing special key RETURN.</msg>
<status status="PASS" starttime="20220601 12:08:34.085" endtime="20220601 12:08:35.138"/>
</kw>
<status status="PASS" starttime="20220601 12:08:29.887" endtime="20220601 12:08:35.138"/>
</kw>
<kw name="and choose experience type" library="keywords_ExternalSurveyCreatePage">
<kw name="Wait Until Element Is Visible" library="SeleniumLibrary">
<arg>${exp_type_l}</arg>
<doc>Waits until the element ``locator`` is visible.</doc>
<status status="PASS" starttime="20220601 12:08:35.138" endtime="20220601 12:08:37.213"/>
</kw>
<kw name="Click Element" library="SeleniumLibrary">
<arg>${exp_type_l}</arg>
<doc>Click the element identified by ``locator``.</doc>
<msg timestamp="20220601 12:08:37.213" level="INFO">Clicking element 'xpath:(//input[@type='text'])[2]'.</msg>
<status status="PASS" starttime="20220601 12:08:37.213" endtime="20220601 12:08:39.360"/>
</kw>
<kw name="Press Keys" library="SeleniumLibrary">
<arg>None</arg>
<arg>RETURN</arg>
<doc>Simulates the user pressing key(s) to an element or on the active browser.</doc>
<msg timestamp="20220601 12:08:39.362" level="INFO">Sending key(s) ('RETURN',) to page.</msg>
<msg timestamp="20220601 12:08:39.362" level="INFO">Pressing special key RETURN to browser.</msg>
<msg timestamp="20220601 12:08:39.363" level="INFO">Releasing special key RETURN.</msg>
<status status="PASS" starttime="20220601 12:08:39.361" endtime="20220601 12:08:40.490"/>
</kw>
<status status="PASS" starttime="20220601 12:08:35.138" endtime="20220601 12:08:40.490"/>
</kw>
<kw name="and write external survey question title" library="keywords_ExternalSurveyCreatePage">
<arg>${random_number}</arg>
<kw name="Wait Until Element Is Visible" library="SeleniumLibrary">
<arg>${external_survey_q_title_l}</arg>
<doc>Waits until the element ``locator`` is visible.</doc>
<status status="PASS" starttime="20220601 12:08:40.492" endtime="20220601 12:08:42.569"/>
</kw>
<kw name="Input Text" library="SeleniumLibrary">
<arg>${external_survey_q_title_l}</arg>
<arg>Automation External Survey Question${random_number}</arg>
<doc>Types the given ``text`` into the text field identified by ``locator``.</doc>
<msg timestamp="20220601 12:08:42.571" level="INFO">Typing text 'Automation External Survey Question[1530]' into text field 'xpath:(//input[@type='text'])[4]'.</msg>
<status status="PASS" starttime="20220601 12:08:42.569" endtime="20220601 12:08:46.307"/>
</kw>
<status status="PASS" starttime="20220601 12:08:40.491" endtime="20220601 12:08:46.307"/>
</kw>
<kw name="And click save and return to list" library="keywords_ExternalSurveyCreatePage">
<kw name="Wait Until Element Is Visible" library="SeleniumLibrary">
<arg>${save_and_return_but_l}</arg>
<doc>Waits until the element ``locator`` is visible.</doc>
<status status="PASS" starttime="20220601 12:08:46.310" endtime="20220601 12:08:48.353"/>
</kw>
<kw name="Execute Javascript" library="SeleniumLibrary">
<arg>window.scrollTo(0, document.body.scrollHeight)</arg>
<doc>Executes the given JavaScript code with possible arguments.</doc>
<msg timestamp="20220601 12:08:48.354" level="INFO">Executing JavaScript:
window.scrollTo(0, document.body.scrollHeight)
Without any arguments.</msg>
<status status="PASS" starttime="20220601 12:08:48.353" endtime="20220601 12:08:49.376"/>
</kw>
<kw name="Click Element" library="SeleniumLibrary">
<arg>${save_and_return_but_l}</arg>
<doc>Click the element identified by ``locator``.</doc>
<msg timestamp="20220601 12:08:49.377" level="INFO">Clicking element 'xpath://span[contains(text(),'Save and Return to List')]'.</msg>
<status status="PASS" starttime="20220601 12:08:49.376" endtime="20220601 12:08:51.512"/>
</kw>
<kw name="Wait Until Element Is Visible" library="SeleniumLibrary">
<arg>//a[normalize-space()='1']</arg>
<doc>Waits until the element ``locator`` is visible.</doc>
<status status="PASS" starttime="20220601 12:08:51.512" endtime="20220601 12:08:54.806"/>
</kw>
<status status="PASS" starttime="20220601 12:08:46.309" endtime="20220601 12:08:54.806"/>
</kw>
<kw name="close browser session" library="keywords_LoginPage" type="TEARDOWN">
<kw name="Close Browser" library="SeleniumLibrary">
<doc>Closes the current browser.</doc>
<status status="PASS" starttime="20220601 12:08:54.806" endtime="20220601 12:08:57.907"/>
</kw>
<status status="PASS" starttime="20220601 12:08:54.806" endtime="20220601 12:08:57.907"/>
</kw>
<status status="PASS" starttime="20220601 12:07:57.947" endtime="20220601 12:08:57.908"/>
</test>
<doc>External Survey</doc>
<status status="PASS" starttime="20220601 12:07:57.739" endtime="20220601 12:08:57.910"/>
</suite>
<statistics>
<total>
<stat pass="1" fail="0" skip="0">All Tests</stat>
</total>
<tag>
</tag>
<suite>
<stat pass="1" fail="0" skip="0" id="s1" name="ExternalSurvey">ExternalSurvey</stat>
</suite>
</statistics>
<errors>
</errors>
</robot>
