<?xml version="1.0" encoding="UTF-8"?>
<robot generator="Robot 4.1.3 (Python 3.10.2 on win32)" generated="20220323 16:30:08.477" rpa="false" schemaversion="2">
<suite id="s1" name="testCases" source="C:\Users\User\PycharmProjects\RobotFramework\tests\testCases">
<suite id="s1-s1" name="AlertIconVisibility" source="C:\Users\User\PycharmProjects\RobotFramework\tests\testCases\AlertIconVisibility.robot">
<test id="s1-s1-t1" name="Alert List Check">
<kw name="open the browser with ALternaWebPage" library="keywords_LoginPage" type="SETUP">
<kw name="Create Webdriver" library="SeleniumLibrary">
<arg>Chrome</arg>
<arg>executable_path=tests/drivers/chromedriver.exe</arg>
<doc>Creates an instance of Selenium WebDriver.</doc>
<msg timestamp="20220323 16:30:09.185" level="INFO">Creating an instance of the Chrome WebDriver.</msg>
<status status="PASS" starttime="20220323 16:30:09.183" endtime="20220323 16:30:12.596"/>
</kw>
<kw name="Go To" library="SeleniumLibrary">
<arg>https://staging.alternacx.com/</arg>
<doc>Navigates the current browser window to the provided ``url``.</doc>
<msg timestamp="20220323 16:30:12.597" level="INFO">Opening url 'https://staging.alternacx.com/'</msg>
<status status="PASS" starttime="20220323 16:30:12.596" endtime="20220323 16:30:17.226"/>
</kw>
<kw name="Maximize Browser Window" library="SeleniumLibrary">
<doc>Maximizes current browser window.</doc>
<status status="PASS" starttime="20220323 16:30:17.226" endtime="20220323 16:30:17.386"/>
</kw>
<status status="PASS" starttime="20220323 16:30:09.182" endtime="20220323 16:30:17.388"/>
</kw>
<kw name="Set Selenium Timeout" library="SeleniumLibrary">
<arg>20</arg>
<doc>Sets the timeout that is used by various keywords.</doc>
<status status="PASS" starttime="20220323 16:30:17.388" endtime="20220323 16:30:17.395"/>
</kw>
<kw name="Set Selenium Speed" library="SeleniumLibrary">
<arg>2</arg>
<doc>Sets the delay that is waited after each Selenium command.</doc>
<status status="PASS" starttime="20220323 16:30:17.396" endtime="20220323 16:30:17.397"/>
</kw>
<kw name="When fill the login form" library="keywords_LoginPage">
<arg>umut</arg>
<arg>Hacettepe2019</arg>
<kw name="Wait Until Element Is Visible" library="SeleniumLibrary">
<arg>${username_l}</arg>
<arg>timeout=20</arg>
<doc>Waits until the element ``locator`` is visible.</doc>
<status status="PASS" starttime="20220323 16:30:17.398" endtime="20220323 16:30:23.961"/>
</kw>
<kw name="Input Text" library="SeleniumLibrary">
<arg>${username_l}</arg>
<arg>${username}</arg>
<doc>Types the given ``text`` into the text field identified by ``locator``.</doc>
<msg timestamp="20220323 16:30:23.962" level="INFO">Typing text 'umut' into text field 'xpath://input[@type='text']'.</msg>
<status status="PASS" starttime="20220323 16:30:23.961" endtime="20220323 16:30:30.342"/>
</kw>
<kw name="Input Password" library="SeleniumLibrary">
<arg>${password_l}</arg>
<arg>${password}</arg>
<doc>Types the given password into the text field identified by ``locator``.</doc>
<msg timestamp="20220323 16:30:30.345" level="INFO">Typing password into text field 'xpath://input[@type='password']'.</msg>
<msg timestamp="20220323 16:30:34.432" level="INFO">Temporally setting log level to: NONE</msg>
<msg timestamp="20220323 16:30:36.737" level="INFO">Log level changed from NONE to INFO.</msg>
<status status="PASS" starttime="20220323 16:30:30.343" endtime="20220323 16:30:36.737"/>
</kw>
<status status="PASS" starttime="20220323 16:30:17.397" endtime="20220323 16:30:36.738"/>
</kw>
<kw name="And click login buton" library="keywords_LoginPage">
<kw name="Click Element" library="SeleniumLibrary">
<arg>${login_button_l}</arg>
<doc>Click the element identified by ``locator``.</doc>
<msg timestamp="20220323 16:30:36.738" level="INFO">Clicking element 'xpath://span[contains(text(),'Login')]'.</msg>
<status status="PASS" starttime="20220323 16:30:36.738" endtime="20220323 16:30:40.944"/>
</kw>
<status status="PASS" starttime="20220323 16:30:36.738" endtime="20220323 16:30:40.945"/>
</kw>
<kw name="Set Selenium Speed" library="SeleniumLibrary">
<arg>1</arg>
<doc>Sets the delay that is waited after each Selenium command.</doc>
<status status="PASS" starttime="20220323 16:30:40.945" endtime="20220323 16:30:40.946"/>
</kw>
<kw name="When click notification bell" library="keywords_MainPage">
<kw name="Wait Until Element Is Visible" library="SeleniumLibrary">
<arg>${notification_bell_icon_l}</arg>
<doc>Waits until the element ``locator`` is visible.</doc>
<status status="PASS" starttime="20220323 16:30:40.948" endtime="20220323 16:30:43.090"/>
</kw>
<kw name="Click Element" library="SeleniumLibrary">
<arg>${notification_bell_icon_l}</arg>
<doc>Click the element identified by ``locator``.</doc>
<msg timestamp="20220323 16:30:43.091" level="INFO">Clicking element 'xpath://div[@role='alert']'.</msg>
<status status="PASS" starttime="20220323 16:30:43.091" endtime="20220323 16:30:45.327"/>
</kw>
<status status="PASS" starttime="20220323 16:30:40.947" endtime="20220323 16:30:45.329"/>
</kw>
<kw name="Then i should see alert list" library="keywords_AlertListPage">
<kw name="Set Selenium Speed" library="SeleniumLibrary">
<arg>1</arg>
<doc>Sets the delay that is waited after each Selenium command.</doc>
<status status="PASS" starttime="20220323 16:30:45.330" endtime="20220323 16:30:45.330"/>
</kw>
<kw name="Wait Until Element Is Visible" library="SeleniumLibrary">
<arg>${notification_bell_l}</arg>
<doc>Waits until the element ``locator`` is visible.</doc>
<status status="PASS" starttime="20220323 16:30:45.330" endtime="20220323 16:30:47.417"/>
</kw>
<kw name="Get Text" library="SeleniumLibrary">
<var>${alert_no}</var>
<arg>${notification_bell_l}</arg>
<doc>Returns the text value of the element identified by ``locator``.</doc>
<msg timestamp="20220323 16:30:49.479" level="INFO">${alert_no} = 1419</msg>
<status status="PASS" starttime="20220323 16:30:47.418" endtime="20220323 16:30:49.480"/>
</kw>
<kw name="Wait Until Element Is Visible" library="SeleniumLibrary">
<arg>${alert_list_count_l}</arg>
<doc>Waits until the element ``locator`` is visible.</doc>
<status status="PASS" starttime="20220323 16:30:49.480" endtime="20220323 16:30:51.575"/>
</kw>
<kw name="Element Should Contain" library="SeleniumLibrary">
<arg>${alert_list_count_l}</arg>
<arg>${alert_no}</arg>
<doc>Verifies that element ``locator`` contains text ``expected``.</doc>
<msg timestamp="20220323 16:30:53.625" level="INFO">Element 'xpath://span[@class='e-pagecountmsg']' contains text '1419'.</msg>
<status status="PASS" starttime="20220323 16:30:51.576" endtime="20220323 16:30:53.625"/>
</kw>
<status status="PASS" starttime="20220323 16:30:45.330" endtime="20220323 16:30:53.626"/>
</kw>
<kw name="close browser session" library="keywords_LoginPage" type="TEARDOWN">
<kw name="Close Browser" library="SeleniumLibrary">
<doc>Closes the current browser.</doc>
<status status="PASS" starttime="20220323 16:30:53.626" endtime="20220323 16:30:56.717"/>
</kw>
<status status="PASS" starttime="20220323 16:30:53.626" endtime="20220323 16:30:56.718"/>
</kw>
<status status="PASS" starttime="20220323 16:30:09.181" endtime="20220323 16:30:56.719"/>
</test>
<doc>Alert List Check</doc>
<status status="PASS" starttime="20220323 16:30:08.547" endtime="20220323 16:30:56.719"/>
</suite>
<status status="PASS" starttime="20220323 16:30:08.495" endtime="20220323 16:30:56.727"/>
</suite>
<statistics>
<total>
<stat pass="1" fail="0" skip="0">All Tests</stat>
</total>
<tag>
</tag>
<suite>
<stat pass="1" fail="0" skip="0" id="s1" name="testCases">testCases</stat>
<stat pass="1" fail="0" skip="0" id="s1-s1" name="AlertIconVisibility">testCases.AlertIconVisibility</stat>
</suite>
</statistics>
<errors>
</errors>
</robot>
