<?xml version="1.0" encoding="UTF-8"?>
<robot generator="Robot 4.1.3 (Python 3.10.2 on win32)" generated="20220414 17:05:47.704" rpa="false" schemaversion="2">
<suite id="s1" name="testCases" source="C:\Users\User\PycharmProjects\RobotFramework\tests\testCases">
<suite id="s1-s1" name="AlertIconVisibility" source="C:\Users\User\PycharmProjects\RobotFramework\tests\testCases\AlertIconVisibility.robot">
<test id="s1-s1-t1" name="Alert List Check">
<kw name="open the browser with ALternaWebPage" library="keywords_LoginPage" type="SETUP">
<kw name="Create Webdriver" library="SeleniumLibrary">
<arg>Chrome</arg>
<arg>executable_path=tests/drivers/chromedriver.exe</arg>
<doc>Creates an instance of Selenium WebDriver.</doc>
<msg timestamp="20220414 17:05:48.110" level="INFO">Creating an instance of the Chrome WebDriver.</msg>
<status status="PASS" starttime="20220414 17:05:48.109" endtime="20220414 17:05:50.731"/>
</kw>
<kw name="Go To" library="SeleniumLibrary">
<arg>https://staging.alternacx.com/</arg>
<doc>Navigates the current browser window to the provided ``url``.</doc>
<msg timestamp="20220414 17:05:50.732" level="INFO">Opening url 'https://staging.alternacx.com/'</msg>
<status status="PASS" starttime="20220414 17:05:50.732" endtime="20220414 17:06:21.365"/>
</kw>
<kw name="Maximize Browser Window" library="SeleniumLibrary">
<doc>Maximizes current browser window.</doc>
<status status="PASS" starttime="20220414 17:06:21.365" endtime="20220414 17:06:21.483"/>
</kw>
<status status="PASS" starttime="20220414 17:05:48.108" endtime="20220414 17:06:21.483"/>
</kw>
<kw name="Set Selenium Timeout" library="SeleniumLibrary">
<arg>20</arg>
<doc>Sets the timeout that is used by various keywords.</doc>
<status status="PASS" starttime="20220414 17:06:21.484" endtime="20220414 17:06:21.485"/>
</kw>
<kw name="Set Selenium Speed" library="SeleniumLibrary">
<arg>1</arg>
<doc>Sets the delay that is waited after each Selenium command.</doc>
<status status="PASS" starttime="20220414 17:06:21.485" endtime="20220414 17:06:21.485"/>
</kw>
<kw name="When fill the login form" library="keywords_LoginPage">
<arg>umut</arg>
<arg>Hacettepe2019</arg>
<kw name="Wait Until Element Is Visible" library="SeleniumLibrary">
<arg>${username_l}</arg>
<arg>timeout=20</arg>
<doc>Waits until the element ``locator`` is visible.</doc>
<status status="PASS" starttime="20220414 17:06:21.490" endtime="20220414 17:06:24.838"/>
</kw>
<kw name="Input Text" library="SeleniumLibrary">
<arg>${username_l}</arg>
<arg>${username}</arg>
<doc>Types the given ``text`` into the text field identified by ``locator``.</doc>
<msg timestamp="20220414 17:06:24.839" level="INFO">Typing text 'umut' into text field 'xpath://input[@type='text']'.</msg>
<status status="PASS" starttime="20220414 17:06:24.838" endtime="20220414 17:06:27.938"/>
</kw>
<kw name="Input Password" library="SeleniumLibrary">
<arg>${password_l}</arg>
<arg>${password}</arg>
<doc>Types the given password into the text field identified by ``locator``.</doc>
<msg timestamp="20220414 17:06:27.939" level="INFO">Typing password into text field 'xpath://input[@type='password']'.</msg>
<msg timestamp="20220414 17:06:29.996" level="INFO">Temporally setting log level to: NONE</msg>
<msg timestamp="20220414 17:06:31.183" level="INFO">Log level changed from NONE to INFO.</msg>
<status status="PASS" starttime="20220414 17:06:27.938" endtime="20220414 17:06:31.183"/>
</kw>
<status status="PASS" starttime="20220414 17:06:21.486" endtime="20220414 17:06:31.184"/>
</kw>
<kw name="And click login buton" library="keywords_LoginPage">
<kw name="Click Element" library="SeleniumLibrary">
<arg>${login_button_l}</arg>
<doc>Click the element identified by ``locator``.</doc>
<msg timestamp="20220414 17:06:31.185" level="INFO">Clicking element 'xpath://span[contains(text(),'Login')]'.</msg>
<status status="PASS" starttime="20220414 17:06:31.185" endtime="20220414 17:06:33.287"/>
</kw>
<status status="PASS" starttime="20220414 17:06:31.184" endtime="20220414 17:06:33.288"/>
</kw>
<kw name="Set Selenium Speed" library="SeleniumLibrary">
<arg>1</arg>
<doc>Sets the delay that is waited after each Selenium command.</doc>
<status status="PASS" starttime="20220414 17:06:33.289" endtime="20220414 17:06:33.289"/>
</kw>
<kw name="When click notification bell" library="keywords_MainPage">
<kw name="Wait Until Element Is Visible" library="SeleniumLibrary">
<arg>${notification_bell_icon_l}</arg>
<doc>Waits until the element ``locator`` is visible.</doc>
<status status="PASS" starttime="20220414 17:06:33.291" endtime="20220414 17:06:36.614"/>
</kw>
<kw name="Click Element" library="SeleniumLibrary">
<arg>${notification_bell_icon_l}</arg>
<doc>Click the element identified by ``locator``.</doc>
<msg timestamp="20220414 17:06:36.615" level="INFO">Clicking element 'xpath://div[@role='alert']'.</msg>
<status status="PASS" starttime="20220414 17:06:36.615" endtime="20220414 17:06:38.828"/>
</kw>
<status status="PASS" starttime="20220414 17:06:33.290" endtime="20220414 17:06:38.828"/>
</kw>
<kw name="Then i should see alert list" library="keywords_AlertListPage">
<kw name="Set Selenium Speed" library="SeleniumLibrary">
<arg>1</arg>
<doc>Sets the delay that is waited after each Selenium command.</doc>
<status status="PASS" starttime="20220414 17:06:38.831" endtime="20220414 17:06:38.831"/>
</kw>
<kw name="Wait Until Element Is Visible" library="SeleniumLibrary">
<arg>${notification_bell_l}</arg>
<doc>Waits until the element ``locator`` is visible.</doc>
<status status="PASS" starttime="20220414 17:06:38.832" endtime="20220414 17:06:40.877"/>
</kw>
<kw name="Get Text" library="SeleniumLibrary">
<var>${alert_no}</var>
<arg>${notification_bell_l}</arg>
<doc>Returns the text value of the element identified by ``locator``.</doc>
<msg timestamp="20220414 17:06:42.990" level="INFO">${alert_no} = 1434</msg>
<status status="PASS" starttime="20220414 17:06:40.878" endtime="20220414 17:06:42.990"/>
</kw>
<kw name="Wait Until Element Is Visible" library="SeleniumLibrary">
<arg>${alert_list_count_l}</arg>
<doc>Waits until the element ``locator`` is visible.</doc>
<status status="PASS" starttime="20220414 17:06:42.990" endtime="20220414 17:06:45.028"/>
</kw>
<kw name="Element Should Contain" library="SeleniumLibrary">
<arg>${alert_list_count_l}</arg>
<arg>${alert_no}</arg>
<doc>Verifies that element ``locator`` contains text ``expected``.</doc>
<msg timestamp="20220414 17:06:47.092" level="INFO">Element 'xpath://span[@class='e-pagecountmsg']' contains text '1434'.</msg>
<status status="PASS" starttime="20220414 17:06:45.028" endtime="20220414 17:06:47.092"/>
</kw>
<status status="PASS" starttime="20220414 17:06:38.829" endtime="20220414 17:06:47.092"/>
</kw>
<kw name="close browser session" library="keywords_LoginPage" type="TEARDOWN">
<kw name="Close Browser" library="SeleniumLibrary">
<doc>Closes the current browser.</doc>
<status status="PASS" starttime="20220414 17:06:47.093" endtime="20220414 17:06:50.203"/>
</kw>
<status status="PASS" starttime="20220414 17:06:47.093" endtime="20220414 17:06:50.205"/>
</kw>
<status status="PASS" starttime="20220414 17:05:48.107" endtime="20220414 17:06:50.206"/>
</test>
<doc>Alert List Check</doc>
<status status="PASS" starttime="20220414 17:05:47.750" endtime="20220414 17:06:50.209"/>
</suite>
<status status="PASS" starttime="20220414 17:05:47.717" endtime="20220414 17:06:50.213"/>
</suite>
<statistics>
<total>
<stat pass="1" fail="0" skip="0">All Tests</stat>
</total>
<tag>
</tag>
<suite>
<stat pass="1" fail="0" skip="0" id="s1" name="testCases">testCases</stat>
<stat pass="1" fail="0" skip="0" id="s1-s1" name="AlertIconVisibility">testCases.AlertIconVisibility</stat>
</suite>
</statistics>
<errors>
</errors>
</robot>
