<?xml version="1.0" encoding="UTF-8"?>
<robot generator="Robot 4.1.3 (Python 3.10.2 on win32)" generated="20220323 16:33:42.293" rpa="false" schemaversion="2">
<suite id="s1" name="testCases" source="C:\Users\User\PycharmProjects\RobotFramework\tests\testCases">
<suite id="s1-s1" name="WidgetImpactButterfly" source="C:\Users\User\PycharmProjects\RobotFramework\tests\testCases\WidgetImpactButterfly.robot">
<test id="s1-s1-t1" name="Adding New Butterfly Widget to Report">
<kw name="open the browser with ALternaWebPage" library="keywords_LoginPage" type="SETUP">
<kw name="Create Webdriver" library="SeleniumLibrary">
<arg>Chrome</arg>
<arg>executable_path=tests/drivers/chromedriver.exe</arg>
<doc>Creates an instance of Selenium WebDriver.</doc>
<msg timestamp="20220323 16:33:42.814" level="INFO">Creating an instance of the Chrome WebDriver.</msg>
<status status="PASS" starttime="20220323 16:33:42.813" endtime="20220323 16:33:44.441"/>
</kw>
<kw name="Go To" library="SeleniumLibrary">
<arg>https://staging.alternacx.com/</arg>
<doc>Navigates the current browser window to the provided ``url``.</doc>
<msg timestamp="20220323 16:33:44.442" level="INFO">Opening url 'https://staging.alternacx.com/'</msg>
<status status="PASS" starttime="20220323 16:33:44.441" endtime="20220323 16:33:47.032"/>
</kw>
<kw name="Maximize Browser Window" library="SeleniumLibrary">
<doc>Maximizes current browser window.</doc>
<status status="PASS" starttime="20220323 16:33:47.032" endtime="20220323 16:33:47.157"/>
</kw>
<status status="PASS" starttime="20220323 16:33:42.811" endtime="20220323 16:33:47.158"/>
</kw>
<kw name="Set Variable" library="BuiltIn">
<var>${widget_type}</var>
<arg>Impact Butterfly</arg>
<doc>Returns the given values which can then be assigned to a variables.</doc>
<msg timestamp="20220323 16:33:47.159" level="INFO">${widget_type} = Impact Butterfly</msg>
<status status="PASS" starttime="20220323 16:33:47.158" endtime="20220323 16:33:47.160"/>
</kw>
<kw name="Evaluate" library="BuiltIn">
<var>${random_number}</var>
<arg>random.sample(range(1, 9999), 1)</arg>
<arg>random</arg>
<doc>Evaluates the given expression in Python and returns the result.</doc>
<msg timestamp="20220323 16:33:47.161" level="INFO">${random_number} = [9482]</msg>
<status status="PASS" starttime="20220323 16:33:47.160" endtime="20220323 16:33:47.161"/>
</kw>
<kw name="Set Variable" library="BuiltIn">
<var>${created_report_l}</var>
<arg>//div[contains(text(), 'Automation Report${random_number}')]</arg>
<doc>Returns the given values which can then be assigned to a variables.</doc>
<msg timestamp="20220323 16:33:47.161" level="INFO">${created_report_l} = //div[contains(text(), 'Automation Report[9482]')]</msg>
<status status="PASS" starttime="20220323 16:33:47.161" endtime="20220323 16:33:47.161"/>
</kw>
<kw name="Set Variable" library="BuiltIn">
<var>${created_report_l}</var>
<arg>//div[contains(text(), 'Automation Report${random_number}')]</arg>
<doc>Returns the given values which can then be assigned to a variables.</doc>
<msg timestamp="20220323 16:33:47.161" level="INFO">${created_report_l} = //div[contains(text(), 'Automation Report[9482]')]</msg>
<status status="PASS" starttime="20220323 16:33:47.161" endtime="20220323 16:33:47.161"/>
</kw>
<kw name="Set Selenium Timeout" library="SeleniumLibrary">
<arg>20</arg>
<doc>Sets the timeout that is used by various keywords.</doc>
<status status="PASS" starttime="20220323 16:33:47.161" endtime="20220323 16:33:47.166"/>
</kw>
<kw name="Set Selenium Speed" library="SeleniumLibrary">
<arg>0.5</arg>
<doc>Sets the delay that is waited after each Selenium command.</doc>
<status status="PASS" starttime="20220323 16:33:47.167" endtime="20220323 16:33:47.168"/>
</kw>
<kw name="When fill the login form" library="keywords_LoginPage">
<arg>umut</arg>
<arg>Hacettepe2019</arg>
<kw name="Wait Until Element Is Visible" library="SeleniumLibrary">
<arg>${username_l}</arg>
<arg>timeout=20</arg>
<doc>Waits until the element ``locator`` is visible.</doc>
<status status="PASS" starttime="20220323 16:33:47.170" endtime="20220323 16:33:48.967"/>
</kw>
<kw name="Input Text" library="SeleniumLibrary">
<arg>${username_l}</arg>
<arg>${username}</arg>
<doc>Types the given ``text`` into the text field identified by ``locator``.</doc>
<msg timestamp="20220323 16:33:48.971" level="INFO">Typing text 'umut' into text field 'xpath://input[@type='text']'.</msg>
<status status="PASS" starttime="20220323 16:33:48.969" endtime="20220323 16:33:50.790"/>
</kw>
<kw name="Input Password" library="SeleniumLibrary">
<arg>${password_l}</arg>
<arg>${password}</arg>
<doc>Types the given password into the text field identified by ``locator``.</doc>
<msg timestamp="20220323 16:33:50.791" level="INFO">Typing password into text field 'xpath://input[@type='password']'.</msg>
<msg timestamp="20220323 16:33:51.875" level="INFO">Temporally setting log level to: NONE</msg>
<msg timestamp="20220323 16:33:52.573" level="INFO">Log level changed from NONE to INFO.</msg>
<status status="PASS" starttime="20220323 16:33:50.790" endtime="20220323 16:33:52.573"/>
</kw>
<status status="PASS" starttime="20220323 16:33:47.168" endtime="20220323 16:33:52.574"/>
</kw>
<kw name="And click login buton" library="keywords_LoginPage">
<kw name="Click Element" library="SeleniumLibrary">
<arg>${login_button_l}</arg>
<doc>Click the element identified by ``locator``.</doc>
<msg timestamp="20220323 16:33:52.576" level="INFO">Clicking element 'xpath://span[contains(text(),'Login')]'.</msg>
<status status="PASS" starttime="20220323 16:33:52.575" endtime="20220323 16:33:53.723"/>
</kw>
<status status="PASS" starttime="20220323 16:33:52.575" endtime="20220323 16:33:53.723"/>
</kw>
<kw name="And click Report Management" library="keywords_mainPage">
<kw name="Wait Until Element Is Visible" library="SeleniumLibrary">
<arg>${report_management_l}</arg>
<doc>Waits until the element ``locator`` is visible.</doc>
<status status="PASS" starttime="20220323 16:33:53.725" endtime="20220323 16:33:55.827"/>
</kw>
<kw name="Click Element" library="SeleniumLibrary">
<arg>${report_management_l}</arg>
<doc>Click the element identified by ``locator``.</doc>
<msg timestamp="20220323 16:33:55.829" level="INFO">Clicking element 'xpath://div[normalize-space()='Report Management']'.</msg>
<status status="PASS" starttime="20220323 16:33:55.828" endtime="20220323 16:33:57.008"/>
</kw>
<status status="PASS" starttime="20220323 16:33:53.724" endtime="20220323 16:33:57.009"/>
</kw>
<kw name="And click Reports" library="keywords_mainPage">
<kw name="Wait Until Element Is Visible" library="SeleniumLibrary">
<arg>${reports_l}</arg>
<doc>Waits until the element ``locator`` is visible.</doc>
<status status="PASS" starttime="20220323 16:33:57.010" endtime="20220323 16:33:58.087"/>
</kw>
<kw name="Click Element" library="SeleniumLibrary">
<arg>${reports_l}</arg>
<doc>Click the element identified by ``locator``.</doc>
<msg timestamp="20220323 16:33:58.089" level="INFO">Clicking element 'xpath://div[normalize-space()='Reports']'.</msg>
<status status="PASS" starttime="20220323 16:33:58.088" endtime="20220323 16:33:59.586"/>
</kw>
<status status="PASS" starttime="20220323 16:33:57.010" endtime="20220323 16:33:59.587"/>
</kw>
<kw name="And click New Report" library="keywords_reportListPage">
<kw name="Wait Until Element Is Visible" library="SeleniumLibrary">
<arg>${new_report_l}</arg>
<doc>Waits until the element ``locator`` is visible.</doc>
<status status="PASS" starttime="20220323 16:33:59.588" endtime="20220323 16:34:00.739"/>
</kw>
<kw name="Click Element" library="SeleniumLibrary">
<arg>${new_report_l}</arg>
<doc>Click the element identified by ``locator``.</doc>
<msg timestamp="20220323 16:34:00.740" level="INFO">Clicking element '//span[contains(text(),'Add New Report')]'.</msg>
<status status="PASS" starttime="20220323 16:34:00.739" endtime="20220323 16:34:02.416"/>
</kw>
<status status="PASS" starttime="20220323 16:33:59.587" endtime="20220323 16:34:02.417"/>
</kw>
<kw name="And write Report Title" library="keywords_reportListPage">
<arg>${random_number}</arg>
<kw name="Wait Until Element Is Visible" library="SeleniumLibrary">
<arg>${report_title_l}</arg>
<doc>Waits until the element ``locator`` is visible.</doc>
<status status="PASS" starttime="20220323 16:34:02.418" endtime="20220323 16:34:03.475"/>
</kw>
<kw name="Input Text" library="SeleniumLibrary">
<arg>${report_title_l}</arg>
<arg>Automation Report${random_number}</arg>
<doc>Types the given ``text`` into the text field identified by ``locator``.</doc>
<msg timestamp="20220323 16:34:03.478" level="INFO">Typing text 'Automation Report[9482]' into text field '//span/label/div/div/div/input'.</msg>
<status status="PASS" starttime="20220323 16:34:03.477" endtime="20220323 16:34:05.652"/>
</kw>
<status status="PASS" starttime="20220323 16:34:02.418" endtime="20220323 16:34:05.652"/>
</kw>
<kw name="And choose Category" library="keywords_reportListPage">
<kw name="Wait Until Element Is Visible" library="SeleniumLibrary">
<arg>${report_category_l}</arg>
<doc>Waits until the element ``locator`` is visible.</doc>
<status status="PASS" starttime="20220323 16:34:05.654" endtime="20220323 16:34:06.700"/>
</kw>
<kw name="Click Element" library="SeleniumLibrary">
<arg>${report_category_l}</arg>
<doc>Click the element identified by ``locator``.</doc>
<msg timestamp="20220323 16:34:06.701" level="INFO">Clicking element '//div[2]/input'.</msg>
<status status="PASS" starttime="20220323 16:34:06.701" endtime="20220323 16:34:07.869"/>
</kw>
<kw name="Press Keys" library="SeleniumLibrary">
<arg>${report_category_l}</arg>
<arg>ARROW_DOWN</arg>
<doc>Simulates the user pressing key(s) to an element or on the active browser.</doc>
<msg timestamp="20220323 16:34:07.871" level="INFO">Sending key(s) ('ARROW_DOWN',) to //div[2]/input element.</msg>
<msg timestamp="20220323 16:34:09.199" level="INFO">Pressing special key ARROW_DOWN to element.</msg>
<msg timestamp="20220323 16:34:09.199" level="INFO">Releasing special key ARROW_DOWN.</msg>
<status status="PASS" starttime="20220323 16:34:07.869" endtime="20220323 16:34:09.714"/>
</kw>
<kw name="Press Keys" library="SeleniumLibrary">
<arg>${report_category_l}</arg>
<arg>RETURN</arg>
<doc>Simulates the user pressing key(s) to an element or on the active browser.</doc>
<msg timestamp="20220323 16:34:09.717" level="INFO">Sending key(s) ('RETURN',) to //div[2]/input element.</msg>
<msg timestamp="20220323 16:34:11.014" level="INFO">Pressing special key RETURN to element.</msg>
<msg timestamp="20220323 16:34:11.014" level="INFO">Releasing special key RETURN.</msg>
<status status="PASS" starttime="20220323 16:34:09.715" endtime="20220323 16:34:11.583"/>
</kw>
<status status="PASS" starttime="20220323 16:34:05.653" endtime="20220323 16:34:11.584"/>
</kw>
<kw name="And click Save" library="keywords_reportListPage">
<kw name="Execute Javascript" library="SeleniumLibrary">
<arg>window.scrollTo(0, document.body.scrollHeight)</arg>
<doc>Executes the given JavaScript code with possible arguments.</doc>
<msg timestamp="20220323 16:34:11.588" level="INFO">Executing JavaScript:
window.scrollTo(0, document.body.scrollHeight)
Without any arguments.</msg>
<status status="PASS" starttime="20220323 16:34:11.586" endtime="20220323 16:34:12.103"/>
</kw>
<kw name="Wait Until Element Is Visible" library="SeleniumLibrary">
<arg>${report_Save_l}</arg>
<doc>Waits until the element ``locator`` is visible.</doc>
<status status="PASS" starttime="20220323 16:34:12.104" endtime="20220323 16:34:13.168"/>
</kw>
<kw name="Click Element" library="SeleniumLibrary">
<arg>${report_Save_l}</arg>
<doc>Click the element identified by ``locator``.</doc>
<msg timestamp="20220323 16:34:13.170" level="INFO">Clicking element '//span[contains(text(),'Save')]'.</msg>
<status status="PASS" starttime="20220323 16:34:13.169" endtime="20220323 16:34:14.311"/>
</kw>
<kw name="Wait Until Element Is Visible" library="SeleniumLibrary">
<arg>//div[@class='q-img__content absolute-full']</arg>
<doc>Waits until the element ``locator`` is visible.</doc>
<status status="PASS" starttime="20220323 16:34:14.312" endtime="20220323 16:34:15.393"/>
</kw>
<status status="PASS" starttime="20220323 16:34:11.585" endtime="20220323 16:34:15.393"/>
</kw>
<kw name="And search report on report list screen" library="keywords_reportListPage">
<arg>${random_number}</arg>
<kw name="Wait Until Element Is Visible" library="SeleniumLibrary">
<arg>${search_bar_l}</arg>
<doc>Waits until the element ``locator`` is visible.</doc>
<status status="PASS" starttime="20220323 16:34:15.393" endtime="20220323 16:34:16.431"/>
</kw>
<kw name="Click Element" library="SeleniumLibrary">
<arg>${search_bar_l}</arg>
<doc>Click the element identified by ``locator``.</doc>
<msg timestamp="20220323 16:34:16.432" level="INFO">Clicking element '//input[@placeholder='Search']'.</msg>
<status status="PASS" starttime="20220323 16:34:16.431" endtime="20220323 16:34:17.553"/>
</kw>
<kw name="Input Text" library="SeleniumLibrary">
<arg>${search_bar_l}</arg>
<arg>Automation Report${random_number}</arg>
<doc>Types the given ``text`` into the text field identified by ``locator``.</doc>
<msg timestamp="20220323 16:34:17.554" level="INFO">Typing text 'Automation Report[9482]' into text field '//input[@placeholder='Search']'.</msg>
<status status="PASS" starttime="20220323 16:34:17.553" endtime="20220323 16:34:19.244"/>
</kw>
<status status="PASS" starttime="20220323 16:34:15.393" endtime="20220323 16:34:19.245"/>
</kw>
<kw name="Reload Page" library="SeleniumLibrary">
<doc>Simulates user reloading page.</doc>
<status status="PASS" starttime="20220323 16:34:19.246" endtime="20220323 16:34:21.311"/>
</kw>
<kw name="And click My Reports" library="keywords_reportListPage">
<kw name="Wait Until Element Is Visible" library="SeleniumLibrary">
<arg>${my_reports_l}</arg>
<arg>15</arg>
<doc>Waits until the element ``locator`` is visible.</doc>
<status status="PASS" starttime="20220323 16:34:21.313" endtime="20220323 16:34:25.110"/>
</kw>
<kw name="Click Element" library="SeleniumLibrary">
<arg>${my_reports_l}</arg>
<doc>Click the element identified by ``locator``.</doc>
<msg timestamp="20220323 16:34:25.115" level="INFO">Clicking element '//div[normalize-space()='My Reports']'.</msg>
<status status="PASS" starttime="20220323 16:34:25.111" endtime="20220323 16:34:26.349"/>
</kw>
<status status="PASS" starttime="20220323 16:34:21.311" endtime="20220323 16:34:26.350"/>
</kw>
<kw name="And click Report that created" library="keywords_reportListPage">
<arg>${created_report_l}</arg>
<kw name="Wait Until Element Is Visible" library="SeleniumLibrary">
<arg>${created_report_l}</arg>
<doc>Waits until the element ``locator`` is visible.</doc>
<status status="PASS" starttime="20220323 16:34:26.354" endtime="20220323 16:34:27.432"/>
</kw>
<kw name="Click Element" library="SeleniumLibrary">
<arg>${created_report_l}</arg>
<doc>Click the element identified by ``locator``.</doc>
<msg timestamp="20220323 16:34:27.433" level="INFO">Clicking element '//div[contains(text(), 'Automation Report[9482]')]'.</msg>
<status status="PASS" starttime="20220323 16:34:27.432" endtime="20220323 16:34:28.938"/>
</kw>
<status status="PASS" starttime="20220323 16:34:26.352" endtime="20220323 16:34:28.939"/>
</kw>
<kw name="And add widget" library="keywords_reportWidgetPage">
<kw name="Wait Until Element Is Visible" library="SeleniumLibrary">
<arg>${add_widget_l}</arg>
<doc>Waits until the element ``locator`` is visible.</doc>
<status status="PASS" starttime="20220323 16:34:28.944" endtime="20220323 16:34:30.042"/>
</kw>
<kw name="Click Element" library="SeleniumLibrary">
<arg>${add_widget_l}</arg>
<doc>Click the element identified by ``locator``.</doc>
<msg timestamp="20220323 16:34:30.046" level="INFO">Clicking element '//span[normalize-space()='Add Widget']'.</msg>
<status status="PASS" starttime="20220323 16:34:30.044" endtime="20220323 16:34:32.287"/>
</kw>
<status status="PASS" starttime="20220323 16:34:28.940" endtime="20220323 16:34:32.287"/>
</kw>
<kw name="and click text analytics widget" library="keywords_reportWidgetPage">
<kw name="Wait Until Element Is Visible" library="SeleniumLibrary">
<arg>${text_analytics_widget_l}</arg>
<doc>Waits until the element ``locator`` is visible.</doc>
<status status="PASS" starttime="20220323 16:34:32.291" endtime="20220323 16:34:33.370"/>
</kw>
<kw name="Click Element" library="SeleniumLibrary">
<arg>${text_analytics_widget_l}</arg>
<doc>Click the element identified by ``locator``.</doc>
<msg timestamp="20220323 16:34:33.370" level="INFO">Clicking element '//div[@class='q-tab__label'][normalize-space()='Text Analytics']'.</msg>
<status status="PASS" starttime="20220323 16:34:33.370" endtime="20220323 16:34:34.550"/>
</kw>
<status status="PASS" starttime="20220323 16:34:32.289" endtime="20220323 16:34:34.552"/>
</kw>
<kw name="and click ai chart" library="keywords_reportWidgetPage">
<kw name="Wait Until Element Is Visible" library="SeleniumLibrary">
<arg>${ai_chart_l}</arg>
<doc>Waits until the element ``locator`` is visible.</doc>
<status status="PASS" starttime="20220323 16:34:34.553" endtime="20220323 16:34:35.633"/>
</kw>
<kw name="Click Element" library="SeleniumLibrary">
<arg>${ai_chart_l}</arg>
<doc>Click the element identified by ``locator``.</doc>
<msg timestamp="20220323 16:34:35.634" level="INFO">Clicking element '//div[contains(text(),'AI-Chart')]'.</msg>
<status status="PASS" starttime="20220323 16:34:35.633" endtime="20220323 16:34:36.750"/>
</kw>
<status status="PASS" starttime="20220323 16:34:34.553" endtime="20220323 16:34:36.750"/>
</kw>
<kw name="And click Impact Butterfly" library="keywords_reportWidgetPage">
<kw name="Wait Until Element Is Visible" library="SeleniumLibrary">
<arg>${impact_butterfly_l}</arg>
<doc>Waits until the element ``locator`` is visible.</doc>
<status status="PASS" starttime="20220323 16:34:36.750" endtime="20220323 16:34:37.817"/>
</kw>
<kw name="Click Element" library="SeleniumLibrary">
<arg>${impact_butterfly_l}</arg>
<doc>Click the element identified by ``locator``.</doc>
<msg timestamp="20220323 16:34:37.821" level="INFO">Clicking element '//img[@src='/statics/images/widgets/TextAnalyticsImpactButterflyChart.png']'.</msg>
<status status="PASS" starttime="20220323 16:34:37.818" endtime="20220323 16:34:39.148"/>
</kw>
<status status="PASS" starttime="20220323 16:34:36.750" endtime="20220323 16:34:39.149"/>
</kw>
<kw name="And write Widget Title" library="keywords_reportWidgetPage">
<arg>${widget_type}</arg>
<arg>${random_number}</arg>
<kw name="Wait Until Element Is Visible" library="SeleniumLibrary">
<arg>${widget_title_l}</arg>
<doc>Waits until the element ``locator`` is visible.</doc>
<status status="PASS" starttime="20220323 16:34:39.149" endtime="20220323 16:34:40.233"/>
</kw>
<kw name="Input Text" library="SeleniumLibrary">
<arg>${widget_title_l}</arg>
<arg>AutoWidget ${widget_Type} ${random_number}</arg>
<doc>Types the given ``text`` into the text field identified by ``locator``.</doc>
<msg timestamp="20220323 16:34:40.236" level="INFO">Typing text 'AutoWidget Impact Butterfly [9482]' into text field '(//input[@type='text'])[3]'.</msg>
<status status="PASS" starttime="20220323 16:34:40.233" endtime="20220323 16:34:43.913"/>
</kw>
<status status="PASS" starttime="20220323 16:34:39.149" endtime="20220323 16:34:43.913"/>
</kw>
<kw name="And choose Layout" library="keywords_reportWidgetPage">
<arg>2</arg>
<if>
<branch type="IF" condition="${layout}==1">
<kw name="Click Element" library="SeleniumLibrary">
<arg>${layout_type1_l}</arg>
<doc>Click the element identified by ``locator``.</doc>
<status status="NOT RUN" starttime="20220323 16:34:43.915" endtime="20220323 16:34:43.916"/>
</kw>
<status status="NOT RUN" starttime="20220323 16:34:43.915" endtime="20220323 16:34:43.916"/>
</branch>
<branch type="ELSE IF" condition="${layout}==2">
<kw name="Click Element" library="SeleniumLibrary">
<arg>${layout_type2_l}</arg>
<doc>Click the element identified by ``locator``.</doc>
<msg timestamp="20220323 16:34:43.917" level="INFO">Clicking element '//div[contains(text(),'2 by 2 Display')]'.</msg>
<status status="PASS" starttime="20220323 16:34:43.916" endtime="20220323 16:34:45.162"/>
</kw>
<status status="PASS" starttime="20220323 16:34:43.916" endtime="20220323 16:34:45.163"/>
</branch>
<branch type="ELSE IF" condition="${layout}==3">
<kw name="Click Element" library="SeleniumLibrary">
<arg>${layout_type3_l}</arg>
<doc>Click the element identified by ``locator``.</doc>
<status status="NOT RUN" starttime="20220323 16:34:45.165" endtime="20220323 16:34:45.165"/>
</kw>
<status status="NOT RUN" starttime="20220323 16:34:45.164" endtime="20220323 16:34:45.166"/>
</branch>
<status status="PASS" starttime="20220323 16:34:43.915" endtime="20220323 16:34:45.166"/>
</if>
<status status="PASS" starttime="20220323 16:34:43.914" endtime="20220323 16:34:45.167"/>
</kw>
<kw name="And choose impact Type" library="keywords_reportWidgetPage">
<kw name="Wait Until Element Is Visible" library="SeleniumLibrary">
<arg>${impact_type_l}</arg>
<doc>Waits until the element ``locator`` is visible.</doc>
<status status="PASS" starttime="20220323 16:34:45.169" endtime="20220323 16:34:46.250"/>
</kw>
<kw name="Click Element" library="SeleniumLibrary">
<arg>${impact_type_l}</arg>
<doc>Click the element identified by ``locator``.</doc>
<msg timestamp="20220323 16:34:46.252" level="INFO">Clicking element '(//input[@type='text'])[6]'.</msg>
<status status="PASS" starttime="20220323 16:34:46.251" endtime="20220323 16:34:47.355"/>
</kw>
<kw name="Press Keys" library="SeleniumLibrary">
<arg>None</arg>
<arg>RETURN</arg>
<doc>Simulates the user pressing key(s) to an element or on the active browser.</doc>
<msg timestamp="20220323 16:34:47.357" level="INFO">Sending key(s) ('RETURN',) to page.</msg>
<msg timestamp="20220323 16:34:47.357" level="INFO">Pressing special key RETURN to browser.</msg>
<msg timestamp="20220323 16:34:47.357" level="INFO">Releasing special key RETURN.</msg>
<status status="PASS" starttime="20220323 16:34:47.355" endtime="20220323 16:34:47.931"/>
</kw>
<status status="PASS" starttime="20220323 16:34:45.167" endtime="20220323 16:34:47.932"/>
</kw>
<kw name="And choose Topic Model for impact butterfly" library="keywords_reportWidgetPage">
<arg>1</arg>
<kw name="Wait Until Element Is Visible" library="SeleniumLibrary">
<arg>${topic_model2_l}</arg>
<doc>Waits until the element ``locator`` is visible.</doc>
<status status="PASS" starttime="20220323 16:34:47.935" endtime="20220323 16:34:49.008"/>
</kw>
<if>
<branch type="IF" condition="${topic_model_count}==1">
<kw name="Click Element" library="SeleniumLibrary">
<arg>${topic_model2_l}</arg>
<doc>Click the element identified by ``locator``.</doc>
<msg timestamp="20220323 16:34:49.011" level="INFO">Clicking element '(//*[name()='svg'][@class='vue-treeselect__control-arrow'])[6]'.</msg>
<status status="PASS" starttime="20220323 16:34:49.010" endtime="20220323 16:34:50.224"/>
</kw>
<kw name="Press Keys" library="SeleniumLibrary">
<arg>None</arg>
<arg>ARROW_DOWN</arg>
<doc>Simulates the user pressing key(s) to an element or on the active browser.</doc>
<msg timestamp="20220323 16:34:50.225" level="INFO">Sending key(s) ('ARROW_DOWN',) to page.</msg>
<msg timestamp="20220323 16:34:50.226" level="INFO">Pressing special key ARROW_DOWN to browser.</msg>
<msg timestamp="20220323 16:34:50.226" level="INFO">Releasing special key ARROW_DOWN.</msg>
<status status="PASS" starttime="20220323 16:34:50.224" endtime="20220323 16:34:50.748"/>
</kw>
<kw name="Press Keys" library="SeleniumLibrary">
<arg>None</arg>
<arg>RETURN</arg>
<doc>Simulates the user pressing key(s) to an element or on the active browser.</doc>
<msg timestamp="20220323 16:34:50.749" level="INFO">Sending key(s) ('RETURN',) to page.</msg>
<msg timestamp="20220323 16:34:50.749" level="INFO">Pressing special key RETURN to browser.</msg>
<msg timestamp="20220323 16:34:50.749" level="INFO">Releasing special key RETURN.</msg>
<status status="PASS" starttime="20220323 16:34:50.748" endtime="20220323 16:34:51.325"/>
</kw>
<status status="PASS" starttime="20220323 16:34:49.009" endtime="20220323 16:34:51.325"/>
</branch>
<branch type="ELSE IF" condition="${topic_model_count}==2">
<kw name="Click Element" library="SeleniumLibrary">
<arg>${topic_model2_l}</arg>
<doc>Click the element identified by ``locator``.</doc>
<status status="NOT RUN" starttime="20220323 16:34:51.326" endtime="20220323 16:34:51.326"/>
</kw>
<kw name="Press Keys" library="SeleniumLibrary">
<arg>None</arg>
<arg>ARROW_DOWN</arg>
<doc>Simulates the user pressing key(s) to an element or on the active browser.</doc>
<status status="NOT RUN" starttime="20220323 16:34:51.326" endtime="20220323 16:34:51.326"/>
</kw>
<kw name="Press Keys" library="SeleniumLibrary">
<arg>None</arg>
<arg>RETURN</arg>
<doc>Simulates the user pressing key(s) to an element or on the active browser.</doc>
<status status="NOT RUN" starttime="20220323 16:34:51.326" endtime="20220323 16:34:51.326"/>
</kw>
<kw name="Press Keys" library="SeleniumLibrary">
<arg>None</arg>
<arg>ARROW_DOWN</arg>
<doc>Simulates the user pressing key(s) to an element or on the active browser.</doc>
<status status="NOT RUN" starttime="20220323 16:34:51.326" endtime="20220323 16:34:51.326"/>
</kw>
<kw name="Press Keys" library="SeleniumLibrary">
<arg>None</arg>
<arg>ARROW_DOWN</arg>
<doc>Simulates the user pressing key(s) to an element or on the active browser.</doc>
<status status="NOT RUN" starttime="20220323 16:34:51.326" endtime="20220323 16:34:51.326"/>
</kw>
<kw name="Press Keys" library="SeleniumLibrary">
<arg>None</arg>
<arg>RETURN</arg>
<doc>Simulates the user pressing key(s) to an element or on the active browser.</doc>
<status status="NOT RUN" starttime="20220323 16:34:51.326" endtime="20220323 16:34:51.329"/>
</kw>
<status status="NOT RUN" starttime="20220323 16:34:51.325" endtime="20220323 16:34:51.329"/>
</branch>
<status status="PASS" starttime="20220323 16:34:49.009" endtime="20220323 16:34:51.329"/>
</if>
<status status="PASS" starttime="20220323 16:34:47.933" endtime="20220323 16:34:51.330"/>
</kw>
<kw name="and click save" library="keywords_reportListPage">
<kw name="Execute Javascript" library="SeleniumLibrary">
<arg>window.scrollTo(0, document.body.scrollHeight)</arg>
<doc>Executes the given JavaScript code with possible arguments.</doc>
<msg timestamp="20220323 16:34:51.332" level="INFO">Executing JavaScript:
window.scrollTo(0, document.body.scrollHeight)
Without any arguments.</msg>
<status status="PASS" starttime="20220323 16:34:51.331" endtime="20220323 16:34:51.844"/>
</kw>
<kw name="Wait Until Element Is Visible" library="SeleniumLibrary">
<arg>${report_Save_l}</arg>
<doc>Waits until the element ``locator`` is visible.</doc>
<status status="PASS" starttime="20220323 16:34:51.846" endtime="20220323 16:34:52.872"/>
</kw>
<kw name="Click Element" library="SeleniumLibrary">
<arg>${report_Save_l}</arg>
<doc>Click the element identified by ``locator``.</doc>
<msg timestamp="20220323 16:34:52.873" level="INFO">Clicking element '//span[contains(text(),'Save')]'.</msg>
<status status="PASS" starttime="20220323 16:34:52.872" endtime="20220323 16:34:54.094"/>
</kw>
<kw name="Wait Until Element Is Visible" library="SeleniumLibrary">
<arg>//div[@class='q-img__content absolute-full']</arg>
<doc>Waits until the element ``locator`` is visible.</doc>
<status status="PASS" starttime="20220323 16:34:54.095" endtime="20220323 16:34:55.390"/>
</kw>
<status status="PASS" starttime="20220323 16:34:51.331" endtime="20220323 16:34:55.391"/>
</kw>
<kw name="close browser session" library="keywords_LoginPage" type="TEARDOWN">
<kw name="Close Browser" library="SeleniumLibrary">
<doc>Closes the current browser.</doc>
<status status="PASS" starttime="20220323 16:34:55.394" endtime="20220323 16:34:58.003"/>
</kw>
<status status="PASS" starttime="20220323 16:34:55.392" endtime="20220323 16:34:58.004"/>
</kw>
<status status="PASS" starttime="20220323 16:33:42.809" endtime="20220323 16:34:58.005"/>
</test>
<doc>Impact Buuterfly Widget</doc>
<status status="PASS" starttime="20220323 16:33:42.338" endtime="20220323 16:34:58.005"/>
</suite>
<status status="PASS" starttime="20220323 16:33:42.310" endtime="20220323 16:34:58.014"/>
</suite>
<statistics>
<total>
<stat pass="1" fail="0" skip="0">All Tests</stat>
</total>
<tag>
</tag>
<suite>
<stat pass="1" fail="0" skip="0" id="s1" name="testCases">testCases</stat>
<stat pass="1" fail="0" skip="0" id="s1-s1" name="WidgetImpactButterfly">testCases.WidgetImpactButterfly</stat>
</suite>
</statistics>
<errors>
</errors>
</robot>
