<?xml version="1.0" encoding="UTF-8"?>
<robot generator="Robot 4.1.3 (Python 3.10.2 on win32)" generated="20220414 17:08:01.951" rpa="false" schemaversion="2">
<suite id="s1" name="testCases" source="C:\Users\User\PycharmProjects\RobotFramework\tests\testCases">
<suite id="s1-s1" name="WidgetImpactButterfly" source="C:\Users\User\PycharmProjects\RobotFramework\tests\testCases\WidgetImpactButterfly.robot">
<test id="s1-s1-t1" name="Adding New Butterfly Widget to Report">
<kw name="open the browser with ALternaWebPage" library="keywords_LoginPage" type="SETUP">
<kw name="Create Webdriver" library="SeleniumLibrary">
<arg>Chrome</arg>
<arg>executable_path=tests/drivers/chromedriver.exe</arg>
<doc>Creates an instance of Selenium WebDriver.</doc>
<msg timestamp="20220414 17:08:02.251" level="INFO">Creating an instance of the Chrome WebDriver.</msg>
<status status="PASS" starttime="20220414 17:08:02.251" endtime="20220414 17:08:03.489"/>
</kw>
<kw name="Go To" library="SeleniumLibrary">
<arg>https://staging.alternacx.com/</arg>
<doc>Navigates the current browser window to the provided ``url``.</doc>
<msg timestamp="20220414 17:08:03.490" level="INFO">Opening url 'https://staging.alternacx.com/'</msg>
<status status="PASS" starttime="20220414 17:08:03.490" endtime="20220414 17:08:13.579"/>
</kw>
<kw name="Maximize Browser Window" library="SeleniumLibrary">
<doc>Maximizes current browser window.</doc>
<status status="PASS" starttime="20220414 17:08:13.580" endtime="20220414 17:08:13.700"/>
</kw>
<status status="PASS" starttime="20220414 17:08:02.250" endtime="20220414 17:08:13.702"/>
</kw>
<kw name="Set Variable" library="BuiltIn">
<var>${widget_type}</var>
<arg>Impact Butterfly</arg>
<doc>Returns the given values which can then be assigned to a variables.</doc>
<msg timestamp="20220414 17:08:13.704" level="INFO">${widget_type} = Impact Butterfly</msg>
<status status="PASS" starttime="20220414 17:08:13.703" endtime="20220414 17:08:13.704"/>
</kw>
<kw name="Evaluate" library="BuiltIn">
<var>${random_number}</var>
<arg>random.sample(range(1, 9999), 1)</arg>
<arg>random</arg>
<doc>Evaluates the given expression in Python and returns the result.</doc>
<msg timestamp="20220414 17:08:13.707" level="INFO">${random_number} = [6210]</msg>
<status status="PASS" starttime="20220414 17:08:13.705" endtime="20220414 17:08:13.708"/>
</kw>
<kw name="Set Variable" library="BuiltIn">
<var>${created_report_l}</var>
<arg>//div[contains(text(), 'Automation Report${random_number}')]</arg>
<doc>Returns the given values which can then be assigned to a variables.</doc>
<msg timestamp="20220414 17:08:13.709" level="INFO">${created_report_l} = //div[contains(text(), 'Automation Report[6210]')]</msg>
<status status="PASS" starttime="20220414 17:08:13.708" endtime="20220414 17:08:13.709"/>
</kw>
<kw name="Set Variable" library="BuiltIn">
<var>${created_report_l}</var>
<arg>//div[contains(text(), 'Automation Report${random_number}')]</arg>
<doc>Returns the given values which can then be assigned to a variables.</doc>
<msg timestamp="20220414 17:08:13.710" level="INFO">${created_report_l} = //div[contains(text(), 'Automation Report[6210]')]</msg>
<status status="PASS" starttime="20220414 17:08:13.709" endtime="20220414 17:08:13.710"/>
</kw>
<kw name="Set Selenium Timeout" library="SeleniumLibrary">
<arg>20</arg>
<doc>Sets the timeout that is used by various keywords.</doc>
<status status="PASS" starttime="20220414 17:08:13.710" endtime="20220414 17:08:13.712"/>
</kw>
<kw name="Set Selenium Speed" library="SeleniumLibrary">
<arg>0.5</arg>
<doc>Sets the delay that is waited after each Selenium command.</doc>
<status status="PASS" starttime="20220414 17:08:13.712" endtime="20220414 17:08:13.712"/>
</kw>
<kw name="When fill the login form" library="keywords_LoginPage">
<arg>umut</arg>
<arg>Hacettepe2019</arg>
<kw name="Wait Until Element Is Visible" library="SeleniumLibrary">
<arg>${username_l}</arg>
<arg>timeout=20</arg>
<doc>Waits until the element ``locator`` is visible.</doc>
<status status="PASS" starttime="20220414 17:08:13.714" endtime="20220414 17:08:15.606"/>
</kw>
<kw name="Input Text" library="SeleniumLibrary">
<arg>${username_l}</arg>
<arg>${username}</arg>
<doc>Types the given ``text`` into the text field identified by ``locator``.</doc>
<msg timestamp="20220414 17:08:15.607" level="INFO">Typing text 'umut' into text field 'xpath://input[@type='text']'.</msg>
<status status="PASS" starttime="20220414 17:08:15.606" endtime="20220414 17:08:17.248"/>
</kw>
<kw name="Input Password" library="SeleniumLibrary">
<arg>${password_l}</arg>
<arg>${password}</arg>
<doc>Types the given password into the text field identified by ``locator``.</doc>
<msg timestamp="20220414 17:08:17.252" level="INFO">Typing password into text field 'xpath://input[@type='password']'.</msg>
<msg timestamp="20220414 17:08:18.423" level="INFO">Temporally setting log level to: NONE</msg>
<msg timestamp="20220414 17:08:19.142" level="INFO">Log level changed from NONE to INFO.</msg>
<status status="PASS" starttime="20220414 17:08:17.250" endtime="20220414 17:08:19.142"/>
</kw>
<status status="PASS" starttime="20220414 17:08:13.713" endtime="20220414 17:08:19.143"/>
</kw>
<kw name="And click login buton" library="keywords_LoginPage">
<kw name="Click Element" library="SeleniumLibrary">
<arg>${login_button_l}</arg>
<doc>Click the element identified by ``locator``.</doc>
<msg timestamp="20220414 17:08:19.146" level="INFO">Clicking element 'xpath://span[contains(text(),'Login')]'.</msg>
<status status="PASS" starttime="20220414 17:08:19.144" endtime="20220414 17:08:20.300"/>
</kw>
<status status="PASS" starttime="20220414 17:08:19.143" endtime="20220414 17:08:20.301"/>
</kw>
<kw name="And click Report Management" library="keywords_mainPage">
<kw name="Wait Until Element Is Visible" library="SeleniumLibrary">
<arg>${report_management_l}</arg>
<doc>Waits until the element ``locator`` is visible.</doc>
<status status="PASS" starttime="20220414 17:08:20.302" endtime="20220414 17:08:22.349"/>
</kw>
<kw name="Click Element" library="SeleniumLibrary">
<arg>${report_management_l}</arg>
<doc>Click the element identified by ``locator``.</doc>
<msg timestamp="20220414 17:08:22.352" level="INFO">Clicking element 'xpath://div[normalize-space()='Report Management']'.</msg>
<status status="PASS" starttime="20220414 17:08:22.351" endtime="20220414 17:08:23.474"/>
</kw>
<status status="PASS" starttime="20220414 17:08:20.301" endtime="20220414 17:08:23.475"/>
</kw>
<kw name="And click Reports" library="keywords_mainPage">
<kw name="Wait Until Element Is Visible" library="SeleniumLibrary">
<arg>${reports_l}</arg>
<doc>Waits until the element ``locator`` is visible.</doc>
<status status="PASS" starttime="20220414 17:08:23.476" endtime="20220414 17:08:24.519"/>
</kw>
<kw name="Click Element" library="SeleniumLibrary">
<arg>${reports_l}</arg>
<doc>Click the element identified by ``locator``.</doc>
<msg timestamp="20220414 17:08:24.520" level="INFO">Clicking element 'xpath://div[normalize-space()='Reports']'.</msg>
<status status="PASS" starttime="20220414 17:08:24.519" endtime="20220414 17:08:25.651"/>
</kw>
<status status="PASS" starttime="20220414 17:08:23.475" endtime="20220414 17:08:25.651"/>
</kw>
<kw name="And click New Report" library="keywords_reportListPage">
<kw name="Wait Until Element Is Visible" library="SeleniumLibrary">
<arg>${new_report_l}</arg>
<doc>Waits until the element ``locator`` is visible.</doc>
<status status="PASS" starttime="20220414 17:08:25.652" endtime="20220414 17:08:26.710"/>
</kw>
<kw name="Click Element" library="SeleniumLibrary">
<arg>${new_report_l}</arg>
<doc>Click the element identified by ``locator``.</doc>
<msg timestamp="20220414 17:08:26.711" level="INFO">Clicking element '//span[contains(text(),'Add New Report')]'.</msg>
<status status="PASS" starttime="20220414 17:08:26.710" endtime="20220414 17:08:27.928"/>
</kw>
<status status="PASS" starttime="20220414 17:08:25.652" endtime="20220414 17:08:27.929"/>
</kw>
<kw name="And write Report Title" library="keywords_reportListPage">
<arg>${random_number}</arg>
<kw name="Wait Until Element Is Visible" library="SeleniumLibrary">
<arg>${report_title_l}</arg>
<doc>Waits until the element ``locator`` is visible.</doc>
<status status="PASS" starttime="20220414 17:08:27.931" endtime="20220414 17:08:28.974"/>
</kw>
<kw name="Input Text" library="SeleniumLibrary">
<arg>${report_title_l}</arg>
<arg>Automation Report${random_number}</arg>
<doc>Types the given ``text`` into the text field identified by ``locator``.</doc>
<msg timestamp="20220414 17:08:28.976" level="INFO">Typing text 'Automation Report[6210]' into text field '//span/label/div/div/div/input'.</msg>
<status status="PASS" starttime="20220414 17:08:28.975" endtime="20220414 17:08:30.817"/>
</kw>
<status status="PASS" starttime="20220414 17:08:27.929" endtime="20220414 17:08:30.817"/>
</kw>
<kw name="And choose Category" library="keywords_reportListPage">
<kw name="Wait Until Element Is Visible" library="SeleniumLibrary">
<arg>${report_category_l}</arg>
<doc>Waits until the element ``locator`` is visible.</doc>
<status status="PASS" starttime="20220414 17:08:30.818" endtime="20220414 17:08:31.886"/>
</kw>
<kw name="Click Element" library="SeleniumLibrary">
<arg>${report_category_l}</arg>
<doc>Click the element identified by ``locator``.</doc>
<msg timestamp="20220414 17:08:31.888" level="INFO">Clicking element '//div[2]/input'.</msg>
<status status="PASS" starttime="20220414 17:08:31.887" endtime="20220414 17:08:32.980"/>
</kw>
<kw name="Press Keys" library="SeleniumLibrary">
<arg>${report_category_l}</arg>
<arg>ARROW_DOWN</arg>
<doc>Simulates the user pressing key(s) to an element or on the active browser.</doc>
<msg timestamp="20220414 17:08:32.983" level="INFO">Sending key(s) ('ARROW_DOWN',) to //div[2]/input element.</msg>
<msg timestamp="20220414 17:08:34.338" level="INFO">Pressing special key ARROW_DOWN to element.</msg>
<msg timestamp="20220414 17:08:34.338" level="INFO">Releasing special key ARROW_DOWN.</msg>
<status status="PASS" starttime="20220414 17:08:32.981" endtime="20220414 17:08:34.869"/>
</kw>
<kw name="Press Keys" library="SeleniumLibrary">
<arg>${report_category_l}</arg>
<arg>RETURN</arg>
<doc>Simulates the user pressing key(s) to an element or on the active browser.</doc>
<msg timestamp="20220414 17:08:34.871" level="INFO">Sending key(s) ('RETURN',) to //div[2]/input element.</msg>
<msg timestamp="20220414 17:08:36.186" level="INFO">Pressing special key RETURN to element.</msg>
<msg timestamp="20220414 17:08:36.186" level="INFO">Releasing special key RETURN.</msg>
<status status="PASS" starttime="20220414 17:08:34.869" endtime="20220414 17:08:36.732"/>
</kw>
<status status="PASS" starttime="20220414 17:08:30.818" endtime="20220414 17:08:36.734"/>
</kw>
<kw name="And click Save" library="keywords_reportListPage">
<kw name="Execute Javascript" library="SeleniumLibrary">
<arg>window.scrollTo(0, document.body.scrollHeight)</arg>
<doc>Executes the given JavaScript code with possible arguments.</doc>
<msg timestamp="20220414 17:08:36.744" level="INFO">Executing JavaScript:
window.scrollTo(0, document.body.scrollHeight)
Without any arguments.</msg>
<status status="PASS" starttime="20220414 17:08:36.740" endtime="20220414 17:08:37.275"/>
</kw>
<kw name="Wait Until Element Is Visible" library="SeleniumLibrary">
<arg>${report_Save_l}</arg>
<doc>Waits until the element ``locator`` is visible.</doc>
<status status="PASS" starttime="20220414 17:08:37.275" endtime="20220414 17:08:38.338"/>
</kw>
<kw name="Click Element" library="SeleniumLibrary">
<arg>${report_Save_l}</arg>
<doc>Click the element identified by ``locator``.</doc>
<msg timestamp="20220414 17:08:38.339" level="INFO">Clicking element '//span[contains(text(),'Save')]'.</msg>
<status status="PASS" starttime="20220414 17:08:38.338" endtime="20220414 17:08:39.443"/>
</kw>
<kw name="Wait Until Element Is Visible" library="SeleniumLibrary">
<arg>//div[@class='q-img__content absolute-full']</arg>
<doc>Waits until the element ``locator`` is visible.</doc>
<status status="PASS" starttime="20220414 17:08:39.443" endtime="20220414 17:08:40.495"/>
</kw>
<status status="PASS" starttime="20220414 17:08:36.735" endtime="20220414 17:08:40.495"/>
</kw>
<kw name="And search report on report list screen" library="keywords_reportListPage">
<arg>${random_number}</arg>
<kw name="Wait Until Element Is Visible" library="SeleniumLibrary">
<arg>${search_bar_l}</arg>
<doc>Waits until the element ``locator`` is visible.</doc>
<status status="PASS" starttime="20220414 17:08:40.497" endtime="20220414 17:08:41.548"/>
</kw>
<kw name="Click Element" library="SeleniumLibrary">
<arg>${search_bar_l}</arg>
<doc>Click the element identified by ``locator``.</doc>
<msg timestamp="20220414 17:08:41.549" level="INFO">Clicking element '//input[@placeholder='Search']'.</msg>
<status status="PASS" starttime="20220414 17:08:41.548" endtime="20220414 17:08:42.626"/>
</kw>
<kw name="Input Text" library="SeleniumLibrary">
<arg>${search_bar_l}</arg>
<arg>Automation Report${random_number}</arg>
<doc>Types the given ``text`` into the text field identified by ``locator``.</doc>
<msg timestamp="20220414 17:08:42.627" level="INFO">Typing text 'Automation Report[6210]' into text field '//input[@placeholder='Search']'.</msg>
<status status="PASS" starttime="20220414 17:08:42.626" endtime="20220414 17:08:44.252"/>
</kw>
<status status="PASS" starttime="20220414 17:08:40.496" endtime="20220414 17:08:44.253"/>
</kw>
<kw name="Reload Page" library="SeleniumLibrary">
<doc>Simulates user reloading page.</doc>
<status status="PASS" starttime="20220414 17:08:44.254" endtime="20220414 17:08:56.188"/>
</kw>
<kw name="And click My Reports" library="keywords_reportListPage">
<kw name="Wait Until Element Is Visible" library="SeleniumLibrary">
<arg>${my_reports_l}</arg>
<arg>15</arg>
<doc>Waits until the element ``locator`` is visible.</doc>
<status status="PASS" starttime="20220414 17:08:56.189" endtime="20220414 17:09:01.690"/>
</kw>
<kw name="Click Element" library="SeleniumLibrary">
<arg>${my_reports_l}</arg>
<doc>Click the element identified by ``locator``.</doc>
<msg timestamp="20220414 17:09:01.691" level="INFO">Clicking element '//div[normalize-space()='My Reports']'.</msg>
<status status="PASS" starttime="20220414 17:09:01.690" endtime="20220414 17:09:02.782"/>
</kw>
<status status="PASS" starttime="20220414 17:08:56.188" endtime="20220414 17:09:02.783"/>
</kw>
<kw name="And click Report that created" library="keywords_reportListPage">
<arg>${created_report_l}</arg>
<kw name="Wait Until Element Is Visible" library="SeleniumLibrary">
<arg>${created_report_l}</arg>
<doc>Waits until the element ``locator`` is visible.</doc>
<status status="PASS" starttime="20220414 17:09:02.786" endtime="20220414 17:09:03.842"/>
</kw>
<kw name="Click Element" library="SeleniumLibrary">
<arg>${created_report_l}</arg>
<doc>Click the element identified by ``locator``.</doc>
<msg timestamp="20220414 17:09:03.844" level="INFO">Clicking element '//div[contains(text(), 'Automation Report[6210]')]'.</msg>
<status status="PASS" starttime="20220414 17:09:03.843" endtime="20220414 17:09:05.209"/>
</kw>
<status status="PASS" starttime="20220414 17:09:02.784" endtime="20220414 17:09:05.209"/>
</kw>
<kw name="And add widget" library="keywords_reportWidgetPage">
<kw name="Wait Until Element Is Visible" library="SeleniumLibrary">
<arg>${add_widget_l}</arg>
<doc>Waits until the element ``locator`` is visible.</doc>
<status status="PASS" starttime="20220414 17:09:05.210" endtime="20220414 17:09:06.238"/>
</kw>
<kw name="Click Element" library="SeleniumLibrary">
<arg>${add_widget_l}</arg>
<doc>Click the element identified by ``locator``.</doc>
<msg timestamp="20220414 17:09:06.239" level="INFO">Clicking element '//span[normalize-space()='Add Widget']'.</msg>
<status status="PASS" starttime="20220414 17:09:06.238" endtime="20220414 17:09:07.570"/>
</kw>
<status status="PASS" starttime="20220414 17:09:05.210" endtime="20220414 17:09:07.571"/>
</kw>
<kw name="and click text analytics widget" library="keywords_reportWidgetPage">
<kw name="Wait Until Element Is Visible" library="SeleniumLibrary">
<arg>${text_analytics_widget_l}</arg>
<doc>Waits until the element ``locator`` is visible.</doc>
<status status="PASS" starttime="20220414 17:09:07.573" endtime="20220414 17:09:08.643"/>
</kw>
<kw name="Click Element" library="SeleniumLibrary">
<arg>${text_analytics_widget_l}</arg>
<doc>Click the element identified by ``locator``.</doc>
<msg timestamp="20220414 17:09:08.646" level="INFO">Clicking element '//div[@class='q-tab__label'][normalize-space()='Text Analytics']'.</msg>
<status status="PASS" starttime="20220414 17:09:08.644" endtime="20220414 17:09:09.758"/>
</kw>
<status status="PASS" starttime="20220414 17:09:07.572" endtime="20220414 17:09:09.759"/>
</kw>
<kw name="and click ai chart" library="keywords_reportWidgetPage">
<kw name="Wait Until Element Is Visible" library="SeleniumLibrary">
<arg>${ai_chart_l}</arg>
<doc>Waits until the element ``locator`` is visible.</doc>
<status status="PASS" starttime="20220414 17:09:09.762" endtime="20220414 17:09:10.821"/>
</kw>
<kw name="Click Element" library="SeleniumLibrary">
<arg>${ai_chart_l}</arg>
<doc>Click the element identified by ``locator``.</doc>
<msg timestamp="20220414 17:09:10.822" level="INFO">Clicking element '//div[contains(text(),'AI-Chart')]'.</msg>
<status status="PASS" starttime="20220414 17:09:10.822" endtime="20220414 17:09:11.970"/>
</kw>
<status status="PASS" starttime="20220414 17:09:09.761" endtime="20220414 17:09:11.971"/>
</kw>
<kw name="And click Impact Butterfly" library="keywords_reportWidgetPage">
<kw name="Wait Until Element Is Visible" library="SeleniumLibrary">
<arg>${impact_butterfly_l}</arg>
<doc>Waits until the element ``locator`` is visible.</doc>
<status status="PASS" starttime="20220414 17:09:11.973" endtime="20220414 17:09:13.045"/>
</kw>
<kw name="Click Element" library="SeleniumLibrary">
<arg>${impact_butterfly_l}</arg>
<doc>Click the element identified by ``locator``.</doc>
<msg timestamp="20220414 17:09:13.046" level="INFO">Clicking element '//img[@src='/statics/images/widgets/TextAnalyticsImpactButterflyChart.png']'.</msg>
<status status="PASS" starttime="20220414 17:09:13.045" endtime="20220414 17:09:14.335"/>
</kw>
<status status="PASS" starttime="20220414 17:09:11.972" endtime="20220414 17:09:14.336"/>
</kw>
<kw name="And write Widget Title" library="keywords_reportWidgetPage">
<arg>${widget_type}</arg>
<arg>${random_number}</arg>
<kw name="Wait Until Element Is Visible" library="SeleniumLibrary">
<arg>${widget_title_l}</arg>
<doc>Waits until the element ``locator`` is visible.</doc>
<status status="PASS" starttime="20220414 17:09:14.340" endtime="20220414 17:09:15.393"/>
</kw>
<kw name="Press Keys" library="SeleniumLibrary">
<arg>None</arg>
<arg>TAB</arg>
<doc>Simulates the user pressing key(s) to an element or on the active browser.</doc>
<msg timestamp="20220414 17:09:15.396" level="INFO">Sending key(s) ('TAB',) to page.</msg>
<msg timestamp="20220414 17:09:15.396" level="INFO">Pressing special key TAB to browser.</msg>
<msg timestamp="20220414 17:09:15.397" level="INFO">Releasing special key TAB.</msg>
<status status="PASS" starttime="20220414 17:09:15.394" endtime="20220414 17:09:15.920"/>
</kw>
<kw name="Press Keys" library="SeleniumLibrary">
<arg>None</arg>
<arg>TAB</arg>
<doc>Simulates the user pressing key(s) to an element or on the active browser.</doc>
<msg timestamp="20220414 17:09:15.921" level="INFO">Sending key(s) ('TAB',) to page.</msg>
<msg timestamp="20220414 17:09:15.921" level="INFO">Pressing special key TAB to browser.</msg>
<msg timestamp="20220414 17:09:15.921" level="INFO">Releasing special key TAB.</msg>
<status status="PASS" starttime="20220414 17:09:15.920" endtime="20220414 17:09:16.461"/>
</kw>
<kw name="Press Keys" library="SeleniumLibrary">
<arg>None</arg>
<arg>AutoWidget ${widget_Type} ${random_number}</arg>
<doc>Simulates the user pressing key(s) to an element or on the active browser.</doc>
<msg timestamp="20220414 17:09:16.464" level="INFO">Sending key(s) ('AutoWidget Impact Butterfly [6210]',) to page.</msg>
<msg timestamp="20220414 17:09:16.464" level="INFO">Sending keys AutoWidget Impact Butterfly [6210]</msg>
<status status="PASS" starttime="20220414 17:09:16.462" endtime="20220414 17:09:17.991"/>
</kw>
<status status="PASS" starttime="20220414 17:09:14.337" endtime="20220414 17:09:17.993"/>
</kw>
<kw name="And choose Layout" library="keywords_reportWidgetPage">
<arg>2</arg>
<if>
<branch type="IF" condition="${layout}==1">
<kw name="Click Element" library="SeleniumLibrary">
<arg>${layout_type1_l}</arg>
<doc>Click the element identified by ``locator``.</doc>
<status status="NOT RUN" starttime="20220414 17:09:17.997" endtime="20220414 17:09:17.997"/>
</kw>
<status status="NOT RUN" starttime="20220414 17:09:17.996" endtime="20220414 17:09:17.997"/>
</branch>
<branch type="ELSE IF" condition="${layout}==2">
<kw name="Click Element" library="SeleniumLibrary">
<arg>${layout_type2_l}</arg>
<doc>Click the element identified by ``locator``.</doc>
<msg timestamp="20220414 17:09:18.000" level="INFO">Clicking element '//div[contains(text(),'2 by 2 Display')]'.</msg>
<status status="PASS" starttime="20220414 17:09:17.999" endtime="20220414 17:09:19.129"/>
</kw>
<status status="PASS" starttime="20220414 17:09:17.998" endtime="20220414 17:09:19.129"/>
</branch>
<branch type="ELSE IF" condition="${layout}==3">
<kw name="Click Element" library="SeleniumLibrary">
<arg>${layout_type3_l}</arg>
<doc>Click the element identified by ``locator``.</doc>
<status status="NOT RUN" starttime="20220414 17:09:19.130" endtime="20220414 17:09:19.130"/>
</kw>
<status status="NOT RUN" starttime="20220414 17:09:19.130" endtime="20220414 17:09:19.130"/>
</branch>
<status status="PASS" starttime="20220414 17:09:17.995" endtime="20220414 17:09:19.130"/>
</if>
<status status="PASS" starttime="20220414 17:09:17.994" endtime="20220414 17:09:19.131"/>
</kw>
<kw name="And choose impact Type" library="keywords_reportWidgetPage">
<kw name="Wait Until Element Is Visible" library="SeleniumLibrary">
<arg>${impact_type_l}</arg>
<doc>Waits until the element ``locator`` is visible.</doc>
<status status="PASS" starttime="20220414 17:09:19.131" endtime="20220414 17:09:20.169"/>
</kw>
<kw name="Click Element" library="SeleniumLibrary">
<arg>${impact_type_l}</arg>
<doc>Click the element identified by ``locator``.</doc>
<msg timestamp="20220414 17:09:20.171" level="INFO">Clicking element '(//input[@type='text'])[6]'.</msg>
<status status="PASS" starttime="20220414 17:09:20.170" endtime="20220414 17:09:21.275"/>
</kw>
<kw name="Press Keys" library="SeleniumLibrary">
<arg>None</arg>
<arg>RETURN</arg>
<doc>Simulates the user pressing key(s) to an element or on the active browser.</doc>
<msg timestamp="20220414 17:09:21.277" level="INFO">Sending key(s) ('RETURN',) to page.</msg>
<msg timestamp="20220414 17:09:21.278" level="INFO">Pressing special key RETURN to browser.</msg>
<msg timestamp="20220414 17:09:21.278" level="INFO">Releasing special key RETURN.</msg>
<status status="PASS" starttime="20220414 17:09:21.276" endtime="20220414 17:09:21.845"/>
</kw>
<status status="PASS" starttime="20220414 17:09:19.131" endtime="20220414 17:09:21.846"/>
</kw>
<kw name="And choose Topic Model for impact butterfly" library="keywords_reportWidgetPage">
<arg>1</arg>
<kw name="Wait Until Element Is Visible" library="SeleniumLibrary">
<arg>${topic_model2_l}</arg>
<doc>Waits until the element ``locator`` is visible.</doc>
<status status="PASS" starttime="20220414 17:09:21.850" endtime="20220414 17:09:22.890"/>
</kw>
<if>
<branch type="IF" condition="${topic_model_count}==1">
<kw name="Click Element" library="SeleniumLibrary">
<arg>${topic_model2_l}</arg>
<doc>Click the element identified by ``locator``.</doc>
<msg timestamp="20220414 17:09:22.894" level="INFO">Clicking element '(//*[name()='svg'][@class='vue-treeselect__control-arrow'])[6]'.</msg>
<status status="PASS" starttime="20220414 17:09:22.893" endtime="20220414 17:09:23.958"/>
</kw>
<kw name="Press Keys" library="SeleniumLibrary">
<arg>None</arg>
<arg>ARROW_DOWN</arg>
<doc>Simulates the user pressing key(s) to an element or on the active browser.</doc>
<msg timestamp="20220414 17:09:23.959" level="INFO">Sending key(s) ('ARROW_DOWN',) to page.</msg>
<msg timestamp="20220414 17:09:23.959" level="INFO">Pressing special key ARROW_DOWN to browser.</msg>
<msg timestamp="20220414 17:09:23.959" level="INFO">Releasing special key ARROW_DOWN.</msg>
<status status="PASS" starttime="20220414 17:09:23.958" endtime="20220414 17:09:24.468"/>
</kw>
<kw name="Press Keys" library="SeleniumLibrary">
<arg>None</arg>
<arg>RETURN</arg>
<doc>Simulates the user pressing key(s) to an element or on the active browser.</doc>
<msg timestamp="20220414 17:09:24.469" level="INFO">Sending key(s) ('RETURN',) to page.</msg>
<msg timestamp="20220414 17:09:24.469" level="INFO">Pressing special key RETURN to browser.</msg>
<msg timestamp="20220414 17:09:24.469" level="INFO">Releasing special key RETURN.</msg>
<status status="PASS" starttime="20220414 17:09:24.468" endtime="20220414 17:09:25.006"/>
</kw>
<status status="PASS" starttime="20220414 17:09:22.892" endtime="20220414 17:09:25.008"/>
</branch>
<branch type="ELSE IF" condition="${topic_model_count}==2">
<kw name="Click Element" library="SeleniumLibrary">
<arg>${topic_model2_l}</arg>
<doc>Click the element identified by ``locator``.</doc>
<status status="NOT RUN" starttime="20220414 17:09:25.011" endtime="20220414 17:09:25.011"/>
</kw>
<kw name="Press Keys" library="SeleniumLibrary">
<arg>None</arg>
<arg>ARROW_DOWN</arg>
<doc>Simulates the user pressing key(s) to an element or on the active browser.</doc>
<status status="NOT RUN" starttime="20220414 17:09:25.012" endtime="20220414 17:09:25.013"/>
</kw>
<kw name="Press Keys" library="SeleniumLibrary">
<arg>None</arg>
<arg>RETURN</arg>
<doc>Simulates the user pressing key(s) to an element or on the active browser.</doc>
<status status="NOT RUN" starttime="20220414 17:09:25.013" endtime="20220414 17:09:25.014"/>
</kw>
<kw name="Press Keys" library="SeleniumLibrary">
<arg>None</arg>
<arg>ARROW_DOWN</arg>
<doc>Simulates the user pressing key(s) to an element or on the active browser.</doc>
<status status="NOT RUN" starttime="20220414 17:09:25.014" endtime="20220414 17:09:25.015"/>
</kw>
<kw name="Press Keys" library="SeleniumLibrary">
<arg>None</arg>
<arg>ARROW_DOWN</arg>
<doc>Simulates the user pressing key(s) to an element or on the active browser.</doc>
<status status="NOT RUN" starttime="20220414 17:09:25.015" endtime="20220414 17:09:25.015"/>
</kw>
<kw name="Press Keys" library="SeleniumLibrary">
<arg>None</arg>
<arg>RETURN</arg>
<doc>Simulates the user pressing key(s) to an element or on the active browser.</doc>
<status status="NOT RUN" starttime="20220414 17:09:25.016" endtime="20220414 17:09:25.016"/>
</kw>
<status status="NOT RUN" starttime="20220414 17:09:25.010" endtime="20220414 17:09:25.016"/>
</branch>
<status status="PASS" starttime="20220414 17:09:22.891" endtime="20220414 17:09:25.016"/>
</if>
<status status="PASS" starttime="20220414 17:09:21.848" endtime="20220414 17:09:25.016"/>
</kw>
<kw name="and click save" library="keywords_reportListPage">
<kw name="Execute Javascript" library="SeleniumLibrary">
<arg>window.scrollTo(0, document.body.scrollHeight)</arg>
<doc>Executes the given JavaScript code with possible arguments.</doc>
<msg timestamp="20220414 17:09:25.018" level="INFO">Executing JavaScript:
window.scrollTo(0, document.body.scrollHeight)
Without any arguments.</msg>
<status status="PASS" starttime="20220414 17:09:25.017" endtime="20220414 17:09:25.528"/>
</kw>
<kw name="Wait Until Element Is Visible" library="SeleniumLibrary">
<arg>${report_Save_l}</arg>
<doc>Waits until the element ``locator`` is visible.</doc>
<status status="PASS" starttime="20220414 17:09:25.528" endtime="20220414 17:09:26.595"/>
</kw>
<kw name="Click Element" library="SeleniumLibrary">
<arg>${report_Save_l}</arg>
<doc>Click the element identified by ``locator``.</doc>
<msg timestamp="20220414 17:09:26.598" level="INFO">Clicking element '//span[contains(text(),'Save')]'.</msg>
<status status="PASS" starttime="20220414 17:09:26.597" endtime="20220414 17:09:27.711"/>
</kw>
<kw name="Wait Until Element Is Visible" library="SeleniumLibrary">
<arg>//div[@class='q-img__content absolute-full']</arg>
<doc>Waits until the element ``locator`` is visible.</doc>
<status status="PASS" starttime="20220414 17:09:27.711" endtime="20220414 17:09:28.788"/>
</kw>
<status status="PASS" starttime="20220414 17:09:25.017" endtime="20220414 17:09:28.789"/>
</kw>
<kw name="and click report management" library="keywords_mainPage">
<kw name="Wait Until Element Is Visible" library="SeleniumLibrary">
<arg>${report_management_l}</arg>
<doc>Waits until the element ``locator`` is visible.</doc>
<status status="PASS" starttime="20220414 17:09:28.791" endtime="20220414 17:09:30.025"/>
</kw>
<kw name="Click Element" library="SeleniumLibrary">
<arg>${report_management_l}</arg>
<doc>Click the element identified by ``locator``.</doc>
<msg timestamp="20220414 17:09:30.026" level="INFO">Clicking element 'xpath://div[normalize-space()='Report Management']'.</msg>
<status status="PASS" starttime="20220414 17:09:30.025" endtime="20220414 17:09:31.127"/>
</kw>
<status status="PASS" starttime="20220414 17:09:28.789" endtime="20220414 17:09:31.127"/>
</kw>
<kw name="and click reports" library="keywords_mainPage">
<kw name="Wait Until Element Is Visible" library="SeleniumLibrary">
<arg>${reports_l}</arg>
<doc>Waits until the element ``locator`` is visible.</doc>
<status status="PASS" starttime="20220414 17:09:31.129" endtime="20220414 17:09:32.182"/>
</kw>
<kw name="Click Element" library="SeleniumLibrary">
<arg>${reports_l}</arg>
<doc>Click the element identified by ``locator``.</doc>
<msg timestamp="20220414 17:09:32.183" level="INFO">Clicking element 'xpath://div[normalize-space()='Reports']'.</msg>
<status status="PASS" starttime="20220414 17:09:32.183" endtime="20220414 17:09:33.415"/>
</kw>
<status status="PASS" starttime="20220414 17:09:31.128" endtime="20220414 17:09:33.415"/>
</kw>
<kw name="and search report on report list screen" library="keywords_reportListPage">
<arg>${random_number}</arg>
<kw name="Wait Until Element Is Visible" library="SeleniumLibrary">
<arg>${search_bar_l}</arg>
<doc>Waits until the element ``locator`` is visible.</doc>
<status status="PASS" starttime="20220414 17:09:33.417" endtime="20220414 17:09:34.492"/>
</kw>
<kw name="Click Element" library="SeleniumLibrary">
<arg>${search_bar_l}</arg>
<doc>Click the element identified by ``locator``.</doc>
<msg timestamp="20220414 17:09:34.493" level="INFO">Clicking element '//input[@placeholder='Search']'.</msg>
<status status="PASS" starttime="20220414 17:09:34.492" endtime="20220414 17:09:35.561"/>
</kw>
<kw name="Input Text" library="SeleniumLibrary">
<arg>${search_bar_l}</arg>
<arg>Automation Report${random_number}</arg>
<doc>Types the given ``text`` into the text field identified by ``locator``.</doc>
<msg timestamp="20220414 17:09:35.562" level="INFO">Typing text 'Automation Report[6210]' into text field '//input[@placeholder='Search']'.</msg>
<status status="PASS" starttime="20220414 17:09:35.561" endtime="20220414 17:09:37.148"/>
</kw>
<status status="PASS" starttime="20220414 17:09:33.416" endtime="20220414 17:09:37.149"/>
</kw>
<kw name="and click delete icon" library="keywords_reportListPage">
<kw name="Wait Until Element Is Visible" library="SeleniumLibrary">
<arg>${delete_icon_l}</arg>
<doc>Waits until the element ``locator`` is visible.</doc>
<status status="PASS" starttime="20220414 17:09:37.151" endtime="20220414 17:09:38.202"/>
</kw>
<kw name="Click Element" library="SeleniumLibrary">
<arg>${delete_icon_l}</arg>
<doc>Click the element identified by ``locator``.</doc>
<msg timestamp="20220414 17:09:38.207" level="INFO">Clicking element '(//i[@role='img'][normalize-space()='delete'])[1]'.</msg>
<status status="PASS" starttime="20220414 17:09:38.204" endtime="20220414 17:09:39.335"/>
</kw>
<status status="PASS" starttime="20220414 17:09:37.150" endtime="20220414 17:09:39.335"/>
</kw>
<kw name="and click delete button" library="keywords_reportListPage">
<kw name="Wait Until Element Is Visible" library="SeleniumLibrary">
<arg>${delete_button_l}</arg>
<doc>Waits until the element ``locator`` is visible.</doc>
<status status="PASS" starttime="20220414 17:09:39.336" endtime="20220414 17:09:40.373"/>
</kw>
<kw name="Click Element" library="SeleniumLibrary">
<arg>${delete_button_l}</arg>
<doc>Click the element identified by ``locator``.</doc>
<msg timestamp="20220414 17:09:40.376" level="INFO">Clicking element '(//span[contains(text(),'Delete')])[1]'.</msg>
<status status="PASS" starttime="20220414 17:09:40.374" endtime="20220414 17:09:41.515"/>
</kw>
<kw name="Wait Until Element Is Visible" library="SeleniumLibrary">
<arg>//div[@class='q-img__content absolute-full']</arg>
<doc>Waits until the element ``locator`` is visible.</doc>
<status status="PASS" starttime="20220414 17:09:41.516" endtime="20220414 17:09:42.575"/>
</kw>
<status status="PASS" starttime="20220414 17:09:39.335" endtime="20220414 17:09:42.575"/>
</kw>
<kw name="close browser session" library="keywords_LoginPage" type="TEARDOWN">
<kw name="Close Browser" library="SeleniumLibrary">
<doc>Closes the current browser.</doc>
<status status="PASS" starttime="20220414 17:09:42.577" endtime="20220414 17:09:45.154"/>
</kw>
<status status="PASS" starttime="20220414 17:09:42.576" endtime="20220414 17:09:45.154"/>
</kw>
<status status="PASS" starttime="20220414 17:08:02.249" endtime="20220414 17:09:45.154"/>
</test>
<doc>Impact Buuterfly Widget</doc>
<status status="PASS" starttime="20220414 17:08:01.977" endtime="20220414 17:09:45.155"/>
</suite>
<status status="PASS" starttime="20220414 17:08:01.958" endtime="20220414 17:09:45.156"/>
</suite>
<statistics>
<total>
<stat pass="1" fail="0" skip="0">All Tests</stat>
</total>
<tag>
</tag>
<suite>
<stat pass="1" fail="0" skip="0" id="s1" name="testCases">testCases</stat>
<stat pass="1" fail="0" skip="0" id="s1-s1" name="WidgetImpactButterfly">testCases.WidgetImpactButterfly</stat>
</suite>
</statistics>
<errors>
</errors>
</robot>
