<?xml version="1.0" encoding="UTF-8"?>
<robot generator="Robot 4.1.3 (Python 3.10.2 on win32)" generated="20220721 13:53:01.886" rpa="false" schemaversion="2">
<suite id="s1" name="testCases" source="C:\Users\User\PycharmProjects\RobotFramework\tests\testCases">
<suite id="s1-s1" name="WidgetTextBubbleChart" source="C:\Users\User\PycharmProjects\RobotFramework\tests\testCases\WidgetTextBubbleChart.robot">
<test id="s1-s1-t1" name="Adding New Text Bubble Chart Widget to Report">
<kw name="open the browser with ALternaWebPage" library="keywords_LoginPage" type="SETUP">
<kw name="Create Webdriver" library="SeleniumLibrary">
<arg>Chrome</arg>
<arg>executable_path=tests/drivers/chromedriver.exe</arg>
<doc>Creates an instance of Selenium WebDriver.</doc>
<msg timestamp="20220721 13:53:02.292" level="INFO">Creating an instance of the Chrome WebDriver.</msg>
<status status="PASS" starttime="20220721 13:53:02.291" endtime="20220721 13:53:03.525"/>
</kw>
<kw name="Go To" library="SeleniumLibrary">
<arg>https://qastaging.alternacx.com/</arg>
<doc>Navigates the current browser window to the provided ``url``.</doc>
<msg timestamp="20220721 13:53:03.527" level="INFO">Opening url 'https://qastaging.alternacx.com/'</msg>
<status status="PASS" starttime="20220721 13:53:03.526" endtime="20220721 13:53:06.442"/>
</kw>
<kw name="Maximize Browser Window" library="SeleniumLibrary">
<doc>Maximizes current browser window.</doc>
<status status="PASS" starttime="20220721 13:53:06.442" endtime="20220721 13:53:06.562"/>
</kw>
<status status="PASS" starttime="20220721 13:53:02.290" endtime="20220721 13:53:06.562"/>
</kw>
<kw name="Set Variable" library="BuiltIn">
<var>${widget_type}</var>
<arg>Text Bubble Chart</arg>
<doc>Returns the given values which can then be assigned to a variables.</doc>
<msg timestamp="20220721 13:53:06.562" level="INFO">${widget_type} = Text Bubble Chart</msg>
<status status="PASS" starttime="20220721 13:53:06.562" endtime="20220721 13:53:06.562"/>
</kw>
<kw name="Evaluate" library="BuiltIn">
<var>${random_number}</var>
<arg>random.sample(range(1, 9999), 1)</arg>
<arg>random</arg>
<doc>Evaluates the given expression in Python and returns the result.</doc>
<msg timestamp="20220721 13:53:06.563" level="INFO">${random_number} = [477]</msg>
<status status="PASS" starttime="20220721 13:53:06.563" endtime="20220721 13:53:06.563"/>
</kw>
<kw name="Set Variable" library="BuiltIn">
<var>${created_report_l}</var>
<arg>//div[contains(text(), 'Automation Report${random_number}')]</arg>
<doc>Returns the given values which can then be assigned to a variables.</doc>
<msg timestamp="20220721 13:53:06.564" level="INFO">${created_report_l} = //div[contains(text(), 'Automation Report[477]')]</msg>
<status status="PASS" starttime="20220721 13:53:06.563" endtime="20220721 13:53:06.564"/>
</kw>
<kw name="Set Variable" library="BuiltIn">
<var>${created_report_l}</var>
<arg>//div[contains(text(), 'Automation Report${random_number}')]</arg>
<doc>Returns the given values which can then be assigned to a variables.</doc>
<msg timestamp="20220721 13:53:06.564" level="INFO">${created_report_l} = //div[contains(text(), 'Automation Report[477]')]</msg>
<status status="PASS" starttime="20220721 13:53:06.564" endtime="20220721 13:53:06.564"/>
</kw>
<kw name="Set Selenium Timeout" library="SeleniumLibrary">
<arg>20</arg>
<doc>Sets the timeout that is used by various keywords.</doc>
<status status="PASS" starttime="20220721 13:53:06.564" endtime="20220721 13:53:06.566"/>
</kw>
<kw name="Set Selenium Speed" library="SeleniumLibrary">
<arg>0.5</arg>
<doc>Sets the delay that is waited after each Selenium command.</doc>
<status status="PASS" starttime="20220721 13:53:06.566" endtime="20220721 13:53:06.567"/>
</kw>
<kw name="When fill the login form" library="keywords_LoginPage">
<arg>system</arg>
<arg>Aa3456</arg>
<kw name="Wait Until Element Is Visible" library="SeleniumLibrary">
<arg>${username_l}</arg>
<arg>timeout=20</arg>
<doc>Waits until the element ``locator`` is visible.</doc>
<status status="PASS" starttime="20220721 13:53:06.567" endtime="20220721 13:53:08.323"/>
</kw>
<kw name="Input Text" library="SeleniumLibrary">
<arg>${username_l}</arg>
<arg>${username}</arg>
<doc>Types the given ``text`` into the text field identified by ``locator``.</doc>
<msg timestamp="20220721 13:53:08.324" level="INFO">Typing text 'system' into text field 'xpath://input[@type='text']'.</msg>
<status status="PASS" starttime="20220721 13:53:08.323" endtime="20220721 13:53:09.907"/>
</kw>
<kw name="Input Password" library="SeleniumLibrary">
<arg>${password_l}</arg>
<arg>${password}</arg>
<doc>Types the given password into the text field identified by ``locator``.</doc>
<msg timestamp="20220721 13:53:09.908" level="INFO">Typing password into text field 'xpath://input[@type='password']'.</msg>
<msg timestamp="20220721 13:53:10.973" level="INFO">Temporally setting log level to: NONE</msg>
<msg timestamp="20220721 13:53:11.577" level="INFO">Log level changed from NONE to INFO.</msg>
<status status="PASS" starttime="20220721 13:53:09.907" endtime="20220721 13:53:11.577"/>
</kw>
<status status="PASS" starttime="20220721 13:53:06.567" endtime="20220721 13:53:11.577"/>
</kw>
<kw name="And click login buton" library="keywords_LoginPage">
<kw name="Click Element" library="SeleniumLibrary">
<arg>${login_button_l}</arg>
<doc>Click the element identified by ``locator``.</doc>
<msg timestamp="20220721 13:53:11.579" level="INFO">Clicking element 'xpath://span[contains(text(),'Login')]'.</msg>
<status status="PASS" starttime="20220721 13:53:11.578" endtime="20220721 13:53:12.647"/>
</kw>
<status status="PASS" starttime="20220721 13:53:11.577" endtime="20220721 13:53:12.647"/>
</kw>
<kw name="And click Report Management" library="keywords_mainPage">
<kw name="Set Selenium Speed" library="SeleniumLibrary">
<arg>1</arg>
<doc>Sets the delay that is waited after each Selenium command.</doc>
<status status="PASS" starttime="20220721 13:53:12.648" endtime="20220721 13:53:12.649"/>
</kw>
<kw name="Wait Until Element Is Visible" library="SeleniumLibrary">
<arg>${report_management_l}</arg>
<doc>Waits until the element ``locator`` is visible.</doc>
<status status="PASS" starttime="20220721 13:53:12.649" endtime="20220721 13:53:15.922"/>
</kw>
<kw name="Click Element" library="SeleniumLibrary">
<arg>${report_management_l}</arg>
<doc>Click the element identified by ``locator``.</doc>
<msg timestamp="20220721 13:53:15.925" level="INFO">Clicking element 'xpath://div[normalize-space()='Report Management']'.</msg>
<status status="PASS" starttime="20220721 13:53:15.923" endtime="20220721 13:53:18.061"/>
</kw>
<status status="PASS" starttime="20220721 13:53:12.648" endtime="20220721 13:53:18.061"/>
</kw>
<kw name="And click Reports" library="keywords_mainPage">
<kw name="Wait Until Element Is Visible" library="SeleniumLibrary">
<arg>${reports_l}</arg>
<doc>Waits until the element ``locator`` is visible.</doc>
<status status="PASS" starttime="20220721 13:53:18.061" endtime="20220721 13:53:20.128"/>
</kw>
<kw name="Click Element" library="SeleniumLibrary">
<arg>${reports_l}</arg>
<doc>Click the element identified by ``locator``.</doc>
<msg timestamp="20220721 13:53:20.130" level="INFO">Clicking element 'xpath://div[normalize-space()='Reports']'.</msg>
<status status="PASS" starttime="20220721 13:53:20.129" endtime="20220721 13:53:22.246"/>
</kw>
<status status="PASS" starttime="20220721 13:53:18.061" endtime="20220721 13:53:22.248"/>
</kw>
<kw name="And click New Report" library="keywords_reportListPage">
<kw name="Wait Until Element Is Visible" library="SeleniumLibrary">
<arg>${new_report_l}</arg>
<doc>Waits until the element ``locator`` is visible.</doc>
<status status="PASS" starttime="20220721 13:53:22.250" endtime="20220721 13:53:24.273"/>
</kw>
<kw name="Click Element" library="SeleniumLibrary">
<arg>${new_report_l}</arg>
<doc>Click the element identified by ``locator``.</doc>
<msg timestamp="20220721 13:53:24.273" level="INFO">Clicking element '//span[contains(text(),'Add New Report')]'.</msg>
<status status="PASS" starttime="20220721 13:53:24.273" endtime="20220721 13:53:26.552"/>
</kw>
<status status="PASS" starttime="20220721 13:53:22.248" endtime="20220721 13:53:26.552"/>
</kw>
<kw name="And write Report Title" library="keywords_reportListPage">
<arg>${random_number}</arg>
<kw name="Wait Until Element Is Visible" library="SeleniumLibrary">
<arg>${report_title_l}</arg>
<doc>Waits until the element ``locator`` is visible.</doc>
<status status="PASS" starttime="20220721 13:53:26.555" endtime="20220721 13:53:28.586"/>
</kw>
<kw name="Input Text" library="SeleniumLibrary">
<arg>${report_title_l}</arg>
<arg>Automation Report${random_number}</arg>
<doc>Types the given ``text`` into the text field identified by ``locator``.</doc>
<msg timestamp="20220721 13:53:28.587" level="INFO">Typing text 'Automation Report[477]' into text field '//span/label/div/div/div/input'.</msg>
<status status="PASS" starttime="20220721 13:53:28.586" endtime="20220721 13:53:31.917"/>
</kw>
<status status="PASS" starttime="20220721 13:53:26.553" endtime="20220721 13:53:31.918"/>
</kw>
<kw name="And choose Category" library="keywords_reportListPage">
<kw name="Wait Until Element Is Visible" library="SeleniumLibrary">
<arg>${report_category_l}</arg>
<doc>Waits until the element ``locator`` is visible.</doc>
<status status="PASS" starttime="20220721 13:53:31.919" endtime="20220721 13:53:33.955"/>
</kw>
<kw name="Click Element" library="SeleniumLibrary">
<arg>${report_category_l}</arg>
<doc>Click the element identified by ``locator``.</doc>
<msg timestamp="20220721 13:53:33.956" level="INFO">Clicking element '//div[2]/input'.</msg>
<status status="PASS" starttime="20220721 13:53:33.956" endtime="20220721 13:53:36.071"/>
</kw>
<kw name="Press Keys" library="SeleniumLibrary">
<arg>${report_category_l}</arg>
<arg>ARROW_DOWN</arg>
<doc>Simulates the user pressing key(s) to an element or on the active browser.</doc>
<msg timestamp="20220721 13:53:36.072" level="INFO">Sending key(s) ('ARROW_DOWN',) to //div[2]/input element.</msg>
<msg timestamp="20220721 13:53:38.387" level="INFO">Pressing special key ARROW_DOWN to element.</msg>
<msg timestamp="20220721 13:53:38.387" level="INFO">Releasing special key ARROW_DOWN.</msg>
<status status="PASS" starttime="20220721 13:53:36.071" endtime="20220721 13:53:39.483"/>
</kw>
<kw name="Press Keys" library="SeleniumLibrary">
<arg>${report_category_l}</arg>
<arg>RETURN</arg>
<doc>Simulates the user pressing key(s) to an element or on the active browser.</doc>
<msg timestamp="20220721 13:53:39.485" level="INFO">Sending key(s) ('RETURN',) to //div[2]/input element.</msg>
<msg timestamp="20220721 13:53:41.787" level="INFO">Pressing special key RETURN to element.</msg>
<msg timestamp="20220721 13:53:41.787" level="INFO">Releasing special key RETURN.</msg>
<status status="PASS" starttime="20220721 13:53:39.484" endtime="20220721 13:53:42.815"/>
</kw>
<status status="PASS" starttime="20220721 13:53:31.918" endtime="20220721 13:53:42.816"/>
</kw>
<kw name="And click Save" library="keywords_reportListPage">
<kw name="Set Selenium Speed" library="SeleniumLibrary">
<arg>1</arg>
<doc>Sets the delay that is waited after each Selenium command.</doc>
<status status="PASS" starttime="20220721 13:53:42.816" endtime="20220721 13:53:42.816"/>
</kw>
<kw name="Execute Javascript" library="SeleniumLibrary">
<arg>window.scrollTo(0, document.body.scrollHeight)</arg>
<doc>Executes the given JavaScript code with possible arguments.</doc>
<msg timestamp="20220721 13:53:42.817" level="INFO">Executing JavaScript:
window.scrollTo(0, document.body.scrollHeight)
Without any arguments.</msg>
<status status="PASS" starttime="20220721 13:53:42.816" endtime="20220721 13:53:43.826"/>
</kw>
<kw name="Wait Until Element Is Visible" library="SeleniumLibrary">
<arg>${report_Save_l}</arg>
<doc>Waits until the element ``locator`` is visible.</doc>
<status status="PASS" starttime="20220721 13:53:43.826" endtime="20220721 13:53:45.846"/>
</kw>
<kw name="Click Element" library="SeleniumLibrary">
<arg>${report_Save_l}</arg>
<doc>Click the element identified by ``locator``.</doc>
<msg timestamp="20220721 13:53:45.848" level="INFO">Clicking element '//span[contains(text(),'Save')]'.</msg>
<status status="PASS" starttime="20220721 13:53:45.847" endtime="20220721 13:53:47.953"/>
</kw>
<kw name="Wait Until Element Is Visible" library="SeleniumLibrary">
<arg>//div[@class='q-img__content absolute-full']</arg>
<doc>Waits until the element ``locator`` is visible.</doc>
<msg timestamp="20220721 13:54:09.954" level="INFO" html="true">&lt;/td&gt;&lt;/tr&gt;&lt;tr&gt;&lt;td colspan="3"&gt;&lt;a href="selenium-screenshot-1.png"&gt;&lt;img src="selenium-screenshot-1.png" width="800px"&gt;&lt;/a&gt;</msg>
<msg timestamp="20220721 13:54:09.961" level="FAIL">Element '//div[@class='q-img__content absolute-full']' not visible after 20 seconds.</msg>
<status status="FAIL" starttime="20220721 13:53:47.954" endtime="20220721 13:54:09.961"/>
</kw>
<status status="FAIL" starttime="20220721 13:53:42.816" endtime="20220721 13:54:09.964"/>
</kw>
<kw name="And search report on report list screen" library="keywords_reportListPage">
<arg>${random_number}</arg>
<status status="NOT RUN" starttime="20220721 13:54:09.966" endtime="20220721 13:54:09.967"/>
</kw>
<kw name="Reload Page" library="SeleniumLibrary">
<doc>Simulates user reloading page.</doc>
<status status="NOT RUN" starttime="20220721 13:54:09.967" endtime="20220721 13:54:09.967"/>
</kw>
<kw name="And click My Reports" library="keywords_reportListPage">
<status status="NOT RUN" starttime="20220721 13:54:09.967" endtime="20220721 13:54:09.967"/>
</kw>
<kw name="And click Report that created" library="keywords_reportListPage">
<arg>${created_report_l}</arg>
<status status="NOT RUN" starttime="20220721 13:54:09.967" endtime="20220721 13:54:09.967"/>
</kw>
<kw name="And add widget" library="keywords_ReportWidgetPage">
<status status="NOT RUN" starttime="20220721 13:54:09.967" endtime="20220721 13:54:09.967"/>
</kw>
<kw name="And click TextAnalytics Tab" library="keywords_ReportWidgetPage">
<status status="NOT RUN" starttime="20220721 13:54:09.967" endtime="20220721 13:54:09.967"/>
</kw>
<kw name="and click ai chart" library="keywords_ReportWidgetPage">
<status status="NOT RUN" starttime="20220721 13:54:09.967" endtime="20220721 13:54:09.967"/>
</kw>
<kw name="And click Text Bubble Chart Widget" library="keywords_ReportWidgetPage">
<status status="NOT RUN" starttime="20220721 13:54:09.967" endtime="20220721 13:54:09.967"/>
</kw>
<kw name="And write Widget Title" library="keywords_ReportWidgetPage">
<arg>${widget_type}</arg>
<arg>${random_number}</arg>
<status status="NOT RUN" starttime="20220721 13:54:09.967" endtime="20220721 13:54:09.967"/>
</kw>
<kw name="And choose Data Type" library="keywords_ReportWidgetPage">
<status status="NOT RUN" starttime="20220721 13:54:09.967" endtime="20220721 13:54:09.967"/>
</kw>
<kw name="And choose Layout" library="keywords_ReportWidgetPage">
<arg>2</arg>
<status status="NOT RUN" starttime="20220721 13:54:09.967" endtime="20220721 13:54:09.967"/>
</kw>
<kw name="And choose Topic Model" library="keywords_ReportWidgetPage">
<arg>1</arg>
<status status="NOT RUN" starttime="20220721 13:54:09.967" endtime="20220721 13:54:09.967"/>
</kw>
<kw name="And click Save" library="keywords_reportListPage">
<status status="NOT RUN" starttime="20220721 13:54:09.967" endtime="20220721 13:54:09.967"/>
</kw>
<kw name="And add widget" library="keywords_ReportWidgetPage">
<status status="NOT RUN" starttime="20220721 13:54:09.967" endtime="20220721 13:54:09.983"/>
</kw>
<kw name="And click TextAnalytics Tab" library="keywords_ReportWidgetPage">
<status status="NOT RUN" starttime="20220721 13:54:09.984" endtime="20220721 13:54:09.984"/>
</kw>
<kw name="and click ai chart" library="keywords_ReportWidgetPage">
<status status="NOT RUN" starttime="20220721 13:54:09.984" endtime="20220721 13:54:09.984"/>
</kw>
<kw name="And click Text Bubble Chart Widget" library="keywords_ReportWidgetPage">
<status status="NOT RUN" starttime="20220721 13:54:09.984" endtime="20220721 13:54:09.984"/>
</kw>
<kw name="And write Widget Title" library="keywords_ReportWidgetPage">
<arg>${widget_type}</arg>
<arg>${random_number}Multi</arg>
<status status="NOT RUN" starttime="20220721 13:54:09.984" endtime="20220721 13:54:09.984"/>
</kw>
<kw name="And choose Data Type" library="keywords_ReportWidgetPage">
<status status="NOT RUN" starttime="20220721 13:54:09.984" endtime="20220721 13:54:09.984"/>
</kw>
<kw name="And choose Layout" library="keywords_ReportWidgetPage">
<arg>2</arg>
<status status="NOT RUN" starttime="20220721 13:54:09.984" endtime="20220721 13:54:09.984"/>
</kw>
<kw name="And choose Topic Model" library="keywords_ReportWidgetPage">
<arg>2</arg>
<status status="NOT RUN" starttime="20220721 13:54:09.984" endtime="20220721 13:54:09.984"/>
</kw>
<kw name="And click Save" library="keywords_reportListPage">
<status status="NOT RUN" starttime="20220721 13:54:09.984" endtime="20220721 13:54:09.984"/>
</kw>
<kw name="And add widget" library="keywords_ReportWidgetPage">
<status status="NOT RUN" starttime="20220721 13:54:09.993" endtime="20220721 13:54:09.993"/>
</kw>
<kw name="And click TextAnalytics Tab" library="keywords_ReportWidgetPage">
<status status="NOT RUN" starttime="20220721 13:54:09.994" endtime="20220721 13:54:09.994"/>
</kw>
<kw name="and click ai chart" library="keywords_ReportWidgetPage">
<status status="NOT RUN" starttime="20220721 13:54:09.995" endtime="20220721 13:54:09.996"/>
</kw>
<kw name="And click Text Bubble Chart Widget" library="keywords_ReportWidgetPage">
<status status="NOT RUN" starttime="20220721 13:54:09.996" endtime="20220721 13:54:09.996"/>
</kw>
<kw name="And write Widget Title" library="keywords_ReportWidgetPage">
<arg>${widget_type}</arg>
<arg>${random_number}EmotionEnabled</arg>
<status status="NOT RUN" starttime="20220721 13:54:09.996" endtime="20220721 13:54:09.996"/>
</kw>
<kw name="And choose Data Type" library="keywords_ReportWidgetPage">
<status status="NOT RUN" starttime="20220721 13:54:09.996" endtime="20220721 13:54:09.996"/>
</kw>
<kw name="And choose Layout" library="keywords_ReportWidgetPage">
<arg>2</arg>
<status status="NOT RUN" starttime="20220721 13:54:10.000" endtime="20220721 13:54:10.001"/>
</kw>
<kw name="And choose Topic Model" library="keywords_ReportWidgetPage">
<arg>1</arg>
<status status="NOT RUN" starttime="20220721 13:54:10.001" endtime="20220721 13:54:10.002"/>
</kw>
<kw name="And click Emotion Analysis Toggle" library="keywords_ReportWidgetPage">
<status status="NOT RUN" starttime="20220721 13:54:10.002" endtime="20220721 13:54:10.002"/>
</kw>
<kw name="And click Save" library="keywords_reportListPage">
<status status="NOT RUN" starttime="20220721 13:54:10.002" endtime="20220721 13:54:10.002"/>
</kw>
<kw name="Set Selenium Speed" library="SeleniumLibrary">
<arg>2</arg>
<doc>Sets the delay that is waited after each Selenium command.</doc>
<status status="NOT RUN" starttime="20220721 13:54:10.002" endtime="20220721 13:54:10.002"/>
</kw>
<kw name="and click report management" library="keywords_mainPage">
<status status="NOT RUN" starttime="20220721 13:54:10.002" endtime="20220721 13:54:10.002"/>
</kw>
<kw name="and click reports" library="keywords_mainPage">
<status status="NOT RUN" starttime="20220721 13:54:10.002" endtime="20220721 13:54:10.002"/>
</kw>
<kw name="and search report on report list screen" library="keywords_reportListPage">
<arg>${random_number}</arg>
<status status="NOT RUN" starttime="20220721 13:54:10.002" endtime="20220721 13:54:10.002"/>
</kw>
<kw name="and click delete icon" library="keywords_reportListPage">
<status status="NOT RUN" starttime="20220721 13:54:10.002" endtime="20220721 13:54:10.002"/>
</kw>
<kw name="and click delete button" library="keywords_reportListPage">
<status status="NOT RUN" starttime="20220721 13:54:10.002" endtime="20220721 13:54:10.002"/>
</kw>
<kw name="close browser session" library="keywords_LoginPage" type="TEARDOWN">
<kw name="Close Browser" library="SeleniumLibrary">
<doc>Closes the current browser.</doc>
<status status="PASS" starttime="20220721 13:54:10.002" endtime="20220721 13:54:13.085"/>
</kw>
<status status="PASS" starttime="20220721 13:54:10.002" endtime="20220721 13:54:13.085"/>
</kw>
<status status="FAIL" starttime="20220721 13:53:02.289" endtime="20220721 13:54:13.085">Element '//div[@class='q-img__content absolute-full']' not visible after 20 seconds.</status>
</test>
<doc>Text Bubble Chart Widget</doc>
<status status="FAIL" starttime="20220721 13:53:01.920" endtime="20220721 13:54:13.090"/>
</suite>
<status status="FAIL" starttime="20220721 13:53:01.896" endtime="20220721 13:54:13.091"/>
</suite>
<statistics>
<total>
<stat pass="0" fail="1" skip="0">All Tests</stat>
</total>
<tag>
</tag>
<suite>
<stat pass="0" fail="1" skip="0" id="s1" name="testCases">testCases</stat>
<stat pass="0" fail="1" skip="0" id="s1-s1" name="WidgetTextBubbleChart">testCases.WidgetTextBubbleChart</stat>
</suite>
</statistics>
<errors>
</errors>
</robot>
