<?xml version="1.0" encoding="UTF-8"?>
<robot generator="Robot 4.1.3 (Python 3.10.2 on win32)" generated="20220315 14:18:38.085" rpa="false" schemaversion="2">
<suite id="s1" name="testCases" source="C:\Users\User\PycharmProjects\RobotFramework\tests\testCases">
<suite id="s1-s1" name="WidgetImpactButterfly" source="C:\Users\User\PycharmProjects\RobotFramework\tests\testCases\WidgetImpactButterfly.robot">
<test id="s1-s1-t1" name="Adding New Butterfly Widget to Report">
<kw name="open the browser with ALternaWebPage" library="keywords_LoginPage" type="SETUP">
<kw name="Create Webdriver" library="SeleniumLibrary">
<arg>Chrome</arg>
<arg>executable_path=tests/drivers/chromedriver.exe</arg>
<doc>Creates an instance of Selenium WebDriver.</doc>
<msg timestamp="20220315 14:18:38.599" level="INFO">Creating an instance of the Chrome WebDriver.</msg>
<status status="PASS" starttime="20220315 14:18:38.599" endtime="20220315 14:18:40.015"/>
</kw>
<kw name="Go To" library="SeleniumLibrary">
<arg>https://staging.alternacx.com/</arg>
<doc>Navigates the current browser window to the provided ``url``.</doc>
<msg timestamp="20220315 14:18:40.015" level="INFO">Opening url 'https://staging.alternacx.com/'</msg>
<status status="PASS" starttime="20220315 14:18:40.015" endtime="20220315 14:18:42.717"/>
</kw>
<kw name="Maximize Browser Window" library="SeleniumLibrary">
<doc>Maximizes current browser window.</doc>
<status status="PASS" starttime="20220315 14:18:42.717" endtime="20220315 14:18:42.845"/>
</kw>
<status status="PASS" starttime="20220315 14:18:38.599" endtime="20220315 14:18:42.845"/>
</kw>
<kw name="Evaluate" library="BuiltIn">
<var>${random_number}</var>
<arg>random.sample(range(1, 9999), 1)</arg>
<arg>random</arg>
<doc>Evaluates the given expression in Python and returns the result.</doc>
<msg timestamp="20220315 14:18:42.847" level="INFO">${random_number} = [5902]</msg>
<status status="PASS" starttime="20220315 14:18:42.846" endtime="20220315 14:18:42.847"/>
</kw>
<kw name="Set Variable" library="BuiltIn">
<var>${created_report_l}</var>
<arg>//div[contains(text(), 'Automation Report${random_number}')]</arg>
<doc>Returns the given values which can then be assigned to a variables.</doc>
<msg timestamp="20220315 14:18:42.848" level="INFO">${created_report_l} = //div[contains(text(), 'Automation Report[5902]')]</msg>
<status status="PASS" starttime="20220315 14:18:42.848" endtime="20220315 14:18:42.848"/>
</kw>
<kw name="Set Variable" library="BuiltIn">
<var>${created_report_l}</var>
<arg>//div[contains(text(), 'Automation Report${random_number}')]</arg>
<doc>Returns the given values which can then be assigned to a variables.</doc>
<msg timestamp="20220315 14:18:42.848" level="INFO">${created_report_l} = //div[contains(text(), 'Automation Report[5902]')]</msg>
<status status="PASS" starttime="20220315 14:18:42.848" endtime="20220315 14:18:42.848"/>
</kw>
<kw name="Set Selenium Timeout" library="SeleniumLibrary">
<arg>20</arg>
<doc>Sets the timeout that is used by various keywords.</doc>
<status status="PASS" starttime="20220315 14:18:42.848" endtime="20220315 14:18:42.848"/>
</kw>
<kw name="Set Selenium Speed" library="SeleniumLibrary">
<arg>0.5</arg>
<doc>Sets the delay that is waited after each Selenium command.</doc>
<status status="PASS" starttime="20220315 14:18:42.848" endtime="20220315 14:18:42.848"/>
</kw>
<kw name="When fill the login form" library="keywords_LoginPage">
<arg>umut</arg>
<arg>Hacettepe2019</arg>
<kw name="Wait Until Element Is Visible" library="SeleniumLibrary">
<arg>${username_l}</arg>
<arg>timeout=20</arg>
<doc>Waits until the element ``locator`` is visible.</doc>
<status status="PASS" starttime="20220315 14:18:42.856" endtime="20220315 14:18:44.670"/>
</kw>
<kw name="Input Text" library="SeleniumLibrary">
<arg>${username_l}</arg>
<arg>${username}</arg>
<doc>Types the given ``text`` into the text field identified by ``locator``.</doc>
<msg timestamp="20220315 14:18:44.672" level="INFO">Typing text 'umut' into text field 'xpath://input[@type='text']'.</msg>
<status status="PASS" starttime="20220315 14:18:44.670" endtime="20220315 14:18:46.417"/>
</kw>
<kw name="Input Password" library="SeleniumLibrary">
<arg>${password_l}</arg>
<arg>${password}</arg>
<doc>Types the given password into the text field identified by ``locator``.</doc>
<msg timestamp="20220315 14:18:46.419" level="INFO">Typing password into text field 'xpath://input[@type='password']'.</msg>
<msg timestamp="20220315 14:18:47.482" level="INFO">Temporally setting log level to: NONE</msg>
<msg timestamp="20220315 14:18:48.150" level="INFO">Log level changed from NONE to INFO.</msg>
<status status="PASS" starttime="20220315 14:18:46.418" endtime="20220315 14:18:48.151"/>
</kw>
<status status="PASS" starttime="20220315 14:18:42.848" endtime="20220315 14:18:48.151"/>
</kw>
<kw name="And click login buton" library="keywords_LoginPage">
<kw name="Click Element" library="SeleniumLibrary">
<arg>${login_button_l}</arg>
<doc>Click the element identified by ``locator``.</doc>
<msg timestamp="20220315 14:18:48.153" level="INFO">Clicking element 'xpath://span[contains(text(),'Login')]'.</msg>
<status status="PASS" starttime="20220315 14:18:48.152" endtime="20220315 14:18:49.268"/>
</kw>
<status status="PASS" starttime="20220315 14:18:48.151" endtime="20220315 14:18:49.268"/>
</kw>
<kw name="And click Report Management" library="keywords_mainPage">
<kw name="Wait Until Element Is Visible" library="SeleniumLibrary">
<arg>${report_management_l}</arg>
<doc>Waits until the element ``locator`` is visible.</doc>
<status status="PASS" starttime="20220315 14:18:49.269" endtime="20220315 14:18:51.332"/>
</kw>
<kw name="Click Element" library="SeleniumLibrary">
<arg>${report_management_l}</arg>
<doc>Click the element identified by ``locator``.</doc>
<msg timestamp="20220315 14:18:51.333" level="INFO">Clicking element 'xpath://div[normalize-space()='Report Management']'.</msg>
<status status="PASS" starttime="20220315 14:18:51.332" endtime="20220315 14:18:52.466"/>
</kw>
<status status="PASS" starttime="20220315 14:18:49.269" endtime="20220315 14:18:52.466"/>
</kw>
<kw name="And click Reports" library="keywords_mainPage">
<kw name="Wait Until Element Is Visible" library="SeleniumLibrary">
<arg>${reports_l}</arg>
<doc>Waits until the element ``locator`` is visible.</doc>
<status status="PASS" starttime="20220315 14:18:52.466" endtime="20220315 14:18:53.586"/>
</kw>
<kw name="Click Element" library="SeleniumLibrary">
<arg>${reports_l}</arg>
<doc>Click the element identified by ``locator``.</doc>
<msg timestamp="20220315 14:18:53.587" level="INFO">Clicking element 'xpath://div[normalize-space()='Reports']'.</msg>
<status status="PASS" starttime="20220315 14:18:53.587" endtime="20220315 14:18:54.802"/>
</kw>
<status status="PASS" starttime="20220315 14:18:52.466" endtime="20220315 14:18:54.803"/>
</kw>
<kw name="And click New Report" library="keywords_reportListPage">
<kw name="Wait Until Element Is Visible" library="SeleniumLibrary">
<arg>${new_report_l}</arg>
<doc>Waits until the element ``locator`` is visible.</doc>
<status status="PASS" starttime="20220315 14:18:54.805" endtime="20220315 14:18:55.880"/>
</kw>
<kw name="Click Element" library="SeleniumLibrary">
<arg>${new_report_l}</arg>
<doc>Click the element identified by ``locator``.</doc>
<msg timestamp="20220315 14:18:55.883" level="INFO">Clicking element '//span[contains(text(),'Add New Report')]'.</msg>
<status status="PASS" starttime="20220315 14:18:55.882" endtime="20220315 14:18:57.367"/>
</kw>
<status status="PASS" starttime="20220315 14:18:54.804" endtime="20220315 14:18:57.368"/>
</kw>
<kw name="And write Report Title" library="keywords_reportListPage">
<arg>${random_number}</arg>
<kw name="Wait Until Element Is Visible" library="SeleniumLibrary">
<arg>${report_title_l}</arg>
<doc>Waits until the element ``locator`` is visible.</doc>
<status status="PASS" starttime="20220315 14:18:57.369" endtime="20220315 14:18:58.447"/>
</kw>
<kw name="Input Text" library="SeleniumLibrary">
<arg>${report_title_l}</arg>
<arg>Automation Report${random_number}</arg>
<doc>Types the given ``text`` into the text field identified by ``locator``.</doc>
<msg timestamp="20220315 14:18:58.450" level="INFO">Typing text 'Automation Report[5902]' into text field '//span/label/div/div/div/input'.</msg>
<status status="PASS" starttime="20220315 14:18:58.447" endtime="20220315 14:19:00.761"/>
</kw>
<status status="PASS" starttime="20220315 14:18:57.369" endtime="20220315 14:19:00.762"/>
</kw>
<kw name="And choose Category" library="keywords_reportListPage">
<kw name="Wait Until Element Is Visible" library="SeleniumLibrary">
<arg>${report_category_l}</arg>
<doc>Waits until the element ``locator`` is visible.</doc>
<status status="PASS" starttime="20220315 14:19:00.763" endtime="20220315 14:19:01.815"/>
</kw>
<kw name="Click Element" library="SeleniumLibrary">
<arg>${report_category_l}</arg>
<doc>Click the element identified by ``locator``.</doc>
<msg timestamp="20220315 14:19:01.818" level="INFO">Clicking element '//div[2]/input'.</msg>
<status status="PASS" starttime="20220315 14:19:01.816" endtime="20220315 14:19:03.024"/>
</kw>
<kw name="Press Keys" library="SeleniumLibrary">
<arg>${report_category_l}</arg>
<arg>ARROW_DOWN</arg>
<doc>Simulates the user pressing key(s) to an element or on the active browser.</doc>
<msg timestamp="20220315 14:19:03.026" level="INFO">Sending key(s) ('ARROW_DOWN',) to //div[2]/input element.</msg>
<msg timestamp="20220315 14:19:04.344" level="INFO">Pressing special key ARROW_DOWN to element.</msg>
<msg timestamp="20220315 14:19:04.344" level="INFO">Releasing special key ARROW_DOWN.</msg>
<status status="PASS" starttime="20220315 14:19:03.025" endtime="20220315 14:19:04.866"/>
</kw>
<kw name="Press Keys" library="SeleniumLibrary">
<arg>${report_category_l}</arg>
<arg>RETURN</arg>
<doc>Simulates the user pressing key(s) to an element or on the active browser.</doc>
<msg timestamp="20220315 14:19:04.867" level="INFO">Sending key(s) ('RETURN',) to //div[2]/input element.</msg>
<msg timestamp="20220315 14:19:06.179" level="INFO">Pressing special key RETURN to element.</msg>
<msg timestamp="20220315 14:19:06.179" level="INFO">Releasing special key RETURN.</msg>
<status status="PASS" starttime="20220315 14:19:04.867" endtime="20220315 14:19:06.745"/>
</kw>
<status status="PASS" starttime="20220315 14:19:00.762" endtime="20220315 14:19:06.746"/>
</kw>
<kw name="And click Save" library="keywords_reportListPage">
<kw name="Execute Javascript" library="SeleniumLibrary">
<arg>window.scrollTo(0, document.body.scrollHeight)</arg>
<doc>Executes the given JavaScript code with possible arguments.</doc>
<msg timestamp="20220315 14:19:06.749" level="INFO">Executing JavaScript:
window.scrollTo(0, document.body.scrollHeight)
Without any arguments.</msg>
<status status="PASS" starttime="20220315 14:19:06.748" endtime="20220315 14:19:07.263"/>
</kw>
<kw name="Wait Until Element Is Visible" library="SeleniumLibrary">
<arg>${report_Save_l}</arg>
<doc>Waits until the element ``locator`` is visible.</doc>
<status status="PASS" starttime="20220315 14:19:07.263" endtime="20220315 14:19:08.323"/>
</kw>
<kw name="Click Element" library="SeleniumLibrary">
<arg>${report_Save_l}</arg>
<doc>Click the element identified by ``locator``.</doc>
<msg timestamp="20220315 14:19:08.324" level="INFO">Clicking element '//span[contains(text(),'Save')]'.</msg>
<status status="PASS" starttime="20220315 14:19:08.324" endtime="20220315 14:19:09.452"/>
</kw>
<kw name="Wait Until Element Is Visible" library="SeleniumLibrary">
<arg>//div[@class='q-img__content absolute-full']</arg>
<doc>Waits until the element ``locator`` is visible.</doc>
<status status="PASS" starttime="20220315 14:19:09.453" endtime="20220315 14:19:10.529"/>
</kw>
<status status="PASS" starttime="20220315 14:19:06.747" endtime="20220315 14:19:10.529"/>
</kw>
<kw name="And search report on report list screen" library="keywords_reportListPage">
<arg>${random_number}</arg>
<kw name="Wait Until Element Is Visible" library="SeleniumLibrary">
<arg>${search_bar_l}</arg>
<doc>Waits until the element ``locator`` is visible.</doc>
<status status="PASS" starttime="20220315 14:19:10.530" endtime="20220315 14:19:11.582"/>
</kw>
<kw name="Click Element" library="SeleniumLibrary">
<arg>${search_bar_l}</arg>
<doc>Click the element identified by ``locator``.</doc>
<msg timestamp="20220315 14:19:11.584" level="INFO">Clicking element '//input[@placeholder='Search']'.</msg>
<status status="PASS" starttime="20220315 14:19:11.583" endtime="20220315 14:19:12.767"/>
</kw>
<kw name="Input Text" library="SeleniumLibrary">
<arg>${search_bar_l}</arg>
<arg>Automation Report${random_number}</arg>
<doc>Types the given ``text`` into the text field identified by ``locator``.</doc>
<msg timestamp="20220315 14:19:12.769" level="INFO">Typing text 'Automation Report[5902]' into text field '//input[@placeholder='Search']'.</msg>
<status status="PASS" starttime="20220315 14:19:12.767" endtime="20220315 14:19:14.445"/>
</kw>
<status status="PASS" starttime="20220315 14:19:10.529" endtime="20220315 14:19:14.446"/>
</kw>
<kw name="Reload Page" library="SeleniumLibrary">
<doc>Simulates user reloading page.</doc>
<status status="PASS" starttime="20220315 14:19:14.446" endtime="20220315 14:19:18.749"/>
</kw>
<kw name="And click My Reports" library="keywords_reportListPage">
<kw name="Wait Until Element Is Visible" library="SeleniumLibrary">
<arg>${my_reports_l}</arg>
<arg>15</arg>
<doc>Waits until the element ``locator`` is visible.</doc>
<status status="PASS" starttime="20220315 14:19:18.749" endtime="20220315 14:19:22.604"/>
</kw>
<kw name="Click Element" library="SeleniumLibrary">
<arg>${my_reports_l}</arg>
<doc>Click the element identified by ``locator``.</doc>
<msg timestamp="20220315 14:19:22.605" level="INFO">Clicking element '//div[normalize-space()='My Reports']'.</msg>
<status status="PASS" starttime="20220315 14:19:22.604" endtime="20220315 14:19:23.684"/>
</kw>
<status status="PASS" starttime="20220315 14:19:18.749" endtime="20220315 14:19:23.685"/>
</kw>
<kw name="And click Report that created" library="keywords_reportListPage">
<arg>${created_report_l}</arg>
<kw name="Wait Until Element Is Visible" library="SeleniumLibrary">
<arg>${created_report_l}</arg>
<doc>Waits until the element ``locator`` is visible.</doc>
<status status="PASS" starttime="20220315 14:19:23.687" endtime="20220315 14:19:24.745"/>
</kw>
<kw name="Click Element" library="SeleniumLibrary">
<arg>${created_report_l}</arg>
<doc>Click the element identified by ``locator``.</doc>
<msg timestamp="20220315 14:19:24.747" level="INFO">Clicking element '//div[contains(text(), 'Automation Report[5902]')]'.</msg>
<status status="PASS" starttime="20220315 14:19:24.746" endtime="20220315 14:19:26.243"/>
</kw>
<status status="PASS" starttime="20220315 14:19:23.686" endtime="20220315 14:19:26.243"/>
</kw>
<kw name="And add widget" library="keywords_reportWidgetPage">
<kw name="Wait Until Element Is Visible" library="SeleniumLibrary">
<arg>${add_widget_l}</arg>
<doc>Waits until the element ``locator`` is visible.</doc>
<status status="PASS" starttime="20220315 14:19:26.245" endtime="20220315 14:19:27.311"/>
</kw>
<kw name="Click Element" library="SeleniumLibrary">
<arg>${add_widget_l}</arg>
<doc>Click the element identified by ``locator``.</doc>
<msg timestamp="20220315 14:19:27.313" level="INFO">Clicking element '//span[normalize-space()='Add Widget']'.</msg>
<status status="PASS" starttime="20220315 14:19:27.312" endtime="20220315 14:19:29.560"/>
</kw>
<status status="PASS" starttime="20220315 14:19:26.244" endtime="20220315 14:19:29.560"/>
</kw>
<kw name="and click text analytics widget" library="keywords_reportWidgetPage">
<kw name="Wait Until Element Is Visible" library="SeleniumLibrary">
<arg>${text_analytics_widget_l}</arg>
<doc>Waits until the element ``locator`` is visible.</doc>
<status status="PASS" starttime="20220315 14:19:29.562" endtime="20220315 14:19:30.613"/>
</kw>
<kw name="Click Element" library="SeleniumLibrary">
<arg>${text_analytics_widget_l}</arg>
<doc>Click the element identified by ``locator``.</doc>
<msg timestamp="20220315 14:19:30.616" level="INFO">Clicking element '//div[@class='q-tab__label'][normalize-space()='Text Analytics']'.</msg>
<status status="PASS" starttime="20220315 14:19:30.614" endtime="20220315 14:19:31.791"/>
</kw>
<status status="PASS" starttime="20220315 14:19:29.561" endtime="20220315 14:19:31.792"/>
</kw>
<kw name="and click ai chart" library="keywords_reportWidgetPage">
<kw name="Wait Until Element Is Visible" library="SeleniumLibrary">
<arg>${ai_chart_l}</arg>
<doc>Waits until the element ``locator`` is visible.</doc>
<status status="PASS" starttime="20220315 14:19:31.796" endtime="20220315 14:19:32.879"/>
</kw>
<kw name="Click Element" library="SeleniumLibrary">
<arg>${ai_chart_l}</arg>
<doc>Click the element identified by ``locator``.</doc>
<msg timestamp="20220315 14:19:32.881" level="INFO">Clicking element '//div[contains(text(),'AI-Chart')]'.</msg>
<status status="PASS" starttime="20220315 14:19:32.880" endtime="20220315 14:19:34.006"/>
</kw>
<status status="PASS" starttime="20220315 14:19:31.795" endtime="20220315 14:19:34.006"/>
</kw>
<kw name="And click Impact Butterfly" library="keywords_reportWidgetPage">
<kw name="Wait Until Element Is Visible" library="SeleniumLibrary">
<arg>${impact_butterfly_l}</arg>
<doc>Waits until the element ``locator`` is visible.</doc>
<status status="PASS" starttime="20220315 14:19:34.008" endtime="20220315 14:19:35.078"/>
</kw>
<kw name="Click Element" library="SeleniumLibrary">
<arg>${impact_butterfly_l}</arg>
<doc>Click the element identified by ``locator``.</doc>
<msg timestamp="20220315 14:19:35.081" level="INFO">Clicking element '//img[@src='/statics/images/widgets/TextAnalyticsImpactButterflyChart.png']'.</msg>
<status status="PASS" starttime="20220315 14:19:35.079" endtime="20220315 14:19:36.355"/>
</kw>
<status status="PASS" starttime="20220315 14:19:34.007" endtime="20220315 14:19:36.356"/>
</kw>
<kw name="And write Widget Title" library="keywords_reportWidgetPage">
<arg>${random_number}</arg>
<kw name="Wait Until Element Is Visible" library="SeleniumLibrary">
<arg>${widget_title_l}</arg>
<doc>Waits until the element ``locator`` is visible.</doc>
<status status="PASS" starttime="20220315 14:19:36.360" endtime="20220315 14:19:37.455"/>
</kw>
<kw name="Input Text" library="SeleniumLibrary">
<arg>${widget_title_l}</arg>
<arg>AutoWidget TextBubbleChart${random_number}</arg>
<doc>Types the given ``text`` into the text field identified by ``locator``.</doc>
<msg timestamp="20220315 14:19:37.455" level="INFO">Typing text 'AutoWidget TextBubbleChart[5902]' into text field '(//input[@type='text'])[3]'.</msg>
<status status="PASS" starttime="20220315 14:19:37.455" endtime="20220315 14:19:40.649"/>
</kw>
<status status="PASS" starttime="20220315 14:19:36.358" endtime="20220315 14:19:40.650"/>
</kw>
<kw name="And choose Layout" library="keywords_reportWidgetPage">
<arg>2</arg>
<if>
<branch type="IF" condition="${layout}==1">
<kw name="Click Element" library="SeleniumLibrary">
<arg>${layout_type1_l}</arg>
<doc>Click the element identified by ``locator``.</doc>
<status status="NOT RUN" starttime="20220315 14:19:40.652" endtime="20220315 14:19:40.652"/>
</kw>
<status status="NOT RUN" starttime="20220315 14:19:40.651" endtime="20220315 14:19:40.652"/>
</branch>
<branch type="ELSE IF" condition="${layout}==2">
<kw name="Click Element" library="SeleniumLibrary">
<arg>${layout_type2_l}</arg>
<doc>Click the element identified by ``locator``.</doc>
<msg timestamp="20220315 14:19:40.652" level="INFO">Clicking element '//div[contains(text(),'2 by 2 Display')]'.</msg>
<status status="PASS" starttime="20220315 14:19:40.652" endtime="20220315 14:19:41.868"/>
</kw>
<status status="PASS" starttime="20220315 14:19:40.652" endtime="20220315 14:19:41.869"/>
</branch>
<branch type="ELSE IF" condition="${layout}==3">
<kw name="Click Element" library="SeleniumLibrary">
<arg>${layout_type3_l}</arg>
<doc>Click the element identified by ``locator``.</doc>
<status status="NOT RUN" starttime="20220315 14:19:41.869" endtime="20220315 14:19:41.869"/>
</kw>
<status status="NOT RUN" starttime="20220315 14:19:41.869" endtime="20220315 14:19:41.869"/>
</branch>
<status status="PASS" starttime="20220315 14:19:40.651" endtime="20220315 14:19:41.869"/>
</if>
<status status="PASS" starttime="20220315 14:19:40.650" endtime="20220315 14:19:41.873"/>
</kw>
<kw name="And choose impact Type" library="keywords_reportWidgetPage">
<kw name="Wait Until Element Is Visible" library="SeleniumLibrary">
<arg>${impact_type_l}</arg>
<doc>Waits until the element ``locator`` is visible.</doc>
<status status="PASS" starttime="20220315 14:19:41.875" endtime="20220315 14:19:42.937"/>
</kw>
<kw name="Click Element" library="SeleniumLibrary">
<arg>${impact_type_l}</arg>
<doc>Click the element identified by ``locator``.</doc>
<msg timestamp="20220315 14:19:42.939" level="INFO">Clicking element '(//input[@type='text'])[6]'.</msg>
<status status="PASS" starttime="20220315 14:19:42.938" endtime="20220315 14:19:44.072"/>
</kw>
<kw name="Press Keys" library="SeleniumLibrary">
<arg>None</arg>
<arg>RETURN</arg>
<doc>Simulates the user pressing key(s) to an element or on the active browser.</doc>
<msg timestamp="20220315 14:19:44.075" level="INFO">Sending key(s) ('RETURN',) to page.</msg>
<msg timestamp="20220315 14:19:44.076" level="INFO">Pressing special key RETURN to browser.</msg>
<msg timestamp="20220315 14:19:44.076" level="INFO">Releasing special key RETURN.</msg>
<status status="PASS" starttime="20220315 14:19:44.073" endtime="20220315 14:19:44.651"/>
</kw>
<status status="PASS" starttime="20220315 14:19:41.874" endtime="20220315 14:19:44.651"/>
</kw>
<kw name="And choose Topic Model for impact butterfly" library="keywords_reportWidgetPage">
<arg>1</arg>
<kw name="Wait Until Element Is Visible" library="SeleniumLibrary">
<arg>${topic_model2_l}</arg>
<doc>Waits until the element ``locator`` is visible.</doc>
<status status="PASS" starttime="20220315 14:19:44.655" endtime="20220315 14:19:45.738"/>
</kw>
<if>
<branch type="IF" condition="${topic_model_count}==1">
<kw name="Click Element" library="SeleniumLibrary">
<arg>${topic_model2_l}</arg>
<doc>Click the element identified by ``locator``.</doc>
<msg timestamp="20220315 14:19:45.745" level="INFO">Clicking element '(//*[name()='svg'][@class='vue-treeselect__control-arrow'])[6]'.</msg>
<status status="PASS" starttime="20220315 14:19:45.742" endtime="20220315 14:19:46.982"/>
</kw>
<kw name="Press Keys" library="SeleniumLibrary">
<arg>None</arg>
<arg>ARROW_DOWN</arg>
<doc>Simulates the user pressing key(s) to an element or on the active browser.</doc>
<msg timestamp="20220315 14:19:46.985" level="INFO">Sending key(s) ('ARROW_DOWN',) to page.</msg>
<msg timestamp="20220315 14:19:46.986" level="INFO">Pressing special key ARROW_DOWN to browser.</msg>
<msg timestamp="20220315 14:19:46.986" level="INFO">Releasing special key ARROW_DOWN.</msg>
<status status="PASS" starttime="20220315 14:19:46.983" endtime="20220315 14:19:47.516"/>
</kw>
<kw name="Press Keys" library="SeleniumLibrary">
<arg>None</arg>
<arg>RETURN</arg>
<doc>Simulates the user pressing key(s) to an element or on the active browser.</doc>
<msg timestamp="20220315 14:19:47.516" level="INFO">Sending key(s) ('RETURN',) to page.</msg>
<msg timestamp="20220315 14:19:47.520" level="INFO">Pressing special key RETURN to browser.</msg>
<msg timestamp="20220315 14:19:47.520" level="INFO">Releasing special key RETURN.</msg>
<status status="PASS" starttime="20220315 14:19:47.516" endtime="20220315 14:19:48.120"/>
</kw>
<status status="PASS" starttime="20220315 14:19:45.741" endtime="20220315 14:19:48.121"/>
</branch>
<branch type="ELSE IF" condition="${topic_model_count}==2">
<kw name="Click Element" library="SeleniumLibrary">
<arg>${topic_model2_l}</arg>
<doc>Click the element identified by ``locator``.</doc>
<status status="NOT RUN" starttime="20220315 14:19:48.123" endtime="20220315 14:19:48.124"/>
</kw>
<kw name="Press Keys" library="SeleniumLibrary">
<arg>None</arg>
<arg>ARROW_DOWN</arg>
<doc>Simulates the user pressing key(s) to an element or on the active browser.</doc>
<status status="NOT RUN" starttime="20220315 14:19:48.125" endtime="20220315 14:19:48.125"/>
</kw>
<kw name="Press Keys" library="SeleniumLibrary">
<arg>None</arg>
<arg>RETURN</arg>
<doc>Simulates the user pressing key(s) to an element or on the active browser.</doc>
<status status="NOT RUN" starttime="20220315 14:19:48.126" endtime="20220315 14:19:48.127"/>
</kw>
<kw name="Press Keys" library="SeleniumLibrary">
<arg>None</arg>
<arg>ARROW_DOWN</arg>
<doc>Simulates the user pressing key(s) to an element or on the active browser.</doc>
<status status="NOT RUN" starttime="20220315 14:19:48.127" endtime="20220315 14:19:48.128"/>
</kw>
<kw name="Press Keys" library="SeleniumLibrary">
<arg>None</arg>
<arg>ARROW_DOWN</arg>
<doc>Simulates the user pressing key(s) to an element or on the active browser.</doc>
<status status="NOT RUN" starttime="20220315 14:19:48.129" endtime="20220315 14:19:48.129"/>
</kw>
<kw name="Press Keys" library="SeleniumLibrary">
<arg>None</arg>
<arg>RETURN</arg>
<doc>Simulates the user pressing key(s) to an element or on the active browser.</doc>
<status status="NOT RUN" starttime="20220315 14:19:48.131" endtime="20220315 14:19:48.132"/>
</kw>
<status status="NOT RUN" starttime="20220315 14:19:48.122" endtime="20220315 14:19:48.132"/>
</branch>
<status status="PASS" starttime="20220315 14:19:45.740" endtime="20220315 14:19:48.132"/>
</if>
<status status="PASS" starttime="20220315 14:19:44.651" endtime="20220315 14:19:48.133"/>
</kw>
<kw name="and click save" library="keywords_reportListPage">
<kw name="Execute Javascript" library="SeleniumLibrary">
<arg>window.scrollTo(0, document.body.scrollHeight)</arg>
<doc>Executes the given JavaScript code with possible arguments.</doc>
<msg timestamp="20220315 14:19:48.137" level="INFO">Executing JavaScript:
window.scrollTo(0, document.body.scrollHeight)
Without any arguments.</msg>
<status status="PASS" starttime="20220315 14:19:48.135" endtime="20220315 14:19:48.653"/>
</kw>
<kw name="Wait Until Element Is Visible" library="SeleniumLibrary">
<arg>${report_Save_l}</arg>
<doc>Waits until the element ``locator`` is visible.</doc>
<status status="PASS" starttime="20220315 14:19:48.654" endtime="20220315 14:19:49.712"/>
</kw>
<kw name="Click Element" library="SeleniumLibrary">
<arg>${report_Save_l}</arg>
<doc>Click the element identified by ``locator``.</doc>
<msg timestamp="20220315 14:19:49.712" level="INFO">Clicking element '//span[contains(text(),'Save')]'.</msg>
<status status="PASS" starttime="20220315 14:19:49.712" endtime="20220315 14:19:50.976"/>
</kw>
<kw name="Wait Until Element Is Visible" library="SeleniumLibrary">
<arg>//div[@class='q-img__content absolute-full']</arg>
<doc>Waits until the element ``locator`` is visible.</doc>
<status status="PASS" starttime="20220315 14:19:50.976" endtime="20220315 14:19:52.277"/>
</kw>
<status status="PASS" starttime="20220315 14:19:48.133" endtime="20220315 14:19:52.278"/>
</kw>
<kw name="close browser session" library="keywords_LoginPage" type="TEARDOWN">
<kw name="Close Browser" library="SeleniumLibrary">
<doc>Closes the current browser.</doc>
<status status="PASS" starttime="20220315 14:19:52.279" endtime="20220315 14:19:54.880"/>
</kw>
<status status="PASS" starttime="20220315 14:19:52.278" endtime="20220315 14:19:54.880"/>
</kw>
<status status="PASS" starttime="20220315 14:18:38.599" endtime="20220315 14:19:54.881"/>
</test>
<doc>Impact Buuterfly Widget</doc>
<status status="PASS" starttime="20220315 14:18:38.134" endtime="20220315 14:19:54.883"/>
</suite>
<status status="PASS" starttime="20220315 14:18:38.099" endtime="20220315 14:19:54.890"/>
</suite>
<statistics>
<total>
<stat pass="1" fail="0" skip="0">All Tests</stat>
</total>
<tag>
</tag>
<suite>
<stat pass="1" fail="0" skip="0" id="s1" name="testCases">testCases</stat>
<stat pass="1" fail="0" skip="0" id="s1-s1" name="WidgetImpactButterfly">testCases.WidgetImpactButterfly</stat>
</suite>
</statistics>
<errors>
</errors>
</robot>
