<?xml version="1.0" encoding="UTF-8"?>
<robot generator="Robot 4.1.3 (Python 3.10.2 on win32)" generated="20220405 16:16:46.125" rpa="false" schemaversion="2">
<suite id="s1" name="testCases" source="C:\Users\User\PycharmProjects\RobotFramework\tests\testCases">
<suite id="s1-s1" name="WidgetTextBubbleChart" source="C:\Users\User\PycharmProjects\RobotFramework\tests\testCases\WidgetTextBubbleChart.robot">
<test id="s1-s1-t1" name="Adding New Text Bubble Chart Widget to Report">
<kw name="open the browser with ALternaWebPage" library="keywords_LoginPage" type="SETUP">
<kw name="Create Webdriver" library="SeleniumLibrary">
<arg>Chrome</arg>
<arg>executable_path=tests/drivers/chromedriver.exe</arg>
<doc>Creates an instance of Selenium WebDriver.</doc>
<msg timestamp="20220405 16:16:46.438" level="INFO">Creating an instance of the Chrome WebDriver.</msg>
<status status="PASS" starttime="20220405 16:16:46.438" endtime="20220405 16:16:47.919"/>
</kw>
<kw name="Go To" library="SeleniumLibrary">
<arg>https://staging.alternacx.com/</arg>
<doc>Navigates the current browser window to the provided ``url``.</doc>
<msg timestamp="20220405 16:16:47.920" level="INFO">Opening url 'https://staging.alternacx.com/'</msg>
<status status="PASS" starttime="20220405 16:16:47.920" endtime="20220405 16:16:49.385"/>
</kw>
<kw name="Maximize Browser Window" library="SeleniumLibrary">
<doc>Maximizes current browser window.</doc>
<status status="PASS" starttime="20220405 16:16:49.385" endtime="20220405 16:16:49.519"/>
</kw>
<status status="PASS" starttime="20220405 16:16:46.437" endtime="20220405 16:16:49.520"/>
</kw>
<kw name="Set Variable" library="BuiltIn">
<var>${widget_type}</var>
<arg>Text Bubble Chart</arg>
<doc>Returns the given values which can then be assigned to a variables.</doc>
<msg timestamp="20220405 16:16:49.521" level="INFO">${widget_type} = Text Bubble Chart</msg>
<status status="PASS" starttime="20220405 16:16:49.520" endtime="20220405 16:16:49.521"/>
</kw>
<kw name="Evaluate" library="BuiltIn">
<var>${random_number}</var>
<arg>random.sample(range(1, 9999), 1)</arg>
<arg>random</arg>
<doc>Evaluates the given expression in Python and returns the result.</doc>
<msg timestamp="20220405 16:16:49.522" level="INFO">${random_number} = [4981]</msg>
<status status="PASS" starttime="20220405 16:16:49.521" endtime="20220405 16:16:49.522"/>
</kw>
<kw name="Set Variable" library="BuiltIn">
<var>${created_report_l}</var>
<arg>//div[contains(text(), 'Automation Report${random_number}')]</arg>
<doc>Returns the given values which can then be assigned to a variables.</doc>
<msg timestamp="20220405 16:16:49.523" level="INFO">${created_report_l} = //div[contains(text(), 'Automation Report[4981]')]</msg>
<status status="PASS" starttime="20220405 16:16:49.523" endtime="20220405 16:16:49.523"/>
</kw>
<kw name="Set Variable" library="BuiltIn">
<var>${created_report_l}</var>
<arg>//div[contains(text(), 'Automation Report${random_number}')]</arg>
<doc>Returns the given values which can then be assigned to a variables.</doc>
<msg timestamp="20220405 16:16:49.524" level="INFO">${created_report_l} = //div[contains(text(), 'Automation Report[4981]')]</msg>
<status status="PASS" starttime="20220405 16:16:49.523" endtime="20220405 16:16:49.524"/>
</kw>
<kw name="Set Selenium Timeout" library="SeleniumLibrary">
<arg>20</arg>
<doc>Sets the timeout that is used by various keywords.</doc>
<status status="PASS" starttime="20220405 16:16:49.525" endtime="20220405 16:16:49.530"/>
</kw>
<kw name="Set Selenium Speed" library="SeleniumLibrary">
<arg>0.5</arg>
<doc>Sets the delay that is waited after each Selenium command.</doc>
<status status="PASS" starttime="20220405 16:16:49.531" endtime="20220405 16:16:49.533"/>
</kw>
<kw name="When fill the login form" library="keywords_LoginPage">
<arg>umut</arg>
<arg>Hacettepe2019</arg>
<kw name="Wait Until Element Is Visible" library="SeleniumLibrary">
<arg>${username_l}</arg>
<arg>timeout=20</arg>
<doc>Waits until the element ``locator`` is visible.</doc>
<status status="PASS" starttime="20220405 16:16:49.536" endtime="20220405 16:16:51.358"/>
</kw>
<kw name="Input Text" library="SeleniumLibrary">
<arg>${username_l}</arg>
<arg>${username}</arg>
<doc>Types the given ``text`` into the text field identified by ``locator``.</doc>
<msg timestamp="20220405 16:16:51.360" level="INFO">Typing text 'umut' into text field 'xpath://input[@type='text']'.</msg>
<status status="PASS" starttime="20220405 16:16:51.359" endtime="20220405 16:16:53.005"/>
</kw>
<kw name="Input Password" library="SeleniumLibrary">
<arg>${password_l}</arg>
<arg>${password}</arg>
<doc>Types the given password into the text field identified by ``locator``.</doc>
<msg timestamp="20220405 16:16:53.007" level="INFO">Typing password into text field 'xpath://input[@type='password']'.</msg>
<msg timestamp="20220405 16:16:54.062" level="INFO">Temporally setting log level to: NONE</msg>
<msg timestamp="20220405 16:16:54.720" level="INFO">Log level changed from NONE to INFO.</msg>
<status status="PASS" starttime="20220405 16:16:53.006" endtime="20220405 16:16:54.720"/>
</kw>
<status status="PASS" starttime="20220405 16:16:49.535" endtime="20220405 16:16:54.720"/>
</kw>
<kw name="And click login buton" library="keywords_LoginPage">
<kw name="Click Element" library="SeleniumLibrary">
<arg>${login_button_l}</arg>
<doc>Click the element identified by ``locator``.</doc>
<msg timestamp="20220405 16:16:54.722" level="INFO">Clicking element 'xpath://span[contains(text(),'Login')]'.</msg>
<status status="PASS" starttime="20220405 16:16:54.721" endtime="20220405 16:16:55.816"/>
</kw>
<status status="PASS" starttime="20220405 16:16:54.721" endtime="20220405 16:16:55.816"/>
</kw>
<kw name="And click Report Management" library="keywords_mainPage">
<kw name="Wait Until Element Is Visible" library="SeleniumLibrary">
<arg>${report_management_l}</arg>
<doc>Waits until the element ``locator`` is visible.</doc>
<status status="PASS" starttime="20220405 16:16:55.817" endtime="20220405 16:16:57.744"/>
</kw>
<kw name="Click Element" library="SeleniumLibrary">
<arg>${report_management_l}</arg>
<doc>Click the element identified by ``locator``.</doc>
<msg timestamp="20220405 16:16:57.744" level="INFO">Clicking element 'xpath://div[normalize-space()='Report Management']'.</msg>
<status status="PASS" starttime="20220405 16:16:57.744" endtime="20220405 16:16:58.831"/>
</kw>
<status status="PASS" starttime="20220405 16:16:55.816" endtime="20220405 16:16:58.831"/>
</kw>
<kw name="And click Reports" library="keywords_mainPage">
<kw name="Wait Until Element Is Visible" library="SeleniumLibrary">
<arg>${reports_l}</arg>
<doc>Waits until the element ``locator`` is visible.</doc>
<status status="PASS" starttime="20220405 16:16:58.832" endtime="20220405 16:16:59.875"/>
</kw>
<kw name="Click Element" library="SeleniumLibrary">
<arg>${reports_l}</arg>
<doc>Click the element identified by ``locator``.</doc>
<msg timestamp="20220405 16:16:59.875" level="INFO">Clicking element 'xpath://div[normalize-space()='Reports']'.</msg>
<status status="PASS" starttime="20220405 16:16:59.875" endtime="20220405 16:17:01.003"/>
</kw>
<status status="PASS" starttime="20220405 16:16:58.831" endtime="20220405 16:17:01.004"/>
</kw>
<kw name="And click New Report" library="keywords_reportListPage">
<kw name="Wait Until Element Is Visible" library="SeleniumLibrary">
<arg>${new_report_l}</arg>
<doc>Waits until the element ``locator`` is visible.</doc>
<status status="PASS" starttime="20220405 16:17:01.007" endtime="20220405 16:17:02.085"/>
</kw>
<kw name="Click Element" library="SeleniumLibrary">
<arg>${new_report_l}</arg>
<doc>Click the element identified by ``locator``.</doc>
<msg timestamp="20220405 16:17:02.089" level="INFO">Clicking element '//span[contains(text(),'Add New Report')]'.</msg>
<status status="PASS" starttime="20220405 16:17:02.087" endtime="20220405 16:17:03.339"/>
</kw>
<status status="PASS" starttime="20220405 16:17:01.006" endtime="20220405 16:17:03.341"/>
</kw>
<kw name="And write Report Title" library="keywords_reportListPage">
<arg>${random_number}</arg>
<kw name="Wait Until Element Is Visible" library="SeleniumLibrary">
<arg>${report_title_l}</arg>
<doc>Waits until the element ``locator`` is visible.</doc>
<status status="PASS" starttime="20220405 16:17:03.345" endtime="20220405 16:17:04.408"/>
</kw>
<kw name="Input Text" library="SeleniumLibrary">
<arg>${report_title_l}</arg>
<arg>Automation Report${random_number}</arg>
<doc>Types the given ``text`` into the text field identified by ``locator``.</doc>
<msg timestamp="20220405 16:17:04.412" level="INFO">Typing text 'Automation Report[4981]' into text field '//span/label/div/div/div/input'.</msg>
<status status="PASS" starttime="20220405 16:17:04.410" endtime="20220405 16:17:06.233"/>
</kw>
<status status="PASS" starttime="20220405 16:17:03.342" endtime="20220405 16:17:06.235"/>
</kw>
<kw name="And choose Category" library="keywords_reportListPage">
<kw name="Wait Until Element Is Visible" library="SeleniumLibrary">
<arg>${report_category_l}</arg>
<doc>Waits until the element ``locator`` is visible.</doc>
<status status="PASS" starttime="20220405 16:17:06.238" endtime="20220405 16:17:07.297"/>
</kw>
<kw name="Click Element" library="SeleniumLibrary">
<arg>${report_category_l}</arg>
<doc>Click the element identified by ``locator``.</doc>
<msg timestamp="20220405 16:17:07.298" level="INFO">Clicking element '//div[2]/input'.</msg>
<status status="PASS" starttime="20220405 16:17:07.297" endtime="20220405 16:17:08.406"/>
</kw>
<kw name="Press Keys" library="SeleniumLibrary">
<arg>${report_category_l}</arg>
<arg>ARROW_DOWN</arg>
<doc>Simulates the user pressing key(s) to an element or on the active browser.</doc>
<msg timestamp="20220405 16:17:08.409" level="INFO">Sending key(s) ('ARROW_DOWN',) to //div[2]/input element.</msg>
<msg timestamp="20220405 16:17:09.735" level="INFO">Pressing special key ARROW_DOWN to element.</msg>
<msg timestamp="20220405 16:17:09.736" level="INFO">Releasing special key ARROW_DOWN.</msg>
<status status="PASS" starttime="20220405 16:17:08.406" endtime="20220405 16:17:10.256"/>
</kw>
<kw name="Press Keys" library="SeleniumLibrary">
<arg>${report_category_l}</arg>
<arg>RETURN</arg>
<doc>Simulates the user pressing key(s) to an element or on the active browser.</doc>
<msg timestamp="20220405 16:17:10.258" level="INFO">Sending key(s) ('RETURN',) to //div[2]/input element.</msg>
<msg timestamp="20220405 16:17:11.567" level="INFO">Pressing special key RETURN to element.</msg>
<msg timestamp="20220405 16:17:11.567" level="INFO">Releasing special key RETURN.</msg>
<status status="PASS" starttime="20220405 16:17:10.257" endtime="20220405 16:17:12.103"/>
</kw>
<status status="PASS" starttime="20220405 16:17:06.236" endtime="20220405 16:17:12.104"/>
</kw>
<kw name="And click Save" library="keywords_reportListPage">
<kw name="Execute Javascript" library="SeleniumLibrary">
<arg>window.scrollTo(0, document.body.scrollHeight)</arg>
<doc>Executes the given JavaScript code with possible arguments.</doc>
<msg timestamp="20220405 16:17:12.105" level="INFO">Executing JavaScript:
window.scrollTo(0, document.body.scrollHeight)
Without any arguments.</msg>
<status status="PASS" starttime="20220405 16:17:12.105" endtime="20220405 16:17:12.626"/>
</kw>
<kw name="Wait Until Element Is Visible" library="SeleniumLibrary">
<arg>${report_Save_l}</arg>
<doc>Waits until the element ``locator`` is visible.</doc>
<status status="PASS" starttime="20220405 16:17:12.627" endtime="20220405 16:17:13.672"/>
</kw>
<kw name="Click Element" library="SeleniumLibrary">
<arg>${report_Save_l}</arg>
<doc>Click the element identified by ``locator``.</doc>
<msg timestamp="20220405 16:17:13.673" level="INFO">Clicking element '//span[contains(text(),'Save')]'.</msg>
<status status="PASS" starttime="20220405 16:17:13.672" endtime="20220405 16:17:14.814"/>
</kw>
<kw name="Wait Until Element Is Visible" library="SeleniumLibrary">
<arg>//div[@class='q-img__content absolute-full']</arg>
<doc>Waits until the element ``locator`` is visible.</doc>
<status status="PASS" starttime="20220405 16:17:14.814" endtime="20220405 16:17:15.887"/>
</kw>
<status status="PASS" starttime="20220405 16:17:12.105" endtime="20220405 16:17:15.888"/>
</kw>
<kw name="And search report on report list screen" library="keywords_reportListPage">
<arg>${random_number}</arg>
<kw name="Wait Until Element Is Visible" library="SeleniumLibrary">
<arg>${search_bar_l}</arg>
<doc>Waits until the element ``locator`` is visible.</doc>
<status status="PASS" starttime="20220405 16:17:15.891" endtime="20220405 16:17:16.978"/>
</kw>
<kw name="Click Element" library="SeleniumLibrary">
<arg>${search_bar_l}</arg>
<doc>Click the element identified by ``locator``.</doc>
<msg timestamp="20220405 16:17:16.979" level="INFO">Clicking element '//input[@placeholder='Search']'.</msg>
<status status="PASS" starttime="20220405 16:17:16.978" endtime="20220405 16:17:18.032"/>
</kw>
<kw name="Input Text" library="SeleniumLibrary">
<arg>${search_bar_l}</arg>
<arg>Automation Report${random_number}</arg>
<doc>Types the given ``text`` into the text field identified by ``locator``.</doc>
<msg timestamp="20220405 16:17:18.035" level="INFO">Typing text 'Automation Report[4981]' into text field '//input[@placeholder='Search']'.</msg>
<status status="PASS" starttime="20220405 16:17:18.033" endtime="20220405 16:17:19.637"/>
</kw>
<status status="PASS" starttime="20220405 16:17:15.889" endtime="20220405 16:17:19.637"/>
</kw>
<kw name="Reload Page" library="SeleniumLibrary">
<doc>Simulates user reloading page.</doc>
<status status="PASS" starttime="20220405 16:17:19.638" endtime="20220405 16:17:21.292"/>
</kw>
<kw name="And click My Reports" library="keywords_reportListPage">
<kw name="Wait Until Element Is Visible" library="SeleniumLibrary">
<arg>${my_reports_l}</arg>
<arg>15</arg>
<doc>Waits until the element ``locator`` is visible.</doc>
<status status="PASS" starttime="20220405 16:17:21.293" endtime="20220405 16:17:24.815"/>
</kw>
<kw name="Click Element" library="SeleniumLibrary">
<arg>${my_reports_l}</arg>
<doc>Click the element identified by ``locator``.</doc>
<msg timestamp="20220405 16:17:24.815" level="INFO">Clicking element '//div[normalize-space()='My Reports']'.</msg>
<status status="PASS" starttime="20220405 16:17:24.815" endtime="20220405 16:17:25.936"/>
</kw>
<status status="PASS" starttime="20220405 16:17:21.293" endtime="20220405 16:17:25.937"/>
</kw>
<kw name="And click Report that created" library="keywords_reportListPage">
<arg>${created_report_l}</arg>
<kw name="Wait Until Element Is Visible" library="SeleniumLibrary">
<arg>${created_report_l}</arg>
<doc>Waits until the element ``locator`` is visible.</doc>
<status status="PASS" starttime="20220405 16:17:25.940" endtime="20220405 16:17:27.004"/>
</kw>
<kw name="Click Element" library="SeleniumLibrary">
<arg>${created_report_l}</arg>
<doc>Click the element identified by ``locator``.</doc>
<msg timestamp="20220405 16:17:27.005" level="INFO">Clicking element '//div[contains(text(), 'Automation Report[4981]')]'.</msg>
<status status="PASS" starttime="20220405 16:17:27.004" endtime="20220405 16:17:28.272"/>
</kw>
<status status="PASS" starttime="20220405 16:17:25.938" endtime="20220405 16:17:28.272"/>
</kw>
<kw name="And add widget" library="keywords_ReportWidgetPage">
<kw name="Wait Until Element Is Visible" library="SeleniumLibrary">
<arg>${add_widget_l}</arg>
<doc>Waits until the element ``locator`` is visible.</doc>
<status status="PASS" starttime="20220405 16:17:28.273" endtime="20220405 16:17:29.316"/>
</kw>
<kw name="Click Element" library="SeleniumLibrary">
<arg>${add_widget_l}</arg>
<doc>Click the element identified by ``locator``.</doc>
<msg timestamp="20220405 16:17:29.317" level="INFO">Clicking element '//span[normalize-space()='Add Widget']'.</msg>
<status status="PASS" starttime="20220405 16:17:29.316" endtime="20220405 16:17:30.964"/>
</kw>
<status status="PASS" starttime="20220405 16:17:28.272" endtime="20220405 16:17:30.964"/>
</kw>
<kw name="And click TextAnalytics Tab" library="keywords_ReportWidgetPage">
<kw name="Wait Until Element Is Visible" library="SeleniumLibrary">
<arg>${text_analytics_tab_l}</arg>
<doc>Waits until the element ``locator`` is visible.</doc>
<status status="PASS" starttime="20220405 16:17:30.964" endtime="20220405 16:17:32.014"/>
</kw>
<kw name="Click Element" library="SeleniumLibrary">
<arg>${text_analytics_tab_l}</arg>
<doc>Click the element identified by ``locator``.</doc>
<msg timestamp="20220405 16:17:32.015" level="INFO">Clicking element '//div[@class='q-tab__label'][normalize-space()='Text Analytics']'.</msg>
<status status="PASS" starttime="20220405 16:17:32.014" endtime="20220405 16:17:33.146"/>
</kw>
<status status="PASS" starttime="20220405 16:17:30.964" endtime="20220405 16:17:33.147"/>
</kw>
<kw name="and click ai chart" library="keywords_ReportWidgetPage">
<kw name="Wait Until Element Is Visible" library="SeleniumLibrary">
<arg>${ai_chart_l}</arg>
<doc>Waits until the element ``locator`` is visible.</doc>
<status status="PASS" starttime="20220405 16:17:33.147" endtime="20220405 16:17:34.195"/>
</kw>
<kw name="Click Element" library="SeleniumLibrary">
<arg>${ai_chart_l}</arg>
<doc>Click the element identified by ``locator``.</doc>
<msg timestamp="20220405 16:17:34.198" level="INFO">Clicking element '//div[contains(text(),'AI-Chart')]'.</msg>
<status status="PASS" starttime="20220405 16:17:34.196" endtime="20220405 16:17:35.452"/>
</kw>
<status status="PASS" starttime="20220405 16:17:33.147" endtime="20220405 16:17:35.452"/>
</kw>
<kw name="And click Text Bubble Chart Widget" library="keywords_ReportWidgetPage">
<kw name="Wait Until Element Is Visible" library="SeleniumLibrary">
<arg>${text_bubble_widget_l}</arg>
<doc>Waits until the element ``locator`` is visible.</doc>
<status status="PASS" starttime="20220405 16:17:35.454" endtime="20220405 16:17:36.479"/>
</kw>
<kw name="Click Element" library="SeleniumLibrary">
<arg>${text_bubble_widget_l}</arg>
<doc>Click the element identified by ``locator``.</doc>
<msg timestamp="20220405 16:17:36.481" level="INFO">Clicking element '//img[@src='/statics/images/widgets/TextAnalyticsBubbleChart2.png']'.</msg>
<status status="PASS" starttime="20220405 16:17:36.480" endtime="20220405 16:17:37.621"/>
</kw>
<status status="PASS" starttime="20220405 16:17:35.453" endtime="20220405 16:17:37.621"/>
</kw>
<kw name="And write Widget Title" library="keywords_ReportWidgetPage">
<arg>${widget_type}</arg>
<arg>${random_number}</arg>
<kw name="Wait Until Element Is Visible" library="SeleniumLibrary">
<arg>${widget_title_l}</arg>
<doc>Waits until the element ``locator`` is visible.</doc>
<status status="PASS" starttime="20220405 16:17:37.622" endtime="20220405 16:17:38.649"/>
</kw>
<kw name="Input Text" library="SeleniumLibrary">
<arg>${widget_title_l}</arg>
<arg>AutoWidget ${widget_Type} ${random_number}</arg>
<doc>Types the given ``text`` into the text field identified by ``locator``.</doc>
<msg timestamp="20220405 16:17:38.650" level="INFO">Typing text 'AutoWidget Text Bubble Chart [4981]' into text field '(//input[@type='text'])[3]'.</msg>
<status status="PASS" starttime="20220405 16:17:38.649" endtime="20220405 16:17:41.279"/>
</kw>
<status status="PASS" starttime="20220405 16:17:37.621" endtime="20220405 16:17:41.279"/>
</kw>
<kw name="And choose Data Type" library="keywords_ReportWidgetPage">
<kw name="Wait Until Element Is Visible" library="SeleniumLibrary">
<arg>${data_type_l}</arg>
<doc>Waits until the element ``locator`` is visible.</doc>
<status status="PASS" starttime="20220405 16:17:41.280" endtime="20220405 16:17:42.316"/>
</kw>
<kw name="Click Element" library="SeleniumLibrary">
<arg>${data_type_l}</arg>
<doc>Click the element identified by ``locator``.</doc>
<msg timestamp="20220405 16:17:42.317" level="INFO">Clicking element '(//input[@type='text'])[5]'.</msg>
<status status="PASS" starttime="20220405 16:17:42.316" endtime="20220405 16:17:43.417"/>
</kw>
<kw name="Press Keys" library="SeleniumLibrary">
<arg>${data_type_l}</arg>
<arg>ARROW_DOWN</arg>
<doc>Simulates the user pressing key(s) to an element or on the active browser.</doc>
<msg timestamp="20220405 16:17:43.420" level="INFO">Sending key(s) ('ARROW_DOWN',) to (//input[@type='text'])[5] element.</msg>
<msg timestamp="20220405 16:17:44.767" level="INFO">Pressing special key ARROW_DOWN to element.</msg>
<msg timestamp="20220405 16:17:44.767" level="INFO">Releasing special key ARROW_DOWN.</msg>
<status status="PASS" starttime="20220405 16:17:43.417" endtime="20220405 16:17:45.279"/>
</kw>
<kw name="Press Keys" library="SeleniumLibrary">
<arg>${data_type_l}</arg>
<arg>RETURN</arg>
<doc>Simulates the user pressing key(s) to an element or on the active browser.</doc>
<msg timestamp="20220405 16:17:45.282" level="INFO">Sending key(s) ('RETURN',) to (//input[@type='text'])[5] element.</msg>
<msg timestamp="20220405 16:17:46.588" level="INFO">Pressing special key RETURN to element.</msg>
<msg timestamp="20220405 16:17:46.588" level="INFO">Releasing special key RETURN.</msg>
<status status="PASS" starttime="20220405 16:17:45.280" endtime="20220405 16:17:47.127"/>
</kw>
<status status="PASS" starttime="20220405 16:17:41.280" endtime="20220405 16:17:47.127"/>
</kw>
<kw name="And choose Layout" library="keywords_ReportWidgetPage">
<arg>2</arg>
<if>
<branch type="IF" condition="${layout}==1">
<kw name="Click Element" library="SeleniumLibrary">
<arg>${layout_type1_l}</arg>
<doc>Click the element identified by ``locator``.</doc>
<status status="NOT RUN" starttime="20220405 16:17:47.128" endtime="20220405 16:17:47.128"/>
</kw>
<status status="NOT RUN" starttime="20220405 16:17:47.128" endtime="20220405 16:17:47.128"/>
</branch>
<branch type="ELSE IF" condition="${layout}==2">
<kw name="Click Element" library="SeleniumLibrary">
<arg>${layout_type2_l}</arg>
<doc>Click the element identified by ``locator``.</doc>
<msg timestamp="20220405 16:17:47.129" level="INFO">Clicking element '//div[contains(text(),'2 by 2 Display')]'.</msg>
<status status="PASS" starttime="20220405 16:17:47.129" endtime="20220405 16:17:48.286"/>
</kw>
<status status="PASS" starttime="20220405 16:17:47.129" endtime="20220405 16:17:48.286"/>
</branch>
<branch type="ELSE IF" condition="${layout}==3">
<kw name="Click Element" library="SeleniumLibrary">
<arg>${layout_type3_l}</arg>
<doc>Click the element identified by ``locator``.</doc>
<status status="NOT RUN" starttime="20220405 16:17:48.288" endtime="20220405 16:17:48.288"/>
</kw>
<status status="NOT RUN" starttime="20220405 16:17:48.286" endtime="20220405 16:17:48.288"/>
</branch>
<status status="PASS" starttime="20220405 16:17:47.128" endtime="20220405 16:17:48.288"/>
</if>
<status status="PASS" starttime="20220405 16:17:47.127" endtime="20220405 16:17:48.288"/>
</kw>
<kw name="And choose Topic Model" library="keywords_ReportWidgetPage">
<arg>1</arg>
<kw name="Wait Until Element Is Visible" library="SeleniumLibrary">
<arg>${topic_model_l}</arg>
<doc>Waits until the element ``locator`` is visible.</doc>
<status status="PASS" starttime="20220405 16:17:48.289" endtime="20220405 16:17:49.337"/>
</kw>
<if>
<branch type="IF" condition="${topic_model_count}==1">
<kw name="Click Element" library="SeleniumLibrary">
<arg>${topic_model_l}</arg>
<doc>Click the element identified by ``locator``.</doc>
<msg timestamp="20220405 16:17:49.338" level="INFO">Clicking element '(//*[name()='svg'][@class='vue-treeselect__control-arrow'])[5]'.</msg>
<status status="PASS" starttime="20220405 16:17:49.337" endtime="20220405 16:17:50.418"/>
</kw>
<kw name="Press Keys" library="SeleniumLibrary">
<arg>None</arg>
<arg>ARROW_DOWN</arg>
<doc>Simulates the user pressing key(s) to an element or on the active browser.</doc>
<msg timestamp="20220405 16:17:50.421" level="INFO">Sending key(s) ('ARROW_DOWN',) to page.</msg>
<msg timestamp="20220405 16:17:50.421" level="INFO">Pressing special key ARROW_DOWN to browser.</msg>
<msg timestamp="20220405 16:17:50.421" level="INFO">Releasing special key ARROW_DOWN.</msg>
<status status="PASS" starttime="20220405 16:17:50.418" endtime="20220405 16:17:50.952"/>
</kw>
<kw name="Press Keys" library="SeleniumLibrary">
<arg>None</arg>
<arg>RETURN</arg>
<doc>Simulates the user pressing key(s) to an element or on the active browser.</doc>
<msg timestamp="20220405 16:17:50.953" level="INFO">Sending key(s) ('RETURN',) to page.</msg>
<msg timestamp="20220405 16:17:50.953" level="INFO">Pressing special key RETURN to browser.</msg>
<msg timestamp="20220405 16:17:50.953" level="INFO">Releasing special key RETURN.</msg>
<status status="PASS" starttime="20220405 16:17:50.952" endtime="20220405 16:17:51.500"/>
</kw>
<status status="PASS" starttime="20220405 16:17:49.337" endtime="20220405 16:17:51.501"/>
</branch>
<branch type="ELSE IF" condition="${topic_model_count}==2">
<kw name="Click Element" library="SeleniumLibrary">
<arg>${topic_model_l}</arg>
<doc>Click the element identified by ``locator``.</doc>
<status status="NOT RUN" starttime="20220405 16:17:51.502" endtime="20220405 16:17:51.503"/>
</kw>
<kw name="Press Keys" library="SeleniumLibrary">
<arg>None</arg>
<arg>ARROW_DOWN</arg>
<doc>Simulates the user pressing key(s) to an element or on the active browser.</doc>
<status status="NOT RUN" starttime="20220405 16:17:51.504" endtime="20220405 16:17:51.504"/>
</kw>
<kw name="Press Keys" library="SeleniumLibrary">
<arg>None</arg>
<arg>RETURN</arg>
<doc>Simulates the user pressing key(s) to an element or on the active browser.</doc>
<status status="NOT RUN" starttime="20220405 16:17:51.505" endtime="20220405 16:17:51.505"/>
</kw>
<kw name="Press Keys" library="SeleniumLibrary">
<arg>None</arg>
<arg>ARROW_DOWN</arg>
<doc>Simulates the user pressing key(s) to an element or on the active browser.</doc>
<status status="NOT RUN" starttime="20220405 16:17:51.506" endtime="20220405 16:17:51.507"/>
</kw>
<kw name="Press Keys" library="SeleniumLibrary">
<arg>None</arg>
<arg>RETURN</arg>
<doc>Simulates the user pressing key(s) to an element or on the active browser.</doc>
<status status="NOT RUN" starttime="20220405 16:17:51.507" endtime="20220405 16:17:51.508"/>
</kw>
<status status="NOT RUN" starttime="20220405 16:17:51.501" endtime="20220405 16:17:51.508"/>
</branch>
<status status="PASS" starttime="20220405 16:17:49.337" endtime="20220405 16:17:51.509"/>
</if>
<status status="PASS" starttime="20220405 16:17:48.288" endtime="20220405 16:17:51.509"/>
</kw>
<kw name="And click Save" library="keywords_reportListPage">
<kw name="Execute Javascript" library="SeleniumLibrary">
<arg>window.scrollTo(0, document.body.scrollHeight)</arg>
<doc>Executes the given JavaScript code with possible arguments.</doc>
<msg timestamp="20220405 16:17:51.513" level="INFO">Executing JavaScript:
window.scrollTo(0, document.body.scrollHeight)
Without any arguments.</msg>
<status status="PASS" starttime="20220405 16:17:51.511" endtime="20220405 16:17:52.038"/>
</kw>
<kw name="Wait Until Element Is Visible" library="SeleniumLibrary">
<arg>${report_Save_l}</arg>
<doc>Waits until the element ``locator`` is visible.</doc>
<status status="PASS" starttime="20220405 16:17:52.038" endtime="20220405 16:17:53.068"/>
</kw>
<kw name="Click Element" library="SeleniumLibrary">
<arg>${report_Save_l}</arg>
<doc>Click the element identified by ``locator``.</doc>
<msg timestamp="20220405 16:17:53.069" level="INFO">Clicking element '//span[contains(text(),'Save')]'.</msg>
<status status="PASS" starttime="20220405 16:17:53.068" endtime="20220405 16:17:54.171"/>
</kw>
<kw name="Wait Until Element Is Visible" library="SeleniumLibrary">
<arg>//div[@class='q-img__content absolute-full']</arg>
<doc>Waits until the element ``locator`` is visible.</doc>
<status status="PASS" starttime="20220405 16:17:54.173" endtime="20220405 16:17:55.241"/>
</kw>
<status status="PASS" starttime="20220405 16:17:51.510" endtime="20220405 16:17:55.242"/>
</kw>
<kw name="And add widget" library="keywords_ReportWidgetPage">
<kw name="Wait Until Element Is Visible" library="SeleniumLibrary">
<arg>${add_widget_l}</arg>
<doc>Waits until the element ``locator`` is visible.</doc>
<status status="PASS" starttime="20220405 16:17:55.244" endtime="20220405 16:17:56.667"/>
</kw>
<kw name="Click Element" library="SeleniumLibrary">
<arg>${add_widget_l}</arg>
<doc>Click the element identified by ``locator``.</doc>
<msg timestamp="20220405 16:17:56.667" level="INFO">Clicking element '//span[normalize-space()='Add Widget']'.</msg>
<status status="PASS" starttime="20220405 16:17:56.667" endtime="20220405 16:17:57.997"/>
</kw>
<status status="PASS" starttime="20220405 16:17:55.242" endtime="20220405 16:17:57.997"/>
</kw>
<kw name="And click TextAnalytics Tab" library="keywords_ReportWidgetPage">
<kw name="Wait Until Element Is Visible" library="SeleniumLibrary">
<arg>${text_analytics_tab_l}</arg>
<doc>Waits until the element ``locator`` is visible.</doc>
<status status="PASS" starttime="20220405 16:17:57.999" endtime="20220405 16:17:59.041"/>
</kw>
<kw name="Click Element" library="SeleniumLibrary">
<arg>${text_analytics_tab_l}</arg>
<doc>Click the element identified by ``locator``.</doc>
<msg timestamp="20220405 16:17:59.042" level="INFO">Clicking element '//div[@class='q-tab__label'][normalize-space()='Text Analytics']'.</msg>
<status status="PASS" starttime="20220405 16:17:59.042" endtime="20220405 16:18:00.130"/>
</kw>
<status status="PASS" starttime="20220405 16:17:57.998" endtime="20220405 16:18:00.130"/>
</kw>
<kw name="and click ai chart" library="keywords_ReportWidgetPage">
<kw name="Wait Until Element Is Visible" library="SeleniumLibrary">
<arg>${ai_chart_l}</arg>
<doc>Waits until the element ``locator`` is visible.</doc>
<status status="PASS" starttime="20220405 16:18:00.133" endtime="20220405 16:18:01.171"/>
</kw>
<kw name="Click Element" library="SeleniumLibrary">
<arg>${ai_chart_l}</arg>
<doc>Click the element identified by ``locator``.</doc>
<msg timestamp="20220405 16:18:01.172" level="INFO">Clicking element '//div[contains(text(),'AI-Chart')]'.</msg>
<status status="PASS" starttime="20220405 16:18:01.171" endtime="20220405 16:18:02.282"/>
</kw>
<status status="PASS" starttime="20220405 16:18:00.131" endtime="20220405 16:18:02.283"/>
</kw>
<kw name="And click Text Bubble Chart Widget" library="keywords_ReportWidgetPage">
<kw name="Wait Until Element Is Visible" library="SeleniumLibrary">
<arg>${text_bubble_widget_l}</arg>
<doc>Waits until the element ``locator`` is visible.</doc>
<status status="PASS" starttime="20220405 16:18:02.287" endtime="20220405 16:18:03.316"/>
</kw>
<kw name="Click Element" library="SeleniumLibrary">
<arg>${text_bubble_widget_l}</arg>
<doc>Click the element identified by ``locator``.</doc>
<msg timestamp="20220405 16:18:03.318" level="INFO">Clicking element '//img[@src='/statics/images/widgets/TextAnalyticsBubbleChart2.png']'.</msg>
<status status="PASS" starttime="20220405 16:18:03.317" endtime="20220405 16:18:04.486"/>
</kw>
<status status="PASS" starttime="20220405 16:18:02.285" endtime="20220405 16:18:04.486"/>
</kw>
<kw name="And write Widget Title" library="keywords_ReportWidgetPage">
<arg>${widget_type}</arg>
<arg>${random_number}Multi</arg>
<kw name="Wait Until Element Is Visible" library="SeleniumLibrary">
<arg>${widget_title_l}</arg>
<doc>Waits until the element ``locator`` is visible.</doc>
<status status="PASS" starttime="20220405 16:18:04.488" endtime="20220405 16:18:05.529"/>
</kw>
<kw name="Input Text" library="SeleniumLibrary">
<arg>${widget_title_l}</arg>
<arg>AutoWidget ${widget_Type} ${random_number}</arg>
<doc>Types the given ``text`` into the text field identified by ``locator``.</doc>
<msg timestamp="20220405 16:18:05.531" level="INFO">Typing text 'AutoWidget Text Bubble Chart [4981]Multi' into text field '(//input[@type='text'])[3]'.</msg>
<status status="PASS" starttime="20220405 16:18:05.530" endtime="20220405 16:18:08.354"/>
</kw>
<status status="PASS" starttime="20220405 16:18:04.487" endtime="20220405 16:18:08.354"/>
</kw>
<kw name="And choose Data Type" library="keywords_ReportWidgetPage">
<kw name="Wait Until Element Is Visible" library="SeleniumLibrary">
<arg>${data_type_l}</arg>
<doc>Waits until the element ``locator`` is visible.</doc>
<status status="PASS" starttime="20220405 16:18:08.355" endtime="20220405 16:18:09.388"/>
</kw>
<kw name="Click Element" library="SeleniumLibrary">
<arg>${data_type_l}</arg>
<doc>Click the element identified by ``locator``.</doc>
<msg timestamp="20220405 16:18:09.389" level="INFO">Clicking element '(//input[@type='text'])[5]'.</msg>
<status status="PASS" starttime="20220405 16:18:09.388" endtime="20220405 16:18:10.487"/>
</kw>
<kw name="Press Keys" library="SeleniumLibrary">
<arg>${data_type_l}</arg>
<arg>ARROW_DOWN</arg>
<doc>Simulates the user pressing key(s) to an element or on the active browser.</doc>
<msg timestamp="20220405 16:18:10.488" level="INFO">Sending key(s) ('ARROW_DOWN',) to (//input[@type='text'])[5] element.</msg>
<msg timestamp="20220405 16:18:11.811" level="INFO">Pressing special key ARROW_DOWN to element.</msg>
<msg timestamp="20220405 16:18:11.811" level="INFO">Releasing special key ARROW_DOWN.</msg>
<status status="PASS" starttime="20220405 16:18:10.487" endtime="20220405 16:18:12.338"/>
</kw>
<kw name="Press Keys" library="SeleniumLibrary">
<arg>${data_type_l}</arg>
<arg>RETURN</arg>
<doc>Simulates the user pressing key(s) to an element or on the active browser.</doc>
<msg timestamp="20220405 16:18:12.340" level="INFO">Sending key(s) ('RETURN',) to (//input[@type='text'])[5] element.</msg>
<msg timestamp="20220405 16:18:13.672" level="INFO">Pressing special key RETURN to element.</msg>
<msg timestamp="20220405 16:18:13.672" level="INFO">Releasing special key RETURN.</msg>
<status status="PASS" starttime="20220405 16:18:12.338" endtime="20220405 16:18:14.196"/>
</kw>
<status status="PASS" starttime="20220405 16:18:08.354" endtime="20220405 16:18:14.198"/>
</kw>
<kw name="And choose Layout" library="keywords_ReportWidgetPage">
<arg>2</arg>
<if>
<branch type="IF" condition="${layout}==1">
<kw name="Click Element" library="SeleniumLibrary">
<arg>${layout_type1_l}</arg>
<doc>Click the element identified by ``locator``.</doc>
<status status="NOT RUN" starttime="20220405 16:18:14.202" endtime="20220405 16:18:14.203"/>
</kw>
<status status="NOT RUN" starttime="20220405 16:18:14.201" endtime="20220405 16:18:14.203"/>
</branch>
<branch type="ELSE IF" condition="${layout}==2">
<kw name="Click Element" library="SeleniumLibrary">
<arg>${layout_type2_l}</arg>
<doc>Click the element identified by ``locator``.</doc>
<msg timestamp="20220405 16:18:14.207" level="INFO">Clicking element '//div[contains(text(),'2 by 2 Display')]'.</msg>
<status status="PASS" starttime="20220405 16:18:14.205" endtime="20220405 16:18:15.326"/>
</kw>
<status status="PASS" starttime="20220405 16:18:14.204" endtime="20220405 16:18:15.326"/>
</branch>
<branch type="ELSE IF" condition="${layout}==3">
<kw name="Click Element" library="SeleniumLibrary">
<arg>${layout_type3_l}</arg>
<doc>Click the element identified by ``locator``.</doc>
<status status="NOT RUN" starttime="20220405 16:18:15.326" endtime="20220405 16:18:15.326"/>
</kw>
<status status="NOT RUN" starttime="20220405 16:18:15.326" endtime="20220405 16:18:15.326"/>
</branch>
<status status="PASS" starttime="20220405 16:18:14.201" endtime="20220405 16:18:15.327"/>
</if>
<status status="PASS" starttime="20220405 16:18:14.199" endtime="20220405 16:18:15.327"/>
</kw>
<kw name="And choose Topic Model" library="keywords_ReportWidgetPage">
<arg>2</arg>
<kw name="Wait Until Element Is Visible" library="SeleniumLibrary">
<arg>${topic_model_l}</arg>
<doc>Waits until the element ``locator`` is visible.</doc>
<status status="PASS" starttime="20220405 16:18:15.327" endtime="20220405 16:18:16.375"/>
</kw>
<if>
<branch type="IF" condition="${topic_model_count}==1">
<kw name="Click Element" library="SeleniumLibrary">
<arg>${topic_model_l}</arg>
<doc>Click the element identified by ``locator``.</doc>
<status status="NOT RUN" starttime="20220405 16:18:16.378" endtime="20220405 16:18:16.378"/>
</kw>
<kw name="Press Keys" library="SeleniumLibrary">
<arg>None</arg>
<arg>ARROW_DOWN</arg>
<doc>Simulates the user pressing key(s) to an element or on the active browser.</doc>
<status status="NOT RUN" starttime="20220405 16:18:16.379" endtime="20220405 16:18:16.380"/>
</kw>
<kw name="Press Keys" library="SeleniumLibrary">
<arg>None</arg>
<arg>RETURN</arg>
<doc>Simulates the user pressing key(s) to an element or on the active browser.</doc>
<status status="NOT RUN" starttime="20220405 16:18:16.380" endtime="20220405 16:18:16.381"/>
</kw>
<status status="NOT RUN" starttime="20220405 16:18:16.376" endtime="20220405 16:18:16.381"/>
</branch>
<branch type="ELSE IF" condition="${topic_model_count}==2">
<kw name="Click Element" library="SeleniumLibrary">
<arg>${topic_model_l}</arg>
<doc>Click the element identified by ``locator``.</doc>
<msg timestamp="20220405 16:18:16.384" level="INFO">Clicking element '(//*[name()='svg'][@class='vue-treeselect__control-arrow'])[5]'.</msg>
<status status="PASS" starttime="20220405 16:18:16.382" endtime="20220405 16:18:17.472"/>
</kw>
<kw name="Press Keys" library="SeleniumLibrary">
<arg>None</arg>
<arg>ARROW_DOWN</arg>
<doc>Simulates the user pressing key(s) to an element or on the active browser.</doc>
<msg timestamp="20220405 16:18:17.474" level="INFO">Sending key(s) ('ARROW_DOWN',) to page.</msg>
<msg timestamp="20220405 16:18:17.474" level="INFO">Pressing special key ARROW_DOWN to browser.</msg>
<msg timestamp="20220405 16:18:17.474" level="INFO">Releasing special key ARROW_DOWN.</msg>
<status status="PASS" starttime="20220405 16:18:17.473" endtime="20220405 16:18:17.994"/>
</kw>
<kw name="Press Keys" library="SeleniumLibrary">
<arg>None</arg>
<arg>RETURN</arg>
<doc>Simulates the user pressing key(s) to an element or on the active browser.</doc>
<msg timestamp="20220405 16:18:17.995" level="INFO">Sending key(s) ('RETURN',) to page.</msg>
<msg timestamp="20220405 16:18:17.995" level="INFO">Pressing special key RETURN to browser.</msg>
<msg timestamp="20220405 16:18:17.995" level="INFO">Releasing special key RETURN.</msg>
<status status="PASS" starttime="20220405 16:18:17.994" endtime="20220405 16:18:18.587"/>
</kw>
<kw name="Press Keys" library="SeleniumLibrary">
<arg>None</arg>
<arg>ARROW_DOWN</arg>
<doc>Simulates the user pressing key(s) to an element or on the active browser.</doc>
<msg timestamp="20220405 16:18:18.592" level="INFO">Sending key(s) ('ARROW_DOWN',) to page.</msg>
<msg timestamp="20220405 16:18:18.592" level="INFO">Pressing special key ARROW_DOWN to browser.</msg>
<msg timestamp="20220405 16:18:18.593" level="INFO">Releasing special key ARROW_DOWN.</msg>
<status status="PASS" starttime="20220405 16:18:18.589" endtime="20220405 16:18:19.137"/>
</kw>
<kw name="Press Keys" library="SeleniumLibrary">
<arg>None</arg>
<arg>RETURN</arg>
<doc>Simulates the user pressing key(s) to an element or on the active browser.</doc>
<msg timestamp="20220405 16:18:19.140" level="INFO">Sending key(s) ('RETURN',) to page.</msg>
<msg timestamp="20220405 16:18:19.140" level="INFO">Pressing special key RETURN to browser.</msg>
<msg timestamp="20220405 16:18:19.141" level="INFO">Releasing special key RETURN.</msg>
<status status="PASS" starttime="20220405 16:18:19.138" endtime="20220405 16:18:19.696"/>
</kw>
<status status="PASS" starttime="20220405 16:18:16.382" endtime="20220405 16:18:19.697"/>
</branch>
<status status="PASS" starttime="20220405 16:18:16.376" endtime="20220405 16:18:19.697"/>
</if>
<status status="PASS" starttime="20220405 16:18:15.327" endtime="20220405 16:18:19.698"/>
</kw>
<kw name="And click Save" library="keywords_reportListPage">
<kw name="Execute Javascript" library="SeleniumLibrary">
<arg>window.scrollTo(0, document.body.scrollHeight)</arg>
<doc>Executes the given JavaScript code with possible arguments.</doc>
<msg timestamp="20220405 16:18:19.702" level="INFO">Executing JavaScript:
window.scrollTo(0, document.body.scrollHeight)
Without any arguments.</msg>
<status status="PASS" starttime="20220405 16:18:19.700" endtime="20220405 16:18:20.231"/>
</kw>
<kw name="Wait Until Element Is Visible" library="SeleniumLibrary">
<arg>${report_Save_l}</arg>
<doc>Waits until the element ``locator`` is visible.</doc>
<status status="PASS" starttime="20220405 16:18:20.232" endtime="20220405 16:18:21.314"/>
</kw>
<kw name="Click Element" library="SeleniumLibrary">
<arg>${report_Save_l}</arg>
<doc>Click the element identified by ``locator``.</doc>
<msg timestamp="20220405 16:18:21.316" level="INFO">Clicking element '//span[contains(text(),'Save')]'.</msg>
<status status="PASS" starttime="20220405 16:18:21.315" endtime="20220405 16:18:22.394"/>
</kw>
<kw name="Wait Until Element Is Visible" library="SeleniumLibrary">
<arg>//div[@class='q-img__content absolute-full']</arg>
<doc>Waits until the element ``locator`` is visible.</doc>
<status status="PASS" starttime="20220405 16:18:22.394" endtime="20220405 16:18:24.875"/>
</kw>
<status status="PASS" starttime="20220405 16:18:19.699" endtime="20220405 16:18:24.875"/>
</kw>
<kw name="And add widget" library="keywords_ReportWidgetPage">
<kw name="Wait Until Element Is Visible" library="SeleniumLibrary">
<arg>${add_widget_l}</arg>
<doc>Waits until the element ``locator`` is visible.</doc>
<status status="PASS" starttime="20220405 16:18:24.876" endtime="20220405 16:18:25.921"/>
</kw>
<kw name="Click Element" library="SeleniumLibrary">
<arg>${add_widget_l}</arg>
<doc>Click the element identified by ``locator``.</doc>
<msg timestamp="20220405 16:18:25.922" level="INFO">Clicking element '//span[normalize-space()='Add Widget']'.</msg>
<status status="PASS" starttime="20220405 16:18:25.921" endtime="20220405 16:18:27.148"/>
</kw>
<status status="PASS" starttime="20220405 16:18:24.876" endtime="20220405 16:18:27.149"/>
</kw>
<kw name="And click TextAnalytics Tab" library="keywords_ReportWidgetPage">
<kw name="Wait Until Element Is Visible" library="SeleniumLibrary">
<arg>${text_analytics_tab_l}</arg>
<doc>Waits until the element ``locator`` is visible.</doc>
<status status="PASS" starttime="20220405 16:18:27.150" endtime="20220405 16:18:28.196"/>
</kw>
<kw name="Click Element" library="SeleniumLibrary">
<arg>${text_analytics_tab_l}</arg>
<doc>Click the element identified by ``locator``.</doc>
<msg timestamp="20220405 16:18:28.197" level="INFO">Clicking element '//div[@class='q-tab__label'][normalize-space()='Text Analytics']'.</msg>
<status status="PASS" starttime="20220405 16:18:28.196" endtime="20220405 16:18:29.276"/>
</kw>
<status status="PASS" starttime="20220405 16:18:27.149" endtime="20220405 16:18:29.276"/>
</kw>
<kw name="and click ai chart" library="keywords_ReportWidgetPage">
<kw name="Wait Until Element Is Visible" library="SeleniumLibrary">
<arg>${ai_chart_l}</arg>
<doc>Waits until the element ``locator`` is visible.</doc>
<status status="PASS" starttime="20220405 16:18:29.277" endtime="20220405 16:18:30.320"/>
</kw>
<kw name="Click Element" library="SeleniumLibrary">
<arg>${ai_chart_l}</arg>
<doc>Click the element identified by ``locator``.</doc>
<msg timestamp="20220405 16:18:30.321" level="INFO">Clicking element '//div[contains(text(),'AI-Chart')]'.</msg>
<status status="PASS" starttime="20220405 16:18:30.320" endtime="20220405 16:18:31.413"/>
</kw>
<status status="PASS" starttime="20220405 16:18:29.276" endtime="20220405 16:18:31.414"/>
</kw>
<kw name="And click Text Bubble Chart Widget" library="keywords_ReportWidgetPage">
<kw name="Wait Until Element Is Visible" library="SeleniumLibrary">
<arg>${text_bubble_widget_l}</arg>
<doc>Waits until the element ``locator`` is visible.</doc>
<status status="PASS" starttime="20220405 16:18:31.416" endtime="20220405 16:18:32.459"/>
</kw>
<kw name="Click Element" library="SeleniumLibrary">
<arg>${text_bubble_widget_l}</arg>
<doc>Click the element identified by ``locator``.</doc>
<msg timestamp="20220405 16:18:32.460" level="INFO">Clicking element '//img[@src='/statics/images/widgets/TextAnalyticsBubbleChart2.png']'.</msg>
<status status="PASS" starttime="20220405 16:18:32.459" endtime="20220405 16:18:33.615"/>
</kw>
<status status="PASS" starttime="20220405 16:18:31.414" endtime="20220405 16:18:33.615"/>
</kw>
<kw name="And write Widget Title" library="keywords_ReportWidgetPage">
<arg>${widget_type}</arg>
<arg>${random_number}EmotionEnabled</arg>
<kw name="Wait Until Element Is Visible" library="SeleniumLibrary">
<arg>${widget_title_l}</arg>
<doc>Waits until the element ``locator`` is visible.</doc>
<status status="PASS" starttime="20220405 16:18:33.616" endtime="20220405 16:18:34.641"/>
</kw>
<kw name="Input Text" library="SeleniumLibrary">
<arg>${widget_title_l}</arg>
<arg>AutoWidget ${widget_Type} ${random_number}</arg>
<doc>Types the given ``text`` into the text field identified by ``locator``.</doc>
<msg timestamp="20220405 16:18:34.642" level="INFO">Typing text 'AutoWidget Text Bubble Chart [4981]EmotionEnabled' into text field '(//input[@type='text'])[3]'.</msg>
<status status="PASS" starttime="20220405 16:18:34.641" endtime="20220405 16:18:38.272"/>
</kw>
<status status="PASS" starttime="20220405 16:18:33.615" endtime="20220405 16:18:38.275"/>
</kw>
<kw name="And choose Data Type" library="keywords_ReportWidgetPage">
<kw name="Wait Until Element Is Visible" library="SeleniumLibrary">
<arg>${data_type_l}</arg>
<doc>Waits until the element ``locator`` is visible.</doc>
<status status="PASS" starttime="20220405 16:18:38.284" endtime="20220405 16:18:39.392"/>
</kw>
<kw name="Click Element" library="SeleniumLibrary">
<arg>${data_type_l}</arg>
<doc>Click the element identified by ``locator``.</doc>
<msg timestamp="20220405 16:18:39.399" level="INFO">Clicking element '(//input[@type='text'])[5]'.</msg>
<status status="PASS" starttime="20220405 16:18:39.394" endtime="20220405 16:18:40.546"/>
</kw>
<kw name="Press Keys" library="SeleniumLibrary">
<arg>${data_type_l}</arg>
<arg>ARROW_DOWN</arg>
<doc>Simulates the user pressing key(s) to an element or on the active browser.</doc>
<msg timestamp="20220405 16:18:40.547" level="INFO">Sending key(s) ('ARROW_DOWN',) to (//input[@type='text'])[5] element.</msg>
<msg timestamp="20220405 16:18:41.838" level="INFO">Pressing special key ARROW_DOWN to element.</msg>
<msg timestamp="20220405 16:18:41.838" level="INFO">Releasing special key ARROW_DOWN.</msg>
<status status="PASS" starttime="20220405 16:18:40.546" endtime="20220405 16:18:42.361"/>
</kw>
<kw name="Press Keys" library="SeleniumLibrary">
<arg>${data_type_l}</arg>
<arg>RETURN</arg>
<doc>Simulates the user pressing key(s) to an element or on the active browser.</doc>
<msg timestamp="20220405 16:18:42.362" level="INFO">Sending key(s) ('RETURN',) to (//input[@type='text'])[5] element.</msg>
<msg timestamp="20220405 16:18:43.664" level="INFO">Pressing special key RETURN to element.</msg>
<msg timestamp="20220405 16:18:43.664" level="INFO">Releasing special key RETURN.</msg>
<status status="PASS" starttime="20220405 16:18:42.361" endtime="20220405 16:18:44.187"/>
</kw>
<status status="PASS" starttime="20220405 16:18:38.279" endtime="20220405 16:18:44.188"/>
</kw>
<kw name="And choose Layout" library="keywords_ReportWidgetPage">
<arg>2</arg>
<if>
<branch type="IF" condition="${layout}==1">
<kw name="Click Element" library="SeleniumLibrary">
<arg>${layout_type1_l}</arg>
<doc>Click the element identified by ``locator``.</doc>
<status status="NOT RUN" starttime="20220405 16:18:44.191" endtime="20220405 16:18:44.192"/>
</kw>
<status status="NOT RUN" starttime="20220405 16:18:44.191" endtime="20220405 16:18:44.192"/>
</branch>
<branch type="ELSE IF" condition="${layout}==2">
<kw name="Click Element" library="SeleniumLibrary">
<arg>${layout_type2_l}</arg>
<doc>Click the element identified by ``locator``.</doc>
<msg timestamp="20220405 16:18:44.197" level="INFO">Clicking element '//div[contains(text(),'2 by 2 Display')]'.</msg>
<status status="PASS" starttime="20220405 16:18:44.194" endtime="20220405 16:18:45.332"/>
</kw>
<status status="PASS" starttime="20220405 16:18:44.193" endtime="20220405 16:18:45.332"/>
</branch>
<branch type="ELSE IF" condition="${layout}==3">
<kw name="Click Element" library="SeleniumLibrary">
<arg>${layout_type3_l}</arg>
<doc>Click the element identified by ``locator``.</doc>
<status status="NOT RUN" starttime="20220405 16:18:45.333" endtime="20220405 16:18:45.333"/>
</kw>
<status status="NOT RUN" starttime="20220405 16:18:45.333" endtime="20220405 16:18:45.334"/>
</branch>
<status status="PASS" starttime="20220405 16:18:44.191" endtime="20220405 16:18:45.334"/>
</if>
<status status="PASS" starttime="20220405 16:18:44.189" endtime="20220405 16:18:45.334"/>
</kw>
<kw name="And choose Topic Model" library="keywords_ReportWidgetPage">
<arg>1</arg>
<kw name="Wait Until Element Is Visible" library="SeleniumLibrary">
<arg>${topic_model_l}</arg>
<doc>Waits until the element ``locator`` is visible.</doc>
<status status="PASS" starttime="20220405 16:18:45.335" endtime="20220405 16:18:46.391"/>
</kw>
<if>
<branch type="IF" condition="${topic_model_count}==1">
<kw name="Click Element" library="SeleniumLibrary">
<arg>${topic_model_l}</arg>
<doc>Click the element identified by ``locator``.</doc>
<msg timestamp="20220405 16:18:46.396" level="INFO">Clicking element '(//*[name()='svg'][@class='vue-treeselect__control-arrow'])[5]'.</msg>
<status status="PASS" starttime="20220405 16:18:46.393" endtime="20220405 16:18:47.504"/>
</kw>
<kw name="Press Keys" library="SeleniumLibrary">
<arg>None</arg>
<arg>ARROW_DOWN</arg>
<doc>Simulates the user pressing key(s) to an element or on the active browser.</doc>
<msg timestamp="20220405 16:18:47.505" level="INFO">Sending key(s) ('ARROW_DOWN',) to page.</msg>
<msg timestamp="20220405 16:18:47.505" level="INFO">Pressing special key ARROW_DOWN to browser.</msg>
<msg timestamp="20220405 16:18:47.505" level="INFO">Releasing special key ARROW_DOWN.</msg>
<status status="PASS" starttime="20220405 16:18:47.504" endtime="20220405 16:18:48.022"/>
</kw>
<kw name="Press Keys" library="SeleniumLibrary">
<arg>None</arg>
<arg>RETURN</arg>
<doc>Simulates the user pressing key(s) to an element or on the active browser.</doc>
<msg timestamp="20220405 16:18:48.024" level="INFO">Sending key(s) ('RETURN',) to page.</msg>
<msg timestamp="20220405 16:18:48.024" level="INFO">Pressing special key RETURN to browser.</msg>
<msg timestamp="20220405 16:18:48.024" level="INFO">Releasing special key RETURN.</msg>
<status status="PASS" starttime="20220405 16:18:48.023" endtime="20220405 16:18:48.567"/>
</kw>
<status status="PASS" starttime="20220405 16:18:46.392" endtime="20220405 16:18:48.567"/>
</branch>
<branch type="ELSE IF" condition="${topic_model_count}==2">
<kw name="Click Element" library="SeleniumLibrary">
<arg>${topic_model_l}</arg>
<doc>Click the element identified by ``locator``.</doc>
<status status="NOT RUN" starttime="20220405 16:18:48.569" endtime="20220405 16:18:48.570"/>
</kw>
<kw name="Press Keys" library="SeleniumLibrary">
<arg>None</arg>
<arg>ARROW_DOWN</arg>
<doc>Simulates the user pressing key(s) to an element or on the active browser.</doc>
<status status="NOT RUN" starttime="20220405 16:18:48.571" endtime="20220405 16:18:48.572"/>
</kw>
<kw name="Press Keys" library="SeleniumLibrary">
<arg>None</arg>
<arg>RETURN</arg>
<doc>Simulates the user pressing key(s) to an element or on the active browser.</doc>
<status status="NOT RUN" starttime="20220405 16:18:48.573" endtime="20220405 16:18:48.573"/>
</kw>
<kw name="Press Keys" library="SeleniumLibrary">
<arg>None</arg>
<arg>ARROW_DOWN</arg>
<doc>Simulates the user pressing key(s) to an element or on the active browser.</doc>
<status status="NOT RUN" starttime="20220405 16:18:48.574" endtime="20220405 16:18:48.574"/>
</kw>
<kw name="Press Keys" library="SeleniumLibrary">
<arg>None</arg>
<arg>RETURN</arg>
<doc>Simulates the user pressing key(s) to an element or on the active browser.</doc>
<status status="NOT RUN" starttime="20220405 16:18:48.575" endtime="20220405 16:18:48.576"/>
</kw>
<status status="NOT RUN" starttime="20220405 16:18:48.568" endtime="20220405 16:18:48.576"/>
</branch>
<status status="PASS" starttime="20220405 16:18:46.392" endtime="20220405 16:18:48.577"/>
</if>
<status status="PASS" starttime="20220405 16:18:45.334" endtime="20220405 16:18:48.577"/>
</kw>
<kw name="And click Emotion Analysis Toggle" library="keywords_ReportWidgetPage">
<kw name="Wait Until Element Is Visible" library="SeleniumLibrary">
<arg>${emotion_toggle_l}</arg>
<doc>Waits until the element ``locator`` is visible.</doc>
<status status="PASS" starttime="20220405 16:18:48.579" endtime="20220405 16:18:49.657"/>
</kw>
<kw name="Click Element" library="SeleniumLibrary">
<arg>${emotion_toggle_l}</arg>
<doc>Click the element identified by ``locator``.</doc>
<msg timestamp="20220405 16:18:49.658" level="INFO">Clicking element '(//div[@class='q-toggle__inner relative-position non-selectable q-toggle__inner--falsy'])[1]'.</msg>
<status status="PASS" starttime="20220405 16:18:49.657" endtime="20220405 16:18:50.778"/>
</kw>
<status status="PASS" starttime="20220405 16:18:48.578" endtime="20220405 16:18:50.779"/>
</kw>
<kw name="And click Save" library="keywords_reportListPage">
<kw name="Execute Javascript" library="SeleniumLibrary">
<arg>window.scrollTo(0, document.body.scrollHeight)</arg>
<doc>Executes the given JavaScript code with possible arguments.</doc>
<msg timestamp="20220405 16:18:50.780" level="INFO">Executing JavaScript:
window.scrollTo(0, document.body.scrollHeight)
Without any arguments.</msg>
<status status="PASS" starttime="20220405 16:18:50.780" endtime="20220405 16:18:51.296"/>
</kw>
<kw name="Wait Until Element Is Visible" library="SeleniumLibrary">
<arg>${report_Save_l}</arg>
<doc>Waits until the element ``locator`` is visible.</doc>
<status status="PASS" starttime="20220405 16:18:51.296" endtime="20220405 16:18:52.338"/>
</kw>
<kw name="Click Element" library="SeleniumLibrary">
<arg>${report_Save_l}</arg>
<doc>Click the element identified by ``locator``.</doc>
<msg timestamp="20220405 16:18:52.339" level="INFO">Clicking element '//span[contains(text(),'Save')]'.</msg>
<status status="PASS" starttime="20220405 16:18:52.338" endtime="20220405 16:18:53.459"/>
</kw>
<kw name="Wait Until Element Is Visible" library="SeleniumLibrary">
<arg>//div[@class='q-img__content absolute-full']</arg>
<doc>Waits until the element ``locator`` is visible.</doc>
<status status="PASS" starttime="20220405 16:18:53.459" endtime="20220405 16:18:55.761"/>
</kw>
<status status="PASS" starttime="20220405 16:18:50.779" endtime="20220405 16:18:55.762"/>
</kw>
<kw name="Set Selenium Speed" library="SeleniumLibrary">
<arg>2</arg>
<doc>Sets the delay that is waited after each Selenium command.</doc>
<status status="PASS" starttime="20220405 16:18:55.762" endtime="20220405 16:18:55.763"/>
</kw>
<kw name="Wait Until Element Is Visible" library="SeleniumLibrary">
<arg>//div[@class='q-img__content absolute-full']</arg>
<doc>Waits until the element ``locator`` is visible.</doc>
<status status="PASS" starttime="20220405 16:18:55.765" endtime="20220405 16:18:59.827"/>
</kw>
<kw name="close browser session" library="keywords_LoginPage" type="TEARDOWN">
<kw name="Close Browser" library="SeleniumLibrary">
<doc>Closes the current browser.</doc>
<status status="PASS" starttime="20220405 16:18:59.830" endtime="20220405 16:19:03.916"/>
</kw>
<status status="PASS" starttime="20220405 16:18:59.828" endtime="20220405 16:19:03.917"/>
</kw>
<status status="PASS" starttime="20220405 16:16:46.436" endtime="20220405 16:19:03.917"/>
</test>
<doc>Text Bubble Chart Widget</doc>
<status status="PASS" starttime="20220405 16:16:46.181" endtime="20220405 16:19:03.918"/>
</suite>
<status status="PASS" starttime="20220405 16:16:46.142" endtime="20220405 16:19:03.924"/>
</suite>
<statistics>
<total>
<stat pass="1" fail="0" skip="0">All Tests</stat>
</total>
<tag>
</tag>
<suite>
<stat pass="1" fail="0" skip="0" id="s1" name="testCases">testCases</stat>
<stat pass="1" fail="0" skip="0" id="s1-s1" name="WidgetTextBubbleChart">testCases.WidgetTextBubbleChart</stat>
</suite>
</statistics>
<errors>
</errors>
</robot>
