<?xml version="1.0" encoding="UTF-8"?>
<robot generator="Robot 4.1.3 (Python 3.10.2 on win32)" generated="20220414 17:08:04.457" rpa="false" schemaversion="2">
<suite id="s1" name="testCases" source="C:\Users\User\PycharmProjects\RobotFramework\tests\testCases">
<suite id="s1-s1" name="WidgetTextBubbleChart" source="C:\Users\User\PycharmProjects\RobotFramework\tests\testCases\WidgetTextBubbleChart.robot">
<test id="s1-s1-t1" name="Adding New Text Bubble Chart Widget to Report">
<kw name="open the browser with ALternaWebPage" library="keywords_LoginPage" type="SETUP">
<kw name="Create Webdriver" library="SeleniumLibrary">
<arg>Chrome</arg>
<arg>executable_path=tests/drivers/chromedriver.exe</arg>
<doc>Creates an instance of Selenium WebDriver.</doc>
<msg timestamp="20220414 17:08:04.700" level="INFO">Creating an instance of the Chrome WebDriver.</msg>
<status status="PASS" starttime="20220414 17:08:04.700" endtime="20220414 17:08:05.949"/>
</kw>
<kw name="Go To" library="SeleniumLibrary">
<arg>https://staging.alternacx.com/</arg>
<doc>Navigates the current browser window to the provided ``url``.</doc>
<msg timestamp="20220414 17:08:05.950" level="INFO">Opening url 'https://staging.alternacx.com/'</msg>
<status status="PASS" starttime="20220414 17:08:05.949" endtime="20220414 17:08:08.988"/>
</kw>
<kw name="Maximize Browser Window" library="SeleniumLibrary">
<doc>Maximizes current browser window.</doc>
<status status="PASS" starttime="20220414 17:08:08.989" endtime="20220414 17:08:09.115"/>
</kw>
<status status="PASS" starttime="20220414 17:08:04.700" endtime="20220414 17:08:09.116"/>
</kw>
<kw name="Set Variable" library="BuiltIn">
<var>${widget_type}</var>
<arg>Text Bubble Chart</arg>
<doc>Returns the given values which can then be assigned to a variables.</doc>
<msg timestamp="20220414 17:08:09.116" level="INFO">${widget_type} = Text Bubble Chart</msg>
<status status="PASS" starttime="20220414 17:08:09.116" endtime="20220414 17:08:09.116"/>
</kw>
<kw name="Evaluate" library="BuiltIn">
<var>${random_number}</var>
<arg>random.sample(range(1, 9999), 1)</arg>
<arg>random</arg>
<doc>Evaluates the given expression in Python and returns the result.</doc>
<msg timestamp="20220414 17:08:09.117" level="INFO">${random_number} = [1676]</msg>
<status status="PASS" starttime="20220414 17:08:09.117" endtime="20220414 17:08:09.117"/>
</kw>
<kw name="Set Variable" library="BuiltIn">
<var>${created_report_l}</var>
<arg>//div[contains(text(), 'Automation Report${random_number}')]</arg>
<doc>Returns the given values which can then be assigned to a variables.</doc>
<msg timestamp="20220414 17:08:09.118" level="INFO">${created_report_l} = //div[contains(text(), 'Automation Report[1676]')]</msg>
<status status="PASS" starttime="20220414 17:08:09.117" endtime="20220414 17:08:09.118"/>
</kw>
<kw name="Set Variable" library="BuiltIn">
<var>${created_report_l}</var>
<arg>//div[contains(text(), 'Automation Report${random_number}')]</arg>
<doc>Returns the given values which can then be assigned to a variables.</doc>
<msg timestamp="20220414 17:08:09.119" level="INFO">${created_report_l} = //div[contains(text(), 'Automation Report[1676]')]</msg>
<status status="PASS" starttime="20220414 17:08:09.118" endtime="20220414 17:08:09.119"/>
</kw>
<kw name="Set Selenium Timeout" library="SeleniumLibrary">
<arg>20</arg>
<doc>Sets the timeout that is used by various keywords.</doc>
<status status="PASS" starttime="20220414 17:08:09.120" endtime="20220414 17:08:09.127"/>
</kw>
<kw name="Set Selenium Speed" library="SeleniumLibrary">
<arg>0.5</arg>
<doc>Sets the delay that is waited after each Selenium command.</doc>
<status status="PASS" starttime="20220414 17:08:09.129" endtime="20220414 17:08:09.130"/>
</kw>
<kw name="When fill the login form" library="keywords_LoginPage">
<arg>umut</arg>
<arg>Hacettepe2019</arg>
<kw name="Wait Until Element Is Visible" library="SeleniumLibrary">
<arg>${username_l}</arg>
<arg>timeout=20</arg>
<doc>Waits until the element ``locator`` is visible.</doc>
<status status="PASS" starttime="20220414 17:08:09.131" endtime="20220414 17:08:11.847"/>
</kw>
<kw name="Input Text" library="SeleniumLibrary">
<arg>${username_l}</arg>
<arg>${username}</arg>
<doc>Types the given ``text`` into the text field identified by ``locator``.</doc>
<msg timestamp="20220414 17:08:11.848" level="INFO">Typing text 'umut' into text field 'xpath://input[@type='text']'.</msg>
<status status="PASS" starttime="20220414 17:08:11.847" endtime="20220414 17:08:13.470"/>
</kw>
<kw name="Input Password" library="SeleniumLibrary">
<arg>${password_l}</arg>
<arg>${password}</arg>
<doc>Types the given password into the text field identified by ``locator``.</doc>
<msg timestamp="20220414 17:08:13.471" level="INFO">Typing password into text field 'xpath://input[@type='password']'.</msg>
<msg timestamp="20220414 17:08:14.577" level="INFO">Temporally setting log level to: NONE</msg>
<msg timestamp="20220414 17:08:15.280" level="INFO">Log level changed from NONE to INFO.</msg>
<status status="PASS" starttime="20220414 17:08:13.470" endtime="20220414 17:08:15.280"/>
</kw>
<status status="PASS" starttime="20220414 17:08:09.130" endtime="20220414 17:08:15.281"/>
</kw>
<kw name="And click login buton" library="keywords_LoginPage">
<kw name="Click Element" library="SeleniumLibrary">
<arg>${login_button_l}</arg>
<doc>Click the element identified by ``locator``.</doc>
<msg timestamp="20220414 17:08:15.283" level="INFO">Clicking element 'xpath://span[contains(text(),'Login')]'.</msg>
<status status="PASS" starttime="20220414 17:08:15.282" endtime="20220414 17:08:16.361"/>
</kw>
<status status="PASS" starttime="20220414 17:08:15.281" endtime="20220414 17:08:16.361"/>
</kw>
<kw name="And click Report Management" library="keywords_mainPage">
<kw name="Wait Until Element Is Visible" library="SeleniumLibrary">
<arg>${report_management_l}</arg>
<doc>Waits until the element ``locator`` is visible.</doc>
<status status="PASS" starttime="20220414 17:08:16.363" endtime="20220414 17:08:18.853"/>
</kw>
<kw name="Click Element" library="SeleniumLibrary">
<arg>${report_management_l}</arg>
<doc>Click the element identified by ``locator``.</doc>
<msg timestamp="20220414 17:08:18.855" level="INFO">Clicking element 'xpath://div[normalize-space()='Report Management']'.</msg>
<status status="PASS" starttime="20220414 17:08:18.854" endtime="20220414 17:08:20.070"/>
</kw>
<status status="PASS" starttime="20220414 17:08:16.362" endtime="20220414 17:08:20.070"/>
</kw>
<kw name="And click Reports" library="keywords_mainPage">
<kw name="Wait Until Element Is Visible" library="SeleniumLibrary">
<arg>${reports_l}</arg>
<doc>Waits until the element ``locator`` is visible.</doc>
<status status="PASS" starttime="20220414 17:08:20.072" endtime="20220414 17:08:21.130"/>
</kw>
<kw name="Click Element" library="SeleniumLibrary">
<arg>${reports_l}</arg>
<doc>Click the element identified by ``locator``.</doc>
<msg timestamp="20220414 17:08:21.131" level="INFO">Clicking element 'xpath://div[normalize-space()='Reports']'.</msg>
<status status="PASS" starttime="20220414 17:08:21.131" endtime="20220414 17:08:22.367"/>
</kw>
<status status="PASS" starttime="20220414 17:08:20.071" endtime="20220414 17:08:22.368"/>
</kw>
<kw name="And click New Report" library="keywords_reportListPage">
<kw name="Wait Until Element Is Visible" library="SeleniumLibrary">
<arg>${new_report_l}</arg>
<doc>Waits until the element ``locator`` is visible.</doc>
<status status="PASS" starttime="20220414 17:08:22.371" endtime="20220414 17:08:23.534"/>
</kw>
<kw name="Click Element" library="SeleniumLibrary">
<arg>${new_report_l}</arg>
<doc>Click the element identified by ``locator``.</doc>
<msg timestamp="20220414 17:08:23.535" level="INFO">Clicking element '//span[contains(text(),'Add New Report')]'.</msg>
<status status="PASS" starttime="20220414 17:08:23.534" endtime="20220414 17:08:24.938"/>
</kw>
<status status="PASS" starttime="20220414 17:08:22.370" endtime="20220414 17:08:24.938"/>
</kw>
<kw name="And write Report Title" library="keywords_reportListPage">
<arg>${random_number}</arg>
<kw name="Wait Until Element Is Visible" library="SeleniumLibrary">
<arg>${report_title_l}</arg>
<doc>Waits until the element ``locator`` is visible.</doc>
<status status="PASS" starttime="20220414 17:08:24.939" endtime="20220414 17:08:25.991"/>
</kw>
<kw name="Input Text" library="SeleniumLibrary">
<arg>${report_title_l}</arg>
<arg>Automation Report${random_number}</arg>
<doc>Types the given ``text`` into the text field identified by ``locator``.</doc>
<msg timestamp="20220414 17:08:25.992" level="INFO">Typing text 'Automation Report[1676]' into text field '//span/label/div/div/div/input'.</msg>
<status status="PASS" starttime="20220414 17:08:25.991" endtime="20220414 17:08:27.822"/>
</kw>
<status status="PASS" starttime="20220414 17:08:24.939" endtime="20220414 17:08:27.823"/>
</kw>
<kw name="And choose Category" library="keywords_reportListPage">
<kw name="Wait Until Element Is Visible" library="SeleniumLibrary">
<arg>${report_category_l}</arg>
<doc>Waits until the element ``locator`` is visible.</doc>
<status status="PASS" starttime="20220414 17:08:27.825" endtime="20220414 17:08:28.958"/>
</kw>
<kw name="Click Element" library="SeleniumLibrary">
<arg>${report_category_l}</arg>
<doc>Click the element identified by ``locator``.</doc>
<msg timestamp="20220414 17:08:28.959" level="INFO">Clicking element '//div[2]/input'.</msg>
<status status="PASS" starttime="20220414 17:08:28.958" endtime="20220414 17:08:30.048"/>
</kw>
<kw name="Press Keys" library="SeleniumLibrary">
<arg>${report_category_l}</arg>
<arg>ARROW_DOWN</arg>
<doc>Simulates the user pressing key(s) to an element or on the active browser.</doc>
<msg timestamp="20220414 17:08:30.050" level="INFO">Sending key(s) ('ARROW_DOWN',) to //div[2]/input element.</msg>
<msg timestamp="20220414 17:08:31.339" level="INFO">Pressing special key ARROW_DOWN to element.</msg>
<msg timestamp="20220414 17:08:31.340" level="INFO">Releasing special key ARROW_DOWN.</msg>
<status status="PASS" starttime="20220414 17:08:30.049" endtime="20220414 17:08:31.864"/>
</kw>
<kw name="Press Keys" library="SeleniumLibrary">
<arg>${report_category_l}</arg>
<arg>RETURN</arg>
<doc>Simulates the user pressing key(s) to an element or on the active browser.</doc>
<msg timestamp="20220414 17:08:31.866" level="INFO">Sending key(s) ('RETURN',) to //div[2]/input element.</msg>
<msg timestamp="20220414 17:08:33.177" level="INFO">Pressing special key RETURN to element.</msg>
<msg timestamp="20220414 17:08:33.177" level="INFO">Releasing special key RETURN.</msg>
<status status="PASS" starttime="20220414 17:08:31.865" endtime="20220414 17:08:33.707"/>
</kw>
<status status="PASS" starttime="20220414 17:08:27.824" endtime="20220414 17:08:33.708"/>
</kw>
<kw name="And click Save" library="keywords_reportListPage">
<kw name="Execute Javascript" library="SeleniumLibrary">
<arg>window.scrollTo(0, document.body.scrollHeight)</arg>
<doc>Executes the given JavaScript code with possible arguments.</doc>
<msg timestamp="20220414 17:08:33.711" level="INFO">Executing JavaScript:
window.scrollTo(0, document.body.scrollHeight)
Without any arguments.</msg>
<status status="PASS" starttime="20220414 17:08:33.710" endtime="20220414 17:08:34.238"/>
</kw>
<kw name="Wait Until Element Is Visible" library="SeleniumLibrary">
<arg>${report_Save_l}</arg>
<doc>Waits until the element ``locator`` is visible.</doc>
<status status="PASS" starttime="20220414 17:08:34.239" endtime="20220414 17:08:35.306"/>
</kw>
<kw name="Click Element" library="SeleniumLibrary">
<arg>${report_Save_l}</arg>
<doc>Click the element identified by ``locator``.</doc>
<msg timestamp="20220414 17:08:35.307" level="INFO">Clicking element '//span[contains(text(),'Save')]'.</msg>
<status status="PASS" starttime="20220414 17:08:35.306" endtime="20220414 17:08:36.372"/>
</kw>
<kw name="Wait Until Element Is Visible" library="SeleniumLibrary">
<arg>//div[@class='q-img__content absolute-full']</arg>
<doc>Waits until the element ``locator`` is visible.</doc>
<status status="PASS" starttime="20220414 17:08:36.372" endtime="20220414 17:08:37.433"/>
</kw>
<status status="PASS" starttime="20220414 17:08:33.709" endtime="20220414 17:08:37.434"/>
</kw>
<kw name="And search report on report list screen" library="keywords_reportListPage">
<arg>${random_number}</arg>
<kw name="Wait Until Element Is Visible" library="SeleniumLibrary">
<arg>${search_bar_l}</arg>
<doc>Waits until the element ``locator`` is visible.</doc>
<status status="PASS" starttime="20220414 17:08:37.435" endtime="20220414 17:08:38.464"/>
</kw>
<kw name="Click Element" library="SeleniumLibrary">
<arg>${search_bar_l}</arg>
<doc>Click the element identified by ``locator``.</doc>
<msg timestamp="20220414 17:08:38.465" level="INFO">Clicking element '//input[@placeholder='Search']'.</msg>
<status status="PASS" starttime="20220414 17:08:38.464" endtime="20220414 17:08:39.643"/>
</kw>
<kw name="Input Text" library="SeleniumLibrary">
<arg>${search_bar_l}</arg>
<arg>Automation Report${random_number}</arg>
<doc>Types the given ``text`` into the text field identified by ``locator``.</doc>
<msg timestamp="20220414 17:08:39.644" level="INFO">Typing text 'Automation Report[1676]' into text field '//input[@placeholder='Search']'.</msg>
<status status="PASS" starttime="20220414 17:08:39.643" endtime="20220414 17:08:41.271"/>
</kw>
<status status="PASS" starttime="20220414 17:08:37.434" endtime="20220414 17:08:41.274"/>
</kw>
<kw name="Reload Page" library="SeleniumLibrary">
<doc>Simulates user reloading page.</doc>
<status status="PASS" starttime="20220414 17:08:41.274" endtime="20220414 17:08:54.598"/>
</kw>
<kw name="And click My Reports" library="keywords_reportListPage">
<kw name="Wait Until Element Is Visible" library="SeleniumLibrary">
<arg>${my_reports_l}</arg>
<arg>15</arg>
<doc>Waits until the element ``locator`` is visible.</doc>
<status status="PASS" starttime="20220414 17:08:54.599" endtime="20220414 17:08:57.967"/>
</kw>
<kw name="Click Element" library="SeleniumLibrary">
<arg>${my_reports_l}</arg>
<doc>Click the element identified by ``locator``.</doc>
<msg timestamp="20220414 17:08:57.968" level="INFO">Clicking element '//div[normalize-space()='My Reports']'.</msg>
<status status="PASS" starttime="20220414 17:08:57.967" endtime="20220414 17:08:59.091"/>
</kw>
<status status="PASS" starttime="20220414 17:08:54.598" endtime="20220414 17:08:59.092"/>
</kw>
<kw name="And click Report that created" library="keywords_reportListPage">
<arg>${created_report_l}</arg>
<kw name="Wait Until Element Is Visible" library="SeleniumLibrary">
<arg>${created_report_l}</arg>
<doc>Waits until the element ``locator`` is visible.</doc>
<status status="PASS" starttime="20220414 17:08:59.094" endtime="20220414 17:09:00.167"/>
</kw>
<kw name="Click Element" library="SeleniumLibrary">
<arg>${created_report_l}</arg>
<doc>Click the element identified by ``locator``.</doc>
<msg timestamp="20220414 17:09:00.168" level="INFO">Clicking element '//div[contains(text(), 'Automation Report[1676]')]'.</msg>
<status status="PASS" starttime="20220414 17:09:00.167" endtime="20220414 17:09:01.518"/>
</kw>
<status status="PASS" starttime="20220414 17:08:59.092" endtime="20220414 17:09:01.519"/>
</kw>
<kw name="And add widget" library="keywords_ReportWidgetPage">
<kw name="Wait Until Element Is Visible" library="SeleniumLibrary">
<arg>${add_widget_l}</arg>
<doc>Waits until the element ``locator`` is visible.</doc>
<status status="PASS" starttime="20220414 17:09:01.522" endtime="20220414 17:09:02.567"/>
</kw>
<kw name="Click Element" library="SeleniumLibrary">
<arg>${add_widget_l}</arg>
<doc>Click the element identified by ``locator``.</doc>
<msg timestamp="20220414 17:09:02.569" level="INFO">Clicking element '//span[normalize-space()='Add Widget']'.</msg>
<status status="PASS" starttime="20220414 17:09:02.568" endtime="20220414 17:09:04.045"/>
</kw>
<status status="PASS" starttime="20220414 17:09:01.519" endtime="20220414 17:09:04.045"/>
</kw>
<kw name="And click TextAnalytics Tab" library="keywords_ReportWidgetPage">
<kw name="Wait Until Element Is Visible" library="SeleniumLibrary">
<arg>${text_analytics_tab_l}</arg>
<doc>Waits until the element ``locator`` is visible.</doc>
<status status="PASS" starttime="20220414 17:09:04.046" endtime="20220414 17:09:05.101"/>
</kw>
<kw name="Click Element" library="SeleniumLibrary">
<arg>${text_analytics_tab_l}</arg>
<doc>Click the element identified by ``locator``.</doc>
<msg timestamp="20220414 17:09:05.102" level="INFO">Clicking element '//div[@class='q-tab__label'][normalize-space()='Text Analytics']'.</msg>
<status status="PASS" starttime="20220414 17:09:05.101" endtime="20220414 17:09:06.191"/>
</kw>
<status status="PASS" starttime="20220414 17:09:04.046" endtime="20220414 17:09:06.191"/>
</kw>
<kw name="and click ai chart" library="keywords_ReportWidgetPage">
<kw name="Wait Until Element Is Visible" library="SeleniumLibrary">
<arg>${ai_chart_l}</arg>
<doc>Waits until the element ``locator`` is visible.</doc>
<status status="PASS" starttime="20220414 17:09:06.192" endtime="20220414 17:09:07.215"/>
</kw>
<kw name="Click Element" library="SeleniumLibrary">
<arg>${ai_chart_l}</arg>
<doc>Click the element identified by ``locator``.</doc>
<msg timestamp="20220414 17:09:07.216" level="INFO">Clicking element '//div[contains(text(),'AI-Chart')]'.</msg>
<status status="PASS" starttime="20220414 17:09:07.215" endtime="20220414 17:09:08.330"/>
</kw>
<status status="PASS" starttime="20220414 17:09:06.191" endtime="20220414 17:09:08.330"/>
</kw>
<kw name="And click Text Bubble Chart Widget" library="keywords_ReportWidgetPage">
<kw name="Wait Until Element Is Visible" library="SeleniumLibrary">
<arg>${text_bubble_widget_l}</arg>
<doc>Waits until the element ``locator`` is visible.</doc>
<status status="PASS" starttime="20220414 17:09:08.333" endtime="20220414 17:09:09.399"/>
</kw>
<kw name="Click Element" library="SeleniumLibrary">
<arg>${text_bubble_widget_l}</arg>
<doc>Click the element identified by ``locator``.</doc>
<msg timestamp="20220414 17:09:09.400" level="INFO">Clicking element '//img[@src='/statics/images/widgets/TextAnalyticsBubbleChart2.png']'.</msg>
<status status="PASS" starttime="20220414 17:09:09.399" endtime="20220414 17:09:10.498"/>
</kw>
<status status="PASS" starttime="20220414 17:09:08.331" endtime="20220414 17:09:10.499"/>
</kw>
<kw name="And write Widget Title" library="keywords_ReportWidgetPage">
<arg>${widget_type}</arg>
<arg>${random_number}</arg>
<kw name="Wait Until Element Is Visible" library="SeleniumLibrary">
<arg>${widget_title_l}</arg>
<doc>Waits until the element ``locator`` is visible.</doc>
<status status="PASS" starttime="20220414 17:09:10.501" endtime="20220414 17:09:11.584"/>
</kw>
<kw name="Press Keys" library="SeleniumLibrary">
<arg>None</arg>
<arg>TAB</arg>
<doc>Simulates the user pressing key(s) to an element or on the active browser.</doc>
<msg timestamp="20220414 17:09:11.585" level="INFO">Sending key(s) ('TAB',) to page.</msg>
<msg timestamp="20220414 17:09:11.585" level="INFO">Pressing special key TAB to browser.</msg>
<msg timestamp="20220414 17:09:11.585" level="INFO">Releasing special key TAB.</msg>
<status status="PASS" starttime="20220414 17:09:11.584" endtime="20220414 17:09:12.109"/>
</kw>
<kw name="Press Keys" library="SeleniumLibrary">
<arg>None</arg>
<arg>TAB</arg>
<doc>Simulates the user pressing key(s) to an element or on the active browser.</doc>
<msg timestamp="20220414 17:09:12.110" level="INFO">Sending key(s) ('TAB',) to page.</msg>
<msg timestamp="20220414 17:09:12.111" level="INFO">Pressing special key TAB to browser.</msg>
<msg timestamp="20220414 17:09:12.111" level="INFO">Releasing special key TAB.</msg>
<status status="PASS" starttime="20220414 17:09:12.110" endtime="20220414 17:09:12.632"/>
</kw>
<kw name="Press Keys" library="SeleniumLibrary">
<arg>None</arg>
<arg>AutoWidget ${widget_Type} ${random_number}</arg>
<doc>Simulates the user pressing key(s) to an element or on the active browser.</doc>
<msg timestamp="20220414 17:09:12.633" level="INFO">Sending key(s) ('AutoWidget Text Bubble Chart [1676]',) to page.</msg>
<msg timestamp="20220414 17:09:12.633" level="INFO">Sending keys AutoWidget Text Bubble Chart [1676]</msg>
<status status="PASS" starttime="20220414 17:09:12.632" endtime="20220414 17:09:14.750"/>
</kw>
<status status="PASS" starttime="20220414 17:09:10.500" endtime="20220414 17:09:14.751"/>
</kw>
<kw name="And choose Data Type" library="keywords_ReportWidgetPage">
<kw name="Wait Until Element Is Visible" library="SeleniumLibrary">
<arg>${data_type_l}</arg>
<doc>Waits until the element ``locator`` is visible.</doc>
<status status="PASS" starttime="20220414 17:09:14.755" endtime="20220414 17:09:15.843"/>
</kw>
<kw name="Click Element" library="SeleniumLibrary">
<arg>${data_type_l}</arg>
<doc>Click the element identified by ``locator``.</doc>
<msg timestamp="20220414 17:09:15.846" level="INFO">Clicking element '(//*[name()='svg'][@class='vue-treeselect__control-arrow'])[4]'.</msg>
<status status="PASS" starttime="20220414 17:09:15.844" endtime="20220414 17:09:17.021"/>
</kw>
<kw name="Press Keys" library="SeleniumLibrary">
<arg>None</arg>
<arg>ARROW_DOWN</arg>
<doc>Simulates the user pressing key(s) to an element or on the active browser.</doc>
<msg timestamp="20220414 17:09:17.022" level="INFO">Sending key(s) ('ARROW_DOWN',) to page.</msg>
<msg timestamp="20220414 17:09:17.022" level="INFO">Pressing special key ARROW_DOWN to browser.</msg>
<msg timestamp="20220414 17:09:17.022" level="INFO">Releasing special key ARROW_DOWN.</msg>
<status status="PASS" starttime="20220414 17:09:17.021" endtime="20220414 17:09:17.543"/>
</kw>
<kw name="Press Keys" library="SeleniumLibrary">
<arg>None</arg>
<arg>RETURN</arg>
<doc>Simulates the user pressing key(s) to an element or on the active browser.</doc>
<msg timestamp="20220414 17:09:17.544" level="INFO">Sending key(s) ('RETURN',) to page.</msg>
<msg timestamp="20220414 17:09:17.544" level="INFO">Pressing special key RETURN to browser.</msg>
<msg timestamp="20220414 17:09:17.544" level="INFO">Releasing special key RETURN.</msg>
<status status="PASS" starttime="20220414 17:09:17.543" endtime="20220414 17:09:18.068"/>
</kw>
<status status="PASS" starttime="20220414 17:09:14.753" endtime="20220414 17:09:18.069"/>
</kw>
<kw name="And choose Layout" library="keywords_ReportWidgetPage">
<arg>2</arg>
<if>
<branch type="IF" condition="${layout}==1">
<kw name="Click Element" library="SeleniumLibrary">
<arg>${layout_type1_l}</arg>
<doc>Click the element identified by ``locator``.</doc>
<status status="NOT RUN" starttime="20220414 17:09:18.071" endtime="20220414 17:09:18.071"/>
</kw>
<status status="NOT RUN" starttime="20220414 17:09:18.070" endtime="20220414 17:09:18.071"/>
</branch>
<branch type="ELSE IF" condition="${layout}==2">
<kw name="Click Element" library="SeleniumLibrary">
<arg>${layout_type2_l}</arg>
<doc>Click the element identified by ``locator``.</doc>
<msg timestamp="20220414 17:09:18.072" level="INFO">Clicking element '//div[contains(text(),'2 by 2 Display')]'.</msg>
<status status="PASS" starttime="20220414 17:09:18.072" endtime="20220414 17:09:19.161"/>
</kw>
<status status="PASS" starttime="20220414 17:09:18.071" endtime="20220414 17:09:19.161"/>
</branch>
<branch type="ELSE IF" condition="${layout}==3">
<kw name="Click Element" library="SeleniumLibrary">
<arg>${layout_type3_l}</arg>
<doc>Click the element identified by ``locator``.</doc>
<status status="NOT RUN" starttime="20220414 17:09:19.162" endtime="20220414 17:09:19.163"/>
</kw>
<status status="NOT RUN" starttime="20220414 17:09:19.161" endtime="20220414 17:09:19.163"/>
</branch>
<status status="PASS" starttime="20220414 17:09:18.070" endtime="20220414 17:09:19.163"/>
</if>
<status status="PASS" starttime="20220414 17:09:18.069" endtime="20220414 17:09:19.163"/>
</kw>
<kw name="And choose Topic Model" library="keywords_ReportWidgetPage">
<arg>1</arg>
<kw name="Wait Until Element Is Visible" library="SeleniumLibrary">
<arg>${topic_model_l}</arg>
<doc>Waits until the element ``locator`` is visible.</doc>
<status status="PASS" starttime="20220414 17:09:19.164" endtime="20220414 17:09:20.198"/>
</kw>
<if>
<branch type="IF" condition="${topic_model_count}==1">
<kw name="Click Element" library="SeleniumLibrary">
<arg>${topic_model_l}</arg>
<doc>Click the element identified by ``locator``.</doc>
<msg timestamp="20220414 17:09:20.200" level="INFO">Clicking element '(//*[name()='svg'][@class='vue-treeselect__control-arrow'])[5]'.</msg>
<status status="PASS" starttime="20220414 17:09:20.200" endtime="20220414 17:09:21.430"/>
</kw>
<kw name="Press Keys" library="SeleniumLibrary">
<arg>None</arg>
<arg>ARROW_DOWN</arg>
<doc>Simulates the user pressing key(s) to an element or on the active browser.</doc>
<msg timestamp="20220414 17:09:21.431" level="INFO">Sending key(s) ('ARROW_DOWN',) to page.</msg>
<msg timestamp="20220414 17:09:21.431" level="INFO">Pressing special key ARROW_DOWN to browser.</msg>
<msg timestamp="20220414 17:09:21.432" level="INFO">Releasing special key ARROW_DOWN.</msg>
<status status="PASS" starttime="20220414 17:09:21.430" endtime="20220414 17:09:21.952"/>
</kw>
<kw name="Press Keys" library="SeleniumLibrary">
<arg>None</arg>
<arg>RETURN</arg>
<doc>Simulates the user pressing key(s) to an element or on the active browser.</doc>
<msg timestamp="20220414 17:09:21.953" level="INFO">Sending key(s) ('RETURN',) to page.</msg>
<msg timestamp="20220414 17:09:21.953" level="INFO">Pressing special key RETURN to browser.</msg>
<msg timestamp="20220414 17:09:21.953" level="INFO">Releasing special key RETURN.</msg>
<status status="PASS" starttime="20220414 17:09:21.952" endtime="20220414 17:09:22.550"/>
</kw>
<status status="PASS" starttime="20220414 17:09:20.199" endtime="20220414 17:09:22.550"/>
</branch>
<branch type="ELSE IF" condition="${topic_model_count}==2">
<kw name="Click Element" library="SeleniumLibrary">
<arg>${topic_model_l}</arg>
<doc>Click the element identified by ``locator``.</doc>
<status status="NOT RUN" starttime="20220414 17:09:22.551" endtime="20220414 17:09:22.551"/>
</kw>
<kw name="Press Keys" library="SeleniumLibrary">
<arg>None</arg>
<arg>ARROW_DOWN</arg>
<doc>Simulates the user pressing key(s) to an element or on the active browser.</doc>
<status status="NOT RUN" starttime="20220414 17:09:22.551" endtime="20220414 17:09:22.551"/>
</kw>
<kw name="Press Keys" library="SeleniumLibrary">
<arg>None</arg>
<arg>RETURN</arg>
<doc>Simulates the user pressing key(s) to an element or on the active browser.</doc>
<status status="NOT RUN" starttime="20220414 17:09:22.551" endtime="20220414 17:09:22.551"/>
</kw>
<kw name="Press Keys" library="SeleniumLibrary">
<arg>None</arg>
<arg>ARROW_DOWN</arg>
<doc>Simulates the user pressing key(s) to an element or on the active browser.</doc>
<status status="NOT RUN" starttime="20220414 17:09:22.552" endtime="20220414 17:09:22.552"/>
</kw>
<kw name="Press Keys" library="SeleniumLibrary">
<arg>None</arg>
<arg>RETURN</arg>
<doc>Simulates the user pressing key(s) to an element or on the active browser.</doc>
<status status="NOT RUN" starttime="20220414 17:09:22.552" endtime="20220414 17:09:22.552"/>
</kw>
<status status="NOT RUN" starttime="20220414 17:09:22.550" endtime="20220414 17:09:22.552"/>
</branch>
<status status="PASS" starttime="20220414 17:09:20.199" endtime="20220414 17:09:22.552"/>
</if>
<status status="PASS" starttime="20220414 17:09:19.163" endtime="20220414 17:09:22.552"/>
</kw>
<kw name="And click Save" library="keywords_reportListPage">
<kw name="Execute Javascript" library="SeleniumLibrary">
<arg>window.scrollTo(0, document.body.scrollHeight)</arg>
<doc>Executes the given JavaScript code with possible arguments.</doc>
<msg timestamp="20220414 17:09:22.554" level="INFO">Executing JavaScript:
window.scrollTo(0, document.body.scrollHeight)
Without any arguments.</msg>
<status status="PASS" starttime="20220414 17:09:22.553" endtime="20220414 17:09:23.058"/>
</kw>
<kw name="Wait Until Element Is Visible" library="SeleniumLibrary">
<arg>${report_Save_l}</arg>
<doc>Waits until the element ``locator`` is visible.</doc>
<status status="PASS" starttime="20220414 17:09:23.059" endtime="20220414 17:09:24.113"/>
</kw>
<kw name="Click Element" library="SeleniumLibrary">
<arg>${report_Save_l}</arg>
<doc>Click the element identified by ``locator``.</doc>
<msg timestamp="20220414 17:09:24.114" level="INFO">Clicking element '//span[contains(text(),'Save')]'.</msg>
<status status="PASS" starttime="20220414 17:09:24.113" endtime="20220414 17:09:25.207"/>
</kw>
<kw name="Wait Until Element Is Visible" library="SeleniumLibrary">
<arg>//div[@class='q-img__content absolute-full']</arg>
<doc>Waits until the element ``locator`` is visible.</doc>
<status status="PASS" starttime="20220414 17:09:25.211" endtime="20220414 17:09:26.298"/>
</kw>
<status status="PASS" starttime="20220414 17:09:22.553" endtime="20220414 17:09:26.300"/>
</kw>
<kw name="And add widget" library="keywords_ReportWidgetPage">
<kw name="Wait Until Element Is Visible" library="SeleniumLibrary">
<arg>${add_widget_l}</arg>
<doc>Waits until the element ``locator`` is visible.</doc>
<status status="PASS" starttime="20220414 17:09:26.304" endtime="20220414 17:09:28.215"/>
</kw>
<kw name="Click Element" library="SeleniumLibrary">
<arg>${add_widget_l}</arg>
<doc>Click the element identified by ``locator``.</doc>
<msg timestamp="20220414 17:09:28.216" level="INFO">Clicking element '//span[normalize-space()='Add Widget']'.</msg>
<status status="PASS" starttime="20220414 17:09:28.215" endtime="20220414 17:09:29.549"/>
</kw>
<status status="PASS" starttime="20220414 17:09:26.301" endtime="20220414 17:09:29.551"/>
</kw>
<kw name="And click TextAnalytics Tab" library="keywords_ReportWidgetPage">
<kw name="Wait Until Element Is Visible" library="SeleniumLibrary">
<arg>${text_analytics_tab_l}</arg>
<doc>Waits until the element ``locator`` is visible.</doc>
<status status="PASS" starttime="20220414 17:09:29.553" endtime="20220414 17:09:30.706"/>
</kw>
<kw name="Click Element" library="SeleniumLibrary">
<arg>${text_analytics_tab_l}</arg>
<doc>Click the element identified by ``locator``.</doc>
<msg timestamp="20220414 17:09:30.707" level="INFO">Clicking element '//div[@class='q-tab__label'][normalize-space()='Text Analytics']'.</msg>
<status status="PASS" starttime="20220414 17:09:30.706" endtime="20220414 17:09:31.838"/>
</kw>
<status status="PASS" starttime="20220414 17:09:29.552" endtime="20220414 17:09:31.840"/>
</kw>
<kw name="and click ai chart" library="keywords_ReportWidgetPage">
<kw name="Wait Until Element Is Visible" library="SeleniumLibrary">
<arg>${ai_chart_l}</arg>
<doc>Waits until the element ``locator`` is visible.</doc>
<status status="PASS" starttime="20220414 17:09:31.843" endtime="20220414 17:09:32.909"/>
</kw>
<kw name="Click Element" library="SeleniumLibrary">
<arg>${ai_chart_l}</arg>
<doc>Click the element identified by ``locator``.</doc>
<msg timestamp="20220414 17:09:32.912" level="INFO">Clicking element '//div[contains(text(),'AI-Chart')]'.</msg>
<status status="PASS" starttime="20220414 17:09:32.910" endtime="20220414 17:09:34.034"/>
</kw>
<status status="PASS" starttime="20220414 17:09:31.841" endtime="20220414 17:09:34.037"/>
</kw>
<kw name="And click Text Bubble Chart Widget" library="keywords_ReportWidgetPage">
<kw name="Wait Until Element Is Visible" library="SeleniumLibrary">
<arg>${text_bubble_widget_l}</arg>
<doc>Waits until the element ``locator`` is visible.</doc>
<status status="PASS" starttime="20220414 17:09:34.042" endtime="20220414 17:09:35.112"/>
</kw>
<kw name="Click Element" library="SeleniumLibrary">
<arg>${text_bubble_widget_l}</arg>
<doc>Click the element identified by ``locator``.</doc>
<msg timestamp="20220414 17:09:35.112" level="INFO">Clicking element '//img[@src='/statics/images/widgets/TextAnalyticsBubbleChart2.png']'.</msg>
<status status="PASS" starttime="20220414 17:09:35.112" endtime="20220414 17:09:36.215"/>
</kw>
<status status="PASS" starttime="20220414 17:09:34.039" endtime="20220414 17:09:36.216"/>
</kw>
<kw name="And write Widget Title" library="keywords_ReportWidgetPage">
<arg>${widget_type}</arg>
<arg>${random_number}Multi</arg>
<kw name="Wait Until Element Is Visible" library="SeleniumLibrary">
<arg>${widget_title_l}</arg>
<doc>Waits until the element ``locator`` is visible.</doc>
<status status="PASS" starttime="20220414 17:09:36.219" endtime="20220414 17:09:37.273"/>
</kw>
<kw name="Press Keys" library="SeleniumLibrary">
<arg>None</arg>
<arg>TAB</arg>
<doc>Simulates the user pressing key(s) to an element or on the active browser.</doc>
<msg timestamp="20220414 17:09:37.273" level="INFO">Sending key(s) ('TAB',) to page.</msg>
<msg timestamp="20220414 17:09:37.273" level="INFO">Pressing special key TAB to browser.</msg>
<msg timestamp="20220414 17:09:37.273" level="INFO">Releasing special key TAB.</msg>
<status status="PASS" starttime="20220414 17:09:37.273" endtime="20220414 17:09:37.829"/>
</kw>
<kw name="Press Keys" library="SeleniumLibrary">
<arg>None</arg>
<arg>TAB</arg>
<doc>Simulates the user pressing key(s) to an element or on the active browser.</doc>
<msg timestamp="20220414 17:09:37.831" level="INFO">Sending key(s) ('TAB',) to page.</msg>
<msg timestamp="20220414 17:09:37.831" level="INFO">Pressing special key TAB to browser.</msg>
<msg timestamp="20220414 17:09:37.831" level="INFO">Releasing special key TAB.</msg>
<status status="PASS" starttime="20220414 17:09:37.830" endtime="20220414 17:09:38.372"/>
</kw>
<kw name="Press Keys" library="SeleniumLibrary">
<arg>None</arg>
<arg>AutoWidget ${widget_Type} ${random_number}</arg>
<doc>Simulates the user pressing key(s) to an element or on the active browser.</doc>
<msg timestamp="20220414 17:09:38.374" level="INFO">Sending key(s) ('AutoWidget Text Bubble Chart [1676]Multi',) to page.</msg>
<msg timestamp="20220414 17:09:38.374" level="INFO">Sending keys AutoWidget Text Bubble Chart [1676]Multi</msg>
<status status="PASS" starttime="20220414 17:09:38.373" endtime="20220414 17:09:40.373"/>
</kw>
<status status="PASS" starttime="20220414 17:09:36.218" endtime="20220414 17:09:40.374"/>
</kw>
<kw name="And choose Data Type" library="keywords_ReportWidgetPage">
<kw name="Wait Until Element Is Visible" library="SeleniumLibrary">
<arg>${data_type_l}</arg>
<doc>Waits until the element ``locator`` is visible.</doc>
<status status="PASS" starttime="20220414 17:09:40.378" endtime="20220414 17:09:41.437"/>
</kw>
<kw name="Click Element" library="SeleniumLibrary">
<arg>${data_type_l}</arg>
<doc>Click the element identified by ``locator``.</doc>
<msg timestamp="20220414 17:09:41.438" level="INFO">Clicking element '(//*[name()='svg'][@class='vue-treeselect__control-arrow'])[4]'.</msg>
<status status="PASS" starttime="20220414 17:09:41.437" endtime="20220414 17:09:42.513"/>
</kw>
<kw name="Press Keys" library="SeleniumLibrary">
<arg>None</arg>
<arg>ARROW_DOWN</arg>
<doc>Simulates the user pressing key(s) to an element or on the active browser.</doc>
<msg timestamp="20220414 17:09:42.514" level="INFO">Sending key(s) ('ARROW_DOWN',) to page.</msg>
<msg timestamp="20220414 17:09:42.514" level="INFO">Pressing special key ARROW_DOWN to browser.</msg>
<msg timestamp="20220414 17:09:42.514" level="INFO">Releasing special key ARROW_DOWN.</msg>
<status status="PASS" starttime="20220414 17:09:42.513" endtime="20220414 17:09:43.034"/>
</kw>
<kw name="Press Keys" library="SeleniumLibrary">
<arg>None</arg>
<arg>RETURN</arg>
<doc>Simulates the user pressing key(s) to an element or on the active browser.</doc>
<msg timestamp="20220414 17:09:43.035" level="INFO">Sending key(s) ('RETURN',) to page.</msg>
<msg timestamp="20220414 17:09:43.035" level="INFO">Pressing special key RETURN to browser.</msg>
<msg timestamp="20220414 17:09:43.035" level="INFO">Releasing special key RETURN.</msg>
<status status="PASS" starttime="20220414 17:09:43.034" endtime="20220414 17:09:43.544"/>
</kw>
<status status="PASS" starttime="20220414 17:09:40.376" endtime="20220414 17:09:43.546"/>
</kw>
<kw name="And choose Layout" library="keywords_ReportWidgetPage">
<arg>2</arg>
<if>
<branch type="IF" condition="${layout}==1">
<kw name="Click Element" library="SeleniumLibrary">
<arg>${layout_type1_l}</arg>
<doc>Click the element identified by ``locator``.</doc>
<status status="NOT RUN" starttime="20220414 17:09:43.550" endtime="20220414 17:09:43.550"/>
</kw>
<status status="NOT RUN" starttime="20220414 17:09:43.549" endtime="20220414 17:09:43.550"/>
</branch>
<branch type="ELSE IF" condition="${layout}==2">
<kw name="Click Element" library="SeleniumLibrary">
<arg>${layout_type2_l}</arg>
<doc>Click the element identified by ``locator``.</doc>
<msg timestamp="20220414 17:09:43.553" level="INFO">Clicking element '//div[contains(text(),'2 by 2 Display')]'.</msg>
<status status="PASS" starttime="20220414 17:09:43.552" endtime="20220414 17:09:44.641"/>
</kw>
<status status="PASS" starttime="20220414 17:09:43.551" endtime="20220414 17:09:44.641"/>
</branch>
<branch type="ELSE IF" condition="${layout}==3">
<kw name="Click Element" library="SeleniumLibrary">
<arg>${layout_type3_l}</arg>
<doc>Click the element identified by ``locator``.</doc>
<status status="NOT RUN" starttime="20220414 17:09:44.644" endtime="20220414 17:09:44.645"/>
</kw>
<status status="NOT RUN" starttime="20220414 17:09:44.643" endtime="20220414 17:09:44.646"/>
</branch>
<status status="PASS" starttime="20220414 17:09:43.548" endtime="20220414 17:09:44.647"/>
</if>
<status status="PASS" starttime="20220414 17:09:43.547" endtime="20220414 17:09:44.647"/>
</kw>
<kw name="And choose Topic Model" library="keywords_ReportWidgetPage">
<arg>2</arg>
<kw name="Wait Until Element Is Visible" library="SeleniumLibrary">
<arg>${topic_model_l}</arg>
<doc>Waits until the element ``locator`` is visible.</doc>
<status status="PASS" starttime="20220414 17:09:44.651" endtime="20220414 17:09:45.698"/>
</kw>
<if>
<branch type="IF" condition="${topic_model_count}==1">
<kw name="Click Element" library="SeleniumLibrary">
<arg>${topic_model_l}</arg>
<doc>Click the element identified by ``locator``.</doc>
<status status="NOT RUN" starttime="20220414 17:09:45.698" endtime="20220414 17:09:45.698"/>
</kw>
<kw name="Press Keys" library="SeleniumLibrary">
<arg>None</arg>
<arg>ARROW_DOWN</arg>
<doc>Simulates the user pressing key(s) to an element or on the active browser.</doc>
<status status="NOT RUN" starttime="20220414 17:09:45.698" endtime="20220414 17:09:45.698"/>
</kw>
<kw name="Press Keys" library="SeleniumLibrary">
<arg>None</arg>
<arg>RETURN</arg>
<doc>Simulates the user pressing key(s) to an element or on the active browser.</doc>
<status status="NOT RUN" starttime="20220414 17:09:45.699" endtime="20220414 17:09:45.699"/>
</kw>
<status status="NOT RUN" starttime="20220414 17:09:45.698" endtime="20220414 17:09:45.699"/>
</branch>
<branch type="ELSE IF" condition="${topic_model_count}==2">
<kw name="Click Element" library="SeleniumLibrary">
<arg>${topic_model_l}</arg>
<doc>Click the element identified by ``locator``.</doc>
<msg timestamp="20220414 17:09:45.699" level="INFO">Clicking element '(//*[name()='svg'][@class='vue-treeselect__control-arrow'])[5]'.</msg>
<status status="PASS" starttime="20220414 17:09:45.699" endtime="20220414 17:09:46.846"/>
</kw>
<kw name="Press Keys" library="SeleniumLibrary">
<arg>None</arg>
<arg>ARROW_DOWN</arg>
<doc>Simulates the user pressing key(s) to an element or on the active browser.</doc>
<msg timestamp="20220414 17:09:46.847" level="INFO">Sending key(s) ('ARROW_DOWN',) to page.</msg>
<msg timestamp="20220414 17:09:46.847" level="INFO">Pressing special key ARROW_DOWN to browser.</msg>
<msg timestamp="20220414 17:09:46.847" level="INFO">Releasing special key ARROW_DOWN.</msg>
<status status="PASS" starttime="20220414 17:09:46.846" endtime="20220414 17:09:47.363"/>
</kw>
<kw name="Press Keys" library="SeleniumLibrary">
<arg>None</arg>
<arg>RETURN</arg>
<doc>Simulates the user pressing key(s) to an element or on the active browser.</doc>
<msg timestamp="20220414 17:09:47.365" level="INFO">Sending key(s) ('RETURN',) to page.</msg>
<msg timestamp="20220414 17:09:47.365" level="INFO">Pressing special key RETURN to browser.</msg>
<msg timestamp="20220414 17:09:47.365" level="INFO">Releasing special key RETURN.</msg>
<status status="PASS" starttime="20220414 17:09:47.364" endtime="20220414 17:09:47.917"/>
</kw>
<kw name="Press Keys" library="SeleniumLibrary">
<arg>None</arg>
<arg>ARROW_DOWN</arg>
<doc>Simulates the user pressing key(s) to an element or on the active browser.</doc>
<msg timestamp="20220414 17:09:47.918" level="INFO">Sending key(s) ('ARROW_DOWN',) to page.</msg>
<msg timestamp="20220414 17:09:47.918" level="INFO">Pressing special key ARROW_DOWN to browser.</msg>
<msg timestamp="20220414 17:09:47.918" level="INFO">Releasing special key ARROW_DOWN.</msg>
<status status="PASS" starttime="20220414 17:09:47.918" endtime="20220414 17:09:48.445"/>
</kw>
<kw name="Press Keys" library="SeleniumLibrary">
<arg>None</arg>
<arg>RETURN</arg>
<doc>Simulates the user pressing key(s) to an element or on the active browser.</doc>
<msg timestamp="20220414 17:09:48.448" level="INFO">Sending key(s) ('RETURN',) to page.</msg>
<msg timestamp="20220414 17:09:48.449" level="INFO">Pressing special key RETURN to browser.</msg>
<msg timestamp="20220414 17:09:48.449" level="INFO">Releasing special key RETURN.</msg>
<status status="PASS" starttime="20220414 17:09:48.446" endtime="20220414 17:09:49.020"/>
</kw>
<status status="PASS" starttime="20220414 17:09:45.699" endtime="20220414 17:09:49.020"/>
</branch>
<status status="PASS" starttime="20220414 17:09:45.698" endtime="20220414 17:09:49.020"/>
</if>
<status status="PASS" starttime="20220414 17:09:44.649" endtime="20220414 17:09:49.020"/>
</kw>
<kw name="And click Save" library="keywords_reportListPage">
<kw name="Execute Javascript" library="SeleniumLibrary">
<arg>window.scrollTo(0, document.body.scrollHeight)</arg>
<doc>Executes the given JavaScript code with possible arguments.</doc>
<msg timestamp="20220414 17:09:49.022" level="INFO">Executing JavaScript:
window.scrollTo(0, document.body.scrollHeight)
Without any arguments.</msg>
<status status="PASS" starttime="20220414 17:09:49.021" endtime="20220414 17:09:49.530"/>
</kw>
<kw name="Wait Until Element Is Visible" library="SeleniumLibrary">
<arg>${report_Save_l}</arg>
<doc>Waits until the element ``locator`` is visible.</doc>
<status status="PASS" starttime="20220414 17:09:49.530" endtime="20220414 17:09:50.565"/>
</kw>
<kw name="Click Element" library="SeleniumLibrary">
<arg>${report_Save_l}</arg>
<doc>Click the element identified by ``locator``.</doc>
<msg timestamp="20220414 17:09:50.566" level="INFO">Clicking element '//span[contains(text(),'Save')]'.</msg>
<status status="PASS" starttime="20220414 17:09:50.565" endtime="20220414 17:09:51.657"/>
</kw>
<kw name="Wait Until Element Is Visible" library="SeleniumLibrary">
<arg>//div[@class='q-img__content absolute-full']</arg>
<doc>Waits until the element ``locator`` is visible.</doc>
<status status="PASS" starttime="20220414 17:09:51.660" endtime="20220414 17:09:52.692"/>
</kw>
<status status="PASS" starttime="20220414 17:09:49.021" endtime="20220414 17:09:52.695"/>
</kw>
<kw name="And add widget" library="keywords_ReportWidgetPage">
<kw name="Wait Until Element Is Visible" library="SeleniumLibrary">
<arg>${add_widget_l}</arg>
<doc>Waits until the element ``locator`` is visible.</doc>
<status status="PASS" starttime="20220414 17:09:52.697" endtime="20220414 17:09:53.720"/>
</kw>
<kw name="Click Element" library="SeleniumLibrary">
<arg>${add_widget_l}</arg>
<doc>Click the element identified by ``locator``.</doc>
<msg timestamp="20220414 17:09:53.722" level="INFO">Clicking element '//span[normalize-space()='Add Widget']'.</msg>
<msg timestamp="20220414 17:09:56.194" level="INFO" html="true">&lt;/td&gt;&lt;/tr&gt;&lt;tr&gt;&lt;td colspan="3"&gt;&lt;a href="selenium-screenshot-1.png"&gt;&lt;img src="selenium-screenshot-1.png" width="800px"&gt;&lt;/a&gt;</msg>
<msg timestamp="20220414 17:09:56.200" level="FAIL">ElementClickInterceptedException: Message: element click intercepted: Element &lt;span class="block"&gt;...&lt;/span&gt; is not clickable at point (728, 82). Other element would receive the click: &lt;div class="q-loading fullscreen column flex-center z-max text-white q-transition--fade-leave-active q-transition--fade-leave-to"&gt;...&lt;/div&gt;
  (Session info: chrome=100.0.4896.75)
Stacktrace:
Backtrace:
	Ordinal0 [0x00DB9943+2595139]
	Ordinal0 [0x00D4C9F1+2148849]
	Ordinal0 [0x00C44528+1066280]
	Ordinal0 [0x00C77621+1275425]
	Ordinal0 [0x00C75657+1267287]
	Ordinal0 [0x00C7333B+1258299]
	Ordinal0 [0x00C7207D+1253501]
	Ordinal0 [0x00C67AB3+1211059]
	Ordinal0 [0x00C8B9EC+1358316]
	Ordinal0 [0x00C67474+1209460]
	Ordinal0 [0x00C8BC04+1358852]
	Ordinal0 [0x00C9BAF2+1424114]
	Ordinal0 [0x00C8B806+1357830]
	Ordinal0 [0x00C66086+1204358]
	Ordinal0 [0x00C66F96+1208214]
	GetHandleVerifier [0x00F5B232+1658114]
	GetHandleVerifier [0x0101312C+2411516]
	GetHandleVerifier [0x00E4F261+560433]
	GetHandleVerifier [0x00E4E366+556598]
	Ordinal0 [0x00D5286B+2173035]
	Ordinal0 [0x00D575F8+2192888]
	Ordinal0 [0x00D576E5+2193125]
	Ordinal0 [0x00D611FC+2232828]
	BaseThreadInitThunk [0x7686FA29+25]
	RtlGetAppContainerNamedObjectPath [0x77A27A9E+286]
	RtlGetAppContainerNamedObjectPath [0x77A27A6E+238]
</msg>
<status status="FAIL" starttime="20220414 17:09:53.721" endtime="20220414 17:09:56.200"/>
</kw>
<status status="FAIL" starttime="20220414 17:09:52.695" endtime="20220414 17:09:56.201"/>
</kw>
<kw name="And click TextAnalytics Tab" library="keywords_ReportWidgetPage">
<status status="NOT RUN" starttime="20220414 17:09:56.202" endtime="20220414 17:09:56.203"/>
</kw>
<kw name="and click ai chart" library="keywords_ReportWidgetPage">
<status status="NOT RUN" starttime="20220414 17:09:56.203" endtime="20220414 17:09:56.203"/>
</kw>
<kw name="And click Text Bubble Chart Widget" library="keywords_ReportWidgetPage">
<status status="NOT RUN" starttime="20220414 17:09:56.204" endtime="20220414 17:09:56.204"/>
</kw>
<kw name="And write Widget Title" library="keywords_ReportWidgetPage">
<arg>${widget_type}</arg>
<arg>${random_number}EmotionEnabled</arg>
<status status="NOT RUN" starttime="20220414 17:09:56.205" endtime="20220414 17:09:56.206"/>
</kw>
<kw name="And choose Data Type" library="keywords_ReportWidgetPage">
<status status="NOT RUN" starttime="20220414 17:09:56.207" endtime="20220414 17:09:56.208"/>
</kw>
<kw name="And choose Layout" library="keywords_ReportWidgetPage">
<arg>2</arg>
<status status="NOT RUN" starttime="20220414 17:09:56.208" endtime="20220414 17:09:56.208"/>
</kw>
<kw name="And choose Topic Model" library="keywords_ReportWidgetPage">
<arg>1</arg>
<status status="NOT RUN" starttime="20220414 17:09:56.209" endtime="20220414 17:09:56.209"/>
</kw>
<kw name="And click Emotion Analysis Toggle" library="keywords_ReportWidgetPage">
<status status="NOT RUN" starttime="20220414 17:09:56.210" endtime="20220414 17:09:56.210"/>
</kw>
<kw name="And click Save" library="keywords_reportListPage">
<status status="NOT RUN" starttime="20220414 17:09:56.210" endtime="20220414 17:09:56.211"/>
</kw>
<kw name="Set Selenium Speed" library="SeleniumLibrary">
<arg>2</arg>
<doc>Sets the delay that is waited after each Selenium command.</doc>
<status status="NOT RUN" starttime="20220414 17:09:56.211" endtime="20220414 17:09:56.211"/>
</kw>
<kw name="and click report management" library="keywords_mainPage">
<status status="NOT RUN" starttime="20220414 17:09:56.211" endtime="20220414 17:09:56.212"/>
</kw>
<kw name="and click reports" library="keywords_mainPage">
<status status="NOT RUN" starttime="20220414 17:09:56.212" endtime="20220414 17:09:56.212"/>
</kw>
<kw name="and search report on report list screen" library="keywords_reportListPage">
<arg>${random_number}</arg>
<status status="NOT RUN" starttime="20220414 17:09:56.213" endtime="20220414 17:09:56.213"/>
</kw>
<kw name="and click delete icon" library="keywords_reportListPage">
<status status="NOT RUN" starttime="20220414 17:09:56.213" endtime="20220414 17:09:56.214"/>
</kw>
<kw name="and click delete button" library="keywords_reportListPage">
<status status="NOT RUN" starttime="20220414 17:09:56.214" endtime="20220414 17:09:56.214"/>
</kw>
<kw name="close browser session" library="keywords_LoginPage" type="TEARDOWN">
<kw name="Close Browser" library="SeleniumLibrary">
<doc>Closes the current browser.</doc>
<status status="PASS" starttime="20220414 17:09:56.216" endtime="20220414 17:09:58.803"/>
</kw>
<status status="PASS" starttime="20220414 17:09:56.215" endtime="20220414 17:09:58.804"/>
</kw>
<status status="FAIL" starttime="20220414 17:08:04.698" endtime="20220414 17:09:58.805">ElementClickInterceptedException: Message: element click intercepted: Element &lt;span class="block"&gt;...&lt;/span&gt; is not clickable at point (728, 82). Other element would receive the click: &lt;div class="q-loading fullscreen column flex-center z-max text-white q-transition--fade-leave-active q-transition--fade-leave-to"&gt;...&lt;/div&gt;
  (Session info: chrome=100.0.4896.75)
Stacktrace:
Backtrace:
	Ordinal0 [0x00DB9943+2595139]
	Ordinal0 [0x00D4C9F1+2148849]
	Ordinal0 [0x00C44528+1066280]
	Ordinal0 [0x00C77621+1275425]
	Ordinal0 [0x00C75657+1267287]
	Ordinal0 [0x00C7333B+1258299]
	Ordinal0 [0x00C7207D+1253501]
	Ordinal0 [0x00C67AB3+1211059]
	Ordinal0 [0x00C8B9EC+1358316]
	Ordinal0 [0x00C67474+1209460]
	Ordinal0 [0x00C8BC04+1358852]
	Ordinal0 [0x00C9BAF2+1424114]
	Ordinal0 [0x00C8B806+1357830]
	Ordinal0 [0x00C66086+1204358]
	Ordinal0 [0x00C66F96+1208214]
	GetHandleVerifier [0x00F5B232+1658114]
	GetHandleVerifier [0x0101312C+2411516]
	GetHandleVerifier [0x00E4F261+560433]
	GetHandleVerifier [0x00E4E366+556598]
	Ordinal0 [0x00D5286B+2173035]
	Ordinal0 [0x00D575F8+2192888]
	Ordinal0 [0x00D576E5+2193125]
	Ordinal0 [0x00D611FC+2232828]
	BaseThreadInitThunk [0x7686FA29+25]
	RtlGetAppContainerNamedObjectPath [0x77A27A9E+286]
	RtlGetAppContainerNamedObjectPath [0x77A27A6E+238]
</status>
</test>
<doc>Text Bubble Chart Widget</doc>
<status status="FAIL" starttime="20220414 17:08:04.485" endtime="20220414 17:09:58.805"/>
</suite>
<status status="FAIL" starttime="20220414 17:08:04.467" endtime="20220414 17:09:58.806"/>
</suite>
<statistics>
<total>
<stat pass="0" fail="1" skip="0">All Tests</stat>
</total>
<tag>
</tag>
<suite>
<stat pass="0" fail="1" skip="0" id="s1" name="testCases">testCases</stat>
<stat pass="0" fail="1" skip="0" id="s1-s1" name="WidgetTextBubbleChart">testCases.WidgetTextBubbleChart</stat>
</suite>
</statistics>
<errors>
</errors>
</robot>
