<?xml version="1.0" encoding="UTF-8"?>
<robot generator="Robot 4.1.3 (Python 3.10.2 on win32)" generated="20220316 15:52:36.778" rpa="false" schemaversion="2">
<suite id="s1" name="testCases" source="C:\Users\User\PycharmProjects\RobotFramework\tests\testCases">
<suite id="s1-s1" name="WidgetTextBubbleChart" source="C:\Users\User\PycharmProjects\RobotFramework\tests\testCases\WidgetTextBubbleChart.robot">
<test id="s1-s1-t1" name="Adding New Text Bubble Chart Widget to Report">
<kw name="open the browser with ALternaWebPage" library="keywords_LoginPage" type="SETUP">
<kw name="Create Webdriver" library="SeleniumLibrary">
<arg>Chrome</arg>
<arg>executable_path=tests/drivers/chromedriver.exe</arg>
<doc>Creates an instance of Selenium WebDriver.</doc>
<msg timestamp="20220316 15:52:37.150" level="INFO">Creating an instance of the Chrome WebDriver.</msg>
<status status="PASS" starttime="20220316 15:52:37.150" endtime="20220316 15:52:38.538"/>
</kw>
<kw name="Go To" library="SeleniumLibrary">
<arg>https://staging.alternacx.com/</arg>
<doc>Navigates the current browser window to the provided ``url``.</doc>
<msg timestamp="20220316 15:52:38.542" level="INFO">Opening url 'https://staging.alternacx.com/'</msg>
<status status="PASS" starttime="20220316 15:52:38.541" endtime="20220316 15:52:40.911"/>
</kw>
<kw name="Maximize Browser Window" library="SeleniumLibrary">
<doc>Maximizes current browser window.</doc>
<status status="PASS" starttime="20220316 15:52:40.911" endtime="20220316 15:52:41.029"/>
</kw>
<status status="PASS" starttime="20220316 15:52:37.150" endtime="20220316 15:52:41.030"/>
</kw>
<kw name="Set Selenium Timeout" library="SeleniumLibrary">
<arg>20</arg>
<doc>Sets the timeout that is used by various keywords.</doc>
<status status="PASS" starttime="20220316 15:52:41.030" endtime="20220316 15:52:41.031"/>
</kw>
<kw name="Set Selenium Speed" library="SeleniumLibrary">
<arg>2</arg>
<doc>Sets the delay that is waited after each Selenium command.</doc>
<status status="PASS" starttime="20220316 15:52:41.031" endtime="20220316 15:52:41.031"/>
</kw>
<kw name="When fill the login form" library="keywords_LoginPage">
<arg>umut</arg>
<arg>Hacettepe2019</arg>
<kw name="Wait Until Element Is Visible" library="SeleniumLibrary">
<arg>${username_l}</arg>
<arg>timeout=20</arg>
<doc>Waits until the element ``locator`` is visible.</doc>
<status status="PASS" starttime="20220316 15:52:41.031" endtime="20220316 15:52:47.340"/>
</kw>
<kw name="Input Text" library="SeleniumLibrary">
<arg>${username_l}</arg>
<arg>${username}</arg>
<doc>Types the given ``text`` into the text field identified by ``locator``.</doc>
<msg timestamp="20220316 15:52:47.342" level="INFO">Typing text 'umut' into text field 'xpath://input[@type='text']'.</msg>
<status status="PASS" starttime="20220316 15:52:47.341" endtime="20220316 15:52:53.682"/>
</kw>
<kw name="Input Password" library="SeleniumLibrary">
<arg>${password_l}</arg>
<arg>${password}</arg>
<doc>Types the given password into the text field identified by ``locator``.</doc>
<msg timestamp="20220316 15:52:53.684" level="INFO">Typing password into text field 'xpath://input[@type='password']'.</msg>
<msg timestamp="20220316 15:52:57.779" level="INFO">Temporally setting log level to: NONE</msg>
<msg timestamp="20220316 15:53:00.178" level="INFO">Log level changed from NONE to INFO.</msg>
<status status="PASS" starttime="20220316 15:52:53.683" endtime="20220316 15:53:00.179"/>
</kw>
<status status="PASS" starttime="20220316 15:52:41.031" endtime="20220316 15:53:00.179"/>
</kw>
<kw name="And click login buton" library="keywords_LoginPage">
<kw name="Click Element" library="SeleniumLibrary">
<arg>${login_button_l}</arg>
<doc>Click the element identified by ``locator``.</doc>
<msg timestamp="20220316 15:53:00.184" level="INFO">Clicking element 'xpath://span[contains(text(),'Login')]'.</msg>
<status status="PASS" starttime="20220316 15:53:00.183" endtime="20220316 15:53:04.414"/>
</kw>
<status status="PASS" starttime="20220316 15:53:00.179" endtime="20220316 15:53:04.415"/>
</kw>
<kw name="And click Report Management" library="keywords_mainPage">
<kw name="Wait Until Element Is Visible" library="SeleniumLibrary">
<arg>${report_management_l}</arg>
<doc>Waits until the element ``locator`` is visible.</doc>
<status status="PASS" starttime="20220316 15:53:04.417" endtime="20220316 15:53:08.651"/>
</kw>
<kw name="Click Element" library="SeleniumLibrary">
<arg>${report_management_l}</arg>
<doc>Click the element identified by ``locator``.</doc>
<msg timestamp="20220316 15:53:08.652" level="INFO">Clicking element 'xpath://div[normalize-space()='Report Management']'.</msg>
<status status="PASS" starttime="20220316 15:53:08.651" endtime="20220316 15:53:12.803"/>
</kw>
<status status="PASS" starttime="20220316 15:53:04.416" endtime="20220316 15:53:12.803"/>
</kw>
<kw name="And click Reports" library="keywords_mainPage">
<kw name="Wait Until Element Is Visible" library="SeleniumLibrary">
<arg>${reports_l}</arg>
<doc>Waits until the element ``locator`` is visible.</doc>
<status status="PASS" starttime="20220316 15:53:12.806" endtime="20220316 15:53:16.864"/>
</kw>
<kw name="Click Element" library="SeleniumLibrary">
<arg>${reports_l}</arg>
<doc>Click the element identified by ``locator``.</doc>
<msg timestamp="20220316 15:53:16.864" level="INFO">Clicking element 'xpath://div[normalize-space()='Reports']'.</msg>
<status status="PASS" starttime="20220316 15:53:16.864" endtime="20220316 15:53:21.184"/>
</kw>
<status status="PASS" starttime="20220316 15:53:12.805" endtime="20220316 15:53:21.186"/>
</kw>
<kw name="And click New Report" library="keywords_reportListPage">
<kw name="Wait Until Element Is Visible" library="SeleniumLibrary">
<arg>${new_report_l}</arg>
<doc>Waits until the element ``locator`` is visible.</doc>
<status status="PASS" starttime="20220316 15:53:21.188" endtime="20220316 15:53:25.251"/>
</kw>
<kw name="Click Element" library="SeleniumLibrary">
<arg>${new_report_l}</arg>
<doc>Click the element identified by ``locator``.</doc>
<msg timestamp="20220316 15:53:25.254" level="INFO">Clicking element '//span[contains(text(),'Add New Report')]'.</msg>
<status status="PASS" starttime="20220316 15:53:25.252" endtime="20220316 15:53:30.043"/>
</kw>
<status status="PASS" starttime="20220316 15:53:21.187" endtime="20220316 15:53:30.043"/>
</kw>
<kw name="And write Report Title" library="keywords_reportListPage">
<arg>${random_number}</arg>
<kw name="Wait Until Element Is Visible" library="SeleniumLibrary">
<arg>${report_title_l}</arg>
<doc>Waits until the element ``locator`` is visible.</doc>
<status status="PASS" starttime="20220316 15:53:30.046" endtime="20220316 15:53:34.104"/>
</kw>
<kw name="Input Text" library="SeleniumLibrary">
<arg>${report_title_l}</arg>
<arg>Automation Report${random_number}</arg>
<doc>Types the given ``text`` into the text field identified by ``locator``.</doc>
<msg timestamp="20220316 15:53:34.106" level="INFO">Typing text 'Automation ReportEvaluate random.sample(range(1, 9999), 1) random' into text field '//span/label/div/div/div/input'.</msg>
<status status="PASS" starttime="20220316 15:53:34.105" endtime="20220316 15:53:41.740"/>
</kw>
<status status="PASS" starttime="20220316 15:53:30.043" endtime="20220316 15:53:41.741"/>
</kw>
<kw name="And choose Category" library="keywords_reportListPage">
<kw name="Wait Until Element Is Visible" library="SeleniumLibrary">
<arg>${report_category_l}</arg>
<doc>Waits until the element ``locator`` is visible.</doc>
<status status="PASS" starttime="20220316 15:53:41.743" endtime="20220316 15:53:45.817"/>
</kw>
<kw name="Click Element" library="SeleniumLibrary">
<arg>${report_category_l}</arg>
<doc>Click the element identified by ``locator``.</doc>
<msg timestamp="20220316 15:53:45.817" level="INFO">Clicking element '//div[2]/input'.</msg>
<status status="PASS" starttime="20220316 15:53:45.817" endtime="20220316 15:53:50.047"/>
</kw>
<kw name="Press Keys" library="SeleniumLibrary">
<arg>${report_category_l}</arg>
<arg>ARROW_DOWN</arg>
<doc>Simulates the user pressing key(s) to an element or on the active browser.</doc>
<msg timestamp="20220316 15:53:50.049" level="INFO">Sending key(s) ('ARROW_DOWN',) to //div[2]/input element.</msg>
<msg timestamp="20220316 15:53:54.366" level="INFO">Pressing special key ARROW_DOWN to element.</msg>
<msg timestamp="20220316 15:53:54.366" level="INFO">Releasing special key ARROW_DOWN.</msg>
<status status="PASS" starttime="20220316 15:53:50.048" endtime="20220316 15:53:56.465"/>
</kw>
<kw name="Press Keys" library="SeleniumLibrary">
<arg>${report_category_l}</arg>
<arg>RETURN</arg>
<doc>Simulates the user pressing key(s) to an element or on the active browser.</doc>
<msg timestamp="20220316 15:53:56.468" level="INFO">Sending key(s) ('RETURN',) to //div[2]/input element.</msg>
<msg timestamp="20220316 15:54:00.779" level="INFO">Pressing special key RETURN to element.</msg>
<msg timestamp="20220316 15:54:00.779" level="INFO">Releasing special key RETURN.</msg>
<status status="PASS" starttime="20220316 15:53:56.466" endtime="20220316 15:54:02.904"/>
</kw>
<status status="PASS" starttime="20220316 15:53:41.742" endtime="20220316 15:54:02.904"/>
</kw>
<kw name="And click Save" library="keywords_reportListPage">
<kw name="Execute Javascript" library="SeleniumLibrary">
<arg>window.scrollTo(0, document.body.scrollHeight)</arg>
<doc>Executes the given JavaScript code with possible arguments.</doc>
<msg timestamp="20220316 15:54:02.910" level="INFO">Executing JavaScript:
window.scrollTo(0, document.body.scrollHeight)
Without any arguments.</msg>
<status status="PASS" starttime="20220316 15:54:02.907" endtime="20220316 15:54:04.926"/>
</kw>
<kw name="Wait Until Element Is Visible" library="SeleniumLibrary">
<arg>${report_Save_l}</arg>
<doc>Waits until the element ``locator`` is visible.</doc>
<status status="PASS" starttime="20220316 15:54:04.927" endtime="20220316 15:54:08.984"/>
</kw>
<kw name="Click Element" library="SeleniumLibrary">
<arg>${report_Save_l}</arg>
<doc>Click the element identified by ``locator``.</doc>
<msg timestamp="20220316 15:54:08.987" level="INFO">Clicking element '//span[contains(text(),'Save')]'.</msg>
<status status="PASS" starttime="20220316 15:54:08.985" endtime="20220316 15:54:13.165"/>
</kw>
<kw name="Wait Until Element Is Visible" library="SeleniumLibrary">
<arg>//div[@class='q-img__content absolute-full']</arg>
<doc>Waits until the element ``locator`` is visible.</doc>
<status status="PASS" starttime="20220316 15:54:13.166" endtime="20220316 15:54:17.228"/>
</kw>
<status status="PASS" starttime="20220316 15:54:02.906" endtime="20220316 15:54:17.228"/>
</kw>
<kw name="And search report on report list screen" library="keywords_reportListPage">
<arg>${random_number}</arg>
<kw name="Wait Until Element Is Visible" library="SeleniumLibrary">
<arg>${search_bar_l}</arg>
<doc>Waits until the element ``locator`` is visible.</doc>
<status status="PASS" starttime="20220316 15:54:17.231" endtime="20220316 15:54:21.284"/>
</kw>
<kw name="Click Element" library="SeleniumLibrary">
<arg>${search_bar_l}</arg>
<doc>Click the element identified by ``locator``.</doc>
<msg timestamp="20220316 15:54:21.286" level="INFO">Clicking element '//input[@placeholder='Search']'.</msg>
<msg timestamp="20220316 15:54:26.581" level="INFO" html="true">&lt;/td&gt;&lt;/tr&gt;&lt;tr&gt;&lt;td colspan="3"&gt;&lt;a href="selenium-screenshot-1.png"&gt;&lt;img src="selenium-screenshot-1.png" width="800px"&gt;&lt;/a&gt;</msg>
<msg timestamp="20220316 15:54:26.664" level="FAIL">ElementClickInterceptedException: Message: element click intercepted: Element &lt;input tabindex="0" placeholder="Search" id="f_d038519c-fd87-422d-9180-c5996db49722" type="text" class="q-field__native q-placeholder"&gt; is not clickable at point (754, 81). Other element would receive the click: &lt;div aria-hidden="true" class="q-dialog__backdrop fixed-full"&gt;&lt;/div&gt;
  (Session info: chrome=99.0.4844.51)
Stacktrace:
Backtrace:
	Ordinal0 [0x00379943+2595139]
	Ordinal0 [0x0030C9F1+2148849]
	Ordinal0 [0x00204528+1066280]
	Ordinal0 [0x00237621+1275425]
	Ordinal0 [0x00235657+1267287]
	Ordinal0 [0x0023333B+1258299]
	Ordinal0 [0x0023207D+1253501]
	Ordinal0 [0x00227AB3+1211059]
	Ordinal0 [0x0024B9EC+1358316]
	Ordinal0 [0x00227474+1209460]
	Ordinal0 [0x0024BC04+1358852]
	Ordinal0 [0x0025BAF2+1424114]
	Ordinal0 [0x0024B806+1357830]
	Ordinal0 [0x00226086+1204358]
	Ordinal0 [0x00226F96+1208214]
	GetHandleVerifier [0x0051B232+1658114]
	GetHandleVerifier [0x005D312C+2411516]
	GetHandleVerifier [0x0040F261+560433]
	GetHandleVerifier [0x0040E366+556598]
	Ordinal0 [0x0031286B+2173035]
	Ordinal0 [0x003175F8+2192888]
	Ordinal0 [0x003176E5+2193125]
	Ordinal0 [0x003211FC+2232828]
	BaseThreadInitThunk [0x7686FA29+25]
	RtlGetAppContainerNamedObjectPath [0x77A27A9E+286]
	RtlGetAppContainerNamedObjectPath [0x77A27A6E+238]
</msg>
<status status="FAIL" starttime="20220316 15:54:21.284" endtime="20220316 15:54:26.664"/>
</kw>
<kw name="Input Text" library="SeleniumLibrary">
<arg>${search_bar_l}</arg>
<arg>Automation Report${random_number}</arg>
<doc>Types the given ``text`` into the text field identified by ``locator``.</doc>
<status status="NOT RUN" starttime="20220316 15:54:26.666" endtime="20220316 15:54:26.666"/>
</kw>
<status status="FAIL" starttime="20220316 15:54:17.230" endtime="20220316 15:54:26.666"/>
</kw>
<kw name="Reload Page" library="SeleniumLibrary">
<doc>Simulates user reloading page.</doc>
<status status="NOT RUN" starttime="20220316 15:54:26.666" endtime="20220316 15:54:26.666"/>
</kw>
<kw name="And click My Reports" library="keywords_reportListPage">
<status status="NOT RUN" starttime="20220316 15:54:26.666" endtime="20220316 15:54:26.666"/>
</kw>
<kw name="And click Report that created" library="keywords_reportListPage">
<arg>${created_report_l}</arg>
<status status="NOT RUN" starttime="20220316 15:54:26.666" endtime="20220316 15:54:26.666"/>
</kw>
<kw name="And add widget" library="keywords_ReportWidgetPage">
<status status="NOT RUN" starttime="20220316 15:54:26.666" endtime="20220316 15:54:26.675"/>
</kw>
<kw name="And click TextAnalytics Tab" library="keywords_ReportWidgetPage">
<status status="NOT RUN" starttime="20220316 15:54:26.675" endtime="20220316 15:54:26.675"/>
</kw>
<kw name="and click ai chart" library="keywords_ReportWidgetPage">
<status status="NOT RUN" starttime="20220316 15:54:26.676" endtime="20220316 15:54:26.676"/>
</kw>
<kw name="And click Text Bubble Chart Widget" library="keywords_ReportWidgetPage">
<status status="NOT RUN" starttime="20220316 15:54:26.676" endtime="20220316 15:54:26.676"/>
</kw>
<kw name="And write Widget Title" library="keywords_ReportWidgetPage">
<arg>${widget_type}</arg>
<arg>${random_number}</arg>
<status status="NOT RUN" starttime="20220316 15:54:26.676" endtime="20220316 15:54:26.679"/>
</kw>
<kw name="And choose Data Type" library="keywords_ReportWidgetPage">
<status status="NOT RUN" starttime="20220316 15:54:26.679" endtime="20220316 15:54:26.680"/>
</kw>
<kw name="And choose Layout" library="keywords_ReportWidgetPage">
<arg>2</arg>
<status status="NOT RUN" starttime="20220316 15:54:26.681" endtime="20220316 15:54:26.681"/>
</kw>
<kw name="And choose Topic Model" library="keywords_ReportWidgetPage">
<arg>1</arg>
<status status="NOT RUN" starttime="20220316 15:54:26.682" endtime="20220316 15:54:26.682"/>
</kw>
<kw name="And click Save" library="keywords_reportListPage">
<status status="NOT RUN" starttime="20220316 15:54:26.682" endtime="20220316 15:54:26.682"/>
</kw>
<kw name="And add widget" library="keywords_ReportWidgetPage">
<status status="NOT RUN" starttime="20220316 15:54:26.682" endtime="20220316 15:54:26.682"/>
</kw>
<kw name="And click TextAnalytics Tab" library="keywords_ReportWidgetPage">
<status status="NOT RUN" starttime="20220316 15:54:26.682" endtime="20220316 15:54:26.682"/>
</kw>
<kw name="and click ai chart" library="keywords_ReportWidgetPage">
<status status="NOT RUN" starttime="20220316 15:54:26.682" endtime="20220316 15:54:26.682"/>
</kw>
<kw name="And click Text Bubble Chart Widget" library="keywords_ReportWidgetPage">
<status status="NOT RUN" starttime="20220316 15:54:26.682" endtime="20220316 15:54:26.682"/>
</kw>
<kw name="And write Widget Title" library="keywords_ReportWidgetPage">
<arg>${widget_type}</arg>
<arg>${random_number}Multi</arg>
<status status="NOT RUN" starttime="20220316 15:54:26.690" endtime="20220316 15:54:26.690"/>
</kw>
<kw name="And choose Data Type" library="keywords_ReportWidgetPage">
<status status="NOT RUN" starttime="20220316 15:54:26.691" endtime="20220316 15:54:26.691"/>
</kw>
<kw name="And choose Layout" library="keywords_ReportWidgetPage">
<arg>2</arg>
<status status="NOT RUN" starttime="20220316 15:54:26.691" endtime="20220316 15:54:26.691"/>
</kw>
<kw name="And choose Topic Model" library="keywords_ReportWidgetPage">
<arg>2</arg>
<status status="NOT RUN" starttime="20220316 15:54:26.691" endtime="20220316 15:54:26.691"/>
</kw>
<kw name="And click Save" library="keywords_reportListPage">
<status status="NOT RUN" starttime="20220316 15:54:26.691" endtime="20220316 15:54:26.696"/>
</kw>
<kw name="And add widget" library="keywords_ReportWidgetPage">
<status status="NOT RUN" starttime="20220316 15:54:26.696" endtime="20220316 15:54:26.697"/>
</kw>
<kw name="And click TextAnalytics Tab" library="keywords_ReportWidgetPage">
<status status="NOT RUN" starttime="20220316 15:54:26.697" endtime="20220316 15:54:26.698"/>
</kw>
<kw name="and click ai chart" library="keywords_ReportWidgetPage">
<status status="NOT RUN" starttime="20220316 15:54:26.699" endtime="20220316 15:54:26.699"/>
</kw>
<kw name="And click Text Bubble Chart Widget" library="keywords_ReportWidgetPage">
<status status="NOT RUN" starttime="20220316 15:54:26.699" endtime="20220316 15:54:26.699"/>
</kw>
<kw name="And write Widget Title" library="keywords_ReportWidgetPage">
<arg>${widget_type}</arg>
<arg>${random_number}EmotionEnabled</arg>
<status status="NOT RUN" starttime="20220316 15:54:26.699" endtime="20220316 15:54:26.699"/>
</kw>
<kw name="And choose Data Type" library="keywords_ReportWidgetPage">
<status status="NOT RUN" starttime="20220316 15:54:26.699" endtime="20220316 15:54:26.699"/>
</kw>
<kw name="And choose Layout" library="keywords_ReportWidgetPage">
<arg>2</arg>
<status status="NOT RUN" starttime="20220316 15:54:26.699" endtime="20220316 15:54:26.699"/>
</kw>
<kw name="And choose Topic Model" library="keywords_ReportWidgetPage">
<arg>1</arg>
<status status="NOT RUN" starttime="20220316 15:54:26.699" endtime="20220316 15:54:26.699"/>
</kw>
<kw name="And click Emotion Analysis Toggle" library="keywords_ReportWidgetPage">
<status status="NOT RUN" starttime="20220316 15:54:26.707" endtime="20220316 15:54:26.707"/>
</kw>
<kw name="And click Save" library="keywords_reportListPage">
<status status="NOT RUN" starttime="20220316 15:54:26.708" endtime="20220316 15:54:26.708"/>
</kw>
<kw name="Set Selenium Speed" library="SeleniumLibrary">
<arg>2</arg>
<doc>Sets the delay that is waited after each Selenium command.</doc>
<status status="NOT RUN" starttime="20220316 15:54:26.709" endtime="20220316 15:54:26.709"/>
</kw>
<kw name="Wait Until Element Is Visible" library="SeleniumLibrary">
<arg>//div[@class='q-img__content absolute-full']</arg>
<doc>Waits until the element ``locator`` is visible.</doc>
<status status="NOT RUN" starttime="20220316 15:54:26.709" endtime="20220316 15:54:26.709"/>
</kw>
<kw name="close browser session" library="keywords_LoginPage" type="TEARDOWN">
<kw name="Close Browser" library="SeleniumLibrary">
<doc>Closes the current browser.</doc>
<status status="PASS" starttime="20220316 15:54:26.713" endtime="20220316 15:54:30.787"/>
</kw>
<status status="PASS" starttime="20220316 15:54:26.712" endtime="20220316 15:54:30.787"/>
</kw>
<status status="FAIL" starttime="20220316 15:52:37.150" endtime="20220316 15:54:30.787">ElementClickInterceptedException: Message: element click intercepted: Element &lt;input tabindex="0" placeholder="Search" id="f_d038519c-fd87-422d-9180-c5996db49722" type="text" class="q-field__native q-placeholder"&gt; is not clickable at point (754, 81). Other element would receive the click: &lt;div aria-hidden="true" class="q-dialog__backdrop fixed-full"&gt;&lt;/div&gt;
  (Session info: chrome=99.0.4844.51)
Stacktrace:
Backtrace:
	Ordinal0 [0x00379943+2595139]
	Ordinal0 [0x0030C9F1+2148849]
	Ordinal0 [0x00204528+1066280]
	Ordinal0 [0x00237621+1275425]
	Ordinal0 [0x00235657+1267287]
	Ordinal0 [0x0023333B+1258299]
	Ordinal0 [0x0023207D+1253501]
	Ordinal0 [0x00227AB3+1211059]
	Ordinal0 [0x0024B9EC+1358316]
	Ordinal0 [0x00227474+1209460]
	Ordinal0 [0x0024BC04+1358852]
	Ordinal0 [0x0025BAF2+1424114]
	Ordinal0 [0x0024B806+1357830]
	Ordinal0 [0x00226086+1204358]
	Ordinal0 [0x00226F96+1208214]
	GetHandleVerifier [0x0051B232+1658114]
	GetHandleVerifier [0x005D312C+2411516]
	GetHandleVerifier [0x0040F261+560433]
	GetHandleVerifier [0x0040E366+556598]
	Ordinal0 [0x0031286B+2173035]
	Ordinal0 [0x003175F8+2192888]
	Ordinal0 [0x003176E5+2193125]
	Ordinal0 [0x003211FC+2232828]
	BaseThreadInitThunk [0x7686FA29+25]
	RtlGetAppContainerNamedObjectPath [0x77A27A9E+286]
	RtlGetAppContainerNamedObjectPath [0x77A27A6E+238]
</status>
</test>
<doc>Text Bubble Chart Widget</doc>
<status status="FAIL" starttime="20220316 15:52:36.816" endtime="20220316 15:54:30.793"/>
</suite>
<status status="FAIL" starttime="20220316 15:52:36.790" endtime="20220316 15:54:30.795"/>
</suite>
<statistics>
<total>
<stat pass="0" fail="1" skip="0">All Tests</stat>
</total>
<tag>
</tag>
<suite>
<stat pass="0" fail="1" skip="0" id="s1" name="testCases">testCases</stat>
<stat pass="0" fail="1" skip="0" id="s1-s1" name="WidgetTextBubbleChart">testCases.WidgetTextBubbleChart</stat>
</suite>
</statistics>
<errors>
</errors>
</robot>
