<?xml version="1.0" encoding="UTF-8"?>
<robot generator="Robot 4.1.3 (Python 3.10.2 on win32)" generated="20220721 13:53:24.439" rpa="false" schemaversion="2">
<suite id="s1" name="testCases" source="C:\Users\User\PycharmProjects\RobotFramework\tests\testCases">
<suite id="s1-s1" name="ExternalSurvey" source="C:\Users\User\PycharmProjects\RobotFramework\tests\testCases\ExternalSurvey.robot">
<test id="s1-s1-t1" name="External Survey Create">
<kw name="open the browser with ALternaWebPage" library="keywords_LoginPage" type="SETUP">
<kw name="Create Webdriver" library="SeleniumLibrary">
<arg>Chrome</arg>
<arg>executable_path=tests/drivers/chromedriver.exe</arg>
<doc>Creates an instance of Selenium WebDriver.</doc>
<msg timestamp="20220721 13:53:24.646" level="INFO">Creating an instance of the Chrome WebDriver.</msg>
<status status="PASS" starttime="20220721 13:53:24.646" endtime="20220721 13:53:26.037"/>
</kw>
<kw name="Go To" library="SeleniumLibrary">
<arg>https://qastaging.alternacx.com/</arg>
<doc>Navigates the current browser window to the provided ``url``.</doc>
<msg timestamp="20220721 13:53:26.038" level="INFO">Opening url 'https://qastaging.alternacx.com/'</msg>
<status status="PASS" starttime="20220721 13:53:26.038" endtime="20220721 13:53:28.737"/>
</kw>
<kw name="Maximize Browser Window" library="SeleniumLibrary">
<doc>Maximizes current browser window.</doc>
<status status="PASS" starttime="20220721 13:53:28.738" endtime="20220721 13:53:28.852"/>
</kw>
<status status="PASS" starttime="20220721 13:53:24.646" endtime="20220721 13:53:28.852"/>
</kw>
<kw name="Evaluate" library="BuiltIn">
<var>${random_number}</var>
<arg>random.sample(range(1, 9999), 1)</arg>
<arg>random</arg>
<doc>Evaluates the given expression in Python and returns the result.</doc>
<msg timestamp="20220721 13:53:28.853" level="INFO">${random_number} = [5232]</msg>
<status status="PASS" starttime="20220721 13:53:28.852" endtime="20220721 13:53:28.853"/>
</kw>
<kw name="Set Selenium Timeout" library="SeleniumLibrary">
<arg>20</arg>
<doc>Sets the timeout that is used by various keywords.</doc>
<status status="PASS" starttime="20220721 13:53:28.853" endtime="20220721 13:53:28.855"/>
</kw>
<kw name="Set Selenium Speed" library="SeleniumLibrary">
<arg>0.5</arg>
<doc>Sets the delay that is waited after each Selenium command.</doc>
<status status="PASS" starttime="20220721 13:53:28.855" endtime="20220721 13:53:28.855"/>
</kw>
<kw name="When fill the login form" library="keywords_LoginPage">
<arg>system</arg>
<arg>Aa3456</arg>
<kw name="Wait Until Element Is Visible" library="SeleniumLibrary">
<arg>${username_l}</arg>
<arg>timeout=20</arg>
<doc>Waits until the element ``locator`` is visible.</doc>
<status status="PASS" starttime="20220721 13:53:28.855" endtime="20220721 13:53:30.626"/>
</kw>
<kw name="Input Text" library="SeleniumLibrary">
<arg>${username_l}</arg>
<arg>${username}</arg>
<doc>Types the given ``text`` into the text field identified by ``locator``.</doc>
<msg timestamp="20220721 13:53:30.627" level="INFO">Typing text 'system' into text field 'xpath://input[@type='text']'.</msg>
<status status="PASS" starttime="20220721 13:53:30.626" endtime="20220721 13:53:32.239"/>
</kw>
<kw name="Input Password" library="SeleniumLibrary">
<arg>${password_l}</arg>
<arg>${password}</arg>
<doc>Types the given password into the text field identified by ``locator``.</doc>
<msg timestamp="20220721 13:53:32.240" level="INFO">Typing password into text field 'xpath://input[@type='password']'.</msg>
<msg timestamp="20220721 13:53:33.289" level="INFO">Temporally setting log level to: NONE</msg>
<msg timestamp="20220721 13:53:33.861" level="INFO">Log level changed from NONE to INFO.</msg>
<status status="PASS" starttime="20220721 13:53:32.239" endtime="20220721 13:53:33.861"/>
</kw>
<status status="PASS" starttime="20220721 13:53:28.855" endtime="20220721 13:53:33.862"/>
</kw>
<kw name="And click login buton" library="keywords_LoginPage">
<kw name="Click Element" library="SeleniumLibrary">
<arg>${login_button_l}</arg>
<doc>Click the element identified by ``locator``.</doc>
<msg timestamp="20220721 13:53:33.863" level="INFO">Clicking element 'xpath://span[contains(text(),'Login')]'.</msg>
<status status="PASS" starttime="20220721 13:53:33.863" endtime="20220721 13:53:34.927"/>
</kw>
<status status="PASS" starttime="20220721 13:53:33.862" endtime="20220721 13:53:34.927"/>
</kw>
<kw name="And click Survey Management" library="keywords_MainPage">
<kw name="Wait Until Element Is Visible" library="SeleniumLibrary">
<arg>${survey_management_l}</arg>
<doc>Waits until the element ``locator`` is visible.</doc>
<status status="PASS" starttime="20220721 13:53:34.928" endtime="20220721 13:53:36.705"/>
</kw>
<kw name="Click Element" library="SeleniumLibrary">
<arg>${survey_management_l}</arg>
<doc>Click the element identified by ``locator``.</doc>
<msg timestamp="20220721 13:53:36.708" level="INFO">Clicking element 'xpath://div[normalize-space()='Survey Management']'.</msg>
<status status="PASS" starttime="20220721 13:53:36.706" endtime="20220721 13:53:37.826"/>
</kw>
<status status="PASS" starttime="20220721 13:53:34.927" endtime="20220721 13:53:37.826"/>
</kw>
<kw name="And click Surveys" library="keywords_MainPage">
<kw name="Wait Until Element Is Visible" library="SeleniumLibrary">
<arg>${surveys_l}</arg>
<doc>Waits until the element ``locator`` is visible.</doc>
<status status="PASS" starttime="20220721 13:53:37.827" endtime="20220721 13:53:38.882"/>
</kw>
<kw name="Click Element" library="SeleniumLibrary">
<arg>${surveys_l}</arg>
<doc>Click the element identified by ``locator``.</doc>
<msg timestamp="20220721 13:53:38.885" level="INFO">Clicking element 'xpath://div[normalize-space()='Surveys']'.</msg>
<status status="PASS" starttime="20220721 13:53:38.883" endtime="20220721 13:53:40.028"/>
</kw>
<status status="PASS" starttime="20220721 13:53:37.826" endtime="20220721 13:53:40.028"/>
</kw>
<kw name="And click create survey" library="keywords_surveyListPage">
<kw name="Wait Until Element Is Visible" library="SeleniumLibrary">
<arg>${create_survey_l}</arg>
<doc>Waits until the element ``locator`` is visible.</doc>
<status status="PASS" starttime="20220721 13:53:40.029" endtime="20220721 13:53:41.064"/>
</kw>
<kw name="Click Element" library="SeleniumLibrary">
<arg>${create_survey_l}</arg>
<doc>Click the element identified by ``locator``.</doc>
<msg timestamp="20220721 13:53:41.067" level="INFO">Clicking element 'xpath://span[normalize-space()='Create Survey']'.</msg>
<status status="PASS" starttime="20220721 13:53:41.065" endtime="20220721 13:53:42.171"/>
</kw>
<status status="PASS" starttime="20220721 13:53:40.029" endtime="20220721 13:53:42.171"/>
</kw>
<kw name="And click external survey" library="keywords_surveyListPage">
<kw name="Wait Until Element Is Visible" library="SeleniumLibrary">
<arg>${external_survey_l}</arg>
<doc>Waits until the element ``locator`` is visible.</doc>
<status status="PASS" starttime="20220721 13:53:42.172" endtime="20220721 13:53:43.215"/>
</kw>
<kw name="Click Element" library="SeleniumLibrary">
<arg>${external_survey_l}</arg>
<doc>Click the element identified by ``locator``.</doc>
<msg timestamp="20220721 13:53:43.216" level="INFO">Clicking element 'xpath://div[contains(text(),'External Source Survey')]'.</msg>
<status status="PASS" starttime="20220721 13:53:43.215" endtime="20220721 13:53:44.271"/>
</kw>
<status status="PASS" starttime="20220721 13:53:42.171" endtime="20220721 13:53:44.271"/>
</kw>
<kw name="And write external survey title" library="keywords_ExternalSurveyCreatePage">
<arg>${random_number}</arg>
<kw name="Wait Until Element Is Visible" library="SeleniumLibrary">
<arg>${external_survey_title_l}</arg>
<doc>Waits until the element ``locator`` is visible.</doc>
<status status="PASS" starttime="20220721 13:53:44.272" endtime="20220721 13:53:45.298"/>
</kw>
<kw name="Input Text" library="SeleniumLibrary">
<arg>${external_survey_title_l}</arg>
<arg>Automation External Survey${random_number}</arg>
<doc>Types the given ``text`` into the text field identified by ``locator``.</doc>
<msg timestamp="20220721 13:53:45.299" level="INFO">Typing text 'Automation External Survey[5232]' into text field 'xpath:(//input[@class='q-field__native q-placeholder'])[1]'.</msg>
<status status="PASS" starttime="20220721 13:53:45.299" endtime="20220721 13:53:47.190"/>
</kw>
<status status="PASS" starttime="20220721 13:53:44.271" endtime="20220721 13:53:47.190"/>
</kw>
<kw name="and choose journey stage" library="keywords_ExternalSurveyCreatePage">
<kw name="Wait Until Element Is Visible" library="SeleniumLibrary">
<arg>${journey_stage_l}</arg>
<doc>Waits until the element ``locator`` is visible.</doc>
<status status="PASS" starttime="20220721 13:53:47.191" endtime="20220721 13:53:48.240"/>
</kw>
<kw name="Click Element" library="SeleniumLibrary">
<arg>${journey_stage_l}</arg>
<doc>Click the element identified by ``locator``.</doc>
<msg timestamp="20220721 13:53:48.243" level="INFO">Clicking element 'xpath:(//input[@type='text'])[3]'.</msg>
<status status="PASS" starttime="20220721 13:53:48.241" endtime="20220721 13:53:49.387"/>
</kw>
<kw name="Press Keys" library="SeleniumLibrary">
<arg>None</arg>
<arg>RETURN</arg>
<doc>Simulates the user pressing key(s) to an element or on the active browser.</doc>
<msg timestamp="20220721 13:53:49.387" level="INFO">Sending key(s) ('RETURN',) to page.</msg>
<msg timestamp="20220721 13:53:49.387" level="INFO">Pressing special key RETURN to browser.</msg>
<msg timestamp="20220721 13:53:49.387" level="INFO">Releasing special key RETURN.</msg>
<status status="PASS" starttime="20220721 13:53:49.387" endtime="20220721 13:53:49.922"/>
</kw>
<status status="PASS" starttime="20220721 13:53:47.190" endtime="20220721 13:53:49.923"/>
</kw>
<kw name="And click save and continue button" library="keywords_surveyEditPage">
<kw name="Set Selenium Speed" library="SeleniumLibrary">
<arg>1</arg>
<doc>Sets the delay that is waited after each Selenium command.</doc>
<status status="PASS" starttime="20220721 13:53:49.926" endtime="20220721 13:53:49.928"/>
</kw>
<kw name="Wait Until Element Is Visible" library="SeleniumLibrary">
<arg>${save_and_continue_but_l}</arg>
<doc>Waits until the element ``locator`` is visible.</doc>
<status status="PASS" starttime="20220721 13:53:49.929" endtime="20220721 13:53:52.010"/>
</kw>
<kw name="Execute Javascript" library="SeleniumLibrary">
<arg>window.scrollTo(0, document.body.scrollHeight)</arg>
<doc>Executes the given JavaScript code with possible arguments.</doc>
<msg timestamp="20220721 13:53:52.011" level="INFO">Executing JavaScript:
window.scrollTo(0, document.body.scrollHeight)
Without any arguments.</msg>
<status status="PASS" starttime="20220721 13:53:52.010" endtime="20220721 13:53:53.025"/>
</kw>
<kw name="Click Element" library="SeleniumLibrary">
<arg>${save_and_continue_but_l}</arg>
<doc>Click the element identified by ``locator``.</doc>
<msg timestamp="20220721 13:53:53.026" level="INFO">Clicking element 'xpath://button[@class='q-btn q-btn-item non-selectable no-outline q-ml-sm float-right btn-saveAndContinue q-btn--outline q-btn--rectangle text-primary q-btn--actionable q-focusable q-hoverable q-btn--wrap']//span[@class='q-btn__wrapper col row q-anchor--skip']'.</msg>
<status status="PASS" starttime="20220721 13:53:53.025" endtime="20220721 13:53:55.119"/>
</kw>
<kw name="Wait Until Element Is Visible" library="SeleniumLibrary">
<arg>${save_and_continue_but_l}</arg>
<doc>Waits until the element ``locator`` is visible.</doc>
<status status="PASS" starttime="20220721 13:53:55.119" endtime="20220721 13:53:57.157"/>
</kw>
<status status="PASS" starttime="20220721 13:53:49.925" endtime="20220721 13:53:57.157"/>
</kw>
<kw name="And choose question type" library="keywords_ExternalSurveyCreatePage">
<kw name="Wait Until Element Is Visible" library="SeleniumLibrary">
<arg>${question_type_l}</arg>
<doc>Waits until the element ``locator`` is visible.</doc>
<status status="PASS" starttime="20220721 13:53:57.158" endtime="20220721 13:53:59.206"/>
</kw>
<kw name="Click Element" library="SeleniumLibrary">
<arg>${question_type_l}</arg>
<doc>Click the element identified by ``locator``.</doc>
<msg timestamp="20220721 13:53:59.208" level="INFO">Clicking element 'xpath:(//input[@type='text'])[1]'.</msg>
<status status="PASS" starttime="20220721 13:53:59.207" endtime="20220721 13:54:01.308"/>
</kw>
<kw name="Press Keys" library="SeleniumLibrary">
<arg>None</arg>
<arg>RETURN</arg>
<doc>Simulates the user pressing key(s) to an element or on the active browser.</doc>
<msg timestamp="20220721 13:54:01.309" level="INFO">Sending key(s) ('RETURN',) to page.</msg>
<msg timestamp="20220721 13:54:01.309" level="INFO">Pressing special key RETURN to browser.</msg>
<msg timestamp="20220721 13:54:01.309" level="INFO">Releasing special key RETURN.</msg>
<status status="PASS" starttime="20220721 13:54:01.308" endtime="20220721 13:54:02.351"/>
</kw>
<status status="PASS" starttime="20220721 13:53:57.158" endtime="20220721 13:54:02.351"/>
</kw>
<kw name="and choose experience type" library="keywords_ExternalSurveyCreatePage">
<kw name="Wait Until Element Is Visible" library="SeleniumLibrary">
<arg>${exp_type_l}</arg>
<doc>Waits until the element ``locator`` is visible.</doc>
<status status="PASS" starttime="20220721 13:54:02.352" endtime="20220721 13:54:04.403"/>
</kw>
<kw name="Click Element" library="SeleniumLibrary">
<arg>${exp_type_l}</arg>
<doc>Click the element identified by ``locator``.</doc>
<msg timestamp="20220721 13:54:04.405" level="INFO">Clicking element 'xpath:(//input[@type='text'])[2]'.</msg>
<status status="PASS" starttime="20220721 13:54:04.404" endtime="20220721 13:54:06.540"/>
</kw>
<kw name="Press Keys" library="SeleniumLibrary">
<arg>None</arg>
<arg>RETURN</arg>
<doc>Simulates the user pressing key(s) to an element or on the active browser.</doc>
<msg timestamp="20220721 13:54:06.541" level="INFO">Sending key(s) ('RETURN',) to page.</msg>
<msg timestamp="20220721 13:54:06.541" level="INFO">Pressing special key RETURN to browser.</msg>
<msg timestamp="20220721 13:54:06.541" level="INFO">Releasing special key RETURN.</msg>
<status status="PASS" starttime="20220721 13:54:06.540" endtime="20220721 13:54:07.683"/>
</kw>
<status status="PASS" starttime="20220721 13:54:02.352" endtime="20220721 13:54:07.684"/>
</kw>
<kw name="and write external survey question title" library="keywords_ExternalSurveyCreatePage">
<arg>${random_number}</arg>
<kw name="Wait Until Element Is Visible" library="SeleniumLibrary">
<arg>${external_survey_q_title_l}</arg>
<doc>Waits until the element ``locator`` is visible.</doc>
<status status="PASS" starttime="20220721 13:54:07.686" endtime="20220721 13:54:09.731"/>
</kw>
<kw name="Input Text" library="SeleniumLibrary">
<arg>${external_survey_q_title_l}</arg>
<arg>Automation External Survey Question${random_number}</arg>
<doc>Types the given ``text`` into the text field identified by ``locator``.</doc>
<msg timestamp="20220721 13:54:09.735" level="INFO">Typing text 'Automation External Survey Question[5232]' into text field 'xpath:(//input[@type='text'])[4]'.</msg>
<status status="PASS" starttime="20220721 13:54:09.733" endtime="20220721 13:54:13.736"/>
</kw>
<status status="PASS" starttime="20220721 13:54:07.685" endtime="20220721 13:54:13.737"/>
</kw>
<kw name="And click save and return to list" library="keywords_ExternalSurveyCreatePage">
<kw name="Wait Until Element Is Visible" library="SeleniumLibrary">
<arg>${save_and_return_but_l}</arg>
<doc>Waits until the element ``locator`` is visible.</doc>
<status status="PASS" starttime="20220721 13:54:13.738" endtime="20220721 13:54:15.796"/>
</kw>
<kw name="Execute Javascript" library="SeleniumLibrary">
<arg>window.scrollTo(0, document.body.scrollHeight)</arg>
<doc>Executes the given JavaScript code with possible arguments.</doc>
<msg timestamp="20220721 13:54:15.800" level="INFO">Executing JavaScript:
window.scrollTo(0, document.body.scrollHeight)
Without any arguments.</msg>
<status status="PASS" starttime="20220721 13:54:15.797" endtime="20220721 13:54:16.818"/>
</kw>
<kw name="Click Element" library="SeleniumLibrary">
<arg>${save_and_return_but_l}</arg>
<doc>Click the element identified by ``locator``.</doc>
<msg timestamp="20220721 13:54:16.819" level="INFO">Clicking element 'xpath://span[contains(text(),'Save and Return to List')]'.</msg>
<status status="PASS" starttime="20220721 13:54:16.819" endtime="20220721 13:54:18.997"/>
</kw>
<kw name="Wait Until Element Is Visible" library="SeleniumLibrary">
<arg>//div[@class='q-img__content absolute-full']</arg>
<doc>Waits until the element ``locator`` is visible.</doc>
<msg timestamp="20220721 13:54:41.060" level="INFO" html="true">&lt;/td&gt;&lt;/tr&gt;&lt;tr&gt;&lt;td colspan="3"&gt;&lt;a href="selenium-screenshot-1.png"&gt;&lt;img src="selenium-screenshot-1.png" width="800px"&gt;&lt;/a&gt;</msg>
<msg timestamp="20220721 13:54:41.066" level="FAIL">Element '//div[@class='q-img__content absolute-full']' not visible after 20 seconds.</msg>
<status status="FAIL" starttime="20220721 13:54:18.997" endtime="20220721 13:54:41.066"/>
</kw>
<status status="FAIL" starttime="20220721 13:54:13.737" endtime="20220721 13:54:41.066"/>
</kw>
<kw name="close browser session" library="keywords_LoginPage" type="TEARDOWN">
<kw name="Close Browser" library="SeleniumLibrary">
<doc>Closes the current browser.</doc>
<status status="PASS" starttime="20220721 13:54:41.066" endtime="20220721 13:54:44.163"/>
</kw>
<status status="PASS" starttime="20220721 13:54:41.066" endtime="20220721 13:54:44.163"/>
</kw>
<status status="FAIL" starttime="20220721 13:53:24.646" endtime="20220721 13:54:44.163">Element '//div[@class='q-img__content absolute-full']' not visible after 20 seconds.</status>
</test>
<doc>External Survey</doc>
<status status="FAIL" starttime="20220721 13:53:24.467" endtime="20220721 13:54:44.194"/>
</suite>
<status status="FAIL" starttime="20220721 13:53:24.447" endtime="20220721 13:54:44.196"/>
</suite>
<statistics>
<total>
<stat pass="0" fail="1" skip="0">All Tests</stat>
</total>
<tag>
</tag>
<suite>
<stat pass="0" fail="1" skip="0" id="s1" name="testCases">testCases</stat>
<stat pass="0" fail="1" skip="0" id="s1-s1" name="ExternalSurvey">testCases.ExternalSurvey</stat>
</suite>
</statistics>
<errors>
</errors>
</robot>
