<?xml version="1.0" encoding="UTF-8"?>
<robot generator="Robot 4.1.3 (Python 3.10.2 on win32)" generated="20220315 14:19:10.164" rpa="false" schemaversion="2">
<suite id="s1" name="testCases" source="C:\Users\User\PycharmProjects\RobotFramework\tests\testCases">
<suite id="s1-s1" name="WidgetTextBubbleChart" source="C:\Users\User\PycharmProjects\RobotFramework\tests\testCases\WidgetTextBubbleChart.robot">
<test id="s1-s1-t1" name="Adding New Text Bubble Chart Widget to Report">
<kw name="open the browser with ALternaWebPage" library="keywords_LoginPage" type="SETUP">
<kw name="Create Webdriver" library="SeleniumLibrary">
<arg>Chrome</arg>
<arg>executable_path=tests/drivers/chromedriver.exe</arg>
<doc>Creates an instance of Selenium WebDriver.</doc>
<msg timestamp="20220315 14:19:10.636" level="INFO">Creating an instance of the Chrome WebDriver.</msg>
<status status="PASS" starttime="20220315 14:19:10.636" endtime="20220315 14:19:12.004"/>
</kw>
<kw name="Go To" library="SeleniumLibrary">
<arg>https://staging.alternacx.com/</arg>
<doc>Navigates the current browser window to the provided ``url``.</doc>
<msg timestamp="20220315 14:19:12.005" level="INFO">Opening url 'https://staging.alternacx.com/'</msg>
<status status="PASS" starttime="20220315 14:19:12.004" endtime="20220315 14:19:18.950"/>
</kw>
<kw name="Maximize Browser Window" library="SeleniumLibrary">
<doc>Maximizes current browser window.</doc>
<status status="PASS" starttime="20220315 14:19:18.951" endtime="20220315 14:19:19.067"/>
</kw>
<status status="PASS" starttime="20220315 14:19:10.636" endtime="20220315 14:19:19.067"/>
</kw>
<kw name="Set Selenium Timeout" library="SeleniumLibrary">
<arg>20</arg>
<doc>Sets the timeout that is used by various keywords.</doc>
<status status="PASS" starttime="20220315 14:19:19.068" endtime="20220315 14:19:19.071"/>
</kw>
<kw name="Set Selenium Speed" library="SeleniumLibrary">
<arg>2</arg>
<doc>Sets the delay that is waited after each Selenium command.</doc>
<status status="PASS" starttime="20220315 14:19:19.072" endtime="20220315 14:19:19.073"/>
</kw>
<kw name="When fill the login form" library="keywords_LoginPage">
<arg>umut</arg>
<arg>Hacettepe2019</arg>
<kw name="Wait Until Element Is Visible" library="SeleniumLibrary">
<arg>${username_l}</arg>
<arg>timeout=20</arg>
<doc>Waits until the element ``locator`` is visible.</doc>
<status status="PASS" starttime="20220315 14:19:19.075" endtime="20220315 14:19:25.394"/>
</kw>
<kw name="Input Text" library="SeleniumLibrary">
<arg>${username_l}</arg>
<arg>${username}</arg>
<doc>Types the given ``text`` into the text field identified by ``locator``.</doc>
<msg timestamp="20220315 14:19:25.396" level="INFO">Typing text 'umut' into text field 'xpath://input[@type='text']'.</msg>
<status status="PASS" starttime="20220315 14:19:25.395" endtime="20220315 14:19:31.725"/>
</kw>
<kw name="Input Password" library="SeleniumLibrary">
<arg>${password_l}</arg>
<arg>${password}</arg>
<doc>Types the given password into the text field identified by ``locator``.</doc>
<msg timestamp="20220315 14:19:31.729" level="INFO">Typing password into text field 'xpath://input[@type='password']'.</msg>
<msg timestamp="20220315 14:19:35.837" level="INFO">Temporally setting log level to: NONE</msg>
<msg timestamp="20220315 14:19:38.177" level="INFO">Log level changed from NONE to INFO.</msg>
<status status="PASS" starttime="20220315 14:19:31.726" endtime="20220315 14:19:38.177"/>
</kw>
<status status="PASS" starttime="20220315 14:19:19.074" endtime="20220315 14:19:38.179"/>
</kw>
<kw name="And click login buton" library="keywords_LoginPage">
<kw name="Click Element" library="SeleniumLibrary">
<arg>${login_button_l}</arg>
<doc>Click the element identified by ``locator``.</doc>
<msg timestamp="20220315 14:19:38.180" level="INFO">Clicking element 'xpath://span[contains(text(),'Login')]'.</msg>
<status status="PASS" starttime="20220315 14:19:38.180" endtime="20220315 14:19:42.412"/>
</kw>
<status status="PASS" starttime="20220315 14:19:38.180" endtime="20220315 14:19:42.413"/>
</kw>
<kw name="And click Report Management" library="keywords_mainPage">
<kw name="Wait Until Element Is Visible" library="SeleniumLibrary">
<arg>${report_management_l}</arg>
<doc>Waits until the element ``locator`` is visible.</doc>
<status status="PASS" starttime="20220315 14:19:42.414" endtime="20220315 14:19:46.865"/>
</kw>
<kw name="Click Element" library="SeleniumLibrary">
<arg>${report_management_l}</arg>
<doc>Click the element identified by ``locator``.</doc>
<msg timestamp="20220315 14:19:46.865" level="INFO">Clicking element 'xpath://div[normalize-space()='Report Management']'.</msg>
<status status="PASS" starttime="20220315 14:19:46.865" endtime="20220315 14:19:51.096"/>
</kw>
<status status="PASS" starttime="20220315 14:19:42.413" endtime="20220315 14:19:51.098"/>
</kw>
<kw name="And click Reports" library="keywords_mainPage">
<kw name="Wait Until Element Is Visible" library="SeleniumLibrary">
<arg>${reports_l}</arg>
<doc>Waits until the element ``locator`` is visible.</doc>
<status status="PASS" starttime="20220315 14:19:51.102" endtime="20220315 14:19:55.186"/>
</kw>
<kw name="Click Element" library="SeleniumLibrary">
<arg>${reports_l}</arg>
<doc>Click the element identified by ``locator``.</doc>
<msg timestamp="20220315 14:19:55.190" level="INFO">Clicking element 'xpath://div[normalize-space()='Reports']'.</msg>
<status status="PASS" starttime="20220315 14:19:55.189" endtime="20220315 14:19:59.488"/>
</kw>
<status status="PASS" starttime="20220315 14:19:51.099" endtime="20220315 14:19:59.488"/>
</kw>
<kw name="And click New Report" library="keywords_reportListPage">
<kw name="Wait Until Element Is Visible" library="SeleniumLibrary">
<arg>${new_report_l}</arg>
<doc>Waits until the element ``locator`` is visible.</doc>
<status status="PASS" starttime="20220315 14:19:59.488" endtime="20220315 14:20:03.556"/>
</kw>
<kw name="Click Element" library="SeleniumLibrary">
<arg>${new_report_l}</arg>
<doc>Click the element identified by ``locator``.</doc>
<msg timestamp="20220315 14:20:03.556" level="INFO">Clicking element '//span[contains(text(),'Add New Report')]'.</msg>
<status status="PASS" starttime="20220315 14:20:03.556" endtime="20220315 14:20:08.203"/>
</kw>
<status status="PASS" starttime="20220315 14:19:59.488" endtime="20220315 14:20:08.204"/>
</kw>
<kw name="And write Report Title" library="keywords_reportListPage">
<arg>${random_number}</arg>
<kw name="Wait Until Element Is Visible" library="SeleniumLibrary">
<arg>${report_title_l}</arg>
<doc>Waits until the element ``locator`` is visible.</doc>
<status status="PASS" starttime="20220315 14:20:08.204" endtime="20220315 14:20:12.267"/>
</kw>
<kw name="Input Text" library="SeleniumLibrary">
<arg>${report_title_l}</arg>
<arg>Automation Report${random_number}</arg>
<doc>Types the given ``text`` into the text field identified by ``locator``.</doc>
<msg timestamp="20220315 14:20:12.271" level="INFO">Typing text 'Automation ReportEvaluate random.sample(range(1, 9999), 1) random' into text field '//span/label/div/div/div/input'.</msg>
<status status="PASS" starttime="20220315 14:20:12.268" endtime="20220315 14:20:20.013"/>
</kw>
<status status="PASS" starttime="20220315 14:20:08.204" endtime="20220315 14:20:20.013"/>
</kw>
<kw name="And choose Category" library="keywords_reportListPage">
<kw name="Wait Until Element Is Visible" library="SeleniumLibrary">
<arg>${report_category_l}</arg>
<doc>Waits until the element ``locator`` is visible.</doc>
<status status="PASS" starttime="20220315 14:20:20.016" endtime="20220315 14:20:24.098"/>
</kw>
<kw name="Click Element" library="SeleniumLibrary">
<arg>${report_category_l}</arg>
<doc>Click the element identified by ``locator``.</doc>
<msg timestamp="20220315 14:20:24.101" level="INFO">Clicking element '//div[2]/input'.</msg>
<status status="PASS" starttime="20220315 14:20:24.099" endtime="20220315 14:20:28.326"/>
</kw>
<kw name="Press Keys" library="SeleniumLibrary">
<arg>${report_category_l}</arg>
<arg>ARROW_DOWN</arg>
<doc>Simulates the user pressing key(s) to an element or on the active browser.</doc>
<msg timestamp="20220315 14:20:28.330" level="INFO">Sending key(s) ('ARROW_DOWN',) to //div[2]/input element.</msg>
<msg timestamp="20220315 14:20:32.659" level="INFO">Pressing special key ARROW_DOWN to element.</msg>
<msg timestamp="20220315 14:20:32.660" level="INFO">Releasing special key ARROW_DOWN.</msg>
<status status="PASS" starttime="20220315 14:20:28.328" endtime="20220315 14:20:34.769"/>
</kw>
<kw name="Press Keys" library="SeleniumLibrary">
<arg>${report_category_l}</arg>
<arg>RETURN</arg>
<doc>Simulates the user pressing key(s) to an element or on the active browser.</doc>
<msg timestamp="20220315 14:20:34.769" level="INFO">Sending key(s) ('RETURN',) to //div[2]/input element.</msg>
<msg timestamp="20220315 14:20:39.105" level="INFO">Pressing special key RETURN to element.</msg>
<msg timestamp="20220315 14:20:39.106" level="INFO">Releasing special key RETURN.</msg>
<status status="PASS" starttime="20220315 14:20:34.769" endtime="20220315 14:20:41.236"/>
</kw>
<status status="PASS" starttime="20220315 14:20:20.013" endtime="20220315 14:20:41.237"/>
</kw>
<kw name="And click Save" library="keywords_reportListPage">
<kw name="Execute Javascript" library="SeleniumLibrary">
<arg>window.scrollTo(0, document.body.scrollHeight)</arg>
<doc>Executes the given JavaScript code with possible arguments.</doc>
<msg timestamp="20220315 14:20:41.239" level="INFO">Executing JavaScript:
window.scrollTo(0, document.body.scrollHeight)
Without any arguments.</msg>
<status status="PASS" starttime="20220315 14:20:41.238" endtime="20220315 14:20:43.262"/>
</kw>
<kw name="Wait Until Element Is Visible" library="SeleniumLibrary">
<arg>${report_Save_l}</arg>
<doc>Waits until the element ``locator`` is visible.</doc>
<status status="PASS" starttime="20220315 14:20:43.262" endtime="20220315 14:20:47.330"/>
</kw>
<kw name="Click Element" library="SeleniumLibrary">
<arg>${report_Save_l}</arg>
<doc>Click the element identified by ``locator``.</doc>
<msg timestamp="20220315 14:20:47.330" level="INFO">Clicking element '//span[contains(text(),'Save')]'.</msg>
<status status="PASS" starttime="20220315 14:20:47.330" endtime="20220315 14:20:51.564"/>
</kw>
<kw name="Wait Until Element Is Visible" library="SeleniumLibrary">
<arg>//div[@class='q-img__content absolute-full']</arg>
<doc>Waits until the element ``locator`` is visible.</doc>
<status status="PASS" starttime="20220315 14:20:51.565" endtime="20220315 14:20:55.640"/>
</kw>
<status status="PASS" starttime="20220315 14:20:41.237" endtime="20220315 14:20:55.641"/>
</kw>
<kw name="And search report on report list screen" library="keywords_reportListPage">
<arg>${random_number}</arg>
<kw name="Wait Until Element Is Visible" library="SeleniumLibrary">
<arg>${search_bar_l}</arg>
<doc>Waits until the element ``locator`` is visible.</doc>
<status status="PASS" starttime="20220315 14:20:55.641" endtime="20220315 14:20:59.726"/>
</kw>
<kw name="Click Element" library="SeleniumLibrary">
<arg>${search_bar_l}</arg>
<doc>Click the element identified by ``locator``.</doc>
<msg timestamp="20220315 14:20:59.729" level="INFO">Clicking element '//input[@placeholder='Search']'.</msg>
<status status="PASS" starttime="20220315 14:20:59.727" endtime="20220315 14:21:03.853"/>
</kw>
<kw name="Input Text" library="SeleniumLibrary">
<arg>${search_bar_l}</arg>
<arg>Automation Report${random_number}</arg>
<doc>Types the given ``text`` into the text field identified by ``locator``.</doc>
<msg timestamp="20220315 14:21:03.857" level="INFO">Typing text 'Automation ReportEvaluate random.sample(range(1, 9999), 1) random' into text field '//input[@placeholder='Search']'.</msg>
<status status="PASS" starttime="20220315 14:21:03.854" endtime="20220315 14:21:10.079"/>
</kw>
<status status="PASS" starttime="20220315 14:20:55.641" endtime="20220315 14:21:10.080"/>
</kw>
<kw name="Reload Page" library="SeleniumLibrary">
<doc>Simulates user reloading page.</doc>
<status status="PASS" starttime="20220315 14:21:10.080" endtime="20220315 14:21:14.261"/>
</kw>
<kw name="And click My Reports" library="keywords_reportListPage">
<kw name="Wait Until Element Is Visible" library="SeleniumLibrary">
<arg>${my_reports_l}</arg>
<arg>15</arg>
<doc>Waits until the element ``locator`` is visible.</doc>
<status status="PASS" starttime="20220315 14:21:14.263" endtime="20220315 14:21:18.964"/>
</kw>
<kw name="Click Element" library="SeleniumLibrary">
<arg>${my_reports_l}</arg>
<doc>Click the element identified by ``locator``.</doc>
<msg timestamp="20220315 14:21:18.968" level="INFO">Clicking element '//div[normalize-space()='My Reports']'.</msg>
<status status="PASS" starttime="20220315 14:21:18.966" endtime="20220315 14:21:23.178"/>
</kw>
<status status="PASS" starttime="20220315 14:21:14.262" endtime="20220315 14:21:23.179"/>
</kw>
<kw name="And click Report that created" library="keywords_reportListPage">
<arg>${created_report_l}</arg>
<kw name="Wait Until Element Is Visible" library="SeleniumLibrary">
<arg>${created_report_l}</arg>
<doc>Waits until the element ``locator`` is visible.</doc>
<msg timestamp="20220315 14:21:45.501" level="INFO" html="true">&lt;/td&gt;&lt;/tr&gt;&lt;tr&gt;&lt;td colspan="3"&gt;&lt;a href="selenium-screenshot-1.png"&gt;&lt;img src="selenium-screenshot-1.png" width="800px"&gt;&lt;/a&gt;</msg>
<msg timestamp="20220315 14:21:45.501" level="FAIL">Element 'set variable //div[contains(text(), 'Automation ReportEvaluate random.sample(range(1, 9999), 1) random')]' not visible after 20 seconds.</msg>
<status status="FAIL" starttime="20220315 14:21:23.181" endtime="20220315 14:21:45.501"/>
</kw>
<kw name="Click Element" library="SeleniumLibrary">
<arg>${created_report_l}</arg>
<doc>Click the element identified by ``locator``.</doc>
<status status="NOT RUN" starttime="20220315 14:21:45.514" endtime="20220315 14:21:45.515"/>
</kw>
<status status="FAIL" starttime="20220315 14:21:23.181" endtime="20220315 14:21:45.517"/>
</kw>
<kw name="And add widget" library="keywords_ReportWidgetPage">
<status status="NOT RUN" starttime="20220315 14:21:45.518" endtime="20220315 14:21:45.518"/>
</kw>
<kw name="And click TextAnalytics Tab" library="keywords_ReportWidgetPage">
<status status="NOT RUN" starttime="20220315 14:21:45.518" endtime="20220315 14:21:45.518"/>
</kw>
<kw name="and click ai chart" library="keywords_ReportWidgetPage">
<status status="NOT RUN" starttime="20220315 14:21:45.518" endtime="20220315 14:21:45.518"/>
</kw>
<kw name="And click Text Bubble Chart Widget" library="keywords_ReportWidgetPage">
<status status="NOT RUN" starttime="20220315 14:21:45.518" endtime="20220315 14:21:45.518"/>
</kw>
<kw name="And write Widget Title" library="keywords_ReportWidgetPage">
<arg>${random_number}</arg>
<status status="NOT RUN" starttime="20220315 14:21:45.518" endtime="20220315 14:21:45.518"/>
</kw>
<kw name="And choose Data Type" library="keywords_ReportWidgetPage">
<status status="NOT RUN" starttime="20220315 14:21:45.518" endtime="20220315 14:21:45.518"/>
</kw>
<kw name="And choose Layout" library="keywords_ReportWidgetPage">
<arg>2</arg>
<status status="NOT RUN" starttime="20220315 14:21:45.518" endtime="20220315 14:21:45.518"/>
</kw>
<kw name="And choose Topic Model" library="keywords_ReportWidgetPage">
<arg>1</arg>
<status status="NOT RUN" starttime="20220315 14:21:45.518" endtime="20220315 14:21:45.518"/>
</kw>
<kw name="And click Save" library="keywords_reportListPage">
<status status="NOT RUN" starttime="20220315 14:21:45.530" endtime="20220315 14:21:45.530"/>
</kw>
<kw name="And add widget" library="keywords_ReportWidgetPage">
<status status="NOT RUN" starttime="20220315 14:21:45.532" endtime="20220315 14:21:45.532"/>
</kw>
<kw name="And click TextAnalytics Tab" library="keywords_ReportWidgetPage">
<status status="NOT RUN" starttime="20220315 14:21:45.533" endtime="20220315 14:21:45.533"/>
</kw>
<kw name="and click ai chart" library="keywords_ReportWidgetPage">
<status status="NOT RUN" starttime="20220315 14:21:45.533" endtime="20220315 14:21:45.533"/>
</kw>
<kw name="And click Text Bubble Chart Widget" library="keywords_ReportWidgetPage">
<status status="NOT RUN" starttime="20220315 14:21:45.533" endtime="20220315 14:21:45.533"/>
</kw>
<kw name="And write Widget Title" library="keywords_ReportWidgetPage">
<arg>${random_number}Multi</arg>
<status status="NOT RUN" starttime="20220315 14:21:45.537" endtime="20220315 14:21:45.537"/>
</kw>
<kw name="And choose Data Type" library="keywords_ReportWidgetPage">
<status status="NOT RUN" starttime="20220315 14:21:45.537" endtime="20220315 14:21:45.537"/>
</kw>
<kw name="And choose Layout" library="keywords_ReportWidgetPage">
<arg>2</arg>
<status status="NOT RUN" starttime="20220315 14:21:45.538" endtime="20220315 14:21:45.538"/>
</kw>
<kw name="And choose Topic Model" library="keywords_ReportWidgetPage">
<arg>2</arg>
<status status="NOT RUN" starttime="20220315 14:21:45.538" endtime="20220315 14:21:45.538"/>
</kw>
<kw name="And click Save" library="keywords_reportListPage">
<status status="NOT RUN" starttime="20220315 14:21:45.538" endtime="20220315 14:21:45.538"/>
</kw>
<kw name="And add widget" library="keywords_ReportWidgetPage">
<status status="NOT RUN" starttime="20220315 14:21:45.538" endtime="20220315 14:21:45.538"/>
</kw>
<kw name="And click TextAnalytics Tab" library="keywords_ReportWidgetPage">
<status status="NOT RUN" starttime="20220315 14:21:45.538" endtime="20220315 14:21:45.538"/>
</kw>
<kw name="and click ai chart" library="keywords_ReportWidgetPage">
<status status="NOT RUN" starttime="20220315 14:21:45.538" endtime="20220315 14:21:45.538"/>
</kw>
<kw name="And click Text Bubble Chart Widget" library="keywords_ReportWidgetPage">
<status status="NOT RUN" starttime="20220315 14:21:45.538" endtime="20220315 14:21:45.538"/>
</kw>
<kw name="And write Widget Title" library="keywords_ReportWidgetPage">
<arg>${random_number}EmotionEnabled</arg>
<status status="NOT RUN" starttime="20220315 14:21:45.538" endtime="20220315 14:21:45.538"/>
</kw>
<kw name="And choose Data Type" library="keywords_ReportWidgetPage">
<status status="NOT RUN" starttime="20220315 14:21:45.538" endtime="20220315 14:21:45.538"/>
</kw>
<kw name="And choose Layout" library="keywords_ReportWidgetPage">
<arg>2</arg>
<status status="NOT RUN" starttime="20220315 14:21:45.538" endtime="20220315 14:21:45.538"/>
</kw>
<kw name="And choose Topic Model" library="keywords_ReportWidgetPage">
<arg>1</arg>
<status status="NOT RUN" starttime="20220315 14:21:45.538" endtime="20220315 14:21:45.547"/>
</kw>
<kw name="And click Emotion Analysis Toggle" library="keywords_ReportWidgetPage">
<status status="NOT RUN" starttime="20220315 14:21:45.547" endtime="20220315 14:21:45.548"/>
</kw>
<kw name="And click Save" library="keywords_reportListPage">
<status status="NOT RUN" starttime="20220315 14:21:45.548" endtime="20220315 14:21:45.548"/>
</kw>
<kw name="Set Selenium Speed" library="SeleniumLibrary">
<arg>2</arg>
<doc>Sets the delay that is waited after each Selenium command.</doc>
<status status="NOT RUN" starttime="20220315 14:21:45.548" endtime="20220315 14:21:45.549"/>
</kw>
<kw name="Wait Until Element Is Visible" library="SeleniumLibrary">
<arg>//div[@class='q-img__content absolute-full']</arg>
<doc>Waits until the element ``locator`` is visible.</doc>
<status status="NOT RUN" starttime="20220315 14:21:45.549" endtime="20220315 14:21:45.550"/>
</kw>
<kw name="close browser session" library="keywords_LoginPage" type="TEARDOWN">
<kw name="Close Browser" library="SeleniumLibrary">
<doc>Closes the current browser.</doc>
<status status="PASS" starttime="20220315 14:21:45.551" endtime="20220315 14:21:49.629"/>
</kw>
<status status="PASS" starttime="20220315 14:21:45.550" endtime="20220315 14:21:49.631"/>
</kw>
<status status="FAIL" starttime="20220315 14:19:10.636" endtime="20220315 14:21:49.631">Element 'set variable //div[contains(text(), 'Automation ReportEvaluate random.sample(range(1, 9999), 1) random')]' not visible after 20 seconds.</status>
</test>
<doc>Text Bubble Chart Widget</doc>
<status status="FAIL" starttime="20220315 14:19:10.204" endtime="20220315 14:21:49.633"/>
</suite>
<status status="FAIL" starttime="20220315 14:19:10.178" endtime="20220315 14:21:49.635"/>
</suite>
<statistics>
<total>
<stat pass="0" fail="1" skip="0">All Tests</stat>
</total>
<tag>
</tag>
<suite>
<stat pass="0" fail="1" skip="0" id="s1" name="testCases">testCases</stat>
<stat pass="0" fail="1" skip="0" id="s1-s1" name="WidgetTextBubbleChart">testCases.WidgetTextBubbleChart</stat>
</suite>
</statistics>
<errors>
</errors>
</robot>
