<?xml version="1.0" encoding="UTF-8"?>
<robot generator="Robot 4.1.3 (Python 3.10.2 on win32)" generated="20220405 16:14:01.577" rpa="false" schemaversion="2">
<suite id="s1" name="testCases" source="C:\Users\User\PycharmProjects\RobotFramework\tests\testCases">
<suite id="s1-s1" name="SurveyAudience" source="C:\Users\User\PycharmProjects\RobotFramework\tests\testCases\SurveyAudience.robot">
<test id="s1-s1-t1" name="Survey Audience Criteria Check">
<kw name="open the browser with ALternaWebPage" library="keywords_LoginPage" type="SETUP">
<kw name="Create Webdriver" library="SeleniumLibrary">
<arg>Chrome</arg>
<arg>executable_path=tests/drivers/chromedriver.exe</arg>
<doc>Creates an instance of Selenium WebDriver.</doc>
<msg timestamp="20220405 16:14:01.830" level="INFO">Creating an instance of the Chrome WebDriver.</msg>
<status status="PASS" starttime="20220405 16:14:01.830" endtime="20220405 16:14:03.090"/>
</kw>
<kw name="Go To" library="SeleniumLibrary">
<arg>https://staging.alternacx.com/</arg>
<doc>Navigates the current browser window to the provided ``url``.</doc>
<msg timestamp="20220405 16:14:03.091" level="INFO">Opening url 'https://staging.alternacx.com/'</msg>
<status status="PASS" starttime="20220405 16:14:03.090" endtime="20220405 16:14:04.503"/>
</kw>
<kw name="Maximize Browser Window" library="SeleniumLibrary">
<doc>Maximizes current browser window.</doc>
<status status="PASS" starttime="20220405 16:14:04.504" endtime="20220405 16:14:04.629"/>
</kw>
<status status="PASS" starttime="20220405 16:14:01.830" endtime="20220405 16:14:04.630"/>
</kw>
<kw name="Set Selenium Timeout" library="SeleniumLibrary">
<arg>20</arg>
<doc>Sets the timeout that is used by various keywords.</doc>
<status status="PASS" starttime="20220405 16:14:04.630" endtime="20220405 16:14:04.633"/>
</kw>
<kw name="When fill the login form" library="keywords_LoginPage">
<arg>umut</arg>
<arg>Hacettepe2019</arg>
<kw name="Wait Until Element Is Visible" library="SeleniumLibrary">
<arg>${username_l}</arg>
<arg>timeout=20</arg>
<doc>Waits until the element ``locator`` is visible.</doc>
<status status="PASS" starttime="20220405 16:14:04.634" endtime="20220405 16:14:05.086"/>
</kw>
<kw name="Input Text" library="SeleniumLibrary">
<arg>${username_l}</arg>
<arg>${username}</arg>
<doc>Types the given ``text`` into the text field identified by ``locator``.</doc>
<msg timestamp="20220405 16:14:05.087" level="INFO">Typing text 'umut' into text field 'xpath://input[@type='text']'.</msg>
<status status="PASS" starttime="20220405 16:14:05.086" endtime="20220405 16:14:05.149"/>
</kw>
<kw name="Input Password" library="SeleniumLibrary">
<arg>${password_l}</arg>
<arg>${password}</arg>
<doc>Types the given password into the text field identified by ``locator``.</doc>
<msg timestamp="20220405 16:14:05.149" level="INFO">Typing password into text field 'xpath://input[@type='password']'.</msg>
<msg timestamp="20220405 16:14:05.182" level="INFO">Temporally setting log level to: NONE</msg>
<msg timestamp="20220405 16:14:05.273" level="INFO">Log level changed from NONE to INFO.</msg>
<status status="PASS" starttime="20220405 16:14:05.149" endtime="20220405 16:14:05.273"/>
</kw>
<status status="PASS" starttime="20220405 16:14:04.633" endtime="20220405 16:14:05.273"/>
</kw>
<kw name="And click login buton" library="keywords_LoginPage">
<kw name="Click Element" library="SeleniumLibrary">
<arg>${login_button_l}</arg>
<doc>Click the element identified by ``locator``.</doc>
<msg timestamp="20220405 16:14:05.274" level="INFO">Clicking element 'xpath://span[contains(text(),'Login')]'.</msg>
<status status="PASS" starttime="20220405 16:14:05.274" endtime="20220405 16:14:05.374"/>
</kw>
<status status="PASS" starttime="20220405 16:14:05.273" endtime="20220405 16:14:05.375"/>
</kw>
<kw name="And click survey management" library="keywords_mainPage">
<kw name="Wait Until Element Is Visible" library="SeleniumLibrary">
<arg>${survey_management_l}</arg>
<doc>Waits until the element ``locator`` is visible.</doc>
<status status="PASS" starttime="20220405 16:14:05.375" endtime="20220405 16:14:06.752"/>
</kw>
<kw name="Click Element" library="SeleniumLibrary">
<arg>${survey_management_l}</arg>
<doc>Click the element identified by ``locator``.</doc>
<msg timestamp="20220405 16:14:06.753" level="INFO">Clicking element 'xpath://div[normalize-space()='Survey Management']'.</msg>
<status status="PASS" starttime="20220405 16:14:06.752" endtime="20220405 16:14:07.191"/>
</kw>
<status status="PASS" starttime="20220405 16:14:05.375" endtime="20220405 16:14:07.192"/>
</kw>
<kw name="And click Surveys" library="keywords_mainPage">
<kw name="Wait Until Element Is Visible" library="SeleniumLibrary">
<arg>${surveys_l}</arg>
<doc>Waits until the element ``locator`` is visible.</doc>
<status status="PASS" starttime="20220405 16:14:07.195" endtime="20220405 16:14:07.518"/>
</kw>
<kw name="Click Element" library="SeleniumLibrary">
<arg>${surveys_l}</arg>
<doc>Click the element identified by ``locator``.</doc>
<msg timestamp="20220405 16:14:07.519" level="INFO">Clicking element 'xpath://div[normalize-space()='Surveys']'.</msg>
<status status="PASS" starttime="20220405 16:14:07.518" endtime="20220405 16:14:07.601"/>
</kw>
<status status="PASS" starttime="20220405 16:14:07.194" endtime="20220405 16:14:07.602"/>
</kw>
<kw name="And click Searchbar And Search Temp Survey and click it" library="keywords_surveyListPage">
<kw name="Wait Until Element Is Visible" library="SeleniumLibrary">
<arg>${search_bar_l}</arg>
<doc>Waits until the element ``locator`` is visible.</doc>
<status status="PASS" starttime="20220405 16:14:07.602" endtime="20220405 16:14:07.972"/>
</kw>
<kw name="Input Text" library="SeleniumLibrary">
<arg>${search_bar_l}</arg>
<arg>Hic est temptare</arg>
<doc>Types the given ``text`` into the text field identified by ``locator``.</doc>
<msg timestamp="20220405 16:14:07.973" level="INFO">Typing text 'Hic est temptare' into text field 'xpath://input[@placeholder='Search']'.</msg>
<status status="PASS" starttime="20220405 16:14:07.972" endtime="20220405 16:14:08.048"/>
</kw>
<kw name="Wait Until Element Is Visible" library="SeleniumLibrary">
<arg>${temp_survey_l}</arg>
<doc>Waits until the element ``locator`` is visible.</doc>
<status status="PASS" starttime="20220405 16:14:08.049" endtime="20220405 16:14:09.715"/>
</kw>
<kw name="Click Element" library="SeleniumLibrary">
<arg>${temp_survey_l}</arg>
<doc>Click the element identified by ``locator``.</doc>
<msg timestamp="20220405 16:14:09.716" level="INFO">Clicking element 'xpath://a[contains(text(),'Hic est temptare Quaestionario')]'.</msg>
<status status="PASS" starttime="20220405 16:14:09.715" endtime="20220405 16:14:09.980"/>
</kw>
<status status="PASS" starttime="20220405 16:14:07.602" endtime="20220405 16:14:09.980"/>
</kw>
<kw name="And click Audience" library="keywords_surveyEditPage">
<kw name="Wait Until Element Is Visible" library="SeleniumLibrary">
<arg>${audience_l}</arg>
<doc>Waits until the element ``locator`` is visible.</doc>
<status status="PASS" starttime="20220405 16:14:09.981" endtime="20220405 16:14:10.353"/>
</kw>
<kw name="Click Element" library="SeleniumLibrary">
<arg>${audience_l}</arg>
<doc>Click the element identified by ``locator``.</doc>
<msg timestamp="20220405 16:14:10.354" level="INFO">Clicking element 'xpath://div[contains(text(),'Audience')]'.</msg>
<status status="PASS" starttime="20220405 16:14:10.353" endtime="20220405 16:14:11.011"/>
</kw>
<status status="PASS" starttime="20220405 16:14:09.981" endtime="20220405 16:14:11.012"/>
</kw>
<kw name="And click Audience criteria arrow" library="keywords_surveyEditPage">
<kw name="Wait Until Element Is Visible" library="SeleniumLibrary">
<arg>${audience_criteria_arrow_l}</arg>
<doc>Waits until the element ``locator`` is visible.</doc>
<status status="PASS" starttime="20220405 16:14:11.017" endtime="20220405 16:14:11.305"/>
</kw>
<kw name="Click Element" library="SeleniumLibrary">
<arg>${audience_criteria_arrow_l}</arg>
<doc>Click the element identified by ``locator``.</doc>
<msg timestamp="20220405 16:14:11.307" level="INFO">Clicking element 'xpath://i[normalize-space()='keyboard_arrow_up']'.</msg>
<status status="PASS" starttime="20220405 16:14:11.305" endtime="20220405 16:14:11.413"/>
</kw>
<status status="PASS" starttime="20220405 16:14:11.014" endtime="20220405 16:14:11.413"/>
</kw>
<kw name="And click Add button" library="keywords_surveyEditPage">
<kw name="Wait Until Element Is Visible" library="SeleniumLibrary">
<arg>${add_button_l}</arg>
<doc>Waits until the element ``locator`` is visible.</doc>
<status status="PASS" starttime="20220405 16:14:11.414" endtime="20220405 16:14:11.672"/>
</kw>
<kw name="Click Element" library="SeleniumLibrary">
<arg>${add_button_l}</arg>
<doc>Click the element identified by ``locator``.</doc>
<msg timestamp="20220405 16:14:11.676" level="INFO">Clicking element 'xpath://button[@class='q-btn q-btn-item non-selectable no-outline q-btn--outline q-btn--rectangle text-black q-btn--actionable q-focusable q-hoverable q-btn--no-uppercase q-btn--wrap']//span[@class='q-btn__content text-center col items-center q-anchor--skip justify-center row']'.</msg>
<status status="PASS" starttime="20220405 16:14:11.673" endtime="20220405 16:14:11.805"/>
</kw>
<status status="PASS" starttime="20220405 16:14:11.413" endtime="20220405 16:14:11.808"/>
</kw>
<kw name="And add criteria for 1st item" library="keywords_surveyEditPage">
<for flavor="IN RANGE">
<var>${i}</var>
<value>1</value>
<value>4</value>
<iter>
<var name="${i}">1</var>
<kw name="Wait Until Element Is Visible" library="SeleniumLibrary">
<arg>xpath:(//input[@type='text'])[${i}]</arg>
<doc>Waits until the element ``locator`` is visible.</doc>
<status status="PASS" starttime="20220405 16:14:11.813" endtime="20220405 16:14:11.864"/>
</kw>
<kw name="Click Element" library="SeleniumLibrary">
<arg>xpath:(//input[@type='text'])[${i}]</arg>
<doc>Click the element identified by ``locator``.</doc>
<msg timestamp="20220405 16:14:11.866" level="INFO">Clicking element 'xpath:(//input[@type='text'])[1]'.</msg>
<status status="PASS" starttime="20220405 16:14:11.864" endtime="20220405 16:14:12.006"/>
</kw>
<kw name="Press Keys" library="SeleniumLibrary">
<arg>None</arg>
<arg>RETURN</arg>
<doc>Simulates the user pressing key(s) to an element or on the active browser.</doc>
<msg timestamp="20220405 16:14:12.012" level="INFO">Sending key(s) ('RETURN',) to page.</msg>
<msg timestamp="20220405 16:14:12.013" level="INFO">Pressing special key RETURN to browser.</msg>
<msg timestamp="20220405 16:14:12.013" level="INFO">Releasing special key RETURN.</msg>
<status status="PASS" starttime="20220405 16:14:12.008" endtime="20220405 16:14:12.197"/>
</kw>
<kw name="Log" library="BuiltIn">
<arg>xpath:(//input[@type='text'])[${i}]</arg>
<doc>Logs the given message with the given level.</doc>
<msg timestamp="20220405 16:14:12.199" level="INFO">xpath:(//input[@type='text'])[1]</msg>
<status status="PASS" starttime="20220405 16:14:12.197" endtime="20220405 16:14:12.199"/>
</kw>
<status status="PASS" starttime="20220405 16:14:11.813" endtime="20220405 16:14:12.199"/>
</iter>
<iter>
<var name="${i}">2</var>
<kw name="Wait Until Element Is Visible" library="SeleniumLibrary">
<arg>xpath:(//input[@type='text'])[${i}]</arg>
<doc>Waits until the element ``locator`` is visible.</doc>
<status status="PASS" starttime="20220405 16:14:12.200" endtime="20220405 16:14:12.251"/>
</kw>
<kw name="Click Element" library="SeleniumLibrary">
<arg>xpath:(//input[@type='text'])[${i}]</arg>
<doc>Click the element identified by ``locator``.</doc>
<msg timestamp="20220405 16:14:12.251" level="INFO">Clicking element 'xpath:(//input[@type='text'])[2]'.</msg>
<status status="PASS" starttime="20220405 16:14:12.251" endtime="20220405 16:14:12.330"/>
</kw>
<kw name="Press Keys" library="SeleniumLibrary">
<arg>None</arg>
<arg>RETURN</arg>
<doc>Simulates the user pressing key(s) to an element or on the active browser.</doc>
<msg timestamp="20220405 16:14:12.331" level="INFO">Sending key(s) ('RETURN',) to page.</msg>
<msg timestamp="20220405 16:14:12.331" level="INFO">Pressing special key RETURN to browser.</msg>
<msg timestamp="20220405 16:14:12.331" level="INFO">Releasing special key RETURN.</msg>
<status status="PASS" starttime="20220405 16:14:12.331" endtime="20220405 16:14:12.347"/>
</kw>
<kw name="Log" library="BuiltIn">
<arg>xpath:(//input[@type='text'])[${i}]</arg>
<doc>Logs the given message with the given level.</doc>
<msg timestamp="20220405 16:14:12.348" level="INFO">xpath:(//input[@type='text'])[2]</msg>
<status status="PASS" starttime="20220405 16:14:12.347" endtime="20220405 16:14:12.348"/>
</kw>
<status status="PASS" starttime="20220405 16:14:12.199" endtime="20220405 16:14:12.348"/>
</iter>
<iter>
<var name="${i}">3</var>
<kw name="Wait Until Element Is Visible" library="SeleniumLibrary">
<arg>xpath:(//input[@type='text'])[${i}]</arg>
<doc>Waits until the element ``locator`` is visible.</doc>
<status status="PASS" starttime="20220405 16:14:12.348" endtime="20220405 16:14:12.380"/>
</kw>
<kw name="Click Element" library="SeleniumLibrary">
<arg>xpath:(//input[@type='text'])[${i}]</arg>
<doc>Click the element identified by ``locator``.</doc>
<msg timestamp="20220405 16:14:12.380" level="INFO">Clicking element 'xpath:(//input[@type='text'])[3]'.</msg>
<status status="PASS" starttime="20220405 16:14:12.380" endtime="20220405 16:14:14.043"/>
</kw>
<kw name="Press Keys" library="SeleniumLibrary">
<arg>None</arg>
<arg>RETURN</arg>
<doc>Simulates the user pressing key(s) to an element or on the active browser.</doc>
<msg timestamp="20220405 16:14:14.044" level="INFO">Sending key(s) ('RETURN',) to page.</msg>
<msg timestamp="20220405 16:14:14.044" level="INFO">Pressing special key RETURN to browser.</msg>
<msg timestamp="20220405 16:14:14.044" level="INFO">Releasing special key RETURN.</msg>
<status status="PASS" starttime="20220405 16:14:14.043" endtime="20220405 16:14:16.666"/>
</kw>
<kw name="Log" library="BuiltIn">
<arg>xpath:(//input[@type='text'])[${i}]</arg>
<doc>Logs the given message with the given level.</doc>
<msg timestamp="20220405 16:14:16.666" level="INFO">xpath:(//input[@type='text'])[3]</msg>
<status status="PASS" starttime="20220405 16:14:16.666" endtime="20220405 16:14:16.666"/>
</kw>
<status status="PASS" starttime="20220405 16:14:12.348" endtime="20220405 16:14:16.667"/>
</iter>
<status status="PASS" starttime="20220405 16:14:11.812" endtime="20220405 16:14:16.667"/>
</for>
<status status="PASS" starttime="20220405 16:14:11.809" endtime="20220405 16:14:16.667"/>
</kw>
<kw name="And click save and continue button" library="keywords_surveyEditPage">
<kw name="Set Selenium Speed" library="SeleniumLibrary">
<arg>1</arg>
<doc>Sets the delay that is waited after each Selenium command.</doc>
<status status="PASS" starttime="20220405 16:14:16.668" endtime="20220405 16:14:16.668"/>
</kw>
<kw name="Wait Until Element Is Visible" library="SeleniumLibrary">
<arg>${save_and_continue_but_l}</arg>
<doc>Waits until the element ``locator`` is visible.</doc>
<status status="PASS" starttime="20220405 16:14:16.669" endtime="20220405 16:14:18.804"/>
</kw>
<kw name="Execute Javascript" library="SeleniumLibrary">
<arg>window.scrollTo(0, document.body.scrollHeight)</arg>
<doc>Executes the given JavaScript code with possible arguments.</doc>
<msg timestamp="20220405 16:14:18.805" level="INFO">Executing JavaScript:
window.scrollTo(0, document.body.scrollHeight)
Without any arguments.</msg>
<status status="PASS" starttime="20220405 16:14:18.804" endtime="20220405 16:14:19.817"/>
</kw>
<kw name="Click Element" library="SeleniumLibrary">
<arg>${save_and_continue_but_l}</arg>
<doc>Click the element identified by ``locator``.</doc>
<msg timestamp="20220405 16:14:19.819" level="INFO">Clicking element 'xpath://button[@class='q-btn q-btn-item non-selectable no-outline q-ml-sm float-right btn-saveAndContinue q-btn--outline q-btn--rectangle text-primary q-btn--actionable q-focusable q-hoverable q-btn--wrap']//span[@class='q-btn__wrapper col row q-anchor--skip']'.</msg>
<status status="PASS" starttime="20220405 16:14:19.818" endtime="20220405 16:14:21.873"/>
</kw>
<kw name="Wait Until Element Is Visible" library="SeleniumLibrary">
<arg>${save_and_continue_but_l}</arg>
<doc>Waits until the element ``locator`` is visible.</doc>
<status status="PASS" starttime="20220405 16:14:21.874" endtime="20220405 16:14:23.931"/>
</kw>
<status status="PASS" starttime="20220405 16:14:16.667" endtime="20220405 16:14:23.932"/>
</kw>
<kw name="close browser session" library="keywords_LoginPage" type="TEARDOWN">
<kw name="Close Browser" library="SeleniumLibrary">
<doc>Closes the current browser.</doc>
<status status="PASS" starttime="20220405 16:14:23.934" endtime="20220405 16:14:27.004"/>
</kw>
<status status="PASS" starttime="20220405 16:14:23.933" endtime="20220405 16:14:27.005"/>
</kw>
<status status="PASS" starttime="20220405 16:14:01.829" endtime="20220405 16:14:27.005"/>
</test>
<test id="s1-s1-t2" name="Survey Audience And/Or">
<kw name="open the browser with ALternaWebPage" library="keywords_LoginPage" type="SETUP">
<kw name="Create Webdriver" library="SeleniumLibrary">
<arg>Chrome</arg>
<arg>executable_path=tests/drivers/chromedriver.exe</arg>
<doc>Creates an instance of Selenium WebDriver.</doc>
<msg timestamp="20220405 16:14:27.006" level="INFO">Creating an instance of the Chrome WebDriver.</msg>
<status status="PASS" starttime="20220405 16:14:27.006" endtime="20220405 16:14:28.335"/>
</kw>
<kw name="Go To" library="SeleniumLibrary">
<arg>https://staging.alternacx.com/</arg>
<doc>Navigates the current browser window to the provided ``url``.</doc>
<msg timestamp="20220405 16:14:28.337" level="INFO">Opening url 'https://staging.alternacx.com/'</msg>
<status status="PASS" starttime="20220405 16:14:28.336" endtime="20220405 16:14:31.030"/>
</kw>
<kw name="Maximize Browser Window" library="SeleniumLibrary">
<doc>Maximizes current browser window.</doc>
<status status="PASS" starttime="20220405 16:14:31.031" endtime="20220405 16:14:31.156"/>
</kw>
<status status="PASS" starttime="20220405 16:14:27.006" endtime="20220405 16:14:31.156"/>
</kw>
<kw name="Set Selenium Timeout" library="SeleniumLibrary">
<arg>20</arg>
<doc>Sets the timeout that is used by various keywords.</doc>
<status status="PASS" starttime="20220405 16:14:31.157" endtime="20220405 16:14:31.158"/>
</kw>
<kw name="Set Selenium Speed" library="SeleniumLibrary">
<arg>2</arg>
<doc>Sets the delay that is waited after each Selenium command.</doc>
<status status="PASS" starttime="20220405 16:14:31.158" endtime="20220405 16:14:31.159"/>
</kw>
<kw name="When fill the login form" library="keywords_LoginPage">
<arg>umut</arg>
<arg>Hacettepe2019</arg>
<kw name="Wait Until Element Is Visible" library="SeleniumLibrary">
<arg>${username_l}</arg>
<arg>timeout=20</arg>
<doc>Waits until the element ``locator`` is visible.</doc>
<status status="PASS" starttime="20220405 16:14:31.159" endtime="20220405 16:14:37.424"/>
</kw>
<kw name="Input Text" library="SeleniumLibrary">
<arg>${username_l}</arg>
<arg>${username}</arg>
<doc>Types the given ``text`` into the text field identified by ``locator``.</doc>
<msg timestamp="20220405 16:14:37.425" level="INFO">Typing text 'umut' into text field 'xpath://input[@type='text']'.</msg>
<status status="PASS" starttime="20220405 16:14:37.424" endtime="20220405 16:14:43.645"/>
</kw>
<kw name="Input Password" library="SeleniumLibrary">
<arg>${password_l}</arg>
<arg>${password}</arg>
<doc>Types the given password into the text field identified by ``locator``.</doc>
<msg timestamp="20220405 16:14:43.648" level="INFO">Typing password into text field 'xpath://input[@type='password']'.</msg>
<msg timestamp="20220405 16:14:47.732" level="INFO">Temporally setting log level to: NONE</msg>
<msg timestamp="20220405 16:14:49.954" level="INFO">Log level changed from NONE to INFO.</msg>
<status status="PASS" starttime="20220405 16:14:43.646" endtime="20220405 16:14:49.955"/>
</kw>
<status status="PASS" starttime="20220405 16:14:31.159" endtime="20220405 16:14:49.955"/>
</kw>
<kw name="And click login buton" library="keywords_LoginPage">
<kw name="Click Element" library="SeleniumLibrary">
<arg>${login_button_l}</arg>
<doc>Click the element identified by ``locator``.</doc>
<msg timestamp="20220405 16:14:49.955" level="INFO">Clicking element 'xpath://span[contains(text(),'Login')]'.</msg>
<status status="PASS" starttime="20220405 16:14:49.955" endtime="20220405 16:14:54.146"/>
</kw>
<status status="PASS" starttime="20220405 16:14:49.955" endtime="20220405 16:14:54.149"/>
</kw>
<kw name="And click survey management" library="keywords_mainPage">
<kw name="Wait Until Element Is Visible" library="SeleniumLibrary">
<arg>${survey_management_l}</arg>
<doc>Waits until the element ``locator`` is visible.</doc>
<status status="PASS" starttime="20220405 16:14:54.151" endtime="20220405 16:14:58.499"/>
</kw>
<kw name="Click Element" library="SeleniumLibrary">
<arg>${survey_management_l}</arg>
<doc>Click the element identified by ``locator``.</doc>
<msg timestamp="20220405 16:14:58.501" level="INFO">Clicking element 'xpath://div[normalize-space()='Survey Management']'.</msg>
<status status="PASS" starttime="20220405 16:14:58.500" endtime="20220405 16:15:02.663"/>
</kw>
<status status="PASS" starttime="20220405 16:14:54.151" endtime="20220405 16:15:02.664"/>
</kw>
<kw name="And click Surveys" library="keywords_mainPage">
<kw name="Wait Until Element Is Visible" library="SeleniumLibrary">
<arg>${surveys_l}</arg>
<doc>Waits until the element ``locator`` is visible.</doc>
<status status="PASS" starttime="20220405 16:15:02.665" endtime="20220405 16:15:06.740"/>
</kw>
<kw name="Click Element" library="SeleniumLibrary">
<arg>${surveys_l}</arg>
<doc>Click the element identified by ``locator``.</doc>
<msg timestamp="20220405 16:15:06.741" level="INFO">Clicking element 'xpath://div[normalize-space()='Surveys']'.</msg>
<status status="PASS" starttime="20220405 16:15:06.740" endtime="20220405 16:15:10.912"/>
</kw>
<status status="PASS" starttime="20220405 16:15:02.664" endtime="20220405 16:15:10.912"/>
</kw>
<kw name="And click Searchbar And Search Temp Survey and click it" library="keywords_surveyListPage">
<kw name="Wait Until Element Is Visible" library="SeleniumLibrary">
<arg>${search_bar_l}</arg>
<doc>Waits until the element ``locator`` is visible.</doc>
<status status="PASS" starttime="20220405 16:15:10.913" endtime="20220405 16:15:14.968"/>
</kw>
<kw name="Input Text" library="SeleniumLibrary">
<arg>${search_bar_l}</arg>
<arg>Hic est temptare</arg>
<doc>Types the given ``text`` into the text field identified by ``locator``.</doc>
<msg timestamp="20220405 16:15:14.969" level="INFO">Typing text 'Hic est temptare' into text field 'xpath://input[@placeholder='Search']'.</msg>
<status status="PASS" starttime="20220405 16:15:14.969" endtime="20220405 16:15:21.187"/>
</kw>
<kw name="Wait Until Element Is Visible" library="SeleniumLibrary">
<arg>${temp_survey_l}</arg>
<doc>Waits until the element ``locator`` is visible.</doc>
<status status="PASS" starttime="20220405 16:15:21.187" endtime="20220405 16:15:25.247"/>
</kw>
<kw name="Click Element" library="SeleniumLibrary">
<arg>${temp_survey_l}</arg>
<doc>Click the element identified by ``locator``.</doc>
<msg timestamp="20220405 16:15:25.249" level="INFO">Clicking element 'xpath://a[contains(text(),'Hic est temptare Quaestionario')]'.</msg>
<status status="PASS" starttime="20220405 16:15:25.247" endtime="20220405 16:15:29.530"/>
</kw>
<status status="PASS" starttime="20220405 16:15:10.913" endtime="20220405 16:15:29.532"/>
</kw>
<kw name="And click Audience" library="keywords_surveyEditPage">
<kw name="Wait Until Element Is Visible" library="SeleniumLibrary">
<arg>${audience_l}</arg>
<doc>Waits until the element ``locator`` is visible.</doc>
<status status="PASS" starttime="20220405 16:15:29.534" endtime="20220405 16:15:33.593"/>
</kw>
<kw name="Click Element" library="SeleniumLibrary">
<arg>${audience_l}</arg>
<doc>Click the element identified by ``locator``.</doc>
<msg timestamp="20220405 16:15:33.594" level="INFO">Clicking element 'xpath://div[contains(text(),'Audience')]'.</msg>
<status status="PASS" starttime="20220405 16:15:33.593" endtime="20220405 16:15:37.838"/>
</kw>
<status status="PASS" starttime="20220405 16:15:29.533" endtime="20220405 16:15:37.839"/>
</kw>
<kw name="And click Audience criteria arrow" library="keywords_surveyEditPage">
<kw name="Wait Until Element Is Visible" library="SeleniumLibrary">
<arg>${audience_criteria_arrow_l}</arg>
<doc>Waits until the element ``locator`` is visible.</doc>
<status status="PASS" starttime="20220405 16:15:37.841" endtime="20220405 16:15:41.902"/>
</kw>
<kw name="Click Element" library="SeleniumLibrary">
<arg>${audience_criteria_arrow_l}</arg>
<doc>Click the element identified by ``locator``.</doc>
<msg timestamp="20220405 16:15:41.904" level="INFO">Clicking element 'xpath://i[normalize-space()='keyboard_arrow_up']'.</msg>
<status status="PASS" starttime="20220405 16:15:41.903" endtime="20220405 16:15:46.027"/>
</kw>
<status status="PASS" starttime="20220405 16:15:37.840" endtime="20220405 16:15:46.028"/>
</kw>
<kw name="And click Add button" library="keywords_surveyEditPage">
<kw name="Wait Until Element Is Visible" library="SeleniumLibrary">
<arg>${add_button_l}</arg>
<doc>Waits until the element ``locator`` is visible.</doc>
<status status="PASS" starttime="20220405 16:15:46.028" endtime="20220405 16:15:50.067"/>
</kw>
<kw name="Click Element" library="SeleniumLibrary">
<arg>${add_button_l}</arg>
<doc>Click the element identified by ``locator``.</doc>
<msg timestamp="20220405 16:15:50.068" level="INFO">Clicking element 'xpath://button[@class='q-btn q-btn-item non-selectable no-outline q-btn--outline q-btn--rectangle text-black q-btn--actionable q-focusable q-hoverable q-btn--no-uppercase q-btn--wrap']//span[@class='q-btn__content text-center col items-center q-anchor--skip justify-center row']'.</msg>
<status status="PASS" starttime="20220405 16:15:50.068" endtime="20220405 16:15:54.376"/>
</kw>
<status status="PASS" starttime="20220405 16:15:46.028" endtime="20220405 16:15:54.377"/>
</kw>
<kw name="And add criteria for 2st item" library="keywords_surveyEditPage">
<for flavor="IN RANGE">
<var>${i}</var>
<value>4</value>
<value>7</value>
<iter>
<var name="${i}">4</var>
<kw name="Wait Until Element Is Visible" library="SeleniumLibrary">
<arg>xpath:(//input[@type='text'])[${i}]</arg>
<doc>Waits until the element ``locator`` is visible.</doc>
<status status="PASS" starttime="20220405 16:15:54.380" endtime="20220405 16:15:58.422"/>
</kw>
<kw name="Click Element" library="SeleniumLibrary">
<arg>xpath:(//input[@type='text'])[${i}]</arg>
<doc>Click the element identified by ``locator``.</doc>
<msg timestamp="20220405 16:15:58.423" level="INFO">Clicking element 'xpath:(//input[@type='text'])[4]'.</msg>
<status status="PASS" starttime="20220405 16:15:58.423" endtime="20220405 16:16:02.642"/>
</kw>
<kw name="Press Keys" library="SeleniumLibrary">
<arg>None</arg>
<arg>RETURN</arg>
<doc>Simulates the user pressing key(s) to an element or on the active browser.</doc>
<msg timestamp="20220405 16:16:02.644" level="INFO">Sending key(s) ('RETURN',) to page.</msg>
<msg timestamp="20220405 16:16:02.644" level="INFO">Pressing special key RETURN to browser.</msg>
<msg timestamp="20220405 16:16:02.644" level="INFO">Releasing special key RETURN.</msg>
<status status="PASS" starttime="20220405 16:16:02.643" endtime="20220405 16:16:04.759"/>
</kw>
<kw name="Log" library="BuiltIn">
<arg>xpath:(//input[@type='text'])[${i}]</arg>
<doc>Logs the given message with the given level.</doc>
<msg timestamp="20220405 16:16:04.760" level="INFO">xpath:(//input[@type='text'])[4]</msg>
<status status="PASS" starttime="20220405 16:16:04.759" endtime="20220405 16:16:04.760"/>
</kw>
<status status="PASS" starttime="20220405 16:15:54.380" endtime="20220405 16:16:04.760"/>
</iter>
<iter>
<var name="${i}">5</var>
<kw name="Wait Until Element Is Visible" library="SeleniumLibrary">
<arg>xpath:(//input[@type='text'])[${i}]</arg>
<doc>Waits until the element ``locator`` is visible.</doc>
<status status="PASS" starttime="20220405 16:16:04.761" endtime="20220405 16:16:08.811"/>
</kw>
<kw name="Click Element" library="SeleniumLibrary">
<arg>xpath:(//input[@type='text'])[${i}]</arg>
<doc>Click the element identified by ``locator``.</doc>
<msg timestamp="20220405 16:16:08.812" level="INFO">Clicking element 'xpath:(//input[@type='text'])[5]'.</msg>
<status status="PASS" starttime="20220405 16:16:08.811" endtime="20220405 16:16:12.962"/>
</kw>
<kw name="Press Keys" library="SeleniumLibrary">
<arg>None</arg>
<arg>RETURN</arg>
<doc>Simulates the user pressing key(s) to an element or on the active browser.</doc>
<msg timestamp="20220405 16:16:12.964" level="INFO">Sending key(s) ('RETURN',) to page.</msg>
<msg timestamp="20220405 16:16:12.964" level="INFO">Pressing special key RETURN to browser.</msg>
<msg timestamp="20220405 16:16:12.964" level="INFO">Releasing special key RETURN.</msg>
<status status="PASS" starttime="20220405 16:16:12.963" endtime="20220405 16:16:15.005"/>
</kw>
<kw name="Log" library="BuiltIn">
<arg>xpath:(//input[@type='text'])[${i}]</arg>
<doc>Logs the given message with the given level.</doc>
<msg timestamp="20220405 16:16:15.007" level="INFO">xpath:(//input[@type='text'])[5]</msg>
<status status="PASS" starttime="20220405 16:16:15.006" endtime="20220405 16:16:15.008"/>
</kw>
<status status="PASS" starttime="20220405 16:16:04.760" endtime="20220405 16:16:15.008"/>
</iter>
<iter>
<var name="${i}">6</var>
<kw name="Wait Until Element Is Visible" library="SeleniumLibrary">
<arg>xpath:(//input[@type='text'])[${i}]</arg>
<doc>Waits until the element ``locator`` is visible.</doc>
<status status="PASS" starttime="20220405 16:16:15.008" endtime="20220405 16:16:19.077"/>
</kw>
<kw name="Click Element" library="SeleniumLibrary">
<arg>xpath:(//input[@type='text'])[${i}]</arg>
<doc>Click the element identified by ``locator``.</doc>
<msg timestamp="20220405 16:16:19.081" level="INFO">Clicking element 'xpath:(//input[@type='text'])[6]'.</msg>
<status status="PASS" starttime="20220405 16:16:19.079" endtime="20220405 16:16:24.697"/>
</kw>
<kw name="Press Keys" library="SeleniumLibrary">
<arg>None</arg>
<arg>RETURN</arg>
<doc>Simulates the user pressing key(s) to an element or on the active browser.</doc>
<msg timestamp="20220405 16:16:24.700" level="INFO">Sending key(s) ('RETURN',) to page.</msg>
<msg timestamp="20220405 16:16:24.700" level="INFO">Pressing special key RETURN to browser.</msg>
<msg timestamp="20220405 16:16:24.700" level="INFO">Releasing special key RETURN.</msg>
<status status="PASS" starttime="20220405 16:16:24.698" endtime="20220405 16:16:30.906"/>
</kw>
<kw name="Log" library="BuiltIn">
<arg>xpath:(//input[@type='text'])[${i}]</arg>
<doc>Logs the given message with the given level.</doc>
<msg timestamp="20220405 16:16:30.906" level="INFO">xpath:(//input[@type='text'])[6]</msg>
<status status="PASS" starttime="20220405 16:16:30.906" endtime="20220405 16:16:30.907"/>
</kw>
<status status="PASS" starttime="20220405 16:16:15.008" endtime="20220405 16:16:30.907"/>
</iter>
<status status="PASS" starttime="20220405 16:15:54.380" endtime="20220405 16:16:30.907"/>
</for>
<status status="PASS" starttime="20220405 16:15:54.378" endtime="20220405 16:16:30.907"/>
</kw>
<kw name="And click save and continue button" library="keywords_surveyEditPage">
<kw name="Set Selenium Speed" library="SeleniumLibrary">
<arg>1</arg>
<doc>Sets the delay that is waited after each Selenium command.</doc>
<status status="PASS" starttime="20220405 16:16:30.908" endtime="20220405 16:16:30.908"/>
</kw>
<kw name="Wait Until Element Is Visible" library="SeleniumLibrary">
<arg>${save_and_continue_but_l}</arg>
<doc>Waits until the element ``locator`` is visible.</doc>
<status status="PASS" starttime="20220405 16:16:30.909" endtime="20220405 16:16:32.945"/>
</kw>
<kw name="Execute Javascript" library="SeleniumLibrary">
<arg>window.scrollTo(0, document.body.scrollHeight)</arg>
<doc>Executes the given JavaScript code with possible arguments.</doc>
<msg timestamp="20220405 16:16:32.946" level="INFO">Executing JavaScript:
window.scrollTo(0, document.body.scrollHeight)
Without any arguments.</msg>
<status status="PASS" starttime="20220405 16:16:32.945" endtime="20220405 16:16:33.968"/>
</kw>
<kw name="Click Element" library="SeleniumLibrary">
<arg>${save_and_continue_but_l}</arg>
<doc>Click the element identified by ``locator``.</doc>
<msg timestamp="20220405 16:16:33.969" level="INFO">Clicking element 'xpath://button[@class='q-btn q-btn-item non-selectable no-outline q-ml-sm float-right btn-saveAndContinue q-btn--outline q-btn--rectangle text-primary q-btn--actionable q-focusable q-hoverable q-btn--wrap']//span[@class='q-btn__wrapper col row q-anchor--skip']'.</msg>
<status status="PASS" starttime="20220405 16:16:33.968" endtime="20220405 16:16:36.060"/>
</kw>
<kw name="Wait Until Element Is Visible" library="SeleniumLibrary">
<arg>${save_and_continue_but_l}</arg>
<doc>Waits until the element ``locator`` is visible.</doc>
<status status="PASS" starttime="20220405 16:16:36.060" endtime="20220405 16:16:38.109"/>
</kw>
<status status="PASS" starttime="20220405 16:16:30.907" endtime="20220405 16:16:38.109"/>
</kw>
<kw name="close browser session" library="keywords_LoginPage" type="TEARDOWN">
<kw name="Close Browser" library="SeleniumLibrary">
<doc>Closes the current browser.</doc>
<status status="PASS" starttime="20220405 16:16:38.110" endtime="20220405 16:16:41.210"/>
</kw>
<status status="PASS" starttime="20220405 16:16:38.110" endtime="20220405 16:16:41.212"/>
</kw>
<status status="PASS" starttime="20220405 16:14:27.006" endtime="20220405 16:16:41.212"/>
</test>
<test id="s1-s1-t3" name="Survey Audience Delete All Criteria">
<kw name="open the browser with ALternaWebPage" library="keywords_LoginPage" type="SETUP">
<kw name="Create Webdriver" library="SeleniumLibrary">
<arg>Chrome</arg>
<arg>executable_path=tests/drivers/chromedriver.exe</arg>
<doc>Creates an instance of Selenium WebDriver.</doc>
<msg timestamp="20220405 16:16:41.214" level="INFO">Creating an instance of the Chrome WebDriver.</msg>
<status status="PASS" starttime="20220405 16:16:41.214" endtime="20220405 16:16:42.443"/>
</kw>
<kw name="Go To" library="SeleniumLibrary">
<arg>https://staging.alternacx.com/</arg>
<doc>Navigates the current browser window to the provided ``url``.</doc>
<msg timestamp="20220405 16:16:42.445" level="INFO">Opening url 'https://staging.alternacx.com/'</msg>
<status status="PASS" starttime="20220405 16:16:42.444" endtime="20220405 16:16:43.871"/>
</kw>
<kw name="Maximize Browser Window" library="SeleniumLibrary">
<doc>Maximizes current browser window.</doc>
<status status="PASS" starttime="20220405 16:16:43.872" endtime="20220405 16:16:43.988"/>
</kw>
<status status="PASS" starttime="20220405 16:16:41.212" endtime="20220405 16:16:43.989"/>
</kw>
<kw name="Set Selenium Timeout" library="SeleniumLibrary">
<arg>20</arg>
<doc>Sets the timeout that is used by various keywords.</doc>
<status status="PASS" starttime="20220405 16:16:43.989" endtime="20220405 16:16:43.990"/>
</kw>
<kw name="When fill the login form" library="keywords_LoginPage">
<arg>umut</arg>
<arg>Hacettepe2019</arg>
<kw name="Wait Until Element Is Visible" library="SeleniumLibrary">
<arg>${username_l}</arg>
<arg>timeout=20</arg>
<doc>Waits until the element ``locator`` is visible.</doc>
<status status="PASS" starttime="20220405 16:16:43.991" endtime="20220405 16:16:44.466"/>
</kw>
<kw name="Input Text" library="SeleniumLibrary">
<arg>${username_l}</arg>
<arg>${username}</arg>
<doc>Types the given ``text`` into the text field identified by ``locator``.</doc>
<msg timestamp="20220405 16:16:44.467" level="INFO">Typing text 'umut' into text field 'xpath://input[@type='text']'.</msg>
<status status="PASS" starttime="20220405 16:16:44.466" endtime="20220405 16:16:44.548"/>
</kw>
<kw name="Input Password" library="SeleniumLibrary">
<arg>${password_l}</arg>
<arg>${password}</arg>
<doc>Types the given password into the text field identified by ``locator``.</doc>
<msg timestamp="20220405 16:16:44.549" level="INFO">Typing password into text field 'xpath://input[@type='password']'.</msg>
<msg timestamp="20220405 16:16:44.587" level="INFO">Temporally setting log level to: NONE</msg>
<msg timestamp="20220405 16:16:44.714" level="INFO">Log level changed from NONE to INFO.</msg>
<status status="PASS" starttime="20220405 16:16:44.548" endtime="20220405 16:16:44.715"/>
</kw>
<status status="PASS" starttime="20220405 16:16:43.991" endtime="20220405 16:16:44.715"/>
</kw>
<kw name="And click login buton" library="keywords_LoginPage">
<kw name="Click Element" library="SeleniumLibrary">
<arg>${login_button_l}</arg>
<doc>Click the element identified by ``locator``.</doc>
<msg timestamp="20220405 16:16:44.717" level="INFO">Clicking element 'xpath://span[contains(text(),'Login')]'.</msg>
<status status="PASS" starttime="20220405 16:16:44.717" endtime="20220405 16:16:44.854"/>
</kw>
<status status="PASS" starttime="20220405 16:16:44.716" endtime="20220405 16:16:44.856"/>
</kw>
<kw name="And click survey management" library="keywords_mainPage">
<kw name="Wait Until Element Is Visible" library="SeleniumLibrary">
<arg>${survey_management_l}</arg>
<doc>Waits until the element ``locator`` is visible.</doc>
<status status="PASS" starttime="20220405 16:16:44.856" endtime="20220405 16:16:45.951"/>
</kw>
<kw name="Click Element" library="SeleniumLibrary">
<arg>${survey_management_l}</arg>
<doc>Click the element identified by ``locator``.</doc>
<msg timestamp="20220405 16:16:45.951" level="INFO">Clicking element 'xpath://div[normalize-space()='Survey Management']'.</msg>
<status status="PASS" starttime="20220405 16:16:45.951" endtime="20220405 16:16:46.282"/>
</kw>
<status status="PASS" starttime="20220405 16:16:44.856" endtime="20220405 16:16:46.282"/>
</kw>
<kw name="And click Surveys" library="keywords_mainPage">
<kw name="Wait Until Element Is Visible" library="SeleniumLibrary">
<arg>${surveys_l}</arg>
<doc>Waits until the element ``locator`` is visible.</doc>
<status status="PASS" starttime="20220405 16:16:46.283" endtime="20220405 16:16:46.673"/>
</kw>
<kw name="Click Element" library="SeleniumLibrary">
<arg>${surveys_l}</arg>
<doc>Click the element identified by ``locator``.</doc>
<msg timestamp="20220405 16:16:46.673" level="INFO">Clicking element 'xpath://div[normalize-space()='Surveys']'.</msg>
<status status="PASS" starttime="20220405 16:16:46.673" endtime="20220405 16:16:46.841"/>
</kw>
<status status="PASS" starttime="20220405 16:16:46.282" endtime="20220405 16:16:46.841"/>
</kw>
<kw name="And click Searchbar And Search Temp Survey and click it" library="keywords_surveyListPage">
<kw name="Wait Until Element Is Visible" library="SeleniumLibrary">
<arg>${search_bar_l}</arg>
<doc>Waits until the element ``locator`` is visible.</doc>
<status status="PASS" starttime="20220405 16:16:46.842" endtime="20220405 16:16:47.021"/>
</kw>
<kw name="Input Text" library="SeleniumLibrary">
<arg>${search_bar_l}</arg>
<arg>Hic est temptare</arg>
<doc>Types the given ``text`` into the text field identified by ``locator``.</doc>
<msg timestamp="20220405 16:16:47.022" level="INFO">Typing text 'Hic est temptare' into text field 'xpath://input[@placeholder='Search']'.</msg>
<status status="PASS" starttime="20220405 16:16:47.022" endtime="20220405 16:16:47.156"/>
</kw>
<kw name="Wait Until Element Is Visible" library="SeleniumLibrary">
<arg>${temp_survey_l}</arg>
<doc>Waits until the element ``locator`` is visible.</doc>
<status status="PASS" starttime="20220405 16:16:47.156" endtime="20220405 16:16:48.781"/>
</kw>
<kw name="Click Element" library="SeleniumLibrary">
<arg>${temp_survey_l}</arg>
<doc>Click the element identified by ``locator``.</doc>
<msg timestamp="20220405 16:16:48.782" level="INFO">Clicking element 'xpath://a[contains(text(),'Hic est temptare Quaestionario')]'.</msg>
<status status="PASS" starttime="20220405 16:16:48.781" endtime="20220405 16:16:49.036"/>
</kw>
<status status="PASS" starttime="20220405 16:16:46.841" endtime="20220405 16:16:49.036"/>
</kw>
<kw name="And click Audience" library="keywords_surveyEditPage">
<kw name="Wait Until Element Is Visible" library="SeleniumLibrary">
<arg>${audience_l}</arg>
<doc>Waits until the element ``locator`` is visible.</doc>
<status status="PASS" starttime="20220405 16:16:49.037" endtime="20220405 16:16:49.443"/>
</kw>
<kw name="Click Element" library="SeleniumLibrary">
<arg>${audience_l}</arg>
<doc>Click the element identified by ``locator``.</doc>
<msg timestamp="20220405 16:16:49.444" level="INFO">Clicking element 'xpath://div[contains(text(),'Audience')]'.</msg>
<status status="PASS" starttime="20220405 16:16:49.444" endtime="20220405 16:16:50.266"/>
</kw>
<status status="PASS" starttime="20220405 16:16:49.037" endtime="20220405 16:16:50.266"/>
</kw>
<kw name="And click Audience criteria arrow" library="keywords_surveyEditPage">
<kw name="Wait Until Element Is Visible" library="SeleniumLibrary">
<arg>${audience_criteria_arrow_l}</arg>
<doc>Waits until the element ``locator`` is visible.</doc>
<status status="PASS" starttime="20220405 16:16:50.268" endtime="20220405 16:16:50.540"/>
</kw>
<kw name="Click Element" library="SeleniumLibrary">
<arg>${audience_criteria_arrow_l}</arg>
<doc>Click the element identified by ``locator``.</doc>
<msg timestamp="20220405 16:16:50.541" level="INFO">Clicking element 'xpath://i[normalize-space()='keyboard_arrow_up']'.</msg>
<status status="PASS" starttime="20220405 16:16:50.540" endtime="20220405 16:16:50.600"/>
</kw>
<status status="PASS" starttime="20220405 16:16:50.267" endtime="20220405 16:16:50.601"/>
</kw>
<kw name="And click Delete criteria button" library="keywords_surveyEditPage">
<kw name="Set Selenium Speed" library="SeleniumLibrary">
<arg>2</arg>
<doc>Sets the delay that is waited after each Selenium command.</doc>
<status status="PASS" starttime="20220405 16:16:50.602" endtime="20220405 16:16:50.602"/>
</kw>
<kw name="Mouse Over" library="SeleniumLibrary">
<arg>${delete_creteria_but_l}</arg>
<doc>Simulates hovering the mouse over the element ``locator``.</doc>
<msg timestamp="20220405 16:16:50.603" level="INFO">Simulating Mouse Over on element 'xpath://i[@class='acx acx-i-trash-o q-icon notranslate']'.</msg>
<status status="PASS" starttime="20220405 16:16:50.602" endtime="20220405 16:16:54.888"/>
</kw>
<kw name="Wait Until Element Is Enabled" library="SeleniumLibrary">
<arg>${delete_creteria_but_l}</arg>
<arg>10</arg>
<doc>Waits until the element ``locator`` is enabled.</doc>
<status status="PASS" starttime="20220405 16:16:54.889" endtime="20220405 16:17:01.003"/>
</kw>
<kw name="Click Element" library="SeleniumLibrary">
<arg>${delete_creteria_but_l}</arg>
<doc>Click the element identified by ``locator``.</doc>
<msg timestamp="20220405 16:17:01.006" level="INFO">Clicking element 'xpath://i[@class='acx acx-i-trash-o q-icon notranslate']'.</msg>
<status status="PASS" starttime="20220405 16:17:01.004" endtime="20220405 16:17:05.247"/>
</kw>
<status status="PASS" starttime="20220405 16:16:50.601" endtime="20220405 16:17:05.248"/>
</kw>
<kw name="And click Delete criteria button" library="keywords_surveyEditPage">
<kw name="Set Selenium Speed" library="SeleniumLibrary">
<arg>2</arg>
<doc>Sets the delay that is waited after each Selenium command.</doc>
<status status="PASS" starttime="20220405 16:17:05.250" endtime="20220405 16:17:05.251"/>
</kw>
<kw name="Mouse Over" library="SeleniumLibrary">
<arg>${delete_creteria_but_l}</arg>
<doc>Simulates hovering the mouse over the element ``locator``.</doc>
<msg timestamp="20220405 16:17:05.253" level="INFO">Simulating Mouse Over on element 'xpath://i[@class='acx acx-i-trash-o q-icon notranslate']'.</msg>
<status status="PASS" starttime="20220405 16:17:05.252" endtime="20220405 16:17:09.546"/>
</kw>
<kw name="Wait Until Element Is Enabled" library="SeleniumLibrary">
<arg>${delete_creteria_but_l}</arg>
<arg>10</arg>
<doc>Waits until the element ``locator`` is enabled.</doc>
<status status="PASS" starttime="20220405 16:17:09.547" endtime="20220405 16:17:15.607"/>
</kw>
<kw name="Click Element" library="SeleniumLibrary">
<arg>${delete_creteria_but_l}</arg>
<doc>Click the element identified by ``locator``.</doc>
<msg timestamp="20220405 16:17:15.609" level="INFO">Clicking element 'xpath://i[@class='acx acx-i-trash-o q-icon notranslate']'.</msg>
<status status="PASS" starttime="20220405 16:17:15.607" endtime="20220405 16:17:19.715"/>
</kw>
<status status="PASS" starttime="20220405 16:17:05.249" endtime="20220405 16:17:19.716"/>
</kw>
<kw name="And click save and continue button" library="keywords_surveyEditPage">
<kw name="Set Selenium Speed" library="SeleniumLibrary">
<arg>1</arg>
<doc>Sets the delay that is waited after each Selenium command.</doc>
<status status="PASS" starttime="20220405 16:17:19.717" endtime="20220405 16:17:19.717"/>
</kw>
<kw name="Wait Until Element Is Visible" library="SeleniumLibrary">
<arg>${save_and_continue_but_l}</arg>
<doc>Waits until the element ``locator`` is visible.</doc>
<status status="PASS" starttime="20220405 16:17:19.717" endtime="20220405 16:17:21.757"/>
</kw>
<kw name="Execute Javascript" library="SeleniumLibrary">
<arg>window.scrollTo(0, document.body.scrollHeight)</arg>
<doc>Executes the given JavaScript code with possible arguments.</doc>
<msg timestamp="20220405 16:17:21.761" level="INFO">Executing JavaScript:
window.scrollTo(0, document.body.scrollHeight)
Without any arguments.</msg>
<status status="PASS" starttime="20220405 16:17:21.758" endtime="20220405 16:17:22.782"/>
</kw>
<kw name="Click Element" library="SeleniumLibrary">
<arg>${save_and_continue_but_l}</arg>
<doc>Click the element identified by ``locator``.</doc>
<msg timestamp="20220405 16:17:22.783" level="INFO">Clicking element 'xpath://button[@class='q-btn q-btn-item non-selectable no-outline q-ml-sm float-right btn-saveAndContinue q-btn--outline q-btn--rectangle text-primary q-btn--actionable q-focusable q-hoverable q-btn--wrap']//span[@class='q-btn__wrapper col row q-anchor--skip']'.</msg>
<status status="PASS" starttime="20220405 16:17:22.782" endtime="20220405 16:17:24.846"/>
</kw>
<kw name="Wait Until Element Is Visible" library="SeleniumLibrary">
<arg>${save_and_continue_but_l}</arg>
<doc>Waits until the element ``locator`` is visible.</doc>
<status status="PASS" starttime="20220405 16:17:24.846" endtime="20220405 16:17:26.973"/>
</kw>
<status status="PASS" starttime="20220405 16:17:19.716" endtime="20220405 16:17:26.974"/>
</kw>
<kw name="close browser session" library="keywords_LoginPage" type="TEARDOWN">
<kw name="Close Browser" library="SeleniumLibrary">
<doc>Closes the current browser.</doc>
<status status="PASS" starttime="20220405 16:17:26.975" endtime="20220405 16:17:30.046"/>
</kw>
<status status="PASS" starttime="20220405 16:17:26.974" endtime="20220405 16:17:30.046"/>
</kw>
<status status="PASS" starttime="20220405 16:16:41.212" endtime="20220405 16:17:30.046"/>
</test>
<doc>Survey Audience</doc>
<status status="PASS" starttime="20220405 16:14:01.620" endtime="20220405 16:17:30.048"/>
</suite>
<status status="PASS" starttime="20220405 16:14:01.591" endtime="20220405 16:17:30.055"/>
</suite>
<statistics>
<total>
<stat pass="3" fail="0" skip="0">All Tests</stat>
</total>
<tag>
</tag>
<suite>
<stat pass="3" fail="0" skip="0" id="s1" name="testCases">testCases</stat>
<stat pass="3" fail="0" skip="0" id="s1-s1" name="SurveyAudience">testCases.SurveyAudience</stat>
</suite>
</statistics>
<errors>
</errors>
</robot>
